JXMV01056490.1	2230	2478	1	-0.134667	10	0.26	0.2	0.58033	0.715
KN805526.1	1450629	1450710	1	0.107333	10	0.51	0.75	0.32333	0.216
KN805526.1	3741788	3742431	1	-0.148182	11	0.24	0.22	0.59545	0.74364
KN805526.1	4997073	4997207	1	-0.145321	13	0.0079	0.0094	0.10641	0.25173
KN805527.1	3772594	3772796	1	-0.153833	10	0.16	0.48	0.0076667	0.1615
KN805529.1	226905	227254	1	0.157917	12	0.014	0.049	0.86917	0.71125
KN805535.1	480371	480442	1	0.154083	10	0.0011	0.027	0.87733	0.72325
KN805543.1	43763	44135	1	-0.128631	14	0.041	0.093	0.21619	0.34482
KN805559.1	339841	340007	0.089	0.206389	15	5.8e-09	2.5e-06	0.94489	0.7385
KN805575.1	138368	138395	1	0.111000	10	0.0026	0.0022	0.821	0.71
KN805584.1	36004	36071	1	-0.124500	15	0.022	0.018	0.023333	0.14783
KN805595.1	66356	66491	1	0.136833	10	0.046	0.2	0.14433	0.0075
KN805600.1	171523	171989	1	-0.134167	11	0.031	0.032	0.014242	0.14841
KN805621.1	421864	421906	1	-0.137222	12	0.027	0.064	0.29611	0.43333
KN805652.1	494070	494323	1	-0.124167	10	0.12	0.14	0.65733	0.7815
KN805657.1	49023	49069	1	0.244667	10	0.0049	0.016	0.38067	0.136
KN805677.1	312066	312150	1	0.101458	12	0.065	0.28	0.86833	0.76688
KN805694.1	8064	8222	1	-0.101333	10	0.11	0.15	0.066667	0.168
KN805698.1	2680436	2680850	1	0.149306	12	0.024	0.032	0.73139	0.58208
KN805705.1	116356	116419	1	0.222250	10	0.0073	0.0078	0.784	0.56175
KN805706.1	474290	474354	1	-0.192361	12	0.0019	0.019	0.11806	0.31042
KN805721.1	191339	191521	1	0.181389	12	0.026	0.11	0.41222	0.23083
KN805768.1	454978	455480	1	0.150417	10	0.033	0.17	0.61867	0.46825
KN805787.1	187406	188033	1	0.150764	12	0.0063	0.055	0.75139	0.60062
KN805809.1	81767	81849	1	-0.104500	10	0.046	0.16	0.016	0.1205
KN805822.1	630035	630343	1	-0.121833	10	0.38	0.11	0.65167	0.7735
KN805827.1	257960	258235	1	0.103500	10	0.021	0.08	0.816	0.7125
KN805850.1	330319	330518	1	-0.161000	10	0.097	0.58	0.043	0.204
KN805854.1	380229	380393	1	0.100417	10	0.0027	0.003	0.79667	0.69625
KN805855.1	158260	158356	1	0.137417	10	0.016	0.042	0.77667	0.63925
KN805855.1	236492	236574	1	0.225000	10	4.4e-06	0.00025	0.929	0.704
KN805872.1	27144	27190	1	0.234333	10	0.015	0.071	0.38333	0.149
KN805888.1	332818	332873	1	0.115083	10	0.48	0.25	0.32233	0.20725
KN805902.1	293315	293537	1	0.142500	10	0.0026	0.0062	0.837	0.6945
KN805929.1	135501	135601	1	-0.126439	11	0.028	0.08	0.063333	0.18977
KN805939.1	61113	61165	1	-0.205167	10	0.0017	0.0077	0.16433	0.3695
KN805944.1	69871	70188	1	-0.162167	10	0.034	0.11	0.23633	0.3985
KN805955.1	176900	177002	1	-0.115917	10	0.034	0.084	0.11133	0.22725
KN805955.1	225774	225881	1	0.150449	13	0.16	0.039	0.21026	0.059808
KN806006.1	92275	93139	1	0.181917	10	0.061	0.16	0.74567	0.56375
KN806072.1	171269	171393	1	0.128917	10	0.0021	0.00046	0.76567	0.63675
KN806169.1	173366	173413	1	-0.153846	13	0.0015	0.049	0.32077	0.47462
KN806194.1	2202	2289	1	0.146750	10	0.17	0.36	0.635	0.48825
KN806200.1	29920	29984	1	0.223250	10	0.00023	0.0098	0.894	0.67075
KN806204.1	40396	40998	1	0.141167	10	0.024	0.086	0.71167	0.5705
KN806227.1	101215	101482	1	0.128917	10	0.061	0.27	0.58267	0.45375
KN806253.1	127855	127950	1	0.128250	10	0.0061	0.024	0.856	0.72775
KN806268.1	36468	36555	1	-0.161250	12	0.044	0.13	0.61583	0.77708
KN806365.1	6614	6878	1	-0.226818	11	0.026	0.042	0.53364	0.76045
KN806446.1	150563	150834	1	-0.169750	10	0.099	0.17	0.412	0.58175
KN806671.1	53797	54036	1	0.104667	10	0.78	0.099	0.43567	0.331
KN806715.1	29598	29771	1	-0.130722	15	0.0028	0.015	0.30844	0.43917
KN806893.1	11599	11754	1	0.211417	10	0.02	0.0005	0.66967	0.45825
KN806917.1	32383	32625	1	0.165917	10	0.022	0.19	0.87067	0.70475
KN806932.1	34474	34729	1	-0.131250	10	0.0053	0.02	0.522	0.65325
KN806983.1	13479	13653	1	0.143833	10	0.0059	0.032	0.87533	0.7315
KN807002.1	16635	16726	1	-0.156667	10	0.0029	0.0088	0.069333	0.226
KN807019.1	11527	11721	1	-0.101750	10	0.37	0.64	0.743	0.84475
KN807037.1	429	547	1	0.167569	12	0.26	0.1	0.41944	0.25188
KN807107.1	59185	59273	1	0.156167	10	0.00055	0.011	0.92167	0.7655
KN807220.1	20584	20618	1	0.124318	11	0.095	0.086	0.84727	0.72295
KN807220.1	20618	20646	1	0.154417	10	0.041	0.055	0.87567	0.72125
KN807228.1	16802	16865	1	0.135000	10	0.0015	0.013	0.903	0.768
KN807319.1	13696	13809	1	0.309028	12	1.3e-05	0.00032	0.96944	0.66042
KN807334.1	2398690	2398740	1	-0.156823	16	0.013	0.17	0.16646	0.32328
KN807779.1	15697	15938	1	0.212583	10	0.019	0.0094	0.91033	0.69775
KN808334.1	5880	5950	1	0.188125	12	0.018	0.044	0.82333	0.63521
KN808367.1	11406	11890	1	0.179038	13	0.035	0.081	0.58462	0.40558
KN808435.1	1259	1340	1	0.176917	10	0.11	0.098	0.65367	0.47675
KN809563.1	3627	3777	1	0.134250	10	0.0051	0.041	0.857	0.72275
KN811283.1	514397	514485	1	-0.173333	10	0.11	0.27	0.030667	0.204
KN811292.1	2118750	2119155	1	-0.132083	10	0.34	0.23	0.53367	0.66575
KN811294.1	340560	340623	1	0.209333	10	0.013	0.022	0.86333	0.654
KN811304.1	2736678	2736898	1	0.128000	10	0.036	0.083	0.832	0.704
KN811308.1	2753089	2753111	1	0.256167	10	0.023	0.09	0.40567	0.1495
KN811311.1	1735534	1735592	1	0.103167	10	0.019	0.091	0.89467	0.7915
KN811323.1	779962	780235	1	0.174653	12	0.012	0.094	0.81778	0.64313
KN811335.1	1432425	1432607	1	-0.125167	10	0.25	0.39	0.54533	0.6705
KN811339.1	47195	47468	1	0.180833	10	0.0023	0.11	0.84533	0.6645
KN811343.1	244140	244237	1	0.224250	10	0.00029	0.016	0.892	0.66775
KN811344.1	464172	464461	1	0.108083	10	0.2	0.46	0.19733	0.08925
KN811358.1	1552470	1552860	1	0.131905	14	0.00078	0.0065	0.7969	0.665
KN811373.1	1502982	1503141	1	0.351000	10	0.00032	0.00095	0.473	0.122
KN811381.1	1305841	1305900	1	0.136500	10	0.00082	0.012	0.906	0.7695
KN811383.1	20146	20247	1	-0.175667	10	0.038	0.0088	0.75433	0.93
KN811385.1	1060766	1061069	1	0.149083	10	0.0025	0.00084	0.81333	0.66425
KN811395.1	1470295	1470428	1	0.177083	10	0.099	0.27	0.35833	0.18125
KN811401.1	626822	626869	1	0.131667	11	0.05	0.12	0.73848	0.60682
KN811407.1	1392074	1392504	1	0.108944	15	0.0058	0.041	0.82844	0.7195
KN811412.1	898392	898444	1	0.125750	10	0.04	0.027	0.669	0.54325
KN811413.1	1362727	1363424	1	0.106750	10	0.3	0.53	0.762	0.65525
KN811419.1	839015	839093	1	-0.149844	16	7.9e-07	1	0	0.14984
KN811420.1	1396989	1397283	1	0.122583	10	0.032	0.14	0.79933	0.67675
KN811423.1	1241018	1241603	1	0.110917	10	0.18	0.45	0.74367	0.63275
KN811441.1	344042	344113	1	0.116597	12	0.029	0.14	0.84806	0.73146
KN811445.1	1225454	1225605	1	-0.139750	10	0.018	0.17	0.327	0.46675
KN811454.1	785074	785171	1	0.118167	10	0.018	0.045	0.90667	0.7885
KN811461.1	560913	560993	1	0.100069	12	0.018	0.06	0.88611	0.78604
KN811464.1	893076	893570	1	0.120750	10	0.017	0.037	0.868	0.74725
KN811503.1	645487	645546	1	0.136667	10	0.00023	0.0045	0.93367	0.797
KN811508.1	219872	219919	1	-0.138917	10	0.11	0.12	0.35233	0.49125
KN811514.1	468654	469017	1	0.164667	10	0.011	0.029	0.69067	0.526
KN811533.1	638568	638920	1	-0.170250	10	0.0071	0.071	0.026	0.19625
KN811535.1	43517	43717	1	0.210250	10	0.00029	0.00072	0.239	0.02875
KN811552.1	173362	173421	1	-0.143167	10	0.0046	0.013	0.12233	0.2655
KN811567.1	560310	560406	1	0.149744	13	0.0012	0.019	0.88205	0.73231
KN811572.1	878142	878309	1	0.262167	10	0.00015	0.0037	0.91467	0.6525
KN811601.1	30147	30328	1	-0.125583	10	0.6	0.25	0.60467	0.73025
KN811601.1	369030	369177	1	-0.123073	16	0.017	0.07	0.73396	0.85703
KN811601.1	525671	526246	1	0.111667	10	0.079	0.2	0.66667	0.555
