JXMV01056490.1	2230	2408	1	-0.141090	13	0.14	0.13	0.53872	0.67981
JXMV01056490.1	2439	2479	1	-0.144250	10	0.32	0.46	0.685	0.82925
JXMV01063397.1	341	446	1	0.105119	14	0.0036	0.0042	0.81048	0.70536
JXMV01064648.1	1493	1779	1	-0.111176	17	0.054	0.029	0.61294	0.72412
JXMV01064913.1	2722	2890	1	0.104417	10	0.036	0.12	0.76067	0.65625
JXMV01065711.1	1210	1447	1	-0.109359	13	0.18	0.53	0.66795	0.77731
JXMV01065726.1	1106	1165	1	-0.201923	13	0.0019	0.0023	0.37769	0.57962
JXMV01066694.1	123	168	1	0.103167	10	0.032	0.019	0.80067	0.6975
KN805525.1	2730577	2730607	1	-0.116500	10	0.038	0.045	0.589	0.7055
KN805526.1	286083	286142	1	-0.166250	10	0.0031	0.0078	0.623	0.78925
KN805526.1	1064679	1064831	1	0.102564	13	6.9e-07	3.8e-05	0.8941	0.79154
KN805526.1	1450629	1450710	1	0.107333	10	0.51	0.75	0.32333	0.216
KN805526.1	3430148	3430371	1	0.124000	10	0.0035	0.0079	0.851	0.727
KN805526.1	4262874	4262924	1	-0.103155	14	0.059	0.077	0.58524	0.68839
KN805526.1	4997073	4997207	1	-0.145321	13	0.0079	0.0094	0.10641	0.25173
KN805526.1	5049705	5049737	1	-0.138718	13	3.2e-05	0.0003	0.36282	0.50154
KN805526.1	5049743	5049759	0.042	-0.235227	11	6.6e-07	8.7e-07	0.13636	0.37159
KN805527.1	3772594	3772796	1	-0.153833	10	0.16	0.48	0.0076667	0.1615
KN805528.1	2013245	2013303	1	-0.177250	10	0.00044	0.0079	0.211	0.38825
KN805528.1	3618916	3618946	1	-0.114833	10	0.04	0.045	0.58867	0.7035
KN805529.1	226905	227254	1	0.144167	14	0.0061	0.085	0.87238	0.72821
KN805529.1	382984	383193	1	-0.107750	10	0.05	0.049	0.333	0.44075
KN805535.1	480380	480442	1	0.138750	10	0.0012	0.018	0.842	0.70325
KN805541.1	816015	816045	1	-0.117167	10	0.036	0.035	0.59033	0.7075
KN805543.1	43763	44135	1	-0.128631	14	0.041	0.093	0.21619	0.34482
KN805548.1	198843	198889	1	-0.319750	10	0.012	0.016	0.143	0.46275
KN805559.1	339841	340007	1	0.130729	24	7.8e-08	4.2e-05	0.87333	0.7426
KN805562.1	474432	474589	1	0.137333	10	0.055	0.19	0.84533	0.708
KN805562.1	577443	577669	1	-0.147417	10	0.035	0.026	0.31333	0.46075
KN805573.1	663698	663728	1	-0.120917	10	0.026	0.026	0.60033	0.72125
KN805574.1	400666	400696	1	-0.115917	10	0.038	0.045	0.58933	0.70525
KN805577.1	175383	175413	1	-0.120333	10	0.025	0.011	0.60767	0.728
KN805577.1	482738	482931	1	0.110250	10	0.0012	0.0053	0.849	0.73875
KN805580.1	37042	37325	1	-0.118667	10	0.044	0.18	0.65733	0.776
KN805581.1	386385	386516	1	0.133681	12	0.0035	0.0082	0.72389	0.59021
KN805584.1	36004	36071	1	-0.124500	15	0.022	0.018	0.023333	0.14783
KN805586.1	709199	709387	1	0.103889	12	0.0063	0.022	0.80972	0.70583
KN805595.1	66356	66491	1	0.136833	10	0.046	0.2	0.14433	0.0075
KN805600.1	171336	171989	1	-0.122986	12	0.045	0.047	0.013056	0.13604
KN805618.1	597869	597918	1	-0.106090	13	0.039	0.05	0.59103	0.69712
KN805621.1	421823	421855	1	-0.132244	13	9.1e-05	2.9e-05	0.36641	0.49865
KN805621.1	421861	421877	0.27	-0.191181	12	1.7e-06	5.7e-06	0.17778	0.36896
KN805627.1	333894	333924	1	-0.100667	10	0.085	0.046	0.59833	0.699
KN805636.1	383179	383297	1	0.136000	15	1.9e-05	0.00057	0.94267	0.80667
KN805641.1	10493	10523	1	-0.112250	10	0.064	0.02	0.591	0.70325
KN805642.1	9497	9527	1	-0.117083	10	0.04	0.045	0.58867	0.70575
KN805647.1	139371	139513	1	0.103583	10	0.021	0.059	0.81033	0.70675
KN805650.1	52041	52055	1	0.143333	10	0.0087	0.12	0.69333	0.55
KN805650.1	336673	336700	1	-0.134706	17	0.024	0.027	0.78412	0.91882
KN805652.1	494070	494222	1	-0.217750	10	0.0011	0.0058	0.522	0.73975
KN805657.1	12272	12302	1	-0.119167	10	0.027	0.026	0.60133	0.7205
KN805657.1	49023	49069	1	0.244667	10	0.0049	0.016	0.38067	0.136
KN805661.1	553285	553315	1	-0.116083	10	0.04	0.045	0.59067	0.70675
KN805665.1	148074	148143	1	0.125076	11	0.0089	0.015	0.65667	0.53159
KN805677.1	534093	534339	1	0.122045	11	0.042	0.18	0.86818	0.74614
KN805681.1	534329	535212	1	0.109778	15	0.0031	0.01	0.84111	0.73133
KN805687.1	520475	520555	1	0.323819	12	0.018	0.029	0.33444	0.010625
KN805694.1	8064	8222	1	-0.101333	10	0.11	0.15	0.066667	0.168
KN805698.1	1788912	1788983	1	-0.149583	12	0.0077	0.017	0.68917	0.83875
KN805698.1	2680436	2680850	1	0.149306	12	0.024	0.032	0.73139	0.58208
KN805698.1	3471413	3471528	1	-0.114083	10	0.14	0.31	0.47867	0.59275
KN805699.1	3258931	3259068	1	0.149412	17	0.00075	0.04	0.22176	0.072353
KN805703.1	473648	473761	1	0.132417	10	0.0035	0.098	0.83667	0.70425
KN805705.1	116356	116419	1	0.222250	10	0.0073	0.0078	0.784	0.56175
KN805706.1	474290	474354	1	-0.192361	12	0.0019	0.019	0.11806	0.31042
KN805707.1	507699	508124	1	-0.133083	10	0.09	0.3	0.69667	0.82975
KN805708.1	219533	219583	1	0.170583	10	0.00044	0.0014	0.86833	0.69775
KN805709.1	305736	305963	1	0.130083	10	0.21	0.38	0.71233	0.58225
KN805728.1	207159	207606	1	0.107167	10	0.00085	0.0046	0.87267	0.7655
KN805729.1	309396	309528	1	0.134667	10	0.00055	0.00096	0.79967	0.665
KN805732.1	217850	217880	1	-0.119500	10	0.035	0.026	0.589	0.7085
KN805735.1	340097	340127	1	-0.116500	10	0.038	0.045	0.591	0.7075
KN805741.1	352042	352299	1	0.124833	10	0.039	0.12	0.68133	0.5565
KN805748.1	236584	236614	1	-0.117750	10	0.042	0.045	0.587	0.70475
KN805748.1	400360	400428	1	-0.374917	10	0.00031	0.0014	0.11633	0.49125
KN805749.1	410742	410800	1	-0.167583	10	0.0006	0.027	0.21567	0.38325
KN805750.1	448603	448771	1	-0.149015	11	0.012	0.08	0.34758	0.49659
KN805751.1	170240	170270	1	-0.102750	10	0.045	0.05	0.603	0.70575
KN805758.1	499983	500290	1	0.126417	10	0.018	0.15	0.75367	0.62725
KN805760.1	276096	276145	1	-0.103333	13	0.042	0.05	0.60359	0.70692
KN805763.1	177560	177613	1	-0.102500	15	0.054	0.044	0.582	0.6845
KN805768.1	455226	455300	1	0.105333	10	0.073	0.21	0.74533	0.64
KN805781.1	176740	176776	1	-0.207833	10	7e-05	0.0011	0.31167	0.5195
KN805783.1	71584	71695	1	-0.166905	14	0.0017	0.032	0.4231	0.59
KN805783.1	72192	72281	1	-0.287222	12	2.6e-05	0.00097	0.42694	0.71417
KN805787.1	187744	188034	1	0.192083	10	0.0011	0.0057	0.73833	0.54625
KN805787.1	279604	279634	1	-0.115417	10	0.062	0.046	0.58733	0.70275
KN805796.1	321663	321726	1	-0.123583	10	0.066	0.13	0.79067	0.91425
KN805806.1	360931	361179	1	0.162833	10	0.0023	0.02	0.78333	0.6205
KN805808.1	144625	144655	1	-0.116083	10	0.037	0.045	0.58867	0.70475
KN805809.1	81767	81849	1	-0.104500	10	0.046	0.16	0.016	0.1205
KN805813.1	269107	269143	1	-0.152417	10	0.014	0.01	0.37633	0.52875
KN805815.1	285408	285585	1	-0.136154	13	0.24	0.23	0.57538	0.71154
KN805817.1	250891	250921	1	-0.121417	10	0.028	0.026	0.60133	0.72275
KN805822.1	630035	630348	1	-0.130764	12	0.32	0.082	0.62944	0.76021
KN805823.1	318110	318455	1	-0.120083	10	0.026	0.18	0.25567	0.37575
KN805827.1	257952	258211	1	0.106750	10	0.0042	0.025	0.85	0.74325
KN805831.1	320960	321046	1	0.168947	19	4.5e-05	5.4e-05	0.84421	0.67526
KN805835.1	270870	270906	1	-0.131500	10	0.0073	0.042	0.205	0.3365
KN805837.1	92978	93197	1	-0.157500	10	0.015	0.046	0.211	0.3685
KN805841.1	236279	236579	1	-0.103958	16	0.09	0.075	0.44792	0.55188
KN805850.1	330319	330551	1	-0.123205	13	0.19	0.58	0.044872	0.16808
KN805854.1	380229	380393	1	0.100417	10	0.0027	0.003	0.79667	0.69625
KN805855.1	158038	158356	1	0.129606	36	4e-06	0.00094	0.68509	0.55549
KN805855.1	236492	236574	1	0.195060	14	1.9e-07	0.00012	0.91881	0.72375
KN805860.1	418172	418551	1	0.104028	12	0.0069	0.061	0.85611	0.75208
KN805868.1	205767	205852	1	-0.122045	11	0.06	0.23	0.66727	0.78932
KN805872.1	27144	27190	1	0.234333	10	0.015	0.071	0.38333	0.149
KN805873.1	22022	22069	1	0.167167	10	0.0028	0.005	0.86567	0.6985
KN805873.1	89574	90074	1	0.128750	10	0.0014	0.0036	0.857	0.72825
KN805881.1	212878	212921	1	-0.188833	10	0.00026	0.016	0.47967	0.6685
KN805888.1	332818	332873	1	0.115083	10	0.48	0.25	0.32233	0.20725
KN805902.1	293315	293537	1	0.142500	10	0.0026	0.0062	0.837	0.6945
KN805906.1	316871	317300	1	-0.159833	10	0.14	0.38	0.62967	0.7895
KN805917.1	117844	118167	1	-0.175417	10	0.00089	0.01	0.18933	0.36475
KN805921.1	7284	7504	1	0.117917	10	0.0059	0.069	0.81667	0.69875
KN805929.1	135501	135601	1	-0.126439	11	0.028	0.08	0.063333	0.18977
KN805930.1	162143	162241	1	-0.143083	10	0.036	0.25	0.68067	0.82375
KN805939.1	61113	61165	1	-0.205167	10	0.0017	0.0077	0.16433	0.3695
KN805944.1	61903	62253	1	0.157250	10	0.0093	0.042	0.249	0.09175
KN805944.1	69834	70188	1	-0.183646	24	0.00018	0.0025	0.19792	0.38156
KN805954.1	306209	306575	1	-0.124318	11	0.024	0.041	0.28	0.40432
KN805955.1	176900	177002	1	-0.115917	10	0.034	0.084	0.11133	0.22725
KN805955.1	225774	225881	1	0.150449	13	0.16	0.039	0.21026	0.059808
KN805993.1	1138872	1139051	1	0.237250	10	0.0076	0.033	0.672	0.43475
KN806004.1	215513	215543	1	-0.122083	10	0.026	0.026	0.60067	0.72275
KN806006.1	92297	92651	1	0.166083	10	0.03	0.3	0.83933	0.67325
KN806012.1	106462	106492	1	-0.116083	10	0.04	0.045	0.59067	0.70675
KN806022.1	190662	190697	1	0.102417	10	0.041	0.38	0.19267	0.09025
KN806027.1	94337	94367	1	-0.120667	10	0.038	0.045	0.59033	0.711
KN806050.1	167318	167655	1	-0.108333	12	0.13	0.35	0.58167	0.69
KN806058.1	33658	33711	1	-0.117556	15	0.037	0.086	0.58578	0.70333
KN806067.1	47610	47829	1	0.137417	10	0.013	0.027	0.71967	0.58225
KN806069.1	87145	87175	1	-0.116167	10	0.038	0.045	0.59033	0.7065
KN806072.1	46825	46863	1	0.177250	10	0.0012	0.024	0.871	0.69375
KN806072.1	171269	171393	1	0.128917	10	0.0021	0.00046	0.76567	0.63675
KN806096.1	180411	180516	1	0.103750	12	0.0052	0.044	0.76417	0.66042
KN806097.1	70456	70486	1	-0.116333	10	0.04	0.045	0.59067	0.707
KN806121.1	21409	21476	1	0.173636	11	8.7e-06	0.0015	0.89273	0.71909
KN806138.1	50534	50785	1	0.139500	10	0.00031	0.0023	0.807	0.6675
KN806138.1	140643	140679	1	-0.163667	10	0.0038	0.027	0.27333	0.437
KN806142.1	52626	53020	1	0.150917	10	0.0059	0.059	0.82367	0.67275
KN806154.1	22789	23305	1	0.101333	10	0.032	0.12	0.75033	0.649
KN806161.1	118498	118557	1	0.265556	12	5.1e-05	0.00091	0.85306	0.5875
KN806169.1	173366	173413	1	-0.153846	13	0.0015	0.049	0.32077	0.47462
KN806188.1	132533	132837	1	0.104375	12	0.0085	0.016	0.78667	0.68229
KN806194.1	2162	2206	1	0.117179	13	0.072	0.3	0.72872	0.61154
KN806195.1	63573	63634	1	-0.132564	13	0.0042	0.048	0.22128	0.35385
KN806195.1	63640	63740	1	-0.122833	10	0.04	0.22	0.32467	0.4475
KN806196.1	80730	80928	1	0.154423	13	0.038	0.13	0.36385	0.20942
KN806200.1	29920	29984	1	0.223250	10	0.00023	0.0098	0.894	0.67075
KN806204.1	40654	40956	1	0.125250	10	0.012	0.071	0.824	0.69875
KN806207.1	104012	104042	1	-0.201167	10	0.00017	0.0079	0.18633	0.3875
KN806231.1	39470	39923	1	0.156667	10	0.0036	0.0025	0.78567	0.629
KN806253.1	127869	127950	1	0.130156	16	5.1e-05	0.013	0.85188	0.72172
KN806260.1	49179	49251	1	-0.205917	10	0.00034	0.0014	0.051333	0.25725
KN806268.1	36468	36555	1	-0.161250	12	0.044	0.13	0.61583	0.77708
KN806275.1	73727	73908	1	0.110750	10	0.22	0.58	0.776	0.66525
KN806288.1	129772	129999	1	-0.109500	10	0.12	0.14	0.341	0.4505
KN806289.1	65876	66120	1	-0.110750	10	0.51	0.36	0.055	0.16575
KN806313.1	491143	491201	1	-0.144583	10	0.031	0.06	0.14667	0.29125
KN806323.1	81719	81749	1	-0.103833	10	0.028	0.011	0.62067	0.7245
KN806345.1	126683	126765	1	0.124583	10	0.0063	0.098	0.81933	0.69475
KN806364.1	125847	125907	1	0.101272	19	0.015	0.054	0.85509	0.75382
KN806365.1	6614	6878	1	-0.226818	11	0.026	0.042	0.53364	0.76045
KN806374.1	118535	118594	1	-0.247667	10	0.0081	0.016	0.49433	0.742
KN806377.1	71860	72217	1	0.124917	10	0.0014	0.028	0.80367	0.67875
KN806419.1	5980	6678	1	0.107963	18	0.0035	0.042	0.79796	0.69
KN806442.1	33034	33140	1	0.146333	10	0.00032	0.0051	0.87133	0.725
KN806446.1	150563	150834	1	-0.169750	10	0.099	0.17	0.412	0.58175
KN806457.1	5130	5420	1	-0.154643	14	0.015	0.054	0.52929	0.68393
KN806466.1	1047	1344	1	-0.166597	12	0.019	0.076	0.37611	0.54271
KN806467.1	82358	82501	1	0.123000	15	0.0079	0.15	0.76133	0.63833
KN806473.1	60765	61263	1	-0.130417	10	0.18	0.25	0.51433	0.64475
KN806513.1	49106	49237	1	-0.123526	13	0.16	0.23	0.52359	0.64712
KN806520.1	58283	58425	1	0.109635	16	0.0022	0.041	0.79604	0.68641
KN806528.1	41896	41950	1	-0.197986	12	0.12	0.06	0.57722	0.77521
KN806560.1	57671	57713	1	0.108636	11	1.5e-05	0.0019	0.92455	0.81591
KN806566.1	7945	8434	1	-0.135625	12	0.0042	0.079	0.73	0.86562
KN806579.1	33087	33293	1	-0.192389	15	3.3e-05	0.0051	0.10111	0.2935
KN806624.1	34711	34749	1	-0.224872	13	3.6e-05	0.00091	0.62667	0.85154
KN806638.1	18155	18184	1	-0.133417	10	0.064	0.41	0.35233	0.48575
KN806639.1	11993	12023	1	-0.107500	10	0.05	0.011	0.61	0.7175
KN806770.1	33639	33674	1	0.134167	10	0.00053	0.0097	0.91167	0.7775
KN806776.1	3671	4269	1	0.105167	10	0.061	0.13	0.74367	0.6385
KN806810.1	23270	23415	1	-0.108718	13	0.13	0.32	0.75359	0.86231
KN806815.1	72984	73169	1	0.180917	10	0.0047	0.084	0.86767	0.68675
KN806829.1	29685	29749	1	0.139635	16	5.8e-05	0.0015	0.87417	0.73453
KN806859.1	37792	37955	1	0.123500	10	0.00072	0.0088	0.907	0.7835
KN806864.1	32674	32704	1	-0.102500	10	0.053	0.05	0.596	0.6985
KN806887.1	11768	11812	1	-0.118141	13	0.00019	0.0033	0.69821	0.81635
KN806893.1	11599	11754	1	0.211417	10	0.02	0.0005	0.66967	0.45825
KN806896.1	29663	29684	1	0.105250	10	0.11	0.091	0.417	0.31175
KN806932.1	34456	34488	1	-0.261750	10	1.7e-05	0.00015	0.484	0.74575
KN806937.1	8588	8666	1	0.147244	13	0.00083	0.042	0.85051	0.70327
KN806945.1	19374	19404	1	-0.116333	10	0.037	0.045	0.58867	0.705
KN806954.1	4264	4351	1	0.146667	10	0.046	0.37	0.83367	0.687
KN806983.1	13479	13653	1	0.143833	10	0.0059	0.032	0.87533	0.7315
KN806987.1	10091	10125	1	0.161833	10	0.011	0.055	0.82533	0.6635
KN807002.1	16635	16726	1	-0.156667	10	0.0029	0.0088	0.069333	0.226
KN807016.1	29450	29508	1	-0.130083	10	0.14	0.25	0.25267	0.38275
KN807019.1	11527	11721	1	-0.101750	10	0.37	0.64	0.743	0.84475
KN807020.1	25302	25352	1	-0.101607	14	0.06	0.082	0.61429	0.71589
KN807047.1	34691	34800	1	-0.229697	11	0.0017	0.031	0.32212	0.55182
KN807055.1	12524	12560	1	-0.113917	10	0.037	0.027	0.59733	0.71125
KN807107.1	59184	59270	1	0.142014	12	0.00037	0.0051	0.90972	0.76771
KN807113.1	64790	64820	1	-0.122833	10	0.025	0.015	0.60267	0.7255
KN807220.1	20584	20605	1	0.158167	10	0.042	0.098	0.85867	0.7005
KN807220.1	20639	20677	1	0.136597	12	0.055	0.056	0.85389	0.71729
KN807264.1	8855	8935	1	0.135500	10	0.0012	0.0025	0.825	0.6895
KN807276.1	23981	24013	1	-0.108750	10	0.14	0.42	0.65	0.75875
KN807286.1	4741	4777	1	-0.106250	10	0.071	0.027	0.59	0.69625
KN807290.1	7511	7547	1	-0.111333	10	0.026	0.13	0.53367	0.645
KN807319.1	13696	13809	1	0.309028	12	1.3e-05	0.00032	0.96944	0.66042
KN807334.1	2398690	2398740	1	-0.156823	16	0.013	0.17	0.16646	0.32328
KN807335.1	1670633	1670705	1	-0.110083	10	0.017	0.064	0.092667	0.20275
KN807335.1	2125447	2125480	1	0.117917	10	0.00013	0.00051	0.96667	0.84875
KN807335.1	3433892	3434159	1	-0.103333	14	0.049	0.077	0.59738	0.70071
KN807356.1	3407	3445	1	0.192583	10	0.0006	0.02	0.86133	0.66875
KN807363.1	2744	2836	1	0.141250	10	5.5e-05	0.00051	0.901	0.75975
KN807425.1	54107	54150	1	0.126875	12	0.0002	0.0017	0.86667	0.73979
KN807450.1	6970	7025	1	-0.146667	10	0.002	0.07	0.42533	0.572
KN807605.1	15808	16231	1	0.104000	10	0.0031	0.0065	0.836	0.732
KN807615.1	5392	5570	1	-0.102333	10	0.0081	0.0064	0.73467	0.837
KN807633.1	12881	13045	1	0.173030	11	0.0066	0.1	0.87394	0.70091
KN807779.1	15697	15938	1	0.212583	10	0.019	0.0094	0.91033	0.69775
KN807925.1	2636	2794	1	0.101833	10	0.00085	0.019	0.86833	0.7665
KN808334.1	5880	5950	1	0.188125	12	0.018	0.044	0.82333	0.63521
KN808435.1	1259	1340	1	0.176917	10	0.11	0.098	0.65367	0.47675
KN808598.1	10241	10271	1	-0.118667	10	0.036	0.035	0.59133	0.71
KN808653.1	176	368	1	-0.146667	12	0.038	0.19	0.47667	0.62333
KN808763.1	9517	9547	1	-0.123917	10	0.022	0.011	0.60333	0.72725
KN808842.1	572	780	1	0.117917	10	0.068	0.15	0.72267	0.60475
KN808951.1	570	680	1	-0.117000	10	0.079	0.098	0.231	0.348
KN809138.1	827	877	1	-0.100476	14	0.079	0.16	0.6031	0.70357
KN809405.1	6938	6968	1	-0.116583	10	0.039	0.045	0.58967	0.70625
KN809463.1	5126	5243	1	-0.155833	12	0.18	0.22	0.34667	0.5025
KN809813.1	217	401	1	0.136833	10	0.037	0.097	0.77633	0.6395
KN810225.1	8450	8480	1	-0.124083	10	0.024	0.015	0.60067	0.72475
KN810982.1	1	36	1	0.103667	10	0.037	0.28	0.19267	0.089
KN811091.1	98	343	1	0.224833	10	0.027	0.082	0.62833	0.4035
KN811124.1	1594	1624	1	-0.112000	10	0.041	0.011	0.606	0.718
KN811283.1	514397	514485	1	-0.173333	10	0.11	0.27	0.030667	0.204
KN811284.1	2300052	2300082	1	-0.117583	10	0.04	0.045	0.58867	0.70625
KN811285.1	540716	540775	1	-0.127381	14	0.026	0.11	0.084762	0.21214
KN811286.1	62768	62798	1	-0.114000	10	0.038	0.045	0.594	0.708
KN811287.1	85791	85821	1	-0.116417	10	0.038	0.045	0.59033	0.70675
KN811288.1	201248	201364	1	0.181750	10	0.023	0.012	0.601	0.41925
KN811288.1	942550	942580	1	-0.123750	10	0.023	0.011	0.605	0.72875
KN811288.1	3179277	3179321	1	-0.115577	13	0.00026	0.0033	0.69846	0.81404
KN811289.1	4710729	4710800	1	-0.152778	12	0.017	0.082	0.76139	0.91417
KN811289.1	5130759	5130789	1	-0.117333	10	0.04	0.045	0.58867	0.706
KN811290.1	1397780	1397849	1	-0.200750	10	0.04	0.039	0.586	0.78675
KN811290.1	2879902	2880006	1	-0.155917	10	0.16	0.18	0.58333	0.73925
KN811292.1	2118750	2119155	1	-0.132083	10	0.34	0.23	0.53367	0.66575
KN811293.1	2405620	2406351	1	0.159744	13	0.0008	0.002	0.80282	0.64308
KN811294.1	340561	340623	1	0.187500	10	0.017	0.06	0.882	0.6945
KN811294.1	1092880	1092910	1	-0.127750	10	0.023	0.011	0.6	0.72775
KN811294.1	2272574	2272604	1	-0.116750	10	0.037	0.045	0.589	0.70575
KN811296.1	875022	875141	1	-0.187847	12	0.027	0.019	0.57611	0.76396
KN811297.1	2625706	2625736	1	-0.119250	10	0.038	0.045	0.591	0.71025
KN811298.1	336269	336576	1	0.116410	13	0.0018	0.0066	0.81564	0.69923
KN811298.1	822016	822115	1	0.110583	10	0.14	0.076	0.37533	0.26475
KN811299.1	108676	108925	1	-0.166250	10	0.02	0.051	0.438	0.60425
KN811301.1	47077	47107	1	-0.110917	10	0.059	0.05	0.59133	0.70225
KN811304.1	1057906	1058155	1	-0.182045	11	0.14	0.14	0.68273	0.86477
KN811304.1	2146417	2146467	1	-0.102917	10	0.0041	0.016	0.80533	0.90825
KN811304.1	2709044	2709080	1	-0.118333	10	0.021	0.12	0.53067	0.649
KN811306.1	901749	901829	1	0.111167	20	0.00018	0.017	0.87717	0.766
KN811308.1	1706091	1706121	1	-0.116583	10	0.039	0.045	0.59067	0.70725
KN811308.1	2753089	2753111	1	0.256167	10	0.023	0.09	0.40567	0.1495
KN811309.1	2404837	2404867	1	-0.117167	10	0.035	0.045	0.59033	0.7075
KN811310.1	3376772	3376808	1	0.182500	10	0.046	0.011	0.302	0.1195
KN811310.1	4921503	4921589	1	-0.238690	14	0.00038	0.015	0.30095	0.53964
KN811311.1	1735534	1735592	1	0.103167	10	0.019	0.091	0.89467	0.7915
KN811313.1	171904	171934	1	-0.114833	10	0.038	0.045	0.59067	0.7055
KN811314.1	726562	726603	1	-0.117847	12	0.034	0.056	0.55444	0.67229
KN811314.1	1847479	1847534	1	0.125083	10	0.00058	0.0029	0.90333	0.77825
KN811315.1	2622898	2622928	1	-0.114917	10	0.037	0.035	0.59133	0.70625
KN811318.1	1072242	1072301	1	-0.179417	10	0.0012	0.0036	0.58933	0.76875
KN811321.1	594746	595075	1	0.130938	16	2.1e-06	0.00079	0.87375	0.74281
KN811323.1	779913	780226	1	0.138111	15	0.0013	0.033	0.83111	0.693
KN811325.1	247174	247239	1	0.114236	12	0.0044	0.012	0.90028	0.78604
KN811327.1	2249579	2249627	1	-0.133106	11	0.0098	0.073	0.14394	0.27705
KN811328.1	1830352	1830432	1	0.140417	10	0.0057	0.042	0.87167	0.73125
KN811331.1	999749	999779	1	-0.111417	10	0.041	0.035	0.59433	0.70575
KN811332.1	227616	228010	1	0.117847	12	0.027	0.2	0.81306	0.69521
KN811332.1	827739	828097	1	0.126090	13	0.0083	0.042	0.78205	0.65596
KN811332.1	2152397	2152427	1	-0.116083	10	0.037	0.045	0.58867	0.70475
KN811335.1	1432425	1432607	1	-0.125167	10	0.25	0.39	0.54533	0.6705
KN811335.1	1735723	1736118	1	0.109583	10	0.0063	0.015	0.85233	0.74275
KN811336.1	1623670	1623914	1	0.283167	20	0.00017	0.00022	0.56867	0.2855
KN811339.1	47183	47240	1	0.113250	10	0.021	0.11	0.834	0.72075
KN811340.1	1567356	1567579	1	0.206250	10	0.0024	0.05	0.742	0.53575
KN811340.1	2917177	2917262	1	0.114750	10	0.041	0.13	0.176	0.06125
KN811340.1	3221767	3221816	1	0.139083	10	0.023	0.018	0.22133	0.08225
KN811343.1	244140	244237	1	0.221889	15	6e-06	0.00095	0.89289	0.671
KN811344.1	464172	464461	1	0.108083	10	0.2	0.46	0.19733	0.08925
KN811346.1	1483636	1483677	1	-0.107292	12	0.043	0.056	0.55333	0.66062
KN811346.1	1997167	1997197	1	-0.112583	10	0.064	0.02	0.59067	0.70325
KN811347.1	1245344	1245374	1	-0.120750	10	0.027	0.026	0.601	0.72175
KN811350.1	707398	707428	1	-0.116417	10	0.038	0.045	0.59033	0.70675
KN811350.1	714994	715024	1	-0.116667	10	0.037	0.045	0.59033	0.707
KN811351.1	1195398	1195424	1	0.135083	10	0.0034	0.027	0.86733	0.73225
KN811354.1	1361448	1361982	1	0.118333	10	0.023	0.055	0.72733	0.609
KN811360.1	1689718	1689985	1	0.124028	12	7e-06	2.3e-05	0.84861	0.72458
KN811361.1	162178	162330	1	0.117000	10	0.1	0.51	0.738	0.621
KN811363.1	996006	996051	1	-0.139167	10	0.046	0.13	0.65933	0.7985
KN811367.1	788694	788776	1	-0.201833	10	9.6e-06	0.00075	0.52167	0.7235
KN811368.1	461627	461663	1	-0.107250	10	0.052	0.027	0.589	0.69625
KN811371.1	397436	397540	1	-0.157583	10	0.16	0.18	0.58367	0.74125
KN811372.1	1594228	1594271	1	0.120208	12	0.00012	0.0048	0.87833	0.75813
KN811372.1	2588732	2589165	1	0.102333	20	0.0059	0.073	0.75633	0.654
KN811373.1	1502982	1503141	1	0.351000	10	0.00032	0.00095	0.473	0.122
KN811374.1	1400531	1400739	1	0.118278	15	0.0018	0.021	0.76244	0.64417
KN811380.1	1391512	1391693	1	-0.102917	16	0.038	0.1	0.61958	0.7225
KN811380.1	1695301	1695331	1	-0.115917	10	0.039	0.045	0.58933	0.70525
KN811380.1	1772905	1772935	1	-0.117000	10	0.039	0.045	0.59	0.707
KN811382.1	1167052	1167082	1	-0.119167	10	0.037	0.045	0.59033	0.7095
KN811383.1	20127	20247	1	-0.178611	12	0.014	0.019	0.75306	0.93167
KN811385.1	1060765	1060866	1	0.173750	10	0.00048	0.0097	0.936	0.76225
KN811385.1	1060913	1061069	1	0.101000	10	0.061	0.071	0.757	0.656
KN811387.1	1729532	1729562	1	-0.117167	10	0.035	0.045	0.59033	0.7075
KN811392.1	255344	255674	1	-0.316000	10	0.00013	0.0044	0.253	0.569
KN811395.1	319715	319745	1	-0.107750	10	0.049	0.035	0.593	0.70075
KN811395.1	1470295	1470428	1	0.177083	10	0.099	0.27	0.35833	0.18125
KN811396.1	537552	537582	1	-0.109750	10	0.04	0.045	0.592	0.70175
KN811398.1	1555242	1555335	1	-0.100250	10	0.042	0.23	0.265	0.36525
KN811401.1	311280	311310	1	-0.116833	10	0.037	0.045	0.59067	0.7075
KN811401.1	626705	626869	1	0.120500	15	0.01	0.11	0.74867	0.62817
KN811402.1	1083112	1083142	1	-0.114750	10	0.04	0.045	0.589	0.70375
KN811403.1	594817	594847	1	-0.116667	10	0.038	0.045	0.59033	0.707
KN811405.1	4145084	4145114	1	-0.111417	10	0.02	0.016	0.61733	0.72875
KN811405.1	4626960	4626995	1	0.102417	10	0.041	0.38	0.19267	0.09025
KN811406.1	1588638	1588831	1	0.103083	10	0.013	0.11	0.76433	0.66125
KN811407.1	310806	310998	1	0.113819	12	0.0016	0.015	0.81861	0.70479
KN811412.1	898392	898444	1	0.125750	10	0.04	0.027	0.669	0.54325
KN811412.1	1055210	1055249	1	-0.221833	10	0.064	0.029	0.37267	0.5945
KN811412.1	1615211	1615241	1	-0.115917	10	0.04	0.045	0.58933	0.70525
KN811418.1	137043	137106	1	-0.149487	13	0.049	0.058	0.64051	0.79
KN811419.1	838991	839093	0.042	-0.103220	22	8.1e-07	8.7e-07	0.037121	0.14034
KN811426.1	522034	522379	1	0.117083	10	0.0047	0.046	0.79733	0.68025
KN811432.1	1049999	1050194	1	-0.105417	10	0.23	0.41	0.61933	0.72475
KN811436.1	391358	391637	1	0.122756	13	0.016	0.24	0.81564	0.69288
KN811436.1	394345	394404	1	-0.159417	10	0.0028	0.011	0.61633	0.77575
KN811437.1	1020838	1020957	1	-0.197292	12	0.02	0.019	0.57333	0.77062
KN811440.1	1045155	1045185	1	-0.116583	10	0.039	0.045	0.58967	0.70625
KN811441.1	344046	344097	1	0.144750	10	0.0071	0.09	0.851	0.70625
KN811445.1	1225454	1225605	1	-0.139750	10	0.018	0.17	0.327	0.46675
KN811448.1	2598444	2598474	1	-0.116833	10	0.036	0.045	0.58867	0.7055
KN811450.1	294012	294042	1	-0.123917	10	0.025	0.011	0.60433	0.72825
KN811450.1	1016443	1016878	1	0.123583	10	0.11	0.19	0.50633	0.38275
KN811455.1	791281	791376	1	-0.176716	17	5.5e-08	7.9e-05	0.11549	0.29221
KN811461.1	560956	560993	1	0.116333	10	0.00063	0.0023	0.89933	0.783
KN811461.1	1201765	1201993	1	0.177083	12	2.1e-05	0.00031	0.87	0.69292
KN811464.1	714344	714396	1	-0.223083	10	0.0016	0.00083	0.39567	0.61875
KN811464.1	893076	893560	1	0.122083	10	0.014	0.056	0.85233	0.73025
KN811465.1	270682	270712	1	-0.117417	10	0.039	0.045	0.58733	0.70475
KN811467.1	1223948	1223998	1	-0.113929	14	0.037	0.11	0.59	0.70393
KN811478.1	795304	795390	1	0.111167	10	0.2	0.64	0.21967	0.1085
KN811484.1	1120836	1120866	1	-0.117500	10	0.041	0.045	0.589	0.7065
KN811488.1	312367	312397	1	-0.111000	10	0.068	0.046	0.59	0.701
KN811490.1	870837	871101	1	-0.114833	15	0.031	0.031	0.58267	0.6975
KN811490.1	933734	933951	1	0.117500	10	0.01	0.00043	0.614	0.4965
KN811491.1	1159660	1159690	1	-0.116750	10	0.037	0.045	0.589	0.70575
KN811492.1	526776	526861	1	0.167719	19	9.6e-05	0.0071	0.69351	0.52579
KN811492.1	748217	748450	1	0.127431	12	0.039	0.19	0.55222	0.42479
KN811493.1	896016	896046	1	-0.119917	10	0.027	0.046	0.59633	0.71625
KN811503.1	1325267	1325316	1	-0.113205	13	0.011	0.023	0.59333	0.70654
KN811504.1	192233	192424	1	0.112833	10	0.01	0.046	0.87833	0.7655
KN811508.1	219872	219919	1	-0.138917	10	0.11	0.12	0.35233	0.49125
KN811514.1	468736	469017	1	0.171667	10	0.0032	0.032	0.76567	0.594
KN811517.1	141837	141867	1	-0.110583	10	0.069	0.046	0.58967	0.70025
KN811520.1	771857	772142	1	-0.147000	10	0.00078	0.00046	0.693	0.84
KN811521.1	115816	115846	1	-0.120333	10	0.025	0.026	0.60067	0.721
KN811529.1	450996	451168	1	0.122667	10	0.0079	0.082	0.82067	0.698
KN811529.1	640066	640096	1	-0.116333	10	0.038	0.045	0.59067	0.707
KN811533.1	638610	638920	1	-0.191250	10	0.011	0.055	0.036	0.22725
KN811535.1	43517	43725	1	0.188512	14	7.6e-05	0.00039	0.23833	0.049821
KN811539.1	639489	639519	1	-0.128000	10	0.023	0.011	0.6	0.728
KN811551.1	876535	876588	1	-0.264167	10	0.0016	0.0032	0.36133	0.6255
KN811552.1	173371	173421	1	-0.177167	10	0.0032	0.02	0.14733	0.3245
KN811553.1	856257	856287	1	-0.101833	10	0.045	0.045	0.60167	0.7035
KN811555.1	589549	589579	1	-0.118000	10	0.039	0.045	0.589	0.707
KN811557.1	689236	689266	1	-0.115833	10	0.041	0.045	0.59067	0.7065
KN811567.1	560379	560464	1	0.129417	10	0.012	0.057	0.78767	0.65825
KN811569.1	768518	768571	1	0.117847	12	0.0018	0.0015	0.77972	0.66188
KN811570.1	544852	545090	1	-0.161083	10	0.026	0.019	0.52667	0.68775
KN811572.1	878142	878309	1	0.262167	10	0.00015	0.0037	0.91467	0.6525
KN811577.1	106247	106508	1	0.147333	10	0.037	0.21	0.87733	0.73
KN811577.1	816374	816404	1	-0.102583	10	0.079	0.035	0.59267	0.69525
KN811578.1	921852	921882	1	-0.118667	10	0.036	0.035	0.59133	0.71
KN811584.1	89202	89264	1	-0.166859	13	0.0013	0.0083	0.36026	0.52712
KN811588.1	449668	449700	1	0.109333	10	0.034	0.084	0.74333	0.634
KN811588.1	720567	720593	0.65	0.162000	10	3.7e-06	1.3e-05	0.932	0.77
KN811596.1	789684	789934	1	0.147500	11	0.091	0.36	0.52818	0.38068
KN811596.1	957593	957633	1	-0.119167	10	0.51	0.58	0.061333	0.1805
KN811599.1	784133	784163	1	-0.124167	10	0.023	0.011	0.60433	0.7285
KN811600.1	5572	5735	1	0.190750	10	0.00055	0.0011	0.772	0.58125
KN811601.1	369049	369090	1	-0.254097	12	0.00011	0.00078	0.56778	0.82188
KN811601.1	522319	522377	1	-0.165667	10	0.00093	0.017	0.21533	0.381
KN811601.1	525973	526359	1	0.245303	11	0.0014	0.0056	0.64485	0.39955
KN811602.1	782556	782820	1	-0.122722	15	0.014	0.012	0.59778	0.7205
KN811604.1	628673	628758	1	0.115909	11	0.028	0.15	0.74727	0.63136
KN811604.1	628791	628874	1	0.103167	10	0.049	0.06	0.68967	0.5865
KN811604.1	645343	645446	1	0.299500	10	2.1e-06	0.00043	0.821	0.5215
KN811604.1	942179	942209	1	-0.105167	10	0.14	0.27	0.48633	0.5915
KN811605.1	382158	382188	1	-0.116833	10	0.027	0.026	0.60567	0.7225
