NC_046361.1	438037	438297	1	0.113750	10	0.03	0.17	0.895	0.78125
NC_046361.1	1033463	1033729	1	0.155333	10	0.055	0.15	0.72933	0.574
NC_046361.1	1292122	1292312	1	0.239250	10	0.0076	0.011	0.664	0.42475
NC_046361.1	1294065	1294267	1	0.296417	10	0.00039	0.0012	0.66567	0.36925
NC_046361.1	1586981	1587053	1	0.118417	20	0.00096	0.029	0.54467	0.42625
NC_046361.1	3081187	3081276	1	0.131333	10	0.13	0.11	0.80333	0.672
NC_046361.1	3810252	3810443	1	0.144000	10	0.097	0.18	0.892	0.748
NC_046361.1	5498425	5498532	1	0.163083	10	0.12	0.054	0.76533	0.60225
NC_046361.1	7535205	7535347	1	0.128854	16	0.027	0.12	0.41729	0.28844
NC_046361.1	10902397	10902516	0.047	-0.303000	10	4.9e-07	6e-07	0.582	0.885
NC_046361.1	13379425	13379462	1	0.212583	10	0.0053	0.035	0.87633	0.66375
NC_046361.1	18843101	18843182	1	0.106333	10	0.00097	0.0029	0.13333	0.027
NC_046361.1	22020749	22020844	1	0.128939	11	0.064	0.29	0.80212	0.67318
NC_046361.1	24573169	24573271	1	0.185109	23	1.5e-06	0.00031	0.54174	0.35663
NC_046361.1	25587311	25587629	1	-0.117083	10	0.013	0.094	0.73667	0.85375
NC_046361.1	26583346	26583512	1	0.141167	10	0.022	0.07	0.16467	0.0235
NC_046361.1	40986088	40986315	1	0.117167	10	0.42	0.41	0.92767	0.8105
NC_046361.1	41996860	41997116	1	0.316250	10	0.001	0.003	0.601	0.28475
NC_046361.1	42788690	42788744	1	0.136917	10	0.055	0.25	0.38167	0.24475
NC_046361.1	43049884	43050362	1	-0.131000	15	0.077	0.27	0.752	0.883
NC_046362.1	162085	162153	1	0.136500	10	0.092	0.18	0.862	0.7255
NC_046362.1	4497882	4498577	1	0.130625	12	0.35	0.17	0.78917	0.65854
NC_046362.1	5388584	5388795	1	0.125333	10	0.013	0.051	0.95233	0.827
NC_046362.1	8062961	8063286	1	-0.207500	10	7.4e-05	0.0036	0.669	0.8765
NC_046362.1	13556518	13556593	1	0.274250	10	0.16	0.17	0.3	0.02575
NC_046362.1	16097132	16097548	1	-0.127667	10	0.1	0.5	0.54333	0.671
NC_046362.1	16488460	16488577	1	-0.229083	10	0.014	0.021	0.64867	0.87775
NC_046362.1	18431825	18432128	1	0.172692	13	0.12	0.028	0.85308	0.68038
NC_046362.1	24092657	24093456	1	0.128472	12	0.21	0.59	0.78472	0.65625
NC_046362.1	24575499	24575593	9.9e-05	0.573636	11	1.6e-11	1.3e-09	0.91273	0.33909
NC_046362.1	24584027	24584121	9.9e-05	0.573636	11	1.6e-11	1.3e-09	0.91273	0.33909
NC_046362.1	26484186	26484427	1	-0.109015	11	0.00079	0.013	0.85394	0.96295
NC_046362.1	28038035	28038073	1	0.179333	10	0.049	0.046	0.85733	0.678
NC_046362.1	29866366	29866415	1	0.136750	10	0.42	0.64	0.172	0.03525
NC_046362.1	31233670	31233881	1	0.125333	10	0.013	0.051	0.95233	0.827
NC_046362.1	34915322	34915660	1	-0.129167	14	0.023	0.14	0.062619	0.19179
NC_046362.1	35470061	35470157	0.0025	-0.566987	13	1.6e-10	3.2e-08	0.075897	0.64288
NC_046362.1	36724988	36725075	1	0.119167	10	0.094	0.33	0.73167	0.6125
NC_046363.1	203897	205027	0.022	-0.261771	16	1e-09	2.8e-07	0.54854	0.81031
NC_046363.1	2610967	2611106	1	0.125056	15	0.0069	0.038	0.31689	0.19183
NC_046363.1	2615921	2616060	1	0.129808	13	0.004	0.026	0.31462	0.18481
NC_046363.1	2990886	2991193	1	0.108500	10	0.24	0.25	0.778	0.6695
NC_046363.1	3538096	3538325	1	-0.147250	10	0.00032	0.0018	0.78	0.92725
NC_046363.1	4721957	4722020	1	0.216833	10	0.023	0.0071	0.74033	0.5235
NC_046363.1	5579314	5579548	1	-0.225750	10	0.00042	0.00071	0.646	0.87175
NC_046363.1	5828655	5828728	1	-0.176667	10	0.0079	0.02	0.60133	0.778
NC_046363.1	5932453	5932568	1	-0.180000	10	0.0019	0.01	0.668	0.848
NC_046363.1	8761411	8761552	1	0.113083	10	0.27	0.19	0.16233	0.04925
NC_046363.1	9442216	9442278	1	0.196167	10	0.16	0.29	0.94967	0.7535
NC_046363.1	12439027	12439339	1	0.222250	10	0.00014	0.00012	0.5	0.27775
NC_046363.1	12798579	12798666	1	0.122750	10	0.068	0.31	0.716	0.59325
NC_046363.1	17654606	17654871	1	0.143917	10	0.2	0.34	0.83267	0.68875
NC_046363.1	18729218	18729509	1	-0.156083	10	9e-05	0.0036	0.78067	0.93675
NC_046363.1	20405037	20405310	1	0.132583	10	0.21	0.72	0.82733	0.69475
NC_046363.1	20956893	20957120	1	0.278125	12	0.0021	0.0036	0.88583	0.60771
NC_046363.1	23129938	23130002	1	0.145347	12	0.069	0.19	0.87722	0.73188
NC_046363.1	23476733	23477234	1	-0.115917	10	0.03	0.019	0.85733	0.97325
NC_046363.1	26747781	26748336	1	-0.158917	10	3.6e-05	0.0029	0.75033	0.90925
NC_046363.1	29850299	29850358	1	0.114750	10	0.011	0.035	0.885	0.77025
NC_046363.1	33403537	33403576	1	0.187000	10	0.39	0.29	0.968	0.781
NC_046363.1	36913003	36913294	1	-0.209333	10	0.0026	0.0045	0.54867	0.758
NC_046363.1	38268411	38268445	1	-0.101500	10	0.0028	0.011	0.028	0.1295
NC_046363.1	46188329	46189623	1	-0.104940	14	0.0013	0.0058	0.68381	0.78875
NC_046363.1	46213726	46213867	1	0.146833	10	0.026	0.002	0.45333	0.3065
NC_046363.1	46729361	46729805	1	0.255250	10	0.003	0.012	0.401	0.14575
NC_046364.1	131466	131497	1	0.191000	10	0.019	0.071	0.852	0.661
NC_046364.1	585538	585840	1	0.118500	10	0.024	0.16	0.202	0.0835
NC_046364.1	4016784	4016913	1	0.172083	10	0.18	0.02	0.62733	0.45525
NC_046364.1	5066215	5066246	1	0.191000	10	0.019	0.071	0.852	0.661
NC_046364.1	10843208	10843479	1	-0.247167	10	0.00069	0.00079	0.61433	0.8615
NC_046364.1	12923856	12923952	1	-0.246833	10	0.00037	0.0028	0.56867	0.8155
NC_046364.1	14837700	14838241	1	0.331795	13	1.9e-06	9.3e-05	0.83872	0.50692
NC_046364.1	16193345	16193680	1	-0.111778	15	0.0034	0.0013	0.70356	0.81533
NC_046364.1	20306373	20306425	1	0.412833	10	2e-05	0.00055	0.46333	0.0505
NC_046364.1	21213649	21213699	1	0.164750	10	0.43	0.56	0.92	0.75525
NC_046364.1	40893315	40893662	1	0.126750	10	0.52	0.026	0.636	0.50925
NC_046365.1	812138	812385	1	-0.116250	10	0.0084	0.032	0.758	0.87425
NC_046365.1	4481119	4481258	1	0.128472	18	0.00033	0.0015	0.29722	0.16875
NC_046365.1	5545276	5545482	1	0.106000	10	0.6	0.53	0.819	0.713
NC_046365.1	11422690	11422802	1	0.102833	10	0.034	0.0049	0.91233	0.8095
NC_046365.1	16982360	16983061	1	0.117292	12	0.3	0.67	0.82583	0.70854
NC_046365.1	25669053	25669424	1	-0.112667	10	0.00025	0.0027	0.85233	0.965
NC_046365.1	30017305	30017608	1	-0.137583	10	0.00015	0.0025	0.79467	0.93225
NC_046365.1	31178313	31178367	1	-0.102750	10	0.099	0.055	0.829	0.93175
NC_046365.1	32247972	32248118	1	-0.185083	10	2.8e-05	0.0002	0.68267	0.86775
NC_046365.1	42439651	42439774	1	0.103258	11	0.1	0.054	0.38121	0.27795
NC_046365.1	43490366	43490577	1	0.220774	14	0.0074	0.023	0.24381	0.023036
NC_046366.1	3617620	3617669	1	0.119833	10	0.027	0.071	0.95833	0.8385
NC_046366.1	3617675	3617720	1	0.114833	10	0.0017	0.0057	0.97533	0.8605
NC_046366.1	7081204	7081367	1	-0.147250	10	0.00032	0.0018	0.78	0.92725
NC_046366.1	7461074	7461244	1	0.128712	11	0.27	0.46	0.8003	0.67159
NC_046366.1	8623076	8623198	1	0.186583	10	0.044	0.0087	0.50233	0.31575
NC_046366.1	8824741	8825126	1	0.108958	12	0.042	0.19	0.14583	0.036875
NC_046366.1	9171590	9171665	1	-0.102569	12	0.0027	0.017	0.80889	0.91146
NC_046366.1	9708813	9708960	1	0.247250	10	0.015	0.015	0.481	0.23375
NC_046366.1	14218047	14218114	1	0.140227	11	0.77	0.53	0.92545	0.78523
NC_046366.1	14755228	14755488	1	0.177250	10	0.069	0.13	0.83	0.65275
NC_046366.1	25572232	25572590	1	-0.128000	10	0.0036	0.012	0.755	0.883
NC_046366.1	27585641	27585955	1	0.222083	10	0.0038	0.0048	0.72933	0.50725
NC_046367.1	1695449	1695651	1	0.253472	12	0.00072	0.0018	0.74472	0.49125
NC_046367.1	2419559	2419616	1	0.182955	11	0.04	0.17	0.70818	0.52523
NC_046367.1	2908765	2908906	1	0.146833	10	0.026	0.002	0.45333	0.3065
NC_046367.1	3323823	3324025	1	-0.122667	10	0.013	0.015	0.62633	0.749
NC_046367.1	3638707	3639139	1	0.153583	10	0.18	0.2	0.73633	0.58275
NC_046367.1	5643209	5644008	1	0.123750	10	0.49	0.39	0.748	0.62425
NC_046367.1	6082017	6082090	1	-0.195000	10	0.0049	0.019	0.58	0.775
NC_046367.1	7658894	7658956	1	0.181111	12	0.039	0.11	0.96694	0.78583
NC_046367.1	8754378	8754403	1	-0.186250	14	0.0004	5.7e-05	0.65857	0.84482
NC_046367.1	8754409	8754799	1	0.189318	11	0.022	0.05	0.83455	0.64523
NC_046367.1	8836938	8837154	1	0.124417	10	0.0013	0.0096	0.18167	0.05725
NC_046367.1	9137750	9137903	1	-0.156991	18	0.00013	0.0026	0.79481	0.95181
NC_046367.1	12344432	12344764	1	0.121833	10	0.23	0.59	0.55533	0.4335
NC_046367.1	14054647	14054767	1	0.169167	10	0.027	0.3	0.83667	0.6675
NC_046367.1	22779569	22779789	1	-0.147372	13	0.00076	0.00043	0.65667	0.80404
NC_046367.1	25969225	25969287	1	0.185833	10	0.29	0.41	0.95633	0.7705
NC_046367.1	27169579	27169651	1	0.118750	10	0.036	0.19	0.893	0.77425
NC_046367.1	30215135	30215374	1	-0.152778	12	0.029	0.019	0.52472	0.6775
NC_046367.1	31119290	31119551	1	-0.150256	13	0.00026	0.00019	0.67513	0.82538
NC_046367.1	31448563	31448821	1	-0.116500	10	0.1	0.14	0.696	0.8125
NC_046367.1	35602548	35602686	1	0.189398	18	0.00023	0.0067	0.3937	0.20431
NC_046367.1	36013470	36013546	1	-0.223667	10	0.0012	0.0091	0.56333	0.787
NC_046368.1	1070290	1070425	1	0.129250	10	0.77	0.34	0.903	0.77375
NC_046368.1	3171637	3171775	1	-0.114667	10	0.0071	0.018	0.70433	0.819
NC_046368.1	3221720	3221888	1	0.126250	10	0.0051	0.011	0.861	0.73475
NC_046368.1	3304682	3304993	1	-0.168250	10	0.0032	0.029	0.724	0.89225
NC_046368.1	7384237	7385255	1	0.110313	16	0.083	0.011	0.92375	0.81344
NC_046368.1	8424751	8424817	1	0.118750	10	0.09	0.082	0.559	0.44025
NC_046368.1	10376106	10376190	1	-0.134333	10	0.00029	0.0032	0.77767	0.912
NC_046368.1	19731588	19731685	1	-0.137576	11	0.2	0.042	0.28061	0.41818
NC_046368.1	21606754	21606879	1	0.161181	12	0.058	0.064	0.88389	0.72271
NC_046368.1	26500761	26500779	1	-0.108500	10	0.037	0.0057	0.676	0.7845
NC_046368.1	29100365	29100441	1	-0.207583	10	0.0014	0.0017	0.58467	0.79225
NC_046369.1	466234	466500	1	0.126083	10	0.17	0.18	0.68533	0.55925
NC_046369.1	591145	591293	1	-0.164896	16	0.00035	0.0066	0.78917	0.95406
NC_046369.1	2866871	2867732	1	-0.109833	10	0.35	0.5	0.81667	0.9265
NC_046369.1	13798080	13798327	1	-0.107667	10	0.036	0.2	0.73833	0.846
NC_046369.1	20336428	20336642	1	0.148929	14	0.011	0.037	0.82857	0.67964
NC_046369.1	21418890	21418925	1	0.363500	10	0.001	0.0041	0.677	0.3135
NC_046369.1	26219241	26219362	0.12	-0.341618	17	1.5e-10	1.5e-06	0.48235	0.82397
NC_046369.1	26223581	26223702	0.0055	-0.368186	17	1.9e-11	6.9e-08	0.46078	0.82897
NC_046369.1	28219664	28220050	1	0.138561	11	0.031	0.074	0.72333	0.58477
NC_046369.1	28224492	28224878	1	0.146583	10	0.026	0.051	0.76433	0.61775
NC_046369.1	28650017	28650070	1	0.336528	12	4.1e-05	0.0024	0.53028	0.19375
NC_046369.1	29446926	29447100	1	-0.236131	14	8.9e-05	0.00029	0.72048	0.95661
NC_046369.1	38105786	38105848	1	-0.253125	12	0.00077	0.0092	0.70583	0.95896
NC_046370.1	2987245	2987609	1	0.110764	12	0.1	0.37	0.76389	0.65312
NC_046370.1	2992127	2992513	1	0.175139	12	0.009	0.2	0.80056	0.62542
NC_046370.1	10049025	10049075	1	0.189097	12	0.069	0.048	0.96639	0.77729
NC_046370.1	22652184	22652406	1	0.111000	10	0.061	0.19	0.83	0.719
NC_046370.1	22931312	22931698	1	0.153788	11	0.021	0.063	0.73152	0.57773
NC_046370.1	22936216	22936602	1	0.125000	11	0.045	0.074	0.75727	0.63227
NC_046370.1	25340737	25341051	1	0.200083	10	0.0055	0.018	0.92033	0.72025
NC_046370.1	29648658	29649012	1	0.198750	10	0.062	0.078	0.8	0.60125
NC_046370.1	31356778	31357026	1	-0.102273	11	0.0084	0.022	0.77727	0.87955
NC_046370.1	31421800	31422105	1	-0.117750	10	0.012	0.079	0.722	0.83975
NC_046370.1	31782974	31783033	1	0.214667	10	0.019	0.011	0.41067	0.196
NC_046371.1	1039044	1039255	1	0.168690	14	0.00053	0.00075	0.2619	0.093214
NC_046371.1	1995794	1996173	1	-0.115379	11	0.0036	0.0095	0.68758	0.80295
NC_046371.1	2452106	2452492	1	0.151364	11	0.029	0.074	0.72364	0.57227
NC_046371.1	2457008	2457394	1	0.136212	11	0.039	0.074	0.75667	0.62045
NC_046371.1	9094389	9094605	1	-0.146000	10	0.0071	0.016	0.815	0.961
NC_046371.1	16800083	16800342	1	-0.142348	11	0.014	0.11	0.72606	0.86841
NC_046371.1	24239606	24239782	1	0.165682	11	0.22	0.087	0.91091	0.74523
NC_046371.1	27785564	27785752	1	0.100417	10	0.036	0.22	0.83267	0.73225
NC_046371.1	31804692	31804742	1	0.169444	12	0.27	0.3	0.96611	0.79667
NC_046371.1	32291693	32291744	1	-0.145500	10	0.12	0.48	0.061	0.2065
NC_046371.1	39060161	39060589	1	-0.192708	12	5.9e-06	0.00017	0.66083	0.85354
NC_046371.1	39477079	39477288	1	0.109083	10	0.79	0.36	0.82233	0.71325
NC_046371.1	39615940	39616220	1	0.149035	19	0.0023	0.0088	0.59877	0.44974
NC_046372.1	4663541	4663749	0.23	-0.170774	14	5.6e-07	2.9e-06	0.78976	0.96054
NC_046372.1	4809056	4809090	1	0.133250	10	0.32	0.27	0.889	0.75575
NC_046372.1	4821776	4821829	1	0.322500	12	0.00037	0.011	0.5	0.1775
NC_046372.1	15218456	15218702	1	-0.122847	12	0.004	0.0011	0.66861	0.79146
NC_046372.1	20169600	20170550	1	-0.159551	13	0.058	0.12	0.61795	0.7775
NC_046372.1	20539415	20539686	1	0.106667	16	0.013	0.022	0.48167	0.375
NC_046372.1	21635080	21635425	1	-0.189667	10	0.0057	0.018	0.74133	0.931
NC_046372.1	21662561	21662607	1	-0.213250	10	0.0026	0.01	0.577	0.79025
NC_046372.1	23704468	23705235	1	0.100917	10	0.27	0.2	0.86967	0.76875
NC_046372.1	26514801	26515105	1	0.214097	12	1.7e-05	2.3e-05	0.48556	0.27146
NC_046372.1	28580843	28580905	1	0.137667	10	0.099	0.14	0.88367	0.746
NC_046372.1	28810104	28810274	1	0.146833	10	0.23	0.42	0.81833	0.6715
NC_046372.1	29122748	29122998	1	-0.160750	10	0.0013	0.0079	0.598	0.75875
NC_046372.1	31680509	31680676	1	0.114702	14	0.057	0.3	0.61167	0.49696
NC_046372.1	31680676	31680781	1	0.313167	10	0.00035	0.0071	0.80567	0.4925
NC_046372.1	35666319	35666380	1	0.179417	10	0.0026	0.004	0.97567	0.79625
NC_046372.1	40417193	40417305	1	0.213258	11	0.018	0.00011	0.73212	0.51886
NC_046372.1	40999001	40999347	1	0.128333	10	0.18	0.029	0.59733	0.469
NC_046372.1	42111718	42112040	1	-0.100500	10	0.0046	0.029	0.676	0.7765
NC_046372.1	42480621	42480674	1	0.332778	12	4.2e-05	0.0051	0.52778	0.195
NC_046372.1	44103471	44103718	1	-0.106917	10	0.032	0.16	0.74033	0.84725
NC_046372.1	44117363	44117439	1	-0.173250	10	0.0035	0.0076	0.622	0.79525
NC_046372.1	44748730	44748819	1	-0.117619	14	0.011	0.054	0.75738	0.875
NC_046372.1	46396757	46396835	1	0.103583	10	0.023	0.14	0.92633	0.82275
NC_046373.1	14583736	14583847	1.8e-06	0.548889	12	1.1e-11	2.3e-11	0.90639	0.3575
NC_046373.1	14592139	14592233	3e-05	0.570455	11	1.6e-11	3.7e-10	0.91273	0.34227
NC_046373.1	16752659	16752906	1	-0.105167	10	0.034	0.22	0.74133	0.8465
NC_046373.1	24137944	24137969	1	0.205167	10	0.026	0.029	0.81067	0.6055
NC_046373.1	27557301	27557398	1	-0.137576	11	0.2	0.042	0.28061	0.41818
NC_046373.1	27614761	27614858	1	-0.137576	11	0.2	0.042	0.28061	0.41818
NC_046373.1	27657532	27657629	1	-0.137576	11	0.2	0.042	0.28061	0.41818
NC_046373.1	28289338	28289530	1	-0.185083	10	0.0049	0.013	0.71067	0.89575
NC_046373.1	29392205	29392530	1	-0.207917	10	0.00013	0.00023	0.63433	0.84225
NC_046373.1	29415639	29415779	1	0.146667	10	0.0068	0.024	0.15867	0.012
NC_046373.1	30410113	30410521	1	-0.143036	14	0.00055	0.0067	0.70429	0.84732
NC_046373.1	31301718	31301781	1	0.176167	10	0.12	0.11	0.21567	0.0395
NC_046373.1	32301755	32302020	1	0.110667	10	0.24	0.22	0.65267	0.542
NC_046373.1	33355728	33355924	1	-0.123083	10	0.018	0.065	0.72467	0.84775
NC_046373.1	33959610	33959727	1	-0.247750	10	0.00085	0.0027	0.652	0.89975
NC_046373.1	34668452	34668519	1	0.101742	11	0.84	0.58	0.88697	0.78523
NC_046373.1	35632594	35632747	1	0.143036	14	0.094	0.075	0.31929	0.17625
NC_046373.1	36386656	36386750	1	-0.142417	10	0.0038	0.0011	0.78333	0.92575
NC_046373.1	36886666	36886963	1	0.140500	10	0.013	0.01	0.217	0.0765
NC_046373.1	37105539	37105737	1	-0.185303	11	0.00033	0.00012	0.62242	0.80773
NC_046373.1	40762330	40762411	1	0.122250	10	0.059	0.22	0.933	0.81075
NC_046373.1	40762515	40762577	1	0.168264	12	0.18	0.37	0.92972	0.76146
NC_046373.1	41207625	41207872	1	-0.106917	10	0.032	0.16	0.74033	0.84725
NC_046374.1	1319047	1319154	0.39	-0.391510	16	9.6e-11	5e-06	0.43146	0.82297
NC_046374.1	1321053	1321144	1	-0.378269	13	3e-08	2e-05	0.44231	0.82058
NC_046374.1	1707938	1708241	1	0.173258	11	0.035	0.14	0.86212	0.68886
NC_046374.1	1719183	1719564	1	-0.146667	10	0.022	0.18	0.70333	0.85
NC_046374.1	2429224	2429341	1	-0.247000	10	0.0036	0.006	0.643	0.89
NC_046374.1	2449017	2449116	1	0.115583	10	0.083	0.31	0.89533	0.77975
NC_046374.1	3084071	3084318	1	0.127917	10	0.061	0.042	0.29567	0.16775
NC_046374.1	3535031	3535152	1	-0.323083	10	5.5e-05	0.00027	0.34867	0.67175
NC_046374.1	3552117	3552764	1	0.106667	10	0.46	0.41	0.67967	0.573
NC_046374.1	3665390	3665439	1	0.119583	10	0.49	0.15	0.22733	0.10775
NC_046374.1	5464738	5464820	1	0.121894	11	0.24	0.33	0.9303	0.80841
NC_046374.1	10157231	10157352	1	-0.323250	10	5.7e-05	0.00036	0.348	0.67125
NC_046374.1	11408848	11409234	1	0.131458	12	0.023	0.07	0.72833	0.59687
NC_046374.1	12597969	12598768	1	0.124333	10	0.56	0.41	0.75333	0.629
NC_046374.1	12857191	12857253	0.67	-0.239667	10	2.2e-06	8.5e-06	0.68933	0.929
NC_046374.1	14834240	14834797	1	-0.149000	10	0.0063	0.055	0.668	0.817
NC_046374.1	15713039	15713101	0.79	-0.231417	10	3.5e-06	1e-05	0.70633	0.93775
NC_046374.1	20646131	20646225	9.9e-05	0.575455	11	1.6e-11	1.3e-09	0.91273	0.33727
NC_046374.1	20654367	20654461	9.9e-05	0.575455	11	1.6e-11	1.3e-09	0.91273	0.33727
NC_046374.1	25834951	25835141	1	-0.112000	10	0.0006	0.012	0.685	0.797
NC_046374.1	26201882	26202029	1	0.130985	11	3.5e-05	4.9e-05	0.13939	0.0084091
NC_046374.1	28681175	28681302	1	-0.107652	11	0.0014	0.00096	0.70485	0.8125
NC_046374.1	28693158	28693239	1	0.174667	10	0.075	0.14	0.82567	0.651
NC_046374.1	31510194	31510436	1	0.118083	10	0.099	0.56	0.45233	0.33425
NC_046374.1	32858093	32858250	1	0.149500	10	0.064	0.17	0.77	0.6205
NC_046374.1	33346125	33346213	1	0.170417	10	0.85	0.43	0.36667	0.19625
NC_046374.1	35122166	35122187	1	0.149487	13	0.29	0.036	0.75026	0.60077
NC_046374.1	35144605	35144819	1	0.106111	12	0.59	0.3	0.82861	0.7225
NC_046374.1	35244894	35245204	1	0.199083	10	0.013	0.16	0.84533	0.64625
NC_046375.1	4122901	4122951	1	0.187569	12	0.091	0.061	0.96528	0.77771
NC_046375.1	4924727	4925265	1	0.122667	10	0.47	0.4	0.80167	0.679
NC_046375.1	8647448	8647788	1	0.181750	10	0.075	0.012	0.627	0.44525
NC_046375.1	11750691	11750753	1	0.197417	10	0.14	0.29	0.94167	0.74425
NC_046375.1	16350095	16350118	1	-0.250833	12	4.8e-06	4.7e-05	0.64583	0.89667
NC_046375.1	16531450	16531545	1	0.112667	10	0.12	0.34	0.71867	0.606
NC_046375.1	21145930	21146177	1	-0.100333	10	0.039	0.23	0.74467	0.845
NC_046375.1	21618667	21618939	1	0.114470	11	0.29	0.19	0.87242	0.75795
NC_046375.1	24377447	24377496	1	0.172250	10	0.51	0.69	0.925	0.75275
NC_046375.1	25459779	25459905	1	0.106012	14	0.0012	0.01	0.27333	0.16732
NC_046375.1	28458729	28459528	1	0.106667	16	0.24	0.43	0.81292	0.70625
NC_046375.1	32067249	32067431	1	0.213284	17	0.00023	0.002	0.79373	0.58044
NC_046375.1	32179693	32179754	1	0.139250	10	0.0049	0.024	0.959	0.81975
NC_046376.1	341755	341925	1	-0.106167	10	0.026	0.054	0.65833	0.7645
NC_046376.1	2245285	2245306	1	0.163583	10	0.015	0.038	0.21333	0.04975
NC_046376.1	5960777	5960987	1	-0.102333	10	0.038	0.071	0.54167	0.644
NC_046376.1	13767844	13768022	1	-0.191000	10	0.0057	0.011	0.688	0.879
NC_046376.1	18798050	18798239	1	-0.113833	10	0.29	0.59	0.23067	0.3445
NC_046376.1	25449031	25449278	1	-0.137917	10	0.0047	0.018	0.75133	0.88925
NC_046376.1	25661288	25661868	1	-0.114000	10	0.0068	0.025	0.732	0.846
NC_046376.1	26964813	26964880	1	-0.228056	12	0.56	0.021	0.082778	0.31083
NC_046376.1	27876257	27876519	1	-0.101333	10	0.17	0.56	0.72767	0.829
NC_046376.1	31326151	31326327	1	-0.172143	14	4.5e-06	4.9e-05	0.0085714	0.18071
NC_046376.1	32917360	32917409	1	0.202917	10	0.064	0.14	0.95867	0.75575
NC_046376.1	33791601	33791758	1	0.114500	10	0.16	0.089	0.84	0.7255
NC_046376.1	33908295	33908417	1	-0.192292	12	0.001	0.0037	0.62833	0.82062
NC_046376.1	37087336	37087412	1	0.125441	17	0.00096	0.006	0.93765	0.81221
NC_046376.1	37486039	37486184	1	-0.226750	10	0.0026	0.0084	0.623	0.84975
NC_046377.1	1524734	1524821	1	-0.289333	10	3.4e-05	0.0014	0.54867	0.838
NC_046377.1	2841179	2841516	1	0.175611	15	0.15	0.11	0.90444	0.72883
NC_046377.1	5476222	5476522	1	-0.196917	10	0.015	0.00099	0.49233	0.68925
NC_046377.1	6927334	6927562	1	-0.113000	10	0.0055	0.0062	0.802	0.915
NC_046377.1	13249269	13249339	1	-0.188167	15	0.015	0.071	0.35133	0.5395
NC_046377.1	16858884	16859035	1	0.183462	13	0.024	0.15	0.71154	0.52808
NC_046377.1	17762214	17762281	1	0.101742	11	0.84	0.58	0.88697	0.78523
NC_046377.1	20279597	20280070	1	-0.114773	11	0.0079	0.027	0.69727	0.81205
NC_046377.1	21889260	21889417	1	0.155694	12	0.18	0.21	0.93111	0.77542
NC_046377.1	22334625	22335014	1	0.190583	10	0.0021	0.013	0.92233	0.73175
NC_046377.1	25038435	25038502	1	0.140227	11	0.77	0.53	0.92545	0.78523
NC_046377.1	25488411	25488558	1	0.363250	10	0.00013	0.0075	0.602	0.23875
NC_046378.1	2670380	2670417	1	0.186212	11	0.024	0.054	0.85758	0.67136
NC_046378.1	4410314	4410543	1	-0.125917	10	0.0013	9.5e-05	0.78233	0.90825
NC_046378.1	5402489	5402768	1	-0.160909	11	0.00034	0.00011	0.66273	0.82364
NC_046378.1	7788381	7788628	1	-0.103083	10	0.033	0.16	0.74367	0.84675
NC_046378.1	9341679	9341851	1	-0.123000	10	8.6e-05	0.00074	0.816	0.939
NC_046378.1	9399868	9399955	1	0.141917	10	0.05	0.41	0.75667	0.61475
NC_046378.1	11930591	11930632	1	-0.130667	10	0.14	0.41	0.20433	0.335
NC_046378.1	12284902	12284996	1	-0.350179	14	2.1e-08	4.4e-05	0.49786	0.84804
NC_046378.1	14148676	14148797	1	0.338833	10	2.8e-05	9.2e-05	0.34133	0.0025
NC_046378.1	14585470	14585599	1	0.154750	10	0.009	0.016	0.326	0.17125
NC_046378.1	14589643	14589772	1	0.156000	10	0.0076	0.016	0.326	0.17
NC_046378.1	20358240	20358422	1	0.186333	10	0.081	0.19	0.89133	0.705
NC_046378.1	25436103	25436279	1	-0.115667	10	0.0057	0.026	0.74533	0.861
NC_046378.1	28650007	28650358	1	0.181818	11	0.012	0.073	0.63909	0.45727
NC_046379.1	2232728	2232789	1	0.133500	10	0.094	0.29	0.166	0.0325
NC_046379.1	3528928	3528981	1	0.337153	12	3.8e-05	0.0024	0.53028	0.19312
NC_046379.1	8229337	8229478	1	-0.147167	10	0.0027	0.0017	0.66833	0.8155
NC_046379.1	10707956	10708153	1	-0.162727	11	0.00033	0.00012	0.66091	0.82364
NC_046379.1	18640734	18640796	1	0.200667	10	0.13	0.3	0.95067	0.75
NC_046379.1	21314855	21314925	1	-0.356250	10	3.5e-06	0.00017	0.455	0.81125
NC_046379.1	22686945	22687141	1	-0.207333	10	0.00018	0.0015	0.63867	0.846
NC_046379.1	24121009	24121071	1	0.105667	10	0.0046	0.042	0.13367	0.028
NC_046379.1	25492000	25492031	1	0.173750	14	0.23	0.041	0.77	0.59625
NC_046379.1	31356067	31356449	1	0.130333	10	0.25	0.64	0.30033	0.17
NC_046379.1	32792536	32792839	1	0.133667	10	0.14	0.39	0.79367	0.66
NC_046379.1	32843349	32843712	1	0.122667	10	0.27	0.3	0.80567	0.683
NC_046379.1	33650740	33650763	1	-0.188611	12	9.4e-05	0.00013	0.62222	0.81083
NC_046379.1	33764769	33764945	1	0.165298	14	0.0041	0.02	0.73619	0.57089
NC_046380.1	118637	119024	1	0.147179	13	0.014	0.066	0.72333	0.57615
NC_046380.1	123551	124258	1	0.113594	16	0.03	0.13	0.74813	0.63453
NC_046380.1	245452	245984	1	0.221583	10	0.019	0.074	0.79533	0.57375
NC_046380.1	1914481	1914562	1	0.101000	10	0.68	0.34	0.321	0.22
NC_046380.1	3836138	3836429	1	-0.240583	10	0.03	0.017	0.27267	0.51325
NC_046380.1	7809498	7809738	1	-0.110083	10	0.0023	6.2e-05	0.78367	0.89375
NC_046380.1	12005240	12005487	1	-0.105500	10	0.034	0.22	0.741	0.8465
NC_046380.1	12815265	12815544	1	-0.160000	11	0.00035	0.00021	0.66364	0.82364
NC_046380.1	17615917	17616098	1	-0.159702	14	1.7e-06	3.9e-05	0.71119	0.87089
NC_046380.1	18811395	18811469	1	-0.135250	10	0.077	0.18	0.138	0.27325
NC_046380.1	19866249	19866451	1	0.183111	15	0.19	0.2	0.93511	0.752
NC_046380.1	19957817	19958059	1.3e-25	0.586514	49	4.1e-14	1.7e-30	0.69014	0.10362
NC_046380.1	23957736	23957910	1	-0.327417	10	2.4e-05	0.0003	0.43033	0.75775
NC_046380.1	30058871	30059336	1	-0.122083	10	0.0035	0.027	0.75467	0.87675
NC_046380.1	33590290	33590364	1	-0.123056	12	0.0044	0.035	0.047778	0.17083
NC_046380.1	34825272	34825296	0.41	0.214697	11	7.4e-05	5.2e-06	0.42606	0.21136
NC_046380.1	34914660	34914908	1	-0.102583	10	0.038	0.2	0.74267	0.84525
NC_046380.1	37712279	37712686	1	0.102576	11	0.021	0.0086	0.17212	0.069545
NC_046380.1	42185561	42185901	1	0.199417	10	0.011	0.0089	0.69267	0.49325
NC_046380.1	42474060	42474216	1	-0.101000	10	0.11	0.17	0.709	0.81
NC_046380.1	43512686	43513049	1	0.125083	10	0.26	0.3	0.80833	0.68325
NC_046380.1	43519486	43519849	1	0.125083	10	0.26	0.3	0.80833	0.68325
NC_046380.1	44455876	44456115	1	-0.113846	13	0.036	0.083	0.73538	0.84923
NC_046380.1	45867010	45867237	1	0.129833	10	0.48	0.3	0.92833	0.7985
NC_046380.1	47120452	47120555	1	-0.344615	13	3e-07	0.00013	0.46769	0.81231
NC_046380.1	47620295	47620592	1	-0.239514	12	9.9e-06	2.5e-05	0.64111	0.88063
NC_046381.1	2490515	2490609	9.9e-05	0.575455	11	1.6e-11	1.3e-09	0.91273	0.33727
NC_046381.1	2499040	2499134	9.9e-05	0.575455	11	1.6e-11	1.3e-09	0.91273	0.33727
NC_046381.1	9789466	9789749	1	-0.238472	12	0.06	0.0073	0.23028	0.46875
NC_046381.1	13327643	13327828	0.31	-0.211795	13	1.4e-07	3.9e-06	0.71513	0.92692
NC_046381.1	17292547	17293118	1	-0.101083	10	0.013	0.011	0.76967	0.87075
NC_046381.1	22074454	22074827	1	0.104000	10	0.56	0.41	0.747	0.643
NC_046381.1	22092197	22092521	1	0.260083	10	0.00055	0.0009	0.72533	0.46525
NC_046381.1	24595071	24595122	1	0.100833	10	0.17	0.28	0.34433	0.2435
NC_046381.1	24806891	24806996	1	-0.188833	10	8.6e-05	0.00085	0.67067	0.8595
NC_046381.1	24998737	24998892	1	-0.164167	12	2.1e-05	0.00032	0.7725	0.93667
NC_046381.1	25626163	25626439	1	-0.157500	10	2.5e-06	0.0003	0.796	0.9535
NC_046381.1	25645238	25645314	1	-0.188333	10	0.0031	0.0075	0.58967	0.778
NC_046381.1	27446929	27447041	1	0.199167	11	0.0054	0.0086	0.54939	0.35023
NC_046381.1	32045346	32045522	1	0.146458	12	0.19	0.13	0.88833	0.74187
NC_046381.1	34505407	34505473	1	0.114917	10	0.1	0.1	0.55567	0.44075
NC_046381.1	35965732	35965849	1	0.337639	12	0.0073	0.0054	0.90056	0.56292
NC_046381.1	38777984	38778023	1	-0.214750	10	0.025	0.18	0.159	0.37375
NC_046381.1	40699210	40699243	1	0.295917	10	3.6e-05	0.0032	0.80167	0.50575
NC_046381.1	41301236	41301607	1	-0.112583	10	0.00025	0.0035	0.85067	0.96325
NC_046382.1	3055523	3055845	1	0.112667	10	0.69	0.82	0.90567	0.793
NC_046382.1	4427986	4428073	1	0.150333	10	0.059	0.34	0.73833	0.588
NC_046382.1	5874984	5875472	1	-0.118167	10	0.058	0.17	0.64733	0.7655
NC_046382.1	6000623	6000856	1	-0.160417	10	0.015	0.0099	0.52533	0.68575
NC_046382.1	7014133	7014330	1	-0.140795	22	0.0011	0.0016	0.60136	0.74216
NC_046382.1	12737905	12738386	1	0.153125	12	0.0027	0.034	0.94333	0.79021
NC_046382.1	13238889	13238942	1	0.336944	12	3.6e-05	0.0018	0.53028	0.19333
NC_046382.1	14598818	14599100	1	-0.121364	11	0.3	0.27	0.64	0.76136
NC_046382.1	18016266	18016407	1	-0.199667	10	0.00012	0.00011	0.64933	0.849
NC_046382.1	18100216	18100256	1	-0.139038	13	0.001	0.013	0.66462	0.80365
NC_046382.1	22498268	22498534	1	0.200486	12	0.01	0.064	0.62528	0.42479
NC_046382.1	32722004	32722042	1	0.185667	10	0.042	0.046	0.86267	0.677
NC_046382.1	39968589	39968713	1	0.122500	12	0.034	0.029	0.4025	0.28
NC_046382.1	39973616	39973919	1	0.105750	10	0.062	0.042	0.283	0.17725
NC_046382.1	40155304	40155363	1	0.115500	10	0.013	0.032	0.896	0.7805
NC_046382.1	40545493	40545596	1	0.152250	10	0.19	0.32	0.334	0.18175
NC_046383.1	896237	896859	1	-0.103917	10	0.05	0.2	0.74533	0.84925
NC_046383.1	1778937	1779028	1	0.139417	10	0.0019	0.0045	0.96567	0.82625
NC_046383.1	2917218	2917350	1	0.209667	10	0.013	0.022	0.60067	0.391
NC_046383.1	6696689	6696895	1	-0.174333	10	0.00019	0.00066	0.73867	0.913
NC_046383.1	12510353	12510423	1	-0.310333	10	6.9e-06	0.0018	0.48867	0.799
NC_046383.1	12790444	12790516	1	0.102667	10	0.052	0.13	0.86867	0.766
NC_046383.1	13379615	13379833	0.49	-0.121833	10	0.00097	6.2e-06	0.67567	0.7975
NC_046383.1	17832904	17833211	1	0.120333	10	0.27	0.3	0.77233	0.652
NC_046383.1	20543858	20544211	1	0.165167	10	0.099	0.082	0.87667	0.7115
NC_046383.1	21100719	21100852	1	-0.125833	10	7.8e-05	0.0023	0.79667	0.9225
NC_046383.1	22453335	22453403	1	0.220083	10	0.31	0.11	0.94733	0.72725
NC_046383.1	24624839	24625014	1	0.103182	11	0.57	0.53	0.80273	0.69955
NC_046383.1	25230219	25230268	1	0.193833	10	0.19	0.31	0.96133	0.7675
NC_046383.1	33157488	33157538	1	0.168750	10	0.34	0.53	0.925	0.75625
NC_046383.1	34253279	34253495	1	-0.118056	12	0.0033	0.014	0.77944	0.8975
NC_046383.1	34464367	34464504	1	0.257500	10	0.0014	0.00013	0.289	0.0315
NC_046383.1	35530529	35530703	1	-0.236131	14	8.9e-05	0.00029	0.72048	0.95661
NC_046383.1	35655847	35656187	1	0.199417	10	0.011	0.0089	0.69267	0.49325
NC_046383.1	36135581	36135828	1	-0.107417	10	0.037	0.2	0.73833	0.84575
NC_046383.1	36136398	36137197	1	0.106615	16	0.23	0.43	0.81271	0.70609
NC_046384.1	56948	57298	1	0.162833	10	0.083	0.064	0.87833	0.7155
NC_046384.1	845884	845965	1	-0.162583	10	0.0017	0.011	0.72267	0.88525
NC_046384.1	1444538	1444600	1	0.196167	10	0.16	0.29	0.94967	0.7535
NC_046384.1	2914002	2914288	1	0.136917	10	0.021	0.03	0.51667	0.37975
NC_046384.1	2975106	2975286	1	0.129750	10	0.24	0.18	0.91	0.78025
NC_046384.1	3705981	3706135	1	0.164667	10	0.011	0.042	0.61467	0.45
NC_046384.1	4078193	4078625	1	0.125833	10	0.24	0.29	0.84233	0.7165
NC_046384.1	4420173	4420368	1	0.185152	11	0.025	0.23	0.58697	0.40182
NC_046384.1	9204551	9204612	1	0.196000	10	0.00026	0.0029	0.976	0.78
NC_046384.1	10065403	10065465	1	0.198667	10	0.15	0.21	0.95267	0.754
NC_046384.1	10889565	10889599	1	0.138083	10	0.3	0.27	0.89333	0.75525
NC_046384.1	13001291	13001427	1	0.144750	10	0.3	0.46	0.911	0.76625
NC_046384.1	14449722	14449804	1	0.116500	10	0.032	0.18	0.185	0.0685
NC_046384.1	19094913	19095108	1	0.213485	11	0.014	0.13	0.58576	0.37227
NC_046384.1	19584585	19584659	1	-0.174667	10	0.29	0.29	0.028333	0.203
NC_046384.1	20829019	20829108	1	-0.132917	10	0.019	0.091	0.63333	0.76625
NC_046384.1	21259109	21259226	1	-0.101389	12	0.00088	0.0082	0.78528	0.88667
NC_046384.1	21978299	21978571	1	0.189259	18	0.00053	0.0092	0.76259	0.57333
NC_046384.1	21983459	21983731	1	0.193657	18	0.00048	0.0058	0.75574	0.56208
NC_046384.1	22920140	22920202	1	0.180417	10	0.32	0.43	0.94067	0.76025
NC_046384.1	25713558	25713677	0.23	-0.276583	10	1.8e-06	2.9e-06	0.59667	0.87325
NC_046384.1	26710719	26710919	1	0.305278	12	2.6e-05	8.4e-05	0.60028	0.295
NC_046384.1	26987053	26987203	1	0.287708	12	0.001	0.0042	0.725	0.43729
NC_046384.1	28848002	28848065	1	0.177250	10	0.097	0.11	0.217	0.03975
NW_023396477.1	599742	600066	1	0.245167	10	0.0015	0.0043	0.72467	0.4795
NW_023396477.1	615059	615432	1	0.107917	10	0.48	0.41	0.74967	0.64175
NW_023396477.1	890255	890399	1	0.159750	10	0.013	0.05	0.859	0.69925
NW_023396479.1	14291	14895	1	0.124833	10	0.026	0.13	0.83833	0.7135
NW_023396499.1	343803	343933	1	-0.136474	13	3.3e-05	0.00043	0.82179	0.95827
NW_023396520.1	182925	183278	1	0.160833	10	0.12	0.064	0.87733	0.7165
NW_023396520.1	517931	518246	1	-0.261500	10	0.00066	0.0098	0.647	0.9085
NW_023396522.1	107442	107627	1	0.102167	10	0.24	0.66	0.80267	0.7005
NW_023396522.1	515955	516279	1	0.245167	10	0.0015	0.0043	0.72467	0.4795
NW_023396524.1	184183	184649	1	0.150917	10	0.059	0.25	0.82467	0.67375
NW_023396527.1	493866	494007	1	0.146833	10	0.026	0.002	0.45333	0.3065
NW_023396529.1	244865	245067	1	0.266111	12	0.0033	0.044	0.65028	0.38417
NW_023396529.1	248469	248671	1	0.280897	13	0.00046	0.0015	0.7159	0.435
NW_023396531.1	368751	368791	1	0.127583	10	0.66	0.53	0.87533	0.74775
NW_023396532.1	127842	128169	1	0.165486	12	0.0044	0.055	0.92778	0.76229
NW_023396534.1	372773	373052	1	-0.127014	12	0.00029	0.0044	0.76361	0.89062
NW_023396534.1	527215	527305	1	-0.363250	10	3.5e-06	0.00017	0.479	0.84225
NW_023396535.1	317036	317283	1	0.127917	10	0.061	0.042	0.29567	0.16775
NW_023396538.1	435071	435611	1	0.103500	10	0.14	0.25	0.788	0.6845
NW_023396543.1	545152	545560	1	-0.154881	14	4.3e-05	0.002	0.71048	0.86536
NW_023396550.1	148878	149168	1	0.128824	17	0.14	0.041	0.89941	0.77059
NW_023396552.1	485543	485610	1	0.139318	11	0.77	0.53	0.92455	0.78523
NW_023396554.1	333559	333932	1	-0.129167	10	0.0032	0.0071	0.75133	0.8805
NW_023396559.1	130110	130274	1	0.242167	10	0.00044	0.0028	0.73167	0.4895
NW_023396560.1	328449	328789	1	0.199417	10	0.011	0.0089	0.69267	0.49325
NW_023396560.1	398581	399083	0.066	-0.209606	36	1.3e-06	8.3e-07	0.39796	0.60757
NW_023396560.1	399215	399300	1	-0.332917	10	0.00055	0.0005	0.31633	0.64925
NW_023396562.1	279063	279382	1	0.108417	10	0.058	0.19	0.43667	0.32825
NW_023396565.1	65212	65331	0.14	-0.282417	10	7.5e-07	1.7e-06	0.59133	0.87375
NW_023396567.1	316244	316321	1	-0.293056	12	2.3e-06	0.00072	0.49028	0.78333
NW_023396571.1	113420	113565	1	-0.179103	13	0.00078	0.0065	0.55513	0.73423
NW_023396572.1	12680	12752	1	0.129917	10	0.045	0.13	0.90167	0.77175
NW_023396574.1	415728	415787	1	0.147917	10	0.036	0.054	0.91167	0.76375
NW_023396579.1	98504	98779	1	0.225750	10	9.4e-05	4.2e-05	0.495	0.26925
NW_023396579.1	100946	101312	1	0.116917	10	0.064	0.069	0.83867	0.72175
NW_023396579.1	349132	350472	1	0.117917	14	0.26	0.29	0.7081	0.59018
NW_023396582.1	170142	170393	1	-0.117222	15	0.018	0.027	0.57578	0.693
NW_023396586.1	114847	115049	1	0.263869	14	0.00046	0.00057	0.71762	0.45375
NW_023396588.1	31893	32047	1	0.126250	10	0.056	0.24	0.388	0.26175
NW_023396592.1	73459	73620	1	0.155000	10	0.069	0.31	0.811	0.656
NW_023396592.1	158706	158835	1	0.172083	10	0.18	0.02	0.62733	0.45525
NW_023396598.1	218094	218215	1	-0.104015	11	0.048	0.035	0.64303	0.74705
NW_023396600.1	95689	95779	1	0.135750	10	0.058	0.24	0.796	0.66025
NW_023396606.1	85106	85301	1	0.229444	12	0.012	0.011	0.69528	0.46583
NW_023396606.1	308030	308225	1	0.241111	12	0.01	0.008	0.70111	0.46
NW_023396616.1	190528	190582	1	0.140833	10	0.033	0.17	0.36633	0.2255
NW_023396616.1	230052	230122	1	-0.325333	10	4.1e-06	0.00043	0.48667	0.812
NW_023396625.1	144045	144142	1	-0.137576	11	0.2	0.042	0.28061	0.41818
NW_023396627.1	261344	261397	1	0.169722	12	0.059	0.17	0.56306	0.39333
NW_023396631.1	256868	257247	1	-0.160000	10	4e-05	0.00037	0.811	0.971
NW_023396633.1	186750	187104	1	0.322583	10	2.5e-05	0.004	0.75733	0.43475
NW_023396633.1	203812	204006	1	0.315833	12	1.2e-05	0.00035	0.83	0.51417
NW_023396639.1	201230	201535	1	-0.161750	10	9e-05	0.0019	0.744	0.90575
NW_023396645.1	202091	202378	1	-0.100833	10	0.069	0.29	0.57267	0.6735
NW_023396648.1	70917	71026	0.29	0.280347	12	4.4e-06	3.6e-06	0.47056	0.19021
NW_023396653.1	192506	192554	1	0.125833	10	0.53	0.52	0.89533	0.7695
NW_023396655.1	169925	170121	1	0.155000	11	0.067	0.14	0.84818	0.69318
NW_023396661.1	63252	63512	1	0.121833	10	0.16	0.41	0.80633	0.6845
NW_023396669.1	128802	128910	1	-0.114314	17	0.051	0.051	0.54804	0.66235
NW_023396674.1	27035	27108	1	-0.150833	10	0.00078	0.016	0.67067	0.8215
NW_023396674.1	27777	28255	1	0.144583	10	0.16	0.18	0.58733	0.44275
NW_023396674.1	31160	31233	1	-0.150833	10	0.00078	0.016	0.67067	0.8215
NW_023396674.1	47554	47627	1	-0.177000	10	2.8e-05	0.0018	0.685	0.862
NW_023396674.1	71920	71993	1	-0.176667	10	2.8e-05	0.0018	0.68533	0.862
NW_023396674.1	90627	90707	1	-0.163000	10	0.00051	0.0088	0.669	0.832
NW_023396674.1	122502	122582	1	-0.163000	10	0.00051	0.0088	0.669	0.832
NW_023396674.1	137423	137496	1	-0.146000	10	0.0012	0.022	0.675	0.821
NW_023396674.1	154118	154198	1	-0.163000	10	0.00051	0.0088	0.669	0.832
NW_023396674.1	174783	174882	1	-0.199167	12	9.1e-06	0.00086	0.64	0.83917
NW_023396674.1	192029	192102	1	-0.176667	10	2.8e-05	0.0018	0.68533	0.862
NW_023396680.1	66108	66319	1	0.125333	10	0.013	0.051	0.95233	0.827
NW_023396682.1	180816	180960	1	0.126406	16	0.0061	0.044	0.32437	0.19797
NW_023396682.1	185841	185985	1	0.130476	14	0.0036	0.027	0.32333	0.19286
NW_023396689.1	336661	336771	1	-0.149444	12	0.6	0.025	0.26056	0.41
NW_023396689.1	468064	468188	1	-0.170000	12	0.0045	0.01	0.53	0.7
NW_023396689.1	943814	943988	1	-0.305833	10	3.1e-05	0.00044	0.45167	0.7575
NW_023396689.1	1389824	1390067	1	-0.121167	10	0.0014	0.00065	0.75533	0.8765
NW_023396689.1	1543781	1544134	1	0.160833	10	0.12	0.064	0.87733	0.7165
NW_023396689.1	2834915	2835145	1	0.259250	10	0.00042	0.0045	0.537	0.27775
NW_023396689.1	3287311	3287606	1	0.145333	10	0.2	0.23	0.86233	0.717
NW_023396689.1	3383458	3383782	1	0.259417	10	0.00063	0.0024	0.72467	0.46525
NW_023396689.1	4165529	4165567	1	0.151833	10	0.012	0.026	0.51633	0.3645
NW_023396689.1	4327752	4327999	1	-0.106917	10	0.032	0.16	0.74033	0.84725
NW_023396689.1	4771682	4771808	1	0.140441	17	0.00032	0.0047	0.32765	0.18721
NW_023396695.1	10074	11033	1	0.152292	12	0.13	0.26	0.69167	0.53937
NW_023396698.1	54634	54987	1	0.160833	10	0.12	0.064	0.87733	0.7165
NW_023396706.1	109884	110025	1	-0.171583	10	0.00066	0.00057	0.64967	0.82125
NW_023396731.1	71515	71632	1	-0.242167	10	0.0035	0.0053	0.63633	0.8785
NW_023396749.1	91071	91212	1	0.146833	10	0.026	0.002	0.45333	0.3065
NW_023396770.1	142452	142734	1	-0.213417	10	0.0011	0.0028	0.58533	0.79875
NW_023396770.1	2111334	2111740	1	0.163917	10	0.11	0.2	0.73867	0.57475
NW_023396770.1	3030738	3031013	1	0.163083	10	0.066	0.068	0.80533	0.64225
NW_023396771.1	49428	49545	1	-0.104306	12	0.0011	0.0082	0.78278	0.88708
NW_023396781.1	577304	577367	1	0.119250	10	0.3	0.38	0.834	0.71475
NW_023396781.1	4352129	4352183	1	0.149250	10	0.02	0.084	0.375	0.22575
NW_023396781.1	4391360	4391409	1	0.224333	10	0.0001	0.002	0.31133	0.087
NW_023396783.1	28113	28360	1	-0.104917	10	0.035	0.22	0.74133	0.84625
NW_023396783.1	53704	54016	1	-0.116333	10	0.0093	0.069	0.73067	0.847
NW_023396784.1	95584	95703	1	0.144167	10	0.055	0.029	0.77267	0.6285
NW_023396798.1	5913	6132	1	0.165167	10	0.03	0.071	0.78767	0.6225
NW_023396800.1	62263	62306	1	0.162500	10	0.04	0.25	0.817	0.6545
NW_023396803.1	126421	126756	1	-0.204917	10	0.014	0.0004	0.48433	0.68925
NW_023396803.1	1971480	1971575	1	0.123750	10	0.047	0.029	0.423	0.29925
NW_023396803.1	2683020	2683253	1	-0.132667	10	0.019	0.1	0.69833	0.831
NW_023396813.1	361269	361624	1	-0.154083	10	0.00028	0.00055	0.81367	0.96775
NW_023396813.1	2959273	2960004	1	0.124236	12	0.15	0.32	0.76111	0.63687
NW_023396813.1	3027199	3027401	1	0.271410	13	0.00058	0.0025	0.71949	0.44808
NW_023396820.1	55322	55495	1	-0.111333	10	0.013	0.054	0.74867	0.86
NW_023396824.1	1112207	1112424	1	-0.120917	10	0.0024	0.00023	0.66033	0.78125
NW_023396824.1	3273959	3273978	1	0.160167	10	0.062	0.05	0.71267	0.5525
NW_023396832.1	43926	44285	1	0.125417	10	0.26	0.3	0.80867	0.68325
NW_023396835.1	858170	859160	1	0.140625	12	0.26	0.089	0.74083	0.60021
NW_023396835.1	2002583	2002709	1	0.154740	16	9e-05	0.00062	0.32458	0.16984
NW_023396835.1	2987962	2988019	1	0.123000	10	0.0018	0.0012	0.135	0.012
NW_023396846.1	2404205	2404568	1	0.125083	10	0.26	0.3	0.80833	0.68325
NW_023396846.1	2618058	2618400	1	-0.137976	14	1.2e-05	0.00036	0.80167	0.93964
NW_023396846.1	2814840	2815256	1	-0.141369	14	0.00034	0.00044	0.69167	0.83304
NW_023396846.1	3029785	3029928	1	0.115167	15	0.34	0.24	0.78933	0.67417
NW_023396846.1	3097690	3097781	1	-0.323397	13	6.2e-08	5e-05	0.50026	0.82365
NW_023396846.1	3103010	3103097	1	-0.289583	10	3.1e-05	0.0014	0.54667	0.83625
NW_023396846.1	3145899	3146306	1	0.100909	11	0.016	0.0086	0.17	0.069091
NW_023396849.1	78285	78758	1	-0.114773	11	0.0079	0.027	0.69727	0.81205
NW_023396852.1	77164	77217	1	0.337153	12	3.9e-05	0.0056	0.52778	0.19062
NW_023396868.1	1565840	1566022	1	0.189792	12	0.0049	0.044	0.69	0.50021
NW_023396877.1	87084	87277	1	0.336583	10	5.2e-05	0.00084	0.78333	0.44675
NW_023396879.1	2810762	2810863	1	0.136833	10	0.038	0.039	0.42033	0.2835
NW_023396884.1	79154	79269	1	-0.180500	10	0.0027	0.0091	0.665	0.8455
NW_023396890.1	542831	543078	1	-0.101000	10	0.049	0.26	0.738	0.839
NW_023396890.1	1282432	1282519	1	0.141083	10	0.056	0.31	0.71833	0.57725
NW_023396901.1	2741202	2741304	1	-0.119583	10	0.0029	0.016	0.75567	0.87525
NW_023396912.1	1132040	1132469	1	0.125750	10	0.22	0.51	0.797	0.67125
NW_023396912.1	2100276	2100510	1	0.125167	10	0.12	0.14	0.65967	0.5345
NW_023396912.1	2493588	2493815	1	0.138250	10	0.21	0.39	0.934	0.79575
NW_023396923.1	1819281	1819386	1	0.282333	10	0.00053	0.0071	0.80833	0.526
NW_023396923.1	1924347	1924369	1	0.168917	10	0.15	0.48	0.87867	0.70975
NW_023396923.1	2497407	2497529	1	-0.244306	12	0.00013	0.0014	0.57528	0.81958
NW_023396934.1	191288	191643	1	0.119750	10	0.15	0.24	0.925	0.80525
NW_023396936.1	85571	86126	1	-0.157917	10	3.8e-05	0.0029	0.75133	0.90925
NW_023396956.1	760997	761083	1	-0.115917	10	0.18	0.48	0.024333	0.14025
NW_023396956.1	1391179	1391392	1	0.129667	10	0.11	0.22	0.94167	0.812
NW_023396956.1	2315851	2315903	1	0.306417	10	0.0031	0.0069	0.45567	0.14925
NW_023396956.1	2319185	2319237	1	0.304750	10	0.0031	0.0069	0.454	0.14925
NW_023396966.1	5610	5929	1	0.371000	10	1.4e-05	0.00016	0.734	0.363
NW_023396967.1	2558102	2558457	1	-0.146917	10	0.04	0.011	0.54333	0.69025
NW_023396985.1	47531	47593	1	0.178167	10	0.35	0.43	0.94367	0.7655
NW_023396989.1	1460088	1460142	1	0.356583	10	5.7e-05	0.00017	0.39733	0.04075
NW_023396989.1	1858252	1858306	1	0.356583	10	5.7e-05	0.00017	0.39733	0.04075
NW_023397000.1	493931	494018	1	0.144917	10	0.056	0.36	0.74367	0.59875
NW_023397000.1	1498948	1499475	1	0.135333	10	0.00078	0.0071	0.26633	0.131
NW_023397000.1	1920067	1920302	1	0.122083	10	0.27	0.3	0.79033	0.66825
NW_023397011.1	8354	8829	1	0.158333	10	0.083	0.11	0.53633	0.378
NW_023397011.1	12190	12209	1	0.159333	10	0.056	0.035	0.71133	0.552
NW_023397011.1	34872	35041	1	0.123083	10	0.49	0.52	0.85533	0.73225
NW_023397011.1	36100	36269	1	0.123083	10	0.49	0.52	0.85533	0.73225
NW_023397011.1	37328	37497	1	0.123083	10	0.49	0.52	0.85533	0.73225
NW_023397011.1	38556	38725	1	0.123417	10	0.48	0.52	0.85567	0.73225
NW_023397011.1	654668	654934	1	0.144417	10	0.11	0.18	0.70867	0.56425
NW_023397022.1	1291146	1291203	1	0.146583	10	0.018	0.035	0.93033	0.78375
NW_023397022.1	1769861	1770075	1	-0.203833	10	0.11	0.12	0.68067	0.8845
NW_023397033.1	305286	305480	1	0.270486	12	0.0019	0.038	0.88944	0.61896
NW_023397033.1	622971	623324	1	0.164917	10	0.099	0.082	0.87667	0.71175
NW_023397033.1	1600320	1600746	1	-0.140333	10	0.0019	0.018	0.66267	0.803
NW_023397035.1	21268	21357	1	0.116111	12	0.074	0.39	0.71778	0.60167
NW_023397044.1	802585	802989	1	0.146167	10	0.087	0.23	0.92867	0.7825
NW_023397044.1	1608796	1608893	1	0.148869	14	0.0084	0.15	0.89119	0.74232
NW_023397053.1	9132	9394	1	-0.168077	13	0.00028	0.00021	0.64385	0.81192
NW_023397055.1	454461	454497	1	0.190417	10	0.066	0.13	0.96667	0.77625
NW_023397055.1	631279	631439	1	0.100321	13	0.41	0.23	0.81282	0.7125
NW_023397055.1	1912334	1912371	1	0.252750	10	7.8e-05	0.004	0.411	0.15825
NW_023397066.1	427316	427676	1	0.268000	10	0.011	0.0057	0.403	0.135
NW_023397077.1	322412	322804	1	-0.126083	10	0.019	0.18	0.77467	0.90075
NW_023397077.1	1674038	1674229	1	0.205250	10	0.021	0.14	0.597	0.39175
NW_023397085.1	6877	7197	1	0.225938	16	6.9e-05	0.00088	0.71313	0.48719
NW_023397088.1	1743721	1744024	1	0.103833	10	0.081	0.06	0.29333	0.1895
NW_023397110.1	1260766	1261026	1	0.102917	10	0.32	0.25	0.89267	0.78975
NW_023397116.1	56914	57108	1	0.317917	12	1.6e-05	0.00056	0.825	0.50708
NW_023397132.1	312466	312497	1	-0.151090	13	0.00098	0.0011	0.64872	0.79981
NW_023397132.1	1644717	1645765	1	0.159444	12	0.13	0.098	0.79111	0.63167
NW_023397151.1	39664	40030	1	-0.250000	10	0.00022	0.00095	0.558	0.808
NW_023397164.1	39797	39850	1	0.132750	10	0.024	0.06	0.906	0.77325
NW_023397165.1	297150	297558	1	-0.139405	14	0.00051	0.0042	0.71095	0.85036
NW_023397165.1	463678	463774	1	0.107833	10	0.0044	0.0032	0.90433	0.7965
NW_023397186.1	426784	426926	1	-0.111583	10	0.0001	0.0012	0.81667	0.92825
NW_023397219.1	582480	583039	1	-0.108083	10	0.029	0.12	0.87767	0.98575
NW_023397219.1	823099	823173	1	-0.297417	10	8.6e-06	0.00065	0.50033	0.79775
NW_023397219.1	1170265	1170352	1	0.134500	10	0.069	0.35	0.727	0.5925
NW_023397228.1	7853	8328	1	0.160083	10	0.083	0.11	0.53833	0.37825
NW_023397238.1	25901	26142	1	-0.119917	10	0.0024	9.4e-05	0.78233	0.90225
NW_023397239.1	44980	45034	1	0.136417	10	0.055	0.29	0.38167	0.24525
NW_023397241.1	402654	403004	1	0.162833	10	0.083	0.064	0.87833	0.7155
NW_023397241.1	411919	412239	1	0.224635	16	7.8e-05	0.00088	0.71229	0.48766
NW_023397241.1	1385324	1385678	1	0.134537	18	0.041	0.18	0.73093	0.59639
NW_023397252.1	623212	623338	1	0.121500	10	0.0046	0.018	0.278	0.1565
NW_023397252.1	1291809	1292053	1	0.136750	10	0.12	0.21	0.747	0.61025
NW_023397256.1	10869	11063	1	0.315417	12	1.9e-05	0.0007	0.815	0.49958
NW_023397256.1	18779	19140	1	0.171833	10	0.068	0.054	0.87233	0.7005
NW_023397285.1	1095365	1096164	1	0.131528	12	0.2	0.59	0.78111	0.64958
NW_023397285.1	1096734	1096981	1	-0.106917	10	0.032	0.16	0.74033	0.84725
NW_023397285.1	1201799	1202291	1	-0.119702	14	0.011	0.1	0.74048	0.86018
NW_023397296.1	1051447	1051953	1	0.193583	10	0.0044	0.064	0.47233	0.27875
NW_023397329.1	675431	675646	1	-0.211333	10	0.11	0.12	0.67567	0.887
NW_023397329.1	833831	834136	1	0.118000	10	0.25	0.43	0.791	0.673
NW_023397329.1	1110581	1110746	1	0.331917	10	0.00058	0.0017	0.50667	0.17475
NW_023397339.1	31058	32381	1	0.120385	13	0.58	0.27	0.71692	0.59654
NW_023397340.1	687153	687280	1	-0.107652	11	0.0014	0.00096	0.70485	0.8125
NW_023397373.1	52354	52575	1	-0.111583	10	0.012	0.027	0.73367	0.84525
NW_023397373.1	334277	334403	1	0.135250	10	0.47	0.48	0.917	0.78175
NW_023397395.1	328787	328855	0.29	0.509667	10	8.7e-08	3.6e-06	0.66567	0.156
NW_023397398.1	20458	20925	1	0.111417	10	0.4	0.56	0.79967	0.68825
NW_023397398.1	22084	22134	1	0.148167	10	0.092	0.13	0.72067	0.5725
NW_023397417.1	98874	99187	1	0.148417	10	0.099	0.049	0.67367	0.52525
NW_023397431.1	15923	16276	1	0.160833	10	0.12	0.064	0.87733	0.7165
NW_023397431.1	23314	23668	1	0.160833	10	0.12	0.064	0.87733	0.7165
NW_023397433.1	19869	20285	1	-0.141369	14	0.00034	0.00044	0.69167	0.83304
NW_023397434.1	4533	4922	1	0.128333	10	0.31	0.27	0.86033	0.732
NW_023397439.1	25770	25975	1	-0.145583	10	0.0028	0.054	0.66067	0.80625
NW_023397450.1	200176	200267	1	0.223333	10	0.0093	0.071	0.58533	0.362
NW_023397450.1	517346	517400	1	0.140833	10	0.033	0.17	0.36633	0.2255
