[INFO]	Sun Sep 11, 3:30:35, 2022	Start mapping
[SYSTEM CALL] 	Sun Sep 11, 3:30:35, 2022	 segemehl.x -s -d /yaaminiv/killifish-hypoxia-RRBS/data/GCF_011125445.2_MU-UCD_Fhet_4.1_genomic.fna.gz -i /yaaminiv/killifish-hypoxia-RRBS/data/GCF_011125445.2_MU-UCD_Fhet_4.1_genomic.ctidx -j /yaaminiv/killifish-hypoxia-RRBS/data/GCF_011125445.2_MU-UCD_Fhet_4.1_genomic.gaidx -F 2 -t 16 -q /scratch/02-trimgalore/190626_I114_FCH7TVNBBXY_L4_20-S2_1_val_1.fq.gz -u /scratch/03-mapping/mapped/190626_I114_FCH7TVNBBXY_L4_20-S2.unmapped -o /scratch/03-mapping/mapped/190626_I114_FCH7TVNBBXY_L4_20-S2.sam -p /scratch/02-trimgalore/190626_I114_FCH7TVNBBXY_L4_20-S2_2_val_2.fq.gz >>/scratch/03-mapping/mapped/190626_I114_FCH7TVNBBXY_L4_20-S2.mapping.log 2>&1

[INFO]	Sun Sep 11, 6:5:36, 2022	Exclude reads from sam file (/scratch/03-mapping/mapped/190626_I114_FCH7TVNBBXY_L4_20-S2.sam) and convert nonexcluded and excluded output to bam files (/scratch/03-mapping/mapped/190626_I114_FCH7TVNBBXY_L4_20-S2.bam and /scratch/03-mapping/mapped/190626_I114_FCH7TVNBBXY_L4_20-S2.excluded.bam)
[SYSTEM CALL] 	Sun Sep 11, 6:33:32, 2022	 remove /scratch/03-mapping/mapped/190626_I114_FCH7TVNBBXY_L4_20-S2.sam
[INFO]	Sun Sep 11, 6:33:32, 2022	Gzip unmapped out file
[SYSTEM CALL] 	Sun Sep 11, 6:33:32, 2022	 gzip -f /scratch/03-mapping/mapped/190626_I114_FCH7TVNBBXY_L4_20-S2.unmapped >>/scratch/03-mapping/mapped/190626_I114_FCH7TVNBBXY_L4_20-S2.mapping.log 2>&1

[INFO]	Sun Sep 11, 6:40:40, 2022	Index regular bam file
[SYSTEM CALL] 	Sun Sep 11, 6:40:40, 2022	 samtools index /scratch/03-mapping/mapped/190626_I114_FCH7TVNBBXY_L4_20-S2.bam >>/scratch/03-mapping/mapped/190626_I114_FCH7TVNBBXY_L4_20-S2.mapping.log 2>&1

[INFO]	Sun Sep 11, 6:41:24, 2022	Index excluded bam file
[SYSTEM CALL] 	Sun Sep 11, 6:41:24, 2022	 samtools index /scratch/03-mapping/mapped/190626_I114_FCH7TVNBBXY_L4_20-S2.excluded.bam >>/scratch/03-mapping/mapped/190626_I114_FCH7TVNBBXY_L4_20-S2.mapping.log 2>&1

03:33:05 2022: read suffix array '/yaaminiv/killifish-hypoxia-RRBS/data/GCF_011125445.2_MU-UCD_Fhet_4.1_genomic.ctidx' with 1203506770 elements.
[SEGEMEHL] Sun Sep 11 03:33:07 2022: md5 keys of index and db match.
[SEGEMEHL] Sun Sep 11 03:33:07 2022: reading the suffix array has taken 20.000000 seconds.
[SEGEMEHL] Sun Sep 11 03:33:07 2022: starting 16 threads.
[SEGEMEHL] Sun Sep 11 03:33:07 2022: 1328184 reads in thread 0.
[SEGEMEHL] Sun Sep 11 03:33:07 2022: 1328184 reads in thread 1.
[SEGEMEHL] Sun Sep 11 03:33:07 2022: 1328184 reads in thread 2.
[SEGEMEHL] Sun Sep 11 03:33:07 2022: 1328184 reads in thread 3.
[SEGEMEHL] Sun Sep 11 03:33:07 2022: 1328184 reads in thread 4.
[SEGEMEHL] Sun Sep 11 03:33:07 2022: 1328184 reads in thread 5.
[SEGEMEHL] Sun Sep 11 03:33:07 2022: 1328184 reads in thread 6.
[SEGEMEHL] Sun Sep 11 03:33:07 2022: 1328184 reads in thread 7.
[SEGEMEHL] Sun Sep 11 03:33:07 2022: 1328184 reads in thread 8.
[SEGEMEHL] Sun Sep 11 03:33:07 2022: 1328184 reads in thread 9.
[SEGEMEHL] Sun Sep 11 03:33:07 2022: 1328184 reads in thread 10.
[SEGEMEHL] Sun Sep 11 03:33:07 2022: 1328184 reads in thread 11.
[SEGEMEHL] Sun Sep 11 03:33:07 2022: 1328184 reads in thread 12.
[SEGEMEHL] Sun Sep 11 03:33:07 2022: 1328175 reads in thread 13.
[SEGEMEHL] Sun Sep 11 03:33:07 2022: 1328052 reads in thread 14.
[SEGEMEHL] Sun Sep 11 03:33:07 2022: 1328052 reads in thread 15.
[SEGEMEHL] Sun Sep 11 04:30:34 2022: threaded matching w/ suffixarray has taken 3447.000000 seconds.
[SEGEMEHL] Sun Sep 11 04:30:34 2022: reading database sequences.
[SEGEMEHL] Sun Sep 11 04:30:53 2022: 1031 database sequences found.
[SEGEMEHL] Sun Sep 11 04:30:53 2022: total length of db sequences: 1203505739
[SEGEMEHL] Sun Sep 11 04:30:57 2022: reading suffix array '/yaaminiv/killifish-hypoxia-RRBS/data/GCF_011125445.2_MU-UCD_Fhet_4.1_genomic.gaidx' from disk.
[SEGEMEHL] Sun Sep 11 04:31:03 2022: reading lcpc/vtab.
[SEGEMEHL] Sun Sep 11 04:31:04 2022: reading childtab.
[SEGEMEHL] Sun Sep 11 04:31:08 2022: reading suflinks.
[SEGEMEHL] Sun Sep 11 04:31:13 2022: reading lsint id.
[SEGEMEHL] Sun Sep 11 04:31:14 2022: read suffix array '/yaaminiv/killifish-hypoxia-RRBS/data/GCF_011125445.2_MU-UCD_Fhet_4.1_genomic.gaidx' with 1203506770 elements.
[SEGEMEHL] Sun Sep 11 04:31:16 2022: md5 keys of index and db match.
[SEGEMEHL] Sun Sep 11 04:31:16 2022: reading the suffix array has taken 19.000000 seconds.
[SEGEMEHL] Sun Sep 11 04:31:16 2022: starting 16 threads.
[SEGEMEHL] Sun Sep 11 04:31:16 2022: 1328184 reads in thread 0.
[SEGEMEHL] Sun Sep 11 04:31:16 2022: 1328184 reads in thread 1.
[SEGEMEHL] Sun Sep 11 04:31:16 2022: 1328184 reads in thread 2.
[SEGEMEHL] Sun Sep 11 04:31:16 2022: 1328184 reads in thread 3.
[SEGEMEHL] Sun Sep 11 04:31:16 2022: 1328184 reads in thread 4.
[SEGEMEHL] Sun Sep 11 04:31:16 2022: 1328184 reads in thread 5.
[SEGEMEHL] Sun Sep 11 04:31:16 2022: 1328184 reads in thread 6.
[SEGEMEHL] Sun Sep 11 04:31:16 2022: 1328184 reads in thread 7.
[SEGEMEHL] Sun Sep 11 04:31:16 2022: 1328184 reads in thread 8.
[SEGEMEHL] Sun Sep 11 04:31:16 2022: 1328184 reads in thread 9.
[SEGEMEHL] Sun Sep 11 04:31:16 2022: 1328184 reads in thread 10.
[SEGEMEHL] Sun Sep 11 04:31:16 2022: 1328184 reads in thread 11.
[SEGEMEHL] Sun Sep 11 04:31:16 2022: 1328184 reads in thread 12.
[SEGEMEHL] Sun Sep 11 04:31:16 2022: 1328175 reads in thread 13.
[SEGEMEHL] Sun Sep 11 04:31:16 2022: 1328052 reads in thread 14.
[SEGEMEHL] Sun Sep 11 04:31:16 2022: 1328052 reads in thread 15.
[SEGEMEHL] Sun Sep 11 05:28:44 2022: threaded matching w/ suffixarray has taken 3448.000000 seconds.
[SEGEMEHL] Sun Sep 11 05:28:44 2022: Merging bisulfite bin 0.
[SEGEMEHL] Sun Sep 11 05:30:22 2022: Merging bisulfite bin 1.
[SEGEMEHL] Sun Sep 11 05:32:01 2022: Merging bisulfite bin 2.
[SEGEMEHL] Sun Sep 11 05:33:41 2022: Merging bisulfite bin 3.
[SEGEMEHL] Sun Sep 11 05:35:22 2022: Merging bisulfite bin 4.
[SEGEMEHL] Sun Sep 11 05:37:02 2022: Merging bisulfite bin 5.
[SEGEMEHL] Sun Sep 11 05:38:43 2022: Merging bisulfite bin 6.
[SEGEMEHL] Sun Sep 11 05:40:23 2022: Merging bisulfite bin 7.
[SEGEMEHL] Sun Sep 11 05:42:04 2022: Merging bisulfite bin 8.
[SEGEMEHL] Sun Sep 11 05:43:46 2022: Merging bisulfite bin 9.
[SEGEMEHL] Sun Sep 11 05:45:30 2022: Merging bisulfite bin 10.
[SEGEMEHL] Sun Sep 11 05:47:11 2022: Merging bisulfite bin 11.
[SEGEMEHL] Sun Sep 11 05:48:54 2022: Merging bisulfite bin 12.
[SEGEMEHL] Sun Sep 11 05:50:46 2022: Merging bisulfite bin 13.
[SEGEMEHL] Sun Sep 11 05:52:38 2022: Merging bisulfite bin 14.
[SEGEMEHL] Sun Sep 11 05:54:31 2022: Merging bisulfite bin 15.
[SEGEMEHL] Sun Sep 11 06:05:36 2022: 
Goodbye.
 "Gehen Sie vorsichtig mit dem Begriff der Unendlichkeit um!" (Shorty)
[bam_sort_core] merging from 4 files...
