[INFO]	Sat Sep 10, 16:35:8, 2022	Start mapping
[SYSTEM CALL] 	Sat Sep 10, 16:35:8, 2022	 segemehl.x -s -d /yaaminiv/killifish-hypoxia-RRBS/data/GCF_011125445.2_MU-UCD_Fhet_4.1_genomic.fna.gz -i /yaaminiv/killifish-hypoxia-RRBS/data/GCF_011125445.2_MU-UCD_Fhet_4.1_genomic.ctidx -j /yaaminiv/killifish-hypoxia-RRBS/data/GCF_011125445.2_MU-UCD_Fhet_4.1_genomic.gaidx -F 2 -t 16 -q /scratch/02-trimgalore/190626_I114_FCH7TVNBBXY_L3_OC-S2_1_val_1.fq.gz -u /scratch/03-mapping/mapped/190626_I114_FCH7TVNBBXY_L3_OC-S2.unmapped -o /scratch/03-mapping/mapped/190626_I114_FCH7TVNBBXY_L3_OC-S2.sam -p /scratch/02-trimgalore/190626_I114_FCH7TVNBBXY_L3_OC-S2_2_val_2.fq.gz >>/scratch/03-mapping/mapped/190626_I114_FCH7TVNBBXY_L3_OC-S2.mapping.log 2>&1

[INFO]	Sat Sep 10, 18:19:54, 2022	Exclude reads from sam file (/scratch/03-mapping/mapped/190626_I114_FCH7TVNBBXY_L3_OC-S2.sam) and convert nonexcluded and excluded output to bam files (/scratch/03-mapping/mapped/190626_I114_FCH7TVNBBXY_L3_OC-S2.bam and /scratch/03-mapping/mapped/190626_I114_FCH7TVNBBXY_L3_OC-S2.excluded.bam)
[SYSTEM CALL] 	Sat Sep 10, 18:46:28, 2022	 remove /scratch/03-mapping/mapped/190626_I114_FCH7TVNBBXY_L3_OC-S2.sam
[INFO]	Sat Sep 10, 18:46:28, 2022	Gzip unmapped out file
[SYSTEM CALL] 	Sat Sep 10, 18:46:28, 2022	 gzip -f /scratch/03-mapping/mapped/190626_I114_FCH7TVNBBXY_L3_OC-S2.unmapped >>/scratch/03-mapping/mapped/190626_I114_FCH7TVNBBXY_L3_OC-S2.mapping.log 2>&1

[INFO]	Sat Sep 10, 18:50:46, 2022	Index regular bam file
[SYSTEM CALL] 	Sat Sep 10, 18:50:46, 2022	 samtools index /scratch/03-mapping/mapped/190626_I114_FCH7TVNBBXY_L3_OC-S2.bam >>/scratch/03-mapping/mapped/190626_I114_FCH7TVNBBXY_L3_OC-S2.mapping.log 2>&1

[INFO]	Sat Sep 10, 18:51:29, 2022	Index excluded bam file
[SYSTEM CALL] 	Sat Sep 10, 18:51:29, 2022	 samtools index /scratch/03-mapping/mapped/190626_I114_FCH7TVNBBXY_L3_OC-S2.excluded.bam >>/scratch/03-mapping/mapped/190626_I114_FCH7TVNBBXY_L3_OC-S2.mapping.log 2>&1

2022: read suffix array '/yaaminiv/killifish-hypoxia-RRBS/data/GCF_011125445.2_MU-UCD_Fhet_4.1_genomic.ctidx' with 1203506770 elements.
[SEGEMEHL] Sat Sep 10 16:37:04 2022: md5 keys of index and db match.
[SEGEMEHL] Sat Sep 10 16:37:04 2022: reading the suffix array has taken 20.000000 seconds.
[SEGEMEHL] Sat Sep 10 16:37:04 2022: starting 16 threads.
[SEGEMEHL] Sat Sep 10 16:37:04 2022: 896764 reads in thread 0.
[SEGEMEHL] Sat Sep 10 16:37:04 2022: 896764 reads in thread 1.
[SEGEMEHL] Sat Sep 10 16:37:04 2022: 896764 reads in thread 2.
[SEGEMEHL] Sat Sep 10 16:37:04 2022: 896764 reads in thread 3.
[SEGEMEHL] Sat Sep 10 16:37:04 2022: 896764 reads in thread 4.
[SEGEMEHL] Sat Sep 10 16:37:04 2022: 896764 reads in thread 5.
[SEGEMEHL] Sat Sep 10 16:37:04 2022: 896764 reads in thread 6.
[SEGEMEHL] Sat Sep 10 16:37:04 2022: 896724 reads in thread 7.
[SEGEMEHL] Sat Sep 10 16:37:04 2022: 896675 reads in thread 8.
[SEGEMEHL] Sat Sep 10 16:37:04 2022: 896675 reads in thread 9.
[SEGEMEHL] Sat Sep 10 16:37:04 2022: 896675 reads in thread 10.
[SEGEMEHL] Sat Sep 10 16:37:04 2022: 896675 reads in thread 11.
[SEGEMEHL] Sat Sep 10 16:37:04 2022: 896675 reads in thread 12.
[SEGEMEHL] Sat Sep 10 16:37:04 2022: 896675 reads in thread 13.
[SEGEMEHL] Sat Sep 10 16:37:04 2022: 896675 reads in thread 14.
[SEGEMEHL] Sat Sep 10 16:37:04 2022: 896675 reads in thread 15.
[SEGEMEHL] Sat Sep 10 17:10:55 2022: threaded matching w/ suffixarray has taken 2031.000000 seconds.
[SEGEMEHL] Sat Sep 10 17:10:55 2022: reading database sequences.
[SEGEMEHL] Sat Sep 10 17:11:13 2022: 1031 database sequences found.
[SEGEMEHL] Sat Sep 10 17:11:13 2022: total length of db sequences: 1203505739
[SEGEMEHL] Sat Sep 10 17:11:17 2022: reading suffix array '/yaaminiv/killifish-hypoxia-RRBS/data/GCF_011125445.2_MU-UCD_Fhet_4.1_genomic.gaidx' from disk.
[SEGEMEHL] Sat Sep 10 17:11:24 2022: reading lcpc/vtab.
[SEGEMEHL] Sat Sep 10 17:11:25 2022: reading childtab.
[SEGEMEHL] Sat Sep 10 17:11:29 2022: reading suflinks.
[SEGEMEHL] Sat Sep 10 17:11:34 2022: reading lsint id.
[SEGEMEHL] Sat Sep 10 17:11:34 2022: read suffix array '/yaaminiv/killifish-hypoxia-RRBS/data/GCF_011125445.2_MU-UCD_Fhet_4.1_genomic.gaidx' with 1203506770 elements.
[SEGEMEHL] Sat Sep 10 17:11:37 2022: md5 keys of index and db match.
[SEGEMEHL] Sat Sep 10 17:11:37 2022: reading the suffix array has taken 20.000000 seconds.
[SEGEMEHL] Sat Sep 10 17:11:37 2022: starting 16 threads.
[SEGEMEHL] Sat Sep 10 17:11:37 2022: 896764 reads in thread 0.
[SEGEMEHL] Sat Sep 10 17:11:37 2022: 896764 reads in thread 1.
[SEGEMEHL] Sat Sep 10 17:11:37 2022: 896764 reads in thread 2.
[SEGEMEHL] Sat Sep 10 17:11:37 2022: 896764 reads in thread 3.
[SEGEMEHL] Sat Sep 10 17:11:37 2022: 896764 reads in thread 4.
[SEGEMEHL] Sat Sep 10 17:11:37 2022: 896764 reads in thread 5.
[SEGEMEHL] Sat Sep 10 17:11:37 2022: 896764 reads in thread 6.
[SEGEMEHL] Sat Sep 10 17:11:37 2022: 896724 reads in thread 7.
[SEGEMEHL] Sat Sep 10 17:11:37 2022: 896675 reads in thread 8.
[SEGEMEHL] Sat Sep 10 17:11:37 2022: 896675 reads in thread 9.
[SEGEMEHL] Sat Sep 10 17:11:37 2022: 896675 reads in thread 10.
[SEGEMEHL] Sat Sep 10 17:11:37 2022: 896675 reads in thread 11.
[SEGEMEHL] Sat Sep 10 17:11:37 2022: 896675 reads in thread 12.
[SEGEMEHL] Sat Sep 10 17:11:37 2022: 896675 reads in thread 13.
[SEGEMEHL] Sat Sep 10 17:11:37 2022: 896675 reads in thread 14.
[SEGEMEHL] Sat Sep 10 17:11:37 2022: 896675 reads in thread 15.
[SEGEMEHL] Sat Sep 10 17:46:49 2022: threaded matching w/ suffixarray has taken 2112.000000 seconds.
[SEGEMEHL] Sat Sep 10 17:46:49 2022: Merging bisulfite bin 0.
[SEGEMEHL] Sat Sep 10 17:48:20 2022: Merging bisulfite bin 1.
[SEGEMEHL] Sat Sep 10 17:49:51 2022: Merging bisulfite bin 2.
[SEGEMEHL] Sat Sep 10 17:51:22 2022: Merging bisulfite bin 3.
[SEGEMEHL] Sat Sep 10 17:52:53 2022: Merging bisulfite bin 4.
[SEGEMEHL] Sat Sep 10 17:54:26 2022: Merging bisulfite bin 5.
[SEGEMEHL] Sat Sep 10 17:56:00 2022: Merging bisulfite bin 6.
[SEGEMEHL] Sat Sep 10 17:57:33 2022: Merging bisulfite bin 7.
[SEGEMEHL] Sat Sep 10 17:59:05 2022: Merging bisulfite bin 8.
[SEGEMEHL] Sat Sep 10 18:00:38 2022: Merging bisulfite bin 9.
[SEGEMEHL] Sat Sep 10 18:02:12 2022: Merging bisulfite bin 10.
[SEGEMEHL] Sat Sep 10 18:03:44 2022: Merging bisulfite bin 11.
[SEGEMEHL] Sat Sep 10 18:05:15 2022: Merging bisulfite bin 12.
[SEGEMEHL] Sat Sep 10 18:06:49 2022: Merging bisulfite bin 13.
[SEGEMEHL] Sat Sep 10 18:08:22 2022: Merging bisulfite bin 14.
[SEGEMEHL] Sat Sep 10 18:09:56 2022: Merging bisulfite bin 15.
[SEGEMEHL] Sat Sep 10 18:19:54 2022: 
Goodbye.
 "Es wäre nicht zum aushalten, wäre er echt" (Kettcar)
[bam_sort_core] merging from 4 files...
