[INFO]	Sat Sep 10, 4:18:15, 2022	Start mapping
[SYSTEM CALL] 	Sat Sep 10, 4:18:15, 2022	 segemehl.x -s -d /yaaminiv/killifish-hypoxia-RRBS/data/GCF_011125445.2_MU-UCD_Fhet_4.1_genomic.fna.gz -i /yaaminiv/killifish-hypoxia-RRBS/data/GCF_011125445.2_MU-UCD_Fhet_4.1_genomic.ctidx -j /yaaminiv/killifish-hypoxia-RRBS/data/GCF_011125445.2_MU-UCD_Fhet_4.1_genomic.gaidx -F 2 -t 16 -q /scratch/02-trimgalore/190626_I114_FCH7TVNBBXY_L3_OC-N2_1_val_1.fq.gz -u /scratch/03-mapping/mapped/190626_I114_FCH7TVNBBXY_L3_OC-N2.unmapped -o /scratch/03-mapping/mapped/190626_I114_FCH7TVNBBXY_L3_OC-N2.sam -p /scratch/02-trimgalore/190626_I114_FCH7TVNBBXY_L3_OC-N2_2_val_2.fq.gz >>/scratch/03-mapping/mapped/190626_I114_FCH7TVNBBXY_L3_OC-N2.mapping.log 2>&1

[INFO]	Sat Sep 10, 7:5:16, 2022	Exclude reads from sam file (/scratch/03-mapping/mapped/190626_I114_FCH7TVNBBXY_L3_OC-N2.sam) and convert nonexcluded and excluded output to bam files (/scratch/03-mapping/mapped/190626_I114_FCH7TVNBBXY_L3_OC-N2.bam and /scratch/03-mapping/mapped/190626_I114_FCH7TVNBBXY_L3_OC-N2.excluded.bam)
[SYSTEM CALL] 	Sat Sep 10, 7:49:34, 2022	 remove /scratch/03-mapping/mapped/190626_I114_FCH7TVNBBXY_L3_OC-N2.sam
[INFO]	Sat Sep 10, 7:49:34, 2022	Gzip unmapped out file
[SYSTEM CALL] 	Sat Sep 10, 7:49:34, 2022	 gzip -f /scratch/03-mapping/mapped/190626_I114_FCH7TVNBBXY_L3_OC-N2.unmapped >>/scratch/03-mapping/mapped/190626_I114_FCH7TVNBBXY_L3_OC-N2.mapping.log 2>&1

[INFO]	Sat Sep 10, 7:55:50, 2022	Index regular bam file
[SYSTEM CALL] 	Sat Sep 10, 7:55:50, 2022	 samtools index /scratch/03-mapping/mapped/190626_I114_FCH7TVNBBXY_L3_OC-N2.bam >>/scratch/03-mapping/mapped/190626_I114_FCH7TVNBBXY_L3_OC-N2.mapping.log 2>&1

[INFO]	Sat Sep 10, 7:57:3, 2022	Index excluded bam file
[SYSTEM CALL] 	Sat Sep 10, 7:57:3, 2022	 samtools index /scratch/03-mapping/mapped/190626_I114_FCH7TVNBBXY_L3_OC-N2.excluded.bam >>/scratch/03-mapping/mapped/190626_I114_FCH7TVNBBXY_L3_OC-N2.mapping.log 2>&1

0 04:20:44 2022: read suffix array '/yaaminiv/killifish-hypoxia-RRBS/data/GCF_011125445.2_MU-UCD_Fhet_4.1_genomic.ctidx' with 1203506770 elements.
[SEGEMEHL] Sat Sep 10 04:20:46 2022: md5 keys of index and db match.
[SEGEMEHL] Sat Sep 10 04:20:46 2022: reading the suffix array has taken 19.000000 seconds.
[SEGEMEHL] Sat Sep 10 04:20:46 2022: starting 16 threads.
[SEGEMEHL] Sat Sep 10 04:20:46 2022: 1348576 reads in thread 0.
[SEGEMEHL] Sat Sep 10 04:20:46 2022: 1348576 reads in thread 1.
[SEGEMEHL] Sat Sep 10 04:20:46 2022: 1348576 reads in thread 2.
[SEGEMEHL] Sat Sep 10 04:20:46 2022: 1348576 reads in thread 3.
[SEGEMEHL] Sat Sep 10 04:20:46 2022: 1348576 reads in thread 4.
[SEGEMEHL] Sat Sep 10 04:20:46 2022: 1348576 reads in thread 5.
[SEGEMEHL] Sat Sep 10 04:20:46 2022: 1348508 reads in thread 6.
[SEGEMEHL] Sat Sep 10 04:20:46 2022: 1348442 reads in thread 7.
[SEGEMEHL] Sat Sep 10 04:20:46 2022: 1348442 reads in thread 8.
[SEGEMEHL] Sat Sep 10 04:20:46 2022: 1348442 reads in thread 9.
[SEGEMEHL] Sat Sep 10 04:20:46 2022: 1348442 reads in thread 10.
[SEGEMEHL] Sat Sep 10 04:20:46 2022: 1348442 reads in thread 11.
[SEGEMEHL] Sat Sep 10 04:20:46 2022: 1348442 reads in thread 12.
[SEGEMEHL] Sat Sep 10 04:20:46 2022: 1348442 reads in thread 13.
[SEGEMEHL] Sat Sep 10 04:20:46 2022: 1348442 reads in thread 14.
[SEGEMEHL] Sat Sep 10 04:20:46 2022: 1348442 reads in thread 15.
[SEGEMEHL] Sat Sep 10 05:13:35 2022: threaded matching w/ suffixarray has taken 3169.000000 seconds.
[SEGEMEHL] Sat Sep 10 05:13:36 2022: reading database sequences.
[SEGEMEHL] Sat Sep 10 05:13:54 2022: 1031 database sequences found.
[SEGEMEHL] Sat Sep 10 05:13:54 2022: total length of db sequences: 1203505739
[SEGEMEHL] Sat Sep 10 05:13:58 2022: reading suffix array '/yaaminiv/killifish-hypoxia-RRBS/data/GCF_011125445.2_MU-UCD_Fhet_4.1_genomic.gaidx' from disk.
[SEGEMEHL] Sat Sep 10 05:14:03 2022: reading lcpc/vtab.
[SEGEMEHL] Sat Sep 10 05:14:05 2022: reading childtab.
[SEGEMEHL] Sat Sep 10 05:14:09 2022: reading suflinks.
[SEGEMEHL] Sat Sep 10 05:14:14 2022: reading lsint id.
[SEGEMEHL] Sat Sep 10 05:14:14 2022: read suffix array '/yaaminiv/killifish-hypoxia-RRBS/data/GCF_011125445.2_MU-UCD_Fhet_4.1_genomic.gaidx' with 1203506770 elements.
[SEGEMEHL] Sat Sep 10 05:14:16 2022: md5 keys of index and db match.
[SEGEMEHL] Sat Sep 10 05:14:16 2022: reading the suffix array has taken 18.000000 seconds.
[SEGEMEHL] Sat Sep 10 05:14:16 2022: starting 16 threads.
[SEGEMEHL] Sat Sep 10 05:14:16 2022: 1348576 reads in thread 0.
[SEGEMEHL] Sat Sep 10 05:14:16 2022: 1348576 reads in thread 1.
[SEGEMEHL] Sat Sep 10 05:14:16 2022: 1348576 reads in thread 2.
[SEGEMEHL] Sat Sep 10 05:14:16 2022: 1348576 reads in thread 3.
[SEGEMEHL] Sat Sep 10 05:14:16 2022: 1348576 reads in thread 4.
[SEGEMEHL] Sat Sep 10 05:14:16 2022: 1348576 reads in thread 5.
[SEGEMEHL] Sat Sep 10 05:14:16 2022: 1348508 reads in thread 6.
[SEGEMEHL] Sat Sep 10 05:14:16 2022: 1348442 reads in thread 7.
[SEGEMEHL] Sat Sep 10 05:14:16 2022: 1348442 reads in thread 8.
[SEGEMEHL] Sat Sep 10 05:14:16 2022: 1348442 reads in thread 9.
[SEGEMEHL] Sat Sep 10 05:14:16 2022: 1348442 reads in thread 10.
[SEGEMEHL] Sat Sep 10 05:14:16 2022: 1348442 reads in thread 11.
[SEGEMEHL] Sat Sep 10 05:14:16 2022: 1348442 reads in thread 12.
[SEGEMEHL] Sat Sep 10 05:14:16 2022: 1348442 reads in thread 13.
[SEGEMEHL] Sat Sep 10 05:14:16 2022: 1348442 reads in thread 14.
[SEGEMEHL] Sat Sep 10 05:14:16 2022: 1348442 reads in thread 15.
[SEGEMEHL] Sat Sep 10 06:09:30 2022: threaded matching w/ suffixarray has taken 3314.000000 seconds.
[SEGEMEHL] Sat Sep 10 06:09:30 2022: Merging bisulfite bin 0.
[SEGEMEHL] Sat Sep 10 06:12:03 2022: Merging bisulfite bin 1.
[SEGEMEHL] Sat Sep 10 06:14:36 2022: Merging bisulfite bin 2.
[SEGEMEHL] Sat Sep 10 06:17:09 2022: Merging bisulfite bin 3.
[SEGEMEHL] Sat Sep 10 06:19:44 2022: Merging bisulfite bin 4.
[SEGEMEHL] Sat Sep 10 06:22:19 2022: Merging bisulfite bin 5.
[SEGEMEHL] Sat Sep 10 06:24:55 2022: Merging bisulfite bin 6.
[SEGEMEHL] Sat Sep 10 06:27:31 2022: Merging bisulfite bin 7.
[SEGEMEHL] Sat Sep 10 06:30:08 2022: Merging bisulfite bin 8.
[SEGEMEHL] Sat Sep 10 06:32:44 2022: Merging bisulfite bin 9.
[SEGEMEHL] Sat Sep 10 06:35:22 2022: Merging bisulfite bin 10.
[SEGEMEHL] Sat Sep 10 06:37:58 2022: Merging bisulfite bin 11.
[SEGEMEHL] Sat Sep 10 06:40:33 2022: Merging bisulfite bin 12.
[SEGEMEHL] Sat Sep 10 06:43:11 2022: Merging bisulfite bin 13.
[SEGEMEHL] Sat Sep 10 06:45:48 2022: Merging bisulfite bin 14.
[SEGEMEHL] Sat Sep 10 06:48:27 2022: Merging bisulfite bin 15.
[SEGEMEHL] Sat Sep 10 07:05:16 2022: 
Goodbye.
 "Halt die Klappe, ich hab' Feierabend." (Schildkroede)
[bam_sort_core] merging from 6 files...
