[INFO]	Fri Sep 9, 6:31:11, 2022	Start mapping
[SYSTEM CALL] 	Fri Sep 9, 6:31:11, 2022	 segemehl.x -s -d /yaaminiv/killifish-hypoxia-RRBS/data/GCF_011125445.2_MU-UCD_Fhet_4.1_genomic.fna.gz -i /yaaminiv/killifish-hypoxia-RRBS/data/GCF_011125445.2_MU-UCD_Fhet_4.1_genomic.ctidx -j /yaaminiv/killifish-hypoxia-RRBS/data/GCF_011125445.2_MU-UCD_Fhet_4.1_genomic.gaidx -F 2 -t 16 -q /scratch/02-trimgalore/190626_I114_FCH7TVNBBXY_L2_OC-S1_1_val_1.fq.gz -u /scratch/03-mapping/mapped/190626_I114_FCH7TVNBBXY_L2_OC-S1.unmapped -o /scratch/03-mapping/mapped/190626_I114_FCH7TVNBBXY_L2_OC-S1.sam -p /scratch/02-trimgalore/190626_I114_FCH7TVNBBXY_L2_OC-S1_2_val_2.fq.gz >>/scratch/03-mapping/mapped/190626_I114_FCH7TVNBBXY_L2_OC-S1.mapping.log 2>&1

[INFO]	Fri Sep 9, 9:51:29, 2022	Exclude reads from sam file (/scratch/03-mapping/mapped/190626_I114_FCH7TVNBBXY_L2_OC-S1.sam) and convert nonexcluded and excluded output to bam files (/scratch/03-mapping/mapped/190626_I114_FCH7TVNBBXY_L2_OC-S1.bam and /scratch/03-mapping/mapped/190626_I114_FCH7TVNBBXY_L2_OC-S1.excluded.bam)
[SYSTEM CALL] 	Fri Sep 9, 10:44:35, 2022	 remove /scratch/03-mapping/mapped/190626_I114_FCH7TVNBBXY_L2_OC-S1.sam
[INFO]	Fri Sep 9, 10:44:35, 2022	Gzip unmapped out file
[SYSTEM CALL] 	Fri Sep 9, 10:44:35, 2022	 gzip -f /scratch/03-mapping/mapped/190626_I114_FCH7TVNBBXY_L2_OC-S1.unmapped >>/scratch/03-mapping/mapped/190626_I114_FCH7TVNBBXY_L2_OC-S1.mapping.log 2>&1

[INFO]	Fri Sep 9, 10:51:13, 2022	Index regular bam file
[SYSTEM CALL] 	Fri Sep 9, 10:51:13, 2022	 samtools index /scratch/03-mapping/mapped/190626_I114_FCH7TVNBBXY_L2_OC-S1.bam >>/scratch/03-mapping/mapped/190626_I114_FCH7TVNBBXY_L2_OC-S1.mapping.log 2>&1

[INFO]	Fri Sep 9, 10:52:36, 2022	Index excluded bam file
[SYSTEM CALL] 	Fri Sep 9, 10:52:36, 2022	 samtools index /scratch/03-mapping/mapped/190626_I114_FCH7TVNBBXY_L2_OC-S1.excluded.bam >>/scratch/03-mapping/mapped/190626_I114_FCH7TVNBBXY_L2_OC-S1.mapping.log 2>&1

06:33:47 2022: read suffix array '/yaaminiv/killifish-hypoxia-RRBS/data/GCF_011125445.2_MU-UCD_Fhet_4.1_genomic.ctidx' with 1203506770 elements.
[SEGEMEHL] Fri Sep  9 06:33:49 2022: md5 keys of index and db match.
[SEGEMEHL] Fri Sep  9 06:33:49 2022: reading the suffix array has taken 21.000000 seconds.
[SEGEMEHL] Fri Sep  9 06:33:49 2022: starting 16 threads.
[SEGEMEHL] Fri Sep  9 06:33:49 2022: 1571413 reads in thread 0.
[SEGEMEHL] Fri Sep  9 06:33:49 2022: 1571413 reads in thread 1.
[SEGEMEHL] Fri Sep  9 06:33:49 2022: 1571413 reads in thread 2.
[SEGEMEHL] Fri Sep  9 06:33:49 2022: 1571413 reads in thread 3.
[SEGEMEHL] Fri Sep  9 06:33:49 2022: 1571413 reads in thread 4.
[SEGEMEHL] Fri Sep  9 06:33:49 2022: 1571413 reads in thread 5.
[SEGEMEHL] Fri Sep  9 06:33:49 2022: 1571413 reads in thread 6.
[SEGEMEHL] Fri Sep  9 06:33:49 2022: 1571413 reads in thread 7.
[SEGEMEHL] Fri Sep  9 06:33:49 2022: 1571413 reads in thread 8.
[SEGEMEHL] Fri Sep  9 06:33:49 2022: 1571413 reads in thread 9.
[SEGEMEHL] Fri Sep  9 06:33:49 2022: 1571369 reads in thread 10.
[SEGEMEHL] Fri Sep  9 06:33:49 2022: 1571256 reads in thread 11.
[SEGEMEHL] Fri Sep  9 06:33:49 2022: 1571256 reads in thread 12.
[SEGEMEHL] Fri Sep  9 06:33:49 2022: 1571256 reads in thread 13.
[SEGEMEHL] Fri Sep  9 06:33:49 2022: 1571256 reads in thread 14.
[SEGEMEHL] Fri Sep  9 06:33:49 2022: 1571256 reads in thread 15.
[SEGEMEHL] Fri Sep  9 07:34:44 2022: threaded matching w/ suffixarray has taken 3655.000000 seconds.
[SEGEMEHL] Fri Sep  9 07:34:45 2022: reading database sequences.
[SEGEMEHL] Fri Sep  9 07:35:01 2022: 1031 database sequences found.
[SEGEMEHL] Fri Sep  9 07:35:01 2022: total length of db sequences: 1203505739
[SEGEMEHL] Fri Sep  9 07:35:05 2022: reading suffix array '/yaaminiv/killifish-hypoxia-RRBS/data/GCF_011125445.2_MU-UCD_Fhet_4.1_genomic.gaidx' from disk.
[SEGEMEHL] Fri Sep  9 07:35:12 2022: reading lcpc/vtab.
[SEGEMEHL] Fri Sep  9 07:35:13 2022: reading childtab.
[SEGEMEHL] Fri Sep  9 07:35:18 2022: reading suflinks.
[SEGEMEHL] Fri Sep  9 07:35:23 2022: reading lsint id.
[SEGEMEHL] Fri Sep  9 07:35:23 2022: read suffix array '/yaaminiv/killifish-hypoxia-RRBS/data/GCF_011125445.2_MU-UCD_Fhet_4.1_genomic.gaidx' with 1203506770 elements.
[SEGEMEHL] Fri Sep  9 07:35:25 2022: md5 keys of index and db match.
[SEGEMEHL] Fri Sep  9 07:35:25 2022: reading the suffix array has taken 20.000000 seconds.
[SEGEMEHL] Fri Sep  9 07:35:25 2022: starting 16 threads.
[SEGEMEHL] Fri Sep  9 07:35:25 2022: 1571413 reads in thread 0.
[SEGEMEHL] Fri Sep  9 07:35:25 2022: 1571413 reads in thread 1.
[SEGEMEHL] Fri Sep  9 07:35:25 2022: 1571413 reads in thread 2.
[SEGEMEHL] Fri Sep  9 07:35:25 2022: 1571413 reads in thread 3.
[SEGEMEHL] Fri Sep  9 07:35:25 2022: 1571413 reads in thread 4.
[SEGEMEHL] Fri Sep  9 07:35:25 2022: 1571413 reads in thread 5.
[SEGEMEHL] Fri Sep  9 07:35:25 2022: 1571413 reads in thread 6.
[SEGEMEHL] Fri Sep  9 07:35:25 2022: 1571413 reads in thread 7.
[SEGEMEHL] Fri Sep  9 07:35:25 2022: 1571413 reads in thread 8.
[SEGEMEHL] Fri Sep  9 07:35:25 2022: 1571413 reads in thread 9.
[SEGEMEHL] Fri Sep  9 07:35:25 2022: 1571369 reads in thread 10.
[SEGEMEHL] Fri Sep  9 07:35:25 2022: 1571256 reads in thread 11.
[SEGEMEHL] Fri Sep  9 07:35:25 2022: 1571256 reads in thread 12.
[SEGEMEHL] Fri Sep  9 07:35:25 2022: 1571256 reads in thread 13.
[SEGEMEHL] Fri Sep  9 07:35:25 2022: 1571256 reads in thread 14.
[SEGEMEHL] Fri Sep  9 07:35:25 2022: 1571256 reads in thread 15.
[SEGEMEHL] Fri Sep  9 08:38:51 2022: threaded matching w/ suffixarray has taken 3806.000000 seconds.
[SEGEMEHL] Fri Sep  9 08:38:51 2022: Merging bisulfite bin 0.
[SEGEMEHL] Fri Sep  9 08:42:14 2022: Merging bisulfite bin 1.
[SEGEMEHL] Fri Sep  9 08:45:34 2022: Merging bisulfite bin 2.
[SEGEMEHL] Fri Sep  9 08:48:55 2022: Merging bisulfite bin 3.
[SEGEMEHL] Fri Sep  9 08:52:15 2022: Merging bisulfite bin 4.
[SEGEMEHL] Fri Sep  9 08:55:41 2022: Merging bisulfite bin 5.
[SEGEMEHL] Fri Sep  9 08:59:09 2022: Merging bisulfite bin 6.
[SEGEMEHL] Fri Sep  9 09:02:34 2022: Merging bisulfite bin 7.
[SEGEMEHL] Fri Sep  9 09:06:00 2022: Merging bisulfite bin 8.
[SEGEMEHL] Fri Sep  9 09:09:24 2022: Merging bisulfite bin 9.
[SEGEMEHL] Fri Sep  9 09:12:49 2022: Merging bisulfite bin 10.
[SEGEMEHL] Fri Sep  9 09:16:14 2022: Merging bisulfite bin 11.
[SEGEMEHL] Fri Sep  9 09:19:40 2022: Merging bisulfite bin 12.
[SEGEMEHL] Fri Sep  9 09:23:05 2022: Merging bisulfite bin 13.
[SEGEMEHL] Fri Sep  9 09:26:30 2022: Merging bisulfite bin 14.
[SEGEMEHL] Fri Sep  9 09:29:56 2022: Merging bisulfite bin 15.
[SEGEMEHL] Fri Sep  9 09:51:29 2022: 
Goodbye.
 "Ich hol' jetzt die Hilti!" (Ein verzweifelter Bauarbeiter)
[bam_sort_core] merging from 8 files...
