[INFO]	Sat Sep 10, 0:49:4, 2022	Start mapping
[SYSTEM CALL] 	Sat Sep 10, 0:49:4, 2022	 segemehl.x -s -d /yaaminiv/killifish-hypoxia-RRBS/data/GCF_011125445.2_MU-UCD_Fhet_4.1_genomic.fna.gz -i /yaaminiv/killifish-hypoxia-RRBS/data/GCF_011125445.2_MU-UCD_Fhet_4.1_genomic.ctidx -j /yaaminiv/killifish-hypoxia-RRBS/data/GCF_011125445.2_MU-UCD_Fhet_4.1_genomic.gaidx -F 2 -t 16 -q /scratch/02-trimgalore/190626_I114_FCH7TVNBBXY_L3_OC-N1_1_val_1.fq.gz -u /scratch/03-mapping/mapped/190626_I114_FCH7TVNBBXY_L3_OC-N1.unmapped -o /scratch/03-mapping/mapped/190626_I114_FCH7TVNBBXY_L3_OC-N1.sam -p /scratch/02-trimgalore/190626_I114_FCH7TVNBBXY_L3_OC-N1_2_val_2.fq.gz >>/scratch/03-mapping/mapped/190626_I114_FCH7TVNBBXY_L3_OC-N1.mapping.log 2>&1

[INFO]	Sat Sep 10, 3:30:14, 2022	Exclude reads from sam file (/scratch/03-mapping/mapped/190626_I114_FCH7TVNBBXY_L3_OC-N1.sam) and convert nonexcluded and excluded output to bam files (/scratch/03-mapping/mapped/190626_I114_FCH7TVNBBXY_L3_OC-N1.bam and /scratch/03-mapping/mapped/190626_I114_FCH7TVNBBXY_L3_OC-N1.excluded.bam)
[SYSTEM CALL] 	Sat Sep 10, 4:10:39, 2022	 remove /scratch/03-mapping/mapped/190626_I114_FCH7TVNBBXY_L3_OC-N1.sam
[INFO]	Sat Sep 10, 4:10:39, 2022	Gzip unmapped out file
[SYSTEM CALL] 	Sat Sep 10, 4:10:39, 2022	 gzip -f /scratch/03-mapping/mapped/190626_I114_FCH7TVNBBXY_L3_OC-N1.unmapped >>/scratch/03-mapping/mapped/190626_I114_FCH7TVNBBXY_L3_OC-N1.mapping.log 2>&1

[INFO]	Sat Sep 10, 4:17:9, 2022	Index regular bam file
[SYSTEM CALL] 	Sat Sep 10, 4:17:9, 2022	 samtools index /scratch/03-mapping/mapped/190626_I114_FCH7TVNBBXY_L3_OC-N1.bam >>/scratch/03-mapping/mapped/190626_I114_FCH7TVNBBXY_L3_OC-N1.mapping.log 2>&1

[INFO]	Sat Sep 10, 4:18:15, 2022	Index excluded bam file
[SYSTEM CALL] 	Sat Sep 10, 4:18:15, 2022	 samtools index /scratch/03-mapping/mapped/190626_I114_FCH7TVNBBXY_L3_OC-N1.excluded.bam >>/scratch/03-mapping/mapped/190626_I114_FCH7TVNBBXY_L3_OC-N1.mapping.log 2>&1

 00:51:34 2022: read suffix array '/yaaminiv/killifish-hypoxia-RRBS/data/GCF_011125445.2_MU-UCD_Fhet_4.1_genomic.ctidx' with 1203506770 elements.
[SEGEMEHL] Sat Sep 10 00:51:36 2022: md5 keys of index and db match.
[SEGEMEHL] Sat Sep 10 00:51:36 2022: reading the suffix array has taken 20.000000 seconds.
[SEGEMEHL] Sat Sep 10 00:51:36 2022: starting 16 threads.
[SEGEMEHL] Sat Sep 10 00:51:36 2022: 1335187 reads in thread 0.
[SEGEMEHL] Sat Sep 10 00:51:36 2022: 1335187 reads in thread 1.
[SEGEMEHL] Sat Sep 10 00:51:36 2022: 1335187 reads in thread 2.
[SEGEMEHL] Sat Sep 10 00:51:36 2022: 1335187 reads in thread 3.
[SEGEMEHL] Sat Sep 10 00:51:36 2022: 1335187 reads in thread 4.
[SEGEMEHL] Sat Sep 10 00:51:36 2022: 1335187 reads in thread 5.
[SEGEMEHL] Sat Sep 10 00:51:36 2022: 1335187 reads in thread 6.
[SEGEMEHL] Sat Sep 10 00:51:36 2022: 1335187 reads in thread 7.
[SEGEMEHL] Sat Sep 10 00:51:36 2022: 1335187 reads in thread 8.
[SEGEMEHL] Sat Sep 10 00:51:36 2022: 1335187 reads in thread 9.
[SEGEMEHL] Sat Sep 10 00:51:36 2022: 1335187 reads in thread 10.
[SEGEMEHL] Sat Sep 10 00:51:36 2022: 1335187 reads in thread 11.
[SEGEMEHL] Sat Sep 10 00:51:36 2022: 1335187 reads in thread 12.
[SEGEMEHL] Sat Sep 10 00:51:36 2022: 1335187 reads in thread 13.
[SEGEMEHL] Sat Sep 10 00:51:36 2022: 1335151 reads in thread 14.
[SEGEMEHL] Sat Sep 10 00:51:36 2022: 1335054 reads in thread 15.
[SEGEMEHL] Sat Sep 10 01:44:27 2022: threaded matching w/ suffixarray has taken 3171.000000 seconds.
[SEGEMEHL] Sat Sep 10 01:44:27 2022: reading database sequences.
[SEGEMEHL] Sat Sep 10 01:44:45 2022: 1031 database sequences found.
[SEGEMEHL] Sat Sep 10 01:44:45 2022: total length of db sequences: 1203505739
[SEGEMEHL] Sat Sep 10 01:44:49 2022: reading suffix array '/yaaminiv/killifish-hypoxia-RRBS/data/GCF_011125445.2_MU-UCD_Fhet_4.1_genomic.gaidx' from disk.
[SEGEMEHL] Sat Sep 10 01:44:56 2022: reading lcpc/vtab.
[SEGEMEHL] Sat Sep 10 01:44:57 2022: reading childtab.
[SEGEMEHL] Sat Sep 10 01:45:01 2022: reading suflinks.
[SEGEMEHL] Sat Sep 10 01:45:06 2022: reading lsint id.
[SEGEMEHL] Sat Sep 10 01:45:06 2022: read suffix array '/yaaminiv/killifish-hypoxia-RRBS/data/GCF_011125445.2_MU-UCD_Fhet_4.1_genomic.gaidx' with 1203506770 elements.
[SEGEMEHL] Sat Sep 10 01:45:08 2022: md5 keys of index and db match.
[SEGEMEHL] Sat Sep 10 01:45:08 2022: reading the suffix array has taken 19.000000 seconds.
[SEGEMEHL] Sat Sep 10 01:45:08 2022: starting 16 threads.
[SEGEMEHL] Sat Sep 10 01:45:08 2022: 1335187 reads in thread 0.
[SEGEMEHL] Sat Sep 10 01:45:08 2022: 1335187 reads in thread 1.
[SEGEMEHL] Sat Sep 10 01:45:08 2022: 1335187 reads in thread 2.
[SEGEMEHL] Sat Sep 10 01:45:08 2022: 1335187 reads in thread 3.
[SEGEMEHL] Sat Sep 10 01:45:08 2022: 1335187 reads in thread 4.
[SEGEMEHL] Sat Sep 10 01:45:08 2022: 1335187 reads in thread 5.
[SEGEMEHL] Sat Sep 10 01:45:08 2022: 1335187 reads in thread 6.
[SEGEMEHL] Sat Sep 10 01:45:08 2022: 1335187 reads in thread 7.
[SEGEMEHL] Sat Sep 10 01:45:08 2022: 1335187 reads in thread 8.
[SEGEMEHL] Sat Sep 10 01:45:08 2022: 1335187 reads in thread 9.
[SEGEMEHL] Sat Sep 10 01:45:08 2022: 1335187 reads in thread 10.
[SEGEMEHL] Sat Sep 10 01:45:08 2022: 1335187 reads in thread 11.
[SEGEMEHL] Sat Sep 10 01:45:08 2022: 1335187 reads in thread 12.
[SEGEMEHL] Sat Sep 10 01:45:08 2022: 1335187 reads in thread 13.
[SEGEMEHL] Sat Sep 10 01:45:08 2022: 1335151 reads in thread 14.
[SEGEMEHL] Sat Sep 10 01:45:08 2022: 1335054 reads in thread 15.
[SEGEMEHL] Sat Sep 10 02:39:55 2022: threaded matching w/ suffixarray has taken 3287.000000 seconds.
[SEGEMEHL] Sat Sep 10 02:39:55 2022: Merging bisulfite bin 0.
[SEGEMEHL] Sat Sep 10 02:42:13 2022: Merging bisulfite bin 1.
[SEGEMEHL] Sat Sep 10 02:44:32 2022: Merging bisulfite bin 2.
[SEGEMEHL] Sat Sep 10 02:46:50 2022: Merging bisulfite bin 3.
[SEGEMEHL] Sat Sep 10 02:49:10 2022: Merging bisulfite bin 4.
[SEGEMEHL] Sat Sep 10 02:51:31 2022: Merging bisulfite bin 5.
[SEGEMEHL] Sat Sep 10 02:53:52 2022: Merging bisulfite bin 6.
[SEGEMEHL] Sat Sep 10 02:56:12 2022: Merging bisulfite bin 7.
[SEGEMEHL] Sat Sep 10 02:58:34 2022: Merging bisulfite bin 8.
[SEGEMEHL] Sat Sep 10 03:00:54 2022: Merging bisulfite bin 9.
[SEGEMEHL] Sat Sep 10 03:03:16 2022: Merging bisulfite bin 10.
[SEGEMEHL] Sat Sep 10 03:05:37 2022: Merging bisulfite bin 11.
[SEGEMEHL] Sat Sep 10 03:07:57 2022: Merging bisulfite bin 12.
[SEGEMEHL] Sat Sep 10 03:10:21 2022: Merging bisulfite bin 13.
[SEGEMEHL] Sat Sep 10 03:12:42 2022: Merging bisulfite bin 14.
[SEGEMEHL] Sat Sep 10 03:15:07 2022: Merging bisulfite bin 15.
[SEGEMEHL] Sat Sep 10 03:30:14 2022: 
Goodbye.
 "Ich bin neu in der Hamburger Schule" (Tocotronic)
[bam_sort_core] merging from 6 files...
