[INFO]	Thu Sep 8, 21:1:11, 2022	Start mapping
[SYSTEM CALL] 	Thu Sep 8, 21:1:11, 2022	 segemehl.x -s -d /yaaminiv/killifish-hypoxia-RRBS/data/GCF_011125445.2_MU-UCD_Fhet_4.1_genomic.fna.gz -i /yaaminiv/killifish-hypoxia-RRBS/data/GCF_011125445.2_MU-UCD_Fhet_4.1_genomic.ctidx -j /yaaminiv/killifish-hypoxia-RRBS/data/GCF_011125445.2_MU-UCD_Fhet_4.1_genomic.gaidx -F 2 -t 16 -q /scratch/02-trimgalore/190626_I114_FCH7TVNBBXY_L2_5-S3_1_val_1.fq.gz -u /scratch/03-mapping/mapped/190626_I114_FCH7TVNBBXY_L2_5-S3.unmapped -o /scratch/03-mapping/mapped/190626_I114_FCH7TVNBBXY_L2_5-S3.sam -p /scratch/02-trimgalore/190626_I114_FCH7TVNBBXY_L2_5-S3_2_val_2.fq.gz >>/scratch/03-mapping/mapped/190626_I114_FCH7TVNBBXY_L2_5-S3.mapping.log 2>&1

[INFO]	Fri Sep 9, 0:11:18, 2022	Exclude reads from sam file (/scratch/03-mapping/mapped/190626_I114_FCH7TVNBBXY_L2_5-S3.sam) and convert nonexcluded and excluded output to bam files (/scratch/03-mapping/mapped/190626_I114_FCH7TVNBBXY_L2_5-S3.bam and /scratch/03-mapping/mapped/190626_I114_FCH7TVNBBXY_L2_5-S3.excluded.bam)
[SYSTEM CALL] 	Fri Sep 9, 1:0:23, 2022	 remove /scratch/03-mapping/mapped/190626_I114_FCH7TVNBBXY_L2_5-S3.sam
[INFO]	Fri Sep 9, 1:0:23, 2022	Gzip unmapped out file
[SYSTEM CALL] 	Fri Sep 9, 1:0:23, 2022	 gzip -f /scratch/03-mapping/mapped/190626_I114_FCH7TVNBBXY_L2_5-S3.unmapped >>/scratch/03-mapping/mapped/190626_I114_FCH7TVNBBXY_L2_5-S3.mapping.log 2>&1

[INFO]	Fri Sep 9, 1:7:37, 2022	Index regular bam file
[SYSTEM CALL] 	Fri Sep 9, 1:7:37, 2022	 samtools index /scratch/03-mapping/mapped/190626_I114_FCH7TVNBBXY_L2_5-S3.bam >>/scratch/03-mapping/mapped/190626_I114_FCH7TVNBBXY_L2_5-S3.mapping.log 2>&1

[INFO]	Fri Sep 9, 1:8:53, 2022	Index excluded bam file
[SYSTEM CALL] 	Fri Sep 9, 1:8:53, 2022	 samtools index /scratch/03-mapping/mapped/190626_I114_FCH7TVNBBXY_L2_5-S3.excluded.bam >>/scratch/03-mapping/mapped/190626_I114_FCH7TVNBBXY_L2_5-S3.mapping.log 2>&1

[SEGEMEHL] Thu Sep  8 21:03:49 2022: read suffix array '/yaaminiv/killifish-hypoxia-RRBS/data/GCF_011125445.2_MU-UCD_Fhet_4.1_genomic.ctidx' with 1203506770 elements.
[SEGEMEHL] Thu Sep  8 21:03:51 2022: md5 keys of index and db match.
[SEGEMEHL] Thu Sep  8 21:03:51 2022: reading the suffix array has taken 19.000000 seconds.
[SEGEMEHL] Thu Sep  8 21:03:51 2022: starting 16 threads.
[SEGEMEHL] Thu Sep  8 21:03:51 2022: 1616601 reads in thread 0.
[SEGEMEHL] Thu Sep  8 21:03:51 2022: 1616601 reads in thread 1.
[SEGEMEHL] Thu Sep  8 21:03:51 2022: 1616601 reads in thread 2.
[SEGEMEHL] Thu Sep  8 21:03:51 2022: 1616601 reads in thread 3.
[SEGEMEHL] Thu Sep  8 21:03:51 2022: 1616601 reads in thread 4.
[SEGEMEHL] Thu Sep  8 21:03:51 2022: 1616601 reads in thread 5.
[SEGEMEHL] Thu Sep  8 21:03:51 2022: 1616601 reads in thread 6.
[SEGEMEHL] Thu Sep  8 21:03:51 2022: 1616601 reads in thread 7.
[SEGEMEHL] Thu Sep  8 21:03:51 2022: 1616601 reads in thread 8.
[SEGEMEHL] Thu Sep  8 21:03:51 2022: 1616601 reads in thread 9.
[SEGEMEHL] Thu Sep  8 21:03:51 2022: 1616601 reads in thread 10.
[SEGEMEHL] Thu Sep  8 21:03:51 2022: 1616601 reads in thread 11.
[SEGEMEHL] Thu Sep  8 21:03:51 2022: 1616601 reads in thread 12.
[SEGEMEHL] Thu Sep  8 21:03:51 2022: 1616509 reads in thread 13.
[SEGEMEHL] Thu Sep  8 21:03:51 2022: 1616440 reads in thread 14.
[SEGEMEHL] Thu Sep  8 21:03:51 2022: 1616440 reads in thread 15.
[SEGEMEHL] Thu Sep  8 22:02:57 2022: threaded matching w/ suffixarray has taken 3546.000000 seconds.
[SEGEMEHL] Thu Sep  8 22:02:57 2022: reading database sequences.
[SEGEMEHL] Thu Sep  8 22:03:13 2022: 1031 database sequences found.
[SEGEMEHL] Thu Sep  8 22:03:13 2022: total length of db sequences: 1203505739
[SEGEMEHL] Thu Sep  8 22:03:17 2022: reading suffix array '/yaaminiv/killifish-hypoxia-RRBS/data/GCF_011125445.2_MU-UCD_Fhet_4.1_genomic.gaidx' from disk.
[SEGEMEHL] Thu Sep  8 22:03:24 2022: reading lcpc/vtab.
[SEGEMEHL] Thu Sep  8 22:03:25 2022: reading childtab.
[SEGEMEHL] Thu Sep  8 22:03:29 2022: reading suflinks.
[SEGEMEHL] Thu Sep  8 22:03:34 2022: reading lsint id.
[SEGEMEHL] Thu Sep  8 22:03:35 2022: read suffix array '/yaaminiv/killifish-hypoxia-RRBS/data/GCF_011125445.2_MU-UCD_Fhet_4.1_genomic.gaidx' with 1203506770 elements.
[SEGEMEHL] Thu Sep  8 22:03:37 2022: md5 keys of index and db match.
[SEGEMEHL] Thu Sep  8 22:03:37 2022: reading the suffix array has taken 20.000000 seconds.
[SEGEMEHL] Thu Sep  8 22:03:37 2022: starting 16 threads.
[SEGEMEHL] Thu Sep  8 22:03:37 2022: 1616601 reads in thread 0.
[SEGEMEHL] Thu Sep  8 22:03:37 2022: 1616601 reads in thread 1.
[SEGEMEHL] Thu Sep  8 22:03:37 2022: 1616601 reads in thread 2.
[SEGEMEHL] Thu Sep  8 22:03:37 2022: 1616601 reads in thread 3.
[SEGEMEHL] Thu Sep  8 22:03:37 2022: 1616601 reads in thread 4.
[SEGEMEHL] Thu Sep  8 22:03:37 2022: 1616601 reads in thread 5.
[SEGEMEHL] Thu Sep  8 22:03:37 2022: 1616601 reads in thread 6.
[SEGEMEHL] Thu Sep  8 22:03:37 2022: 1616601 reads in thread 7.
[SEGEMEHL] Thu Sep  8 22:03:37 2022: 1616601 reads in thread 8.
[SEGEMEHL] Thu Sep  8 22:03:37 2022: 1616601 reads in thread 9.
[SEGEMEHL] Thu Sep  8 22:03:37 2022: 1616601 reads in thread 10.
[SEGEMEHL] Thu Sep  8 22:03:37 2022: 1616601 reads in thread 11.
[SEGEMEHL] Thu Sep  8 22:03:37 2022: 1616601 reads in thread 12.
[SEGEMEHL] Thu Sep  8 22:03:37 2022: 1616509 reads in thread 13.
[SEGEMEHL] Thu Sep  8 22:03:37 2022: 1616440 reads in thread 14.
[SEGEMEHL] Thu Sep  8 22:03:37 2022: 1616440 reads in thread 15.
[SEGEMEHL] Thu Sep  8 23:05:31 2022: threaded matching w/ suffixarray has taken 3714.000000 seconds.
[SEGEMEHL] Thu Sep  8 23:05:32 2022: Merging bisulfite bin 0.
[SEGEMEHL] Thu Sep  8 23:08:32 2022: Merging bisulfite bin 1.
[SEGEMEHL] Thu Sep  8 23:11:32 2022: Merging bisulfite bin 2.
[SEGEMEHL] Thu Sep  8 23:14:35 2022: Merging bisulfite bin 3.
[SEGEMEHL] Thu Sep  8 23:17:37 2022: Merging bisulfite bin 4.
[SEGEMEHL] Thu Sep  8 23:20:42 2022: Merging bisulfite bin 5.
[SEGEMEHL] Thu Sep  8 23:23:47 2022: Merging bisulfite bin 6.
[SEGEMEHL] Thu Sep  8 23:26:53 2022: Merging bisulfite bin 7.
[SEGEMEHL] Thu Sep  8 23:29:59 2022: Merging bisulfite bin 8.
[SEGEMEHL] Thu Sep  8 23:33:05 2022: Merging bisulfite bin 9.
[SEGEMEHL] Thu Sep  8 23:36:10 2022: Merging bisulfite bin 10.
[SEGEMEHL] Thu Sep  8 23:39:14 2022: Merging bisulfite bin 11.
[SEGEMEHL] Thu Sep  8 23:42:20 2022: Merging bisulfite bin 12.
[SEGEMEHL] Thu Sep  8 23:45:28 2022: Merging bisulfite bin 13.
[SEGEMEHL] Thu Sep  8 23:48:40 2022: Merging bisulfite bin 14.
[SEGEMEHL] Thu Sep  8 23:51:52 2022: Merging bisulfite bin 15.
[SEGEMEHL] Fri Sep  9 00:11:18 2022: 
Goodbye.
 "Beertime!" (A. Torda)
[bam_sort_core] merging from 7 files...
