[INFO]	Sun Sep 11, 6:41:25, 2022	Start mapping
[SYSTEM CALL] 	Sun Sep 11, 6:41:25, 2022	 segemehl.x -s -d /yaaminiv/killifish-hypoxia-RRBS/data/GCF_011125445.2_MU-UCD_Fhet_4.1_genomic.fna.gz -i /yaaminiv/killifish-hypoxia-RRBS/data/GCF_011125445.2_MU-UCD_Fhet_4.1_genomic.ctidx -j /yaaminiv/killifish-hypoxia-RRBS/data/GCF_011125445.2_MU-UCD_Fhet_4.1_genomic.gaidx -F 2 -t 16 -q /scratch/02-trimgalore/190626_I114_FCH7TVNBBXY_L4_5-S1_1_val_1.fq.gz -u /scratch/03-mapping/mapped/190626_I114_FCH7TVNBBXY_L4_5-S1.unmapped -o /scratch/03-mapping/mapped/190626_I114_FCH7TVNBBXY_L4_5-S1.sam -p /scratch/02-trimgalore/190626_I114_FCH7TVNBBXY_L4_5-S1_2_val_2.fq.gz >>/scratch/03-mapping/mapped/190626_I114_FCH7TVNBBXY_L4_5-S1.mapping.log 2>&1

[INFO]	Sun Sep 11, 10:37:35, 2022	Exclude reads from sam file (/scratch/03-mapping/mapped/190626_I114_FCH7TVNBBXY_L4_5-S1.sam) and convert nonexcluded and excluded output to bam files (/scratch/03-mapping/mapped/190626_I114_FCH7TVNBBXY_L4_5-S1.bam and /scratch/03-mapping/mapped/190626_I114_FCH7TVNBBXY_L4_5-S1.excluded.bam)
[SYSTEM CALL] 	Sun Sep 11, 11:32:44, 2022	 remove /scratch/03-mapping/mapped/190626_I114_FCH7TVNBBXY_L4_5-S1.sam
[INFO]	Sun Sep 11, 11:32:44, 2022	Gzip unmapped out file
[SYSTEM CALL] 	Sun Sep 11, 11:32:44, 2022	 gzip -f /scratch/03-mapping/mapped/190626_I114_FCH7TVNBBXY_L4_5-S1.unmapped >>/scratch/03-mapping/mapped/190626_I114_FCH7TVNBBXY_L4_5-S1.mapping.log 2>&1

[INFO]	Sun Sep 11, 11:40:52, 2022	Index regular bam file
[SYSTEM CALL] 	Sun Sep 11, 11:40:52, 2022	 samtools index /scratch/03-mapping/mapped/190626_I114_FCH7TVNBBXY_L4_5-S1.bam >>/scratch/03-mapping/mapped/190626_I114_FCH7TVNBBXY_L4_5-S1.mapping.log 2>&1

[INFO]	Sun Sep 11, 11:42:20, 2022	Index excluded bam file
[SYSTEM CALL] 	Sun Sep 11, 11:42:20, 2022	 samtools index /scratch/03-mapping/mapped/190626_I114_FCH7TVNBBXY_L4_5-S1.excluded.bam >>/scratch/03-mapping/mapped/190626_I114_FCH7TVNBBXY_L4_5-S1.mapping.log 2>&1

6:44:26 2022: read suffix array '/yaaminiv/killifish-hypoxia-RRBS/data/GCF_011125445.2_MU-UCD_Fhet_4.1_genomic.ctidx' with 1203506770 elements.
[SEGEMEHL] Sun Sep 11 06:44:28 2022: md5 keys of index and db match.
[SEGEMEHL] Sun Sep 11 06:44:28 2022: reading the suffix array has taken 19.000000 seconds.
[SEGEMEHL] Sun Sep 11 06:44:28 2022: starting 16 threads.
[SEGEMEHL] Sun Sep 11 06:44:28 2022: 1745916 reads in thread 0.
[SEGEMEHL] Sun Sep 11 06:44:28 2022: 1745916 reads in thread 1.
[SEGEMEHL] Sun Sep 11 06:44:28 2022: 1745916 reads in thread 2.
[SEGEMEHL] Sun Sep 11 06:44:28 2022: 1745916 reads in thread 3.
[SEGEMEHL] Sun Sep 11 06:44:28 2022: 1745916 reads in thread 4.
[SEGEMEHL] Sun Sep 11 06:44:28 2022: 1745916 reads in thread 5.
[SEGEMEHL] Sun Sep 11 06:44:28 2022: 1745916 reads in thread 6.
[SEGEMEHL] Sun Sep 11 06:44:28 2022: 1745916 reads in thread 7.
[SEGEMEHL] Sun Sep 11 06:44:28 2022: 1745916 reads in thread 8.
[SEGEMEHL] Sun Sep 11 06:44:28 2022: 1745916 reads in thread 9.
[SEGEMEHL] Sun Sep 11 06:44:28 2022: 1745916 reads in thread 10.
[SEGEMEHL] Sun Sep 11 06:44:28 2022: 1745916 reads in thread 11.
[SEGEMEHL] Sun Sep 11 06:44:28 2022: 1745916 reads in thread 12.
[SEGEMEHL] Sun Sep 11 06:44:28 2022: 1745916 reads in thread 13.
[SEGEMEHL] Sun Sep 11 06:44:28 2022: 1745916 reads in thread 14.
[SEGEMEHL] Sun Sep 11 06:44:28 2022: 1745895 reads in thread 15.
[SEGEMEHL] Sun Sep 11 08:03:22 2022: threaded matching w/ suffixarray has taken 4734.000000 seconds.
[SEGEMEHL] Sun Sep 11 08:03:22 2022: reading database sequences.
[SEGEMEHL] Sun Sep 11 08:03:41 2022: 1031 database sequences found.
[SEGEMEHL] Sun Sep 11 08:03:41 2022: total length of db sequences: 1203505739
[SEGEMEHL] Sun Sep 11 08:03:45 2022: reading suffix array '/yaaminiv/killifish-hypoxia-RRBS/data/GCF_011125445.2_MU-UCD_Fhet_4.1_genomic.gaidx' from disk.
[SEGEMEHL] Sun Sep 11 08:03:51 2022: reading lcpc/vtab.
[SEGEMEHL] Sun Sep 11 08:03:53 2022: reading childtab.
[SEGEMEHL] Sun Sep 11 08:03:57 2022: reading suflinks.
[SEGEMEHL] Sun Sep 11 08:04:02 2022: reading lsint id.
[SEGEMEHL] Sun Sep 11 08:04:03 2022: read suffix array '/yaaminiv/killifish-hypoxia-RRBS/data/GCF_011125445.2_MU-UCD_Fhet_4.1_genomic.gaidx' with 1203506770 elements.
[SEGEMEHL] Sun Sep 11 08:04:05 2022: md5 keys of index and db match.
[SEGEMEHL] Sun Sep 11 08:04:05 2022: reading the suffix array has taken 20.000000 seconds.
[SEGEMEHL] Sun Sep 11 08:04:05 2022: starting 16 threads.
[SEGEMEHL] Sun Sep 11 08:04:05 2022: 1745916 reads in thread 0.
[SEGEMEHL] Sun Sep 11 08:04:05 2022: 1745916 reads in thread 1.
[SEGEMEHL] Sun Sep 11 08:04:05 2022: 1745916 reads in thread 2.
[SEGEMEHL] Sun Sep 11 08:04:05 2022: 1745916 reads in thread 3.
[SEGEMEHL] Sun Sep 11 08:04:05 2022: 1745916 reads in thread 4.
[SEGEMEHL] Sun Sep 11 08:04:05 2022: 1745916 reads in thread 5.
[SEGEMEHL] Sun Sep 11 08:04:05 2022: 1745916 reads in thread 6.
[SEGEMEHL] Sun Sep 11 08:04:05 2022: 1745916 reads in thread 7.
[SEGEMEHL] Sun Sep 11 08:04:05 2022: 1745916 reads in thread 8.
[SEGEMEHL] Sun Sep 11 08:04:05 2022: 1745916 reads in thread 9.
[SEGEMEHL] Sun Sep 11 08:04:05 2022: 1745916 reads in thread 10.
[SEGEMEHL] Sun Sep 11 08:04:05 2022: 1745916 reads in thread 11.
[SEGEMEHL] Sun Sep 11 08:04:05 2022: 1745916 reads in thread 12.
[SEGEMEHL] Sun Sep 11 08:04:05 2022: 1745916 reads in thread 13.
[SEGEMEHL] Sun Sep 11 08:04:05 2022: 1745916 reads in thread 14.
[SEGEMEHL] Sun Sep 11 08:04:05 2022: 1745895 reads in thread 15.
[SEGEMEHL] Sun Sep 11 09:24:30 2022: threaded matching w/ suffixarray has taken 4825.000000 seconds.
[SEGEMEHL] Sun Sep 11 09:24:30 2022: Merging bisulfite bin 0.
[SEGEMEHL] Sun Sep 11 09:27:45 2022: Merging bisulfite bin 1.
[SEGEMEHL] Sun Sep 11 09:31:04 2022: Merging bisulfite bin 2.
[SEGEMEHL] Sun Sep 11 09:34:20 2022: Merging bisulfite bin 3.
[SEGEMEHL] Sun Sep 11 09:37:36 2022: Merging bisulfite bin 4.
[SEGEMEHL] Sun Sep 11 09:40:55 2022: Merging bisulfite bin 5.
[SEGEMEHL] Sun Sep 11 09:44:14 2022: Merging bisulfite bin 6.
[SEGEMEHL] Sun Sep 11 09:47:36 2022: Merging bisulfite bin 7.
[SEGEMEHL] Sun Sep 11 09:50:58 2022: Merging bisulfite bin 8.
[SEGEMEHL] Sun Sep 11 09:54:19 2022: Merging bisulfite bin 9.
[SEGEMEHL] Sun Sep 11 09:57:39 2022: Merging bisulfite bin 10.
[SEGEMEHL] Sun Sep 11 10:01:02 2022: Merging bisulfite bin 11.
[SEGEMEHL] Sun Sep 11 10:04:19 2022: Merging bisulfite bin 12.
[SEGEMEHL] Sun Sep 11 10:08:04 2022: Merging bisulfite bin 13.
[SEGEMEHL] Sun Sep 11 10:11:47 2022: Merging bisulfite bin 14.
[SEGEMEHL] Sun Sep 11 10:15:29 2022: Merging bisulfite bin 15.
[SEGEMEHL] Sun Sep 11 10:37:35 2022: 
Goodbye.
 "Wir sind hier nicht in Seattle Dirk!" (Tocotronic)
[bam_sort_core] merging from 8 files...
