[INFO]	Sat Sep 10, 7:57:3, 2022	Start mapping
[SYSTEM CALL] 	Sat Sep 10, 7:57:3, 2022	 segemehl.x -s -d /yaaminiv/killifish-hypoxia-RRBS/data/GCF_011125445.2_MU-UCD_Fhet_4.1_genomic.fna.gz -i /yaaminiv/killifish-hypoxia-RRBS/data/GCF_011125445.2_MU-UCD_Fhet_4.1_genomic.ctidx -j /yaaminiv/killifish-hypoxia-RRBS/data/GCF_011125445.2_MU-UCD_Fhet_4.1_genomic.gaidx -F 2 -t 16 -q /scratch/02-trimgalore/190626_I114_FCH7TVNBBXY_L3_OC-N4_1_val_1.fq.gz -u /scratch/03-mapping/mapped/190626_I114_FCH7TVNBBXY_L3_OC-N4.unmapped -o /scratch/03-mapping/mapped/190626_I114_FCH7TVNBBXY_L3_OC-N4.sam -p /scratch/02-trimgalore/190626_I114_FCH7TVNBBXY_L3_OC-N4_2_val_2.fq.gz >>/scratch/03-mapping/mapped/190626_I114_FCH7TVNBBXY_L3_OC-N4.mapping.log 2>&1

[INFO]	Sat Sep 10, 10:35:13, 2022	Exclude reads from sam file (/scratch/03-mapping/mapped/190626_I114_FCH7TVNBBXY_L3_OC-N4.sam) and convert nonexcluded and excluded output to bam files (/scratch/03-mapping/mapped/190626_I114_FCH7TVNBBXY_L3_OC-N4.bam and /scratch/03-mapping/mapped/190626_I114_FCH7TVNBBXY_L3_OC-N4.excluded.bam)
[SYSTEM CALL] 	Sat Sep 10, 11:17:11, 2022	 remove /scratch/03-mapping/mapped/190626_I114_FCH7TVNBBXY_L3_OC-N4.sam
[INFO]	Sat Sep 10, 11:17:11, 2022	Gzip unmapped out file
[SYSTEM CALL] 	Sat Sep 10, 11:17:11, 2022	 gzip -f /scratch/03-mapping/mapped/190626_I114_FCH7TVNBBXY_L3_OC-N4.unmapped >>/scratch/03-mapping/mapped/190626_I114_FCH7TVNBBXY_L3_OC-N4.mapping.log 2>&1

[INFO]	Sat Sep 10, 11:23:12, 2022	Index regular bam file
[SYSTEM CALL] 	Sat Sep 10, 11:23:12, 2022	 samtools index /scratch/03-mapping/mapped/190626_I114_FCH7TVNBBXY_L3_OC-N4.bam >>/scratch/03-mapping/mapped/190626_I114_FCH7TVNBBXY_L3_OC-N4.mapping.log 2>&1

[INFO]	Sat Sep 10, 11:24:22, 2022	Index excluded bam file
[SYSTEM CALL] 	Sat Sep 10, 11:24:22, 2022	 samtools index /scratch/03-mapping/mapped/190626_I114_FCH7TVNBBXY_L3_OC-N4.excluded.bam >>/scratch/03-mapping/mapped/190626_I114_FCH7TVNBBXY_L3_OC-N4.mapping.log 2>&1

2022: read suffix array '/yaaminiv/killifish-hypoxia-RRBS/data/GCF_011125445.2_MU-UCD_Fhet_4.1_genomic.ctidx' with 1203506770 elements.
[SEGEMEHL] Sat Sep 10 07:59:26 2022: md5 keys of index and db match.
[SEGEMEHL] Sat Sep 10 07:59:26 2022: reading the suffix array has taken 19.000000 seconds.
[SEGEMEHL] Sat Sep 10 07:59:26 2022: starting 16 threads.
[SEGEMEHL] Sat Sep 10 07:59:26 2022: 1237503 reads in thread 0.
[SEGEMEHL] Sat Sep 10 07:59:26 2022: 1237503 reads in thread 1.
[SEGEMEHL] Sat Sep 10 07:59:26 2022: 1237503 reads in thread 2.
[SEGEMEHL] Sat Sep 10 07:59:26 2022: 1237461 reads in thread 3.
[SEGEMEHL] Sat Sep 10 07:59:26 2022: 1237380 reads in thread 4.
[SEGEMEHL] Sat Sep 10 07:59:26 2022: 1237380 reads in thread 5.
[SEGEMEHL] Sat Sep 10 07:59:26 2022: 1237380 reads in thread 6.
[SEGEMEHL] Sat Sep 10 07:59:26 2022: 1237380 reads in thread 7.
[SEGEMEHL] Sat Sep 10 07:59:26 2022: 1237380 reads in thread 8.
[SEGEMEHL] Sat Sep 10 07:59:26 2022: 1237380 reads in thread 9.
[SEGEMEHL] Sat Sep 10 07:59:26 2022: 1237380 reads in thread 10.
[SEGEMEHL] Sat Sep 10 07:59:26 2022: 1237380 reads in thread 11.
[SEGEMEHL] Sat Sep 10 07:59:26 2022: 1237380 reads in thread 12.
[SEGEMEHL] Sat Sep 10 07:59:26 2022: 1237380 reads in thread 13.
[SEGEMEHL] Sat Sep 10 07:59:26 2022: 1237380 reads in thread 14.
[SEGEMEHL] Sat Sep 10 07:59:26 2022: 1237380 reads in thread 15.
[SEGEMEHL] Sat Sep 10 08:49:04 2022: threaded matching w/ suffixarray has taken 2978.000000 seconds.
[SEGEMEHL] Sat Sep 10 08:49:04 2022: reading database sequences.
[SEGEMEHL] Sat Sep 10 08:49:22 2022: 1031 database sequences found.
[SEGEMEHL] Sat Sep 10 08:49:22 2022: total length of db sequences: 1203505739
[SEGEMEHL] Sat Sep 10 08:49:26 2022: reading suffix array '/yaaminiv/killifish-hypoxia-RRBS/data/GCF_011125445.2_MU-UCD_Fhet_4.1_genomic.gaidx' from disk.
[SEGEMEHL] Sat Sep 10 08:49:32 2022: reading lcpc/vtab.
[SEGEMEHL] Sat Sep 10 08:49:34 2022: reading childtab.
[SEGEMEHL] Sat Sep 10 08:49:38 2022: reading suflinks.
[SEGEMEHL] Sat Sep 10 08:49:43 2022: reading lsint id.
[SEGEMEHL] Sat Sep 10 08:49:43 2022: read suffix array '/yaaminiv/killifish-hypoxia-RRBS/data/GCF_011125445.2_MU-UCD_Fhet_4.1_genomic.gaidx' with 1203506770 elements.
[SEGEMEHL] Sat Sep 10 08:49:45 2022: md5 keys of index and db match.
[SEGEMEHL] Sat Sep 10 08:49:45 2022: reading the suffix array has taken 19.000000 seconds.
[SEGEMEHL] Sat Sep 10 08:49:45 2022: starting 16 threads.
[SEGEMEHL] Sat Sep 10 08:49:45 2022: 1237503 reads in thread 0.
[SEGEMEHL] Sat Sep 10 08:49:45 2022: 1237503 reads in thread 1.
[SEGEMEHL] Sat Sep 10 08:49:45 2022: 1237503 reads in thread 2.
[SEGEMEHL] Sat Sep 10 08:49:45 2022: 1237461 reads in thread 3.
[SEGEMEHL] Sat Sep 10 08:49:45 2022: 1237380 reads in thread 4.
[SEGEMEHL] Sat Sep 10 08:49:45 2022: 1237380 reads in thread 5.
[SEGEMEHL] Sat Sep 10 08:49:45 2022: 1237380 reads in thread 6.
[SEGEMEHL] Sat Sep 10 08:49:45 2022: 1237380 reads in thread 7.
[SEGEMEHL] Sat Sep 10 08:49:45 2022: 1237380 reads in thread 8.
[SEGEMEHL] Sat Sep 10 08:49:45 2022: 1237380 reads in thread 9.
[SEGEMEHL] Sat Sep 10 08:49:45 2022: 1237380 reads in thread 10.
[SEGEMEHL] Sat Sep 10 08:49:45 2022: 1237380 reads in thread 11.
[SEGEMEHL] Sat Sep 10 08:49:45 2022: 1237380 reads in thread 12.
[SEGEMEHL] Sat Sep 10 08:49:45 2022: 1237380 reads in thread 13.
[SEGEMEHL] Sat Sep 10 08:49:45 2022: 1237380 reads in thread 14.
[SEGEMEHL] Sat Sep 10 08:49:45 2022: 1237380 reads in thread 15.
[SEGEMEHL] Sat Sep 10 09:41:34 2022: threaded matching w/ suffixarray has taken 3109.000000 seconds.
[SEGEMEHL] Sat Sep 10 09:41:34 2022: Merging bisulfite bin 0.
[SEGEMEHL] Sat Sep 10 09:43:58 2022: Merging bisulfite bin 1.
[SEGEMEHL] Sat Sep 10 09:46:24 2022: Merging bisulfite bin 2.
[SEGEMEHL] Sat Sep 10 09:48:52 2022: Merging bisulfite bin 3.
[SEGEMEHL] Sat Sep 10 09:51:21 2022: Merging bisulfite bin 4.
[SEGEMEHL] Sat Sep 10 09:53:50 2022: Merging bisulfite bin 5.
[SEGEMEHL] Sat Sep 10 09:56:21 2022: Merging bisulfite bin 6.
[SEGEMEHL] Sat Sep 10 09:58:53 2022: Merging bisulfite bin 7.
[SEGEMEHL] Sat Sep 10 10:01:25 2022: Merging bisulfite bin 8.
[SEGEMEHL] Sat Sep 10 10:03:54 2022: Merging bisulfite bin 9.
[SEGEMEHL] Sat Sep 10 10:06:25 2022: Merging bisulfite bin 10.
[SEGEMEHL] Sat Sep 10 10:08:56 2022: Merging bisulfite bin 11.
[SEGEMEHL] Sat Sep 10 10:11:27 2022: Merging bisulfite bin 12.
[SEGEMEHL] Sat Sep 10 10:13:58 2022: Merging bisulfite bin 13.
[SEGEMEHL] Sat Sep 10 10:16:29 2022: Merging bisulfite bin 14.
[SEGEMEHL] Sat Sep 10 10:19:03 2022: Merging bisulfite bin 15.
[SEGEMEHL] Sat Sep 10 10:35:13 2022: 
Goodbye.
 "Wir sind hier nicht in Seattle Dirk!" (Tocotronic)
[bam_sort_core] merging from 6 files...
