[INFO]	Fri Sep 9, 13:37:10, 2022	Start mapping
[SYSTEM CALL] 	Fri Sep 9, 13:37:10, 2022	 segemehl.x -s -d /yaaminiv/killifish-hypoxia-RRBS/data/GCF_011125445.2_MU-UCD_Fhet_4.1_genomic.fna.gz -i /yaaminiv/killifish-hypoxia-RRBS/data/GCF_011125445.2_MU-UCD_Fhet_4.1_genomic.ctidx -j /yaaminiv/killifish-hypoxia-RRBS/data/GCF_011125445.2_MU-UCD_Fhet_4.1_genomic.gaidx -F 2 -t 16 -q /scratch/02-trimgalore/190626_I114_FCH7TVNBBXY_L3_20-N2_1_val_1.fq.gz -u /scratch/03-mapping/mapped/190626_I114_FCH7TVNBBXY_L3_20-N2.unmapped -o /scratch/03-mapping/mapped/190626_I114_FCH7TVNBBXY_L3_20-N2.sam -p /scratch/02-trimgalore/190626_I114_FCH7TVNBBXY_L3_20-N2_2_val_2.fq.gz >>/scratch/03-mapping/mapped/190626_I114_FCH7TVNBBXY_L3_20-N2.mapping.log 2>&1

[INFO]	Fri Sep 9, 15:41:12, 2022	Exclude reads from sam file (/scratch/03-mapping/mapped/190626_I114_FCH7TVNBBXY_L3_20-N2.sam) and convert nonexcluded and excluded output to bam files (/scratch/03-mapping/mapped/190626_I114_FCH7TVNBBXY_L3_20-N2.bam and /scratch/03-mapping/mapped/190626_I114_FCH7TVNBBXY_L3_20-N2.excluded.bam)
[SYSTEM CALL] 	Fri Sep 9, 16:9:32, 2022	 remove /scratch/03-mapping/mapped/190626_I114_FCH7TVNBBXY_L3_20-N2.sam
[INFO]	Fri Sep 9, 16:9:32, 2022	Gzip unmapped out file
[SYSTEM CALL] 	Fri Sep 9, 16:9:32, 2022	 gzip -f /scratch/03-mapping/mapped/190626_I114_FCH7TVNBBXY_L3_20-N2.unmapped >>/scratch/03-mapping/mapped/190626_I114_FCH7TVNBBXY_L3_20-N2.mapping.log 2>&1

[INFO]	Fri Sep 9, 16:15:17, 2022	Index regular bam file
[SYSTEM CALL] 	Fri Sep 9, 16:15:17, 2022	 samtools index /scratch/03-mapping/mapped/190626_I114_FCH7TVNBBXY_L3_20-N2.bam >>/scratch/03-mapping/mapped/190626_I114_FCH7TVNBBXY_L3_20-N2.mapping.log 2>&1

[INFO]	Fri Sep 9, 16:16:4, 2022	Index excluded bam file
[SYSTEM CALL] 	Fri Sep 9, 16:16:4, 2022	 samtools index /scratch/03-mapping/mapped/190626_I114_FCH7TVNBBXY_L3_20-N2.excluded.bam >>/scratch/03-mapping/mapped/190626_I114_FCH7TVNBBXY_L3_20-N2.mapping.log 2>&1

  9 13:39:23 2022: read suffix array '/yaaminiv/killifish-hypoxia-RRBS/data/GCF_011125445.2_MU-UCD_Fhet_4.1_genomic.ctidx' with 1203506770 elements.
[SEGEMEHL] Fri Sep  9 13:39:25 2022: md5 keys of index and db match.
[SEGEMEHL] Fri Sep  9 13:39:25 2022: reading the suffix array has taken 19.000000 seconds.
[SEGEMEHL] Fri Sep  9 13:39:25 2022: starting 16 threads.
[SEGEMEHL] Fri Sep  9 13:39:25 2022: 1139266 reads in thread 0.
[SEGEMEHL] Fri Sep  9 13:39:25 2022: 1139266 reads in thread 1.
[SEGEMEHL] Fri Sep  9 13:39:25 2022: 1139266 reads in thread 2.
[SEGEMEHL] Fri Sep  9 13:39:25 2022: 1139266 reads in thread 3.
[SEGEMEHL] Fri Sep  9 13:39:25 2022: 1139266 reads in thread 4.
[SEGEMEHL] Fri Sep  9 13:39:25 2022: 1139266 reads in thread 5.
[SEGEMEHL] Fri Sep  9 13:39:25 2022: 1139209 reads in thread 6.
[SEGEMEHL] Fri Sep  9 13:39:25 2022: 1139153 reads in thread 7.
[SEGEMEHL] Fri Sep  9 13:39:25 2022: 1139153 reads in thread 8.
[SEGEMEHL] Fri Sep  9 13:39:25 2022: 1139153 reads in thread 9.
[SEGEMEHL] Fri Sep  9 13:39:25 2022: 1139153 reads in thread 10.
[SEGEMEHL] Fri Sep  9 13:39:25 2022: 1139153 reads in thread 11.
[SEGEMEHL] Fri Sep  9 13:39:25 2022: 1139153 reads in thread 12.
[SEGEMEHL] Fri Sep  9 13:39:25 2022: 1139153 reads in thread 13.
[SEGEMEHL] Fri Sep  9 13:39:25 2022: 1139153 reads in thread 14.
[SEGEMEHL] Fri Sep  9 13:39:25 2022: 1139153 reads in thread 15.
[SEGEMEHL] Fri Sep  9 14:20:39 2022: threaded matching w/ suffixarray has taken 2474.000000 seconds.
[SEGEMEHL] Fri Sep  9 14:20:39 2022: reading database sequences.
[SEGEMEHL] Fri Sep  9 14:20:57 2022: 1031 database sequences found.
[SEGEMEHL] Fri Sep  9 14:20:57 2022: total length of db sequences: 1203505739
[SEGEMEHL] Fri Sep  9 14:21:01 2022: reading suffix array '/yaaminiv/killifish-hypoxia-RRBS/data/GCF_011125445.2_MU-UCD_Fhet_4.1_genomic.gaidx' from disk.
[SEGEMEHL] Fri Sep  9 14:21:07 2022: reading lcpc/vtab.
[SEGEMEHL] Fri Sep  9 14:21:09 2022: reading childtab.
[SEGEMEHL] Fri Sep  9 14:21:13 2022: reading suflinks.
[SEGEMEHL] Fri Sep  9 14:21:18 2022: reading lsint id.
[SEGEMEHL] Fri Sep  9 14:21:18 2022: read suffix array '/yaaminiv/killifish-hypoxia-RRBS/data/GCF_011125445.2_MU-UCD_Fhet_4.1_genomic.gaidx' with 1203506770 elements.
[SEGEMEHL] Fri Sep  9 14:21:20 2022: md5 keys of index and db match.
[SEGEMEHL] Fri Sep  9 14:21:20 2022: reading the suffix array has taken 19.000000 seconds.
[SEGEMEHL] Fri Sep  9 14:21:20 2022: starting 16 threads.
[SEGEMEHL] Fri Sep  9 14:21:20 2022: 1139266 reads in thread 0.
[SEGEMEHL] Fri Sep  9 14:21:20 2022: 1139266 reads in thread 1.
[SEGEMEHL] Fri Sep  9 14:21:20 2022: 1139266 reads in thread 2.
[SEGEMEHL] Fri Sep  9 14:21:20 2022: 1139266 reads in thread 3.
[SEGEMEHL] Fri Sep  9 14:21:20 2022: 1139266 reads in thread 4.
[SEGEMEHL] Fri Sep  9 14:21:20 2022: 1139266 reads in thread 5.
[SEGEMEHL] Fri Sep  9 14:21:20 2022: 1139209 reads in thread 6.
[SEGEMEHL] Fri Sep  9 14:21:20 2022: 1139153 reads in thread 7.
[SEGEMEHL] Fri Sep  9 14:21:20 2022: 1139153 reads in thread 8.
[SEGEMEHL] Fri Sep  9 14:21:20 2022: 1139153 reads in thread 9.
[SEGEMEHL] Fri Sep  9 14:21:20 2022: 1139153 reads in thread 10.
[SEGEMEHL] Fri Sep  9 14:21:20 2022: 1139153 reads in thread 11.
[SEGEMEHL] Fri Sep  9 14:21:20 2022: 1139153 reads in thread 12.
[SEGEMEHL] Fri Sep  9 14:21:20 2022: 1139153 reads in thread 13.
[SEGEMEHL] Fri Sep  9 14:21:20 2022: 1139153 reads in thread 14.
[SEGEMEHL] Fri Sep  9 14:21:20 2022: 1139153 reads in thread 15.
[SEGEMEHL] Fri Sep  9 15:04:52 2022: threaded matching w/ suffixarray has taken 2612.000000 seconds.
[SEGEMEHL] Fri Sep  9 15:04:52 2022: Merging bisulfite bin 0.
[SEGEMEHL] Fri Sep  9 15:06:30 2022: Merging bisulfite bin 1.
[SEGEMEHL] Fri Sep  9 15:08:08 2022: Merging bisulfite bin 2.
[SEGEMEHL] Fri Sep  9 15:09:46 2022: Merging bisulfite bin 3.
[SEGEMEHL] Fri Sep  9 15:11:24 2022: Merging bisulfite bin 4.
[SEGEMEHL] Fri Sep  9 15:13:03 2022: Merging bisulfite bin 5.
[SEGEMEHL] Fri Sep  9 15:14:42 2022: Merging bisulfite bin 6.
[SEGEMEHL] Fri Sep  9 15:16:23 2022: Merging bisulfite bin 7.
[SEGEMEHL] Fri Sep  9 15:18:02 2022: Merging bisulfite bin 8.
[SEGEMEHL] Fri Sep  9 15:19:42 2022: Merging bisulfite bin 9.
[SEGEMEHL] Fri Sep  9 15:21:23 2022: Merging bisulfite bin 10.
[SEGEMEHL] Fri Sep  9 15:23:02 2022: Merging bisulfite bin 11.
[SEGEMEHL] Fri Sep  9 15:24:45 2022: Merging bisulfite bin 12.
[SEGEMEHL] Fri Sep  9 15:26:40 2022: Merging bisulfite bin 13.
[SEGEMEHL] Fri Sep  9 15:28:22 2022: Merging bisulfite bin 14.
[SEGEMEHL] Fri Sep  9 15:30:06 2022: Merging bisulfite bin 15.
[SEGEMEHL] Fri Sep  9 15:41:12 2022: 
Goodbye.
 "Mahlzeit!" (Ditsche, Ingo, Schildkroede)
[bam_sort_core] merging from 4 files...
