JXMV01062993.1	212	553	1	0.108333	15	0.011	0.062	0.80067	0.69233
KN805526.1	3166078	3166149	0.22	-0.175000	17	4.7e-07	8.3e-06	0.021912	0.19691
KN805526.1	4360531	4360685	1	0.112917	12	0.024	0.052	0.38583	0.27292
KN805526.1	5049672	5049713	1	-0.108846	13	0.078	0.35	0.52769	0.63654
KN805526.1	5436481	5436590	1	0.137292	12	0.05	0.085	0.13833	0.0010417
KN805526.1	5863371	5863403	1	0.117250	10	0.052	0.092	0.20925	0.092
KN805527.1	1239763	1239917	1	0.121923	13	0.012	0.012	0.38019	0.25827
KN805527.1	2174158	2174312	1	0.115417	12	0.021	0.024	0.38563	0.27021
KN805527.1	3177201	3177273	0.33	-0.178889	18	2.1e-07	1.2e-05	0.023194	0.20208
KN805530.1	613928	613989	1	0.121250	10	0.013	0.016	0.404	0.28275
KN805540.1	286626	286713	1	0.189500	10	0.039	0.29	0.316	0.1265
KN805545.1	226245	226582	1	0.112917	12	0.0047	0.16	0.75854	0.64562
KN805551.1	506982	507048	1	-0.221731	13	9.8e-07	0.0001	0.68462	0.90635
KN805560.1	73934	73974	1	-0.112000	10	0.077	0.15	0.4645	0.5765
KN805560.1	566526	566598	0.15	-0.177353	17	3.2e-07	5.6e-06	0.015588	0.19294
KN805563.1	28724	28777	1	-0.114545	11	0.37	0.16	0.046136	0.16068
KN805593.1	258734	258807	1	-0.112250	10	0.0011	0.016	0.104	0.21625
KN805593.1	264606	264679	1	-0.112250	10	0.0011	0.016	0.104	0.21625
KN805621.1	421790	421831	1	-0.117708	12	0.021	0.084	0.45979	0.5775
KN805693.1	4030	4073	1	-0.109250	10	0.00012	0.0013	0.02475	0.134
KN805707.1	132916	133087	1	0.154000	10	0.065	0.091	0.19975	0.04575
KN805710.1	11014	11048	1	0.163125	12	0.0035	0.024	0.71979	0.55667
KN805734.1	213838	213871	1	0.116750	10	0.063	0.42	0.7405	0.62375
KN805758.1	499448	500342	1	0.102031	16	0.019	0.034	0.73703	0.635
KN805760.1	356966	357145	1	0.245000	12	2.8e-05	0.00031	0.81667	0.57167
KN805766.1	418155	418185	1	-0.104250	10	0.0054	0.054	0.70975	0.814
KN805774.1	150877	150969	1	-0.176667	12	0.88	0.35	0.058542	0.23521
KN805783.1	72192	72542	1	-0.145250	10	0.0043	0.021	0.598	0.74325
KN805788.1	412719	412749	1	0.117292	12	8.3e-05	0.00044	0.33896	0.22167
KN805821.1	1719687	1720344	1	0.109250	10	0.13	0.28	0.7645	0.65525
KN805822.1	3060968	3061039	1	-0.123529	17	0.052	0.023	0.021912	0.14544
KN805833.1	341914	341953	1	0.111458	12	0.013	0.052	0.26042	0.14896
KN805837.1	235573	235615	1	-0.117250	10	0.024	0.12	0.64325	0.7605
KN805917.1	117823	118202	1	0.112500	13	0.019	0.044	0.29885	0.18635
KN805941.1	270670	270874	1	-0.143250	10	0.033	0.23	0.36425	0.5075
KN805945.1	62203	62236	1	0.112250	10	0.077	0.42	0.73275	0.6205
KN805976.1	25491	25549	1	-0.106042	12	0.075	0.11	0.42833	0.53438
KN806032.1	141328	141392	1	0.107000	10	0.062	0.07	0.25725	0.15025
KN806067.1	37482	37545	1	-0.132353	17	0.078	0.018	0.5325	0.66485
KN806088.1	8	346	1	-0.272500	10	4.1e-05	0.00081	0.39775	0.67025
KN806149.1	179708	179738	1	0.102083	12	0.004	0.013	0.3675	0.26542
KN806190.1	4889	5082	0.32	0.145833	21	4.5e-09	1.2e-05	0.87119	0.72536
KN806195.1	64283	64382	1	0.109750	10	0.0075	0.067	0.918	0.80825
KN806195.1	64519	64592	1	0.130500	10	0.0014	0.022	0.7985	0.668
KN806200.1	48310	48625	1	0.176750	10	0.0014	0.022	0.7945	0.61775
KN806204.1	12033	12143	1	-0.123250	10	0.044	0.19	0.66925	0.7925
KN806253.1	127531	127657	1	-0.131750	10	0.078	0.19	0.719	0.85075
KN806279.1	31126	31184	1	-0.124545	11	0.016	0.16	0.5125	0.63705
KN806291.1	107549	107694	1	0.141250	12	0.2	0.023	0.74208	0.60083
KN806328.1	116880	116938	1	-0.111667	12	0.069	0.11	0.43937	0.55104
KN806341.1	27473	27536	1	-0.165833	12	0.041	0.04	0.43729	0.60313
KN806520.1	58392	58463	1	0.147250	10	0.027	0.15	0.75725	0.61
KN806569.1	4026	4329	1	0.104000	10	0.0037	0.022	0.81325	0.70925
KN806569.1	4465	4686	1	0.109250	10	0.049	0.23	0.8485	0.73925
KN806611.1	44280	44384	1	0.107000	10	0.0038	0.054	0.90025	0.79325
KN806635.1	7552	7851	1	0.104250	10	0.0014	0.006	0.82025	0.716
KN806636.1	16240	16270	1	0.107292	12	4.6e-05	0.00044	0.33	0.22271
KN806812.1	40203	40233	1	0.102917	12	0.0026	0.023	0.35604	0.25313
KN806930.1	2254	2408	1	0.121346	13	0.0088	0.021	0.37327	0.25192
KN807145.1	23722	23782	1	0.108654	13	0.00014	0.0026	0.80615	0.6975
KN807270.1	21176	21443	1	-0.117292	12	0.035	0.16	0.47417	0.59146
KN807425.1	42909	43161	1	0.135417	12	0.025	0.067	0.80104	0.66563
KN807442.1	18699	18739	1	0.162750	10	0.0026	0.091	0.89875	0.736
KN807450.1	6815	7174	1	-0.143571	14	0.0038	0.017	0.39214	0.53571
KN808211.1	12607	12763	1	-0.126719	16	0.00043	0.0015	0.72125	0.84797
KN808367.1	11554	11663	1	0.163125	16	3.3e-06	0.0003	0.78156	0.61844
KN808367.1	11730	11773	1	0.136250	10	0.001	0.006	0.77725	0.641
KN808563.1	7519	7547	1	-0.108250	10	0.13	0.57	0.65	0.75825
KN808813.1	9021	9051	1	0.146042	12	2.3e-05	0.00063	0.37667	0.23062
KN809451.1	7953	7987	1	0.161875	12	0.0035	0.041	0.72021	0.55833
KN809563.1	3620	3798	1	0.106429	14	0.0076	0.048	0.745	0.63857
KN811286.1	1700662	1700754	1	-0.148696	23	0.00012	5.2e-05	0.016087	0.16478
KN811286.1	3166783	3166815	1	0.128000	10	0.0054	0.0084	0.8225	0.6945
KN811288.1	3179293	3179322	1	0.111500	10	0.00051	0.012	0.89575	0.78425
KN811294.1	1562313	1562400	1	-0.132125	20	0.00016	0.0003	0.015625	0.14775
KN811296.1	875012	875149	0.47	-0.221923	13	3.5e-06	1.8e-05	0.62538	0.84731
KN811298.1	131219	131311	1	-0.150761	23	1.3e-05	9.3e-05	0.025435	0.1762
KN811298.1	195513	195667	1	0.111154	13	0.016	0.057	0.36654	0.25538
KN811298.1	675344	675445	1	-0.193333	15	0.0082	0.0022	0.18783	0.38117
KN811300.1	2057390	2057544	1	0.113125	12	0.017	0.031	0.38167	0.26854
KN811304.1	1122198	1122228	1	0.113333	12	0.00017	0.00044	0.33354	0.22021
KN811314.1	1586453	1586485	1	0.124000	10	0.018	0.0083	0.213	0.089
KN811317.1	2478456	2478603	1	0.115000	13	0.013	0.035	0.36962	0.25462
KN811319.1	114654	114808	1	0.108542	12	0.027	0.085	0.38437	0.27583
KN811327.1	2073508	2073703	1	0.106000	10	0.041	0.15	0.744	0.638
KN811327.1	2073765	2073820	1	0.163250	10	0.0091	0.24	0.77275	0.6095
KN811340.1	1980054	1980125	1	-0.126912	17	0.11	0.029	0.023088	0.15
KN811340.1	3309944	3310016	0.68	-0.178750	18	1.2e-07	2.5e-05	0.02375	0.2025
KN811350.1	513600	513668	1	0.106875	16	0.00033	0.017	0.86828	0.76141
KN811352.1	119755	119898	1	0.102727	11	0.029	0.35	0.81682	0.71409
KN811356.1	1719036	1719369	1	0.162250	10	0.0054	0.012	0.27675	0.1145
KN811364.1	707983	708031	1	-0.128167	15	0.00021	0.00062	0.019167	0.14733
KN811366.1	1803330	1803440	1	-0.134500	10	0.03	0.29	0.70775	0.84225
KN811368.1	1875563	1875626	1	-0.126176	17	0.13	0.011	0.53956	0.66574
KN811370.1	1515995	1516067	0.23	-0.178889	18	2.1e-07	8.6e-06	0.023194	0.20208
KN811372.1	3583756	3583873	1	0.143500	10	0.00028	0.0013	0.9445	0.801
KN811372.1	4509305	4509519	1	0.152500	10	0.00093	0.016	0.18275	0.03025
KN811378.1	381375	381467	1	-0.178958	12	0.65	0.35	0.053958	0.23292
KN811379.1	10910	11519	1	0.139412	17	0.0064	0.045	0.84941	0.71
KN811385.1	1080078	1080150	0.33	-0.178889	18	2.1e-07	1.2e-05	0.023194	0.20208
KN811387.1	385509	385568	1	0.101000	10	0.036	0.15	0.71825	0.61725
KN811391.1	569588	569654	1	-0.232250	10	0.0004	0.0085	0.657	0.88925
KN811395.1	436435	436518	1	0.161500	10	0.00073	0.016	0.20725	0.04575
KN811395.1	704254	704315	1	0.101000	10	0.044	0.0042	0.392	0.291
KN811405.1	2755757	2755849	1	-0.103229	24	0.16	0.035	0.027083	0.13031
KN811407.1	486271	486399	1	0.101346	13	0.097	0.012	0.12635	0.025
KN811412.1	618219	618248	1	0.248250	10	0.0012	0.00039	0.6525	0.40425
KN811416.1	878797	878869	0.67	-0.178194	18	8.5e-07	2.5e-05	0.023194	0.20139
KN811437.1	138560	138684	1	-0.164500	10	0.0051	0.012	0.147	0.3115
KN811437.1	1020828	1020965	1	-0.218846	13	4e-06	4.1e-05	0.6275	0.84635
KN811440.1	93466	93515	1	0.175833	12	0.0012	0.013	0.70896	0.53312
KN811452.1	264208	264280	1	-0.157639	18	4.1e-05	0.00019	0.023194	0.18083
KN811455.1	791281	791387	1	0.117875	20	0.00031	0.014	0.232	0.11412
KN811457.1	550597	550751	1	0.110208	12	0.024	0.085	0.38521	0.275
KN811465.1	327745	328248	1	0.124000	10	0.068	0.19	0.6265	0.5025
KN811475.1	319290	319362	1	-0.177917	18	7.7e-07	5e-05	0.022778	0.20069
KN811475.1	474590	474623	1	0.114250	10	0.068	0.5	0.7375	0.62325
KN811478.1	998577	998607	1	0.113333	12	0.00016	0.0019	0.3325	0.21917
KN811487.1	609066	609127	1	0.103636	11	0.028	0.0077	0.30864	0.205
KN811502.1	850452	850482	1	0.109375	12	0.00015	0.00045	0.33792	0.22854
KN811529.1	983000	983049	1	0.175208	12	0.0013	0.013	0.70875	0.53354
KN811538.1	584359	584431	0.48	-0.179583	18	6.3e-08	1.8e-05	0.022917	0.2025
KN811546.1	1616360	1616390	1	0.111875	12	0.00054	0.007	0.34104	0.22917
KN811550.1	428041	428146	0.0015	0.335750	10	3.1e-08	5.6e-08	0.336	0.00025
KN811558.1	281997	282069	1	-0.140139	18	0.012	0.015	0.023194	0.16333
KN811583.1	129853	130361	1	0.105000	10	0.1	0.42	0.779	0.674
KN811586.1	185426	185498	1	0.117250	10	0.0035	0.0042	0.2695	0.15225
KN811604.1	645304	645398	1	0.128250	10	0.083	0.12	0.7705	0.64225
