JXMV01056490.1	2230	2398	1	-0.183030	11	0.055	0.031	0.49364	0.67667
JXMV01056490.1	2439	2479	1	-0.187333	10	0.18	0.054	0.685	0.87233
JXMV01063311.1	856	1252	1	-0.146944	12	0.03	0.13	0.37417	0.52111
JXMV01064169.1	4883	5095	1	-0.120909	11	0.0023	0.041	0.059394	0.1803
JXMV01064316.1	96	168	1	-0.125667	10	0.014	0.074	0.211	0.33667
JXMV01064381.1	6283	6569	1	0.117255	17	0.0049	0.024	0.78902	0.67176
JXMV01064456.1	1348	1411	1	-0.162000	10	0.0093	0.018	0.29433	0.45633
JXMV01064574.1	2521	2551	1	-0.172333	10	0.00028	0.0023	0.596	0.76833
JXMV01064648.1	1734	1770	1	-0.157333	10	0.00035	0.0014	0.621	0.77833
JXMV01065437.1	53	144	1	-0.112424	11	0.016	0.059	0.20545	0.31788
JXMV01065536.1	124	154	1	-0.164333	10	0.00046	0.0036	0.59267	0.757
JXMV01065711.1	1210	1355	1	-0.195000	10	0.084	0.29	0.68833	0.88333
JXMV01065726.1	1101	1165	0.00035	-0.400952	14	1.7e-10	6.4e-09	0.3781	0.77905
JXMV01067252.1	312	367	1	-0.215000	16	0.00027	0.023	0.38792	0.60292
KN805525.1	2027164	2027193	1	-0.108974	13	6.8e-05	0.0035	0.10667	0.21564
KN805525.1	2730577	2730607	1	-0.177000	10	0.00031	0.0036	0.589	0.766
KN805526.1	286068	286142	1	-0.171389	12	0.0064	0.0018	0.64278	0.81417
KN805526.1	2470369	2470398	1	-0.108974	13	6.8e-05	0.0035	0.10667	0.21564
KN805526.1	4262874	4262904	1	-0.176000	10	0.00029	0.0023	0.59133	0.76733
KN805526.1	4360531	4360685	0.067	-0.282564	13	7.9e-09	1.2e-06	0.2159	0.49846
KN805526.1	5049716	5049759	0.18	-0.236167	20	3.4e-07	3.4e-06	0.2165	0.45267
KN805526.1	5866034	5866561	1	-0.104667	10	0.11	0.36	0.72567	0.83033
KN805527.1	1239763	1239917	0.021	-0.295641	13	1.4e-09	3.9e-07	0.21615	0.51179
KN805527.1	2174158	2174312	0.021	-0.287179	13	2.5e-09	3.9e-07	0.21641	0.50359
KN805528.1	1878646	1878674	1	0.154444	12	0.00018	0.00048	0.80472	0.65028
KN805528.1	2013246	2013335	1	-0.164167	12	0.00028	0.017	0.19639	0.36056
KN805528.1	2319789	2319868	1	0.177000	10	0.1	0.18	0.571	0.394
KN805528.1	3618916	3618946	1	-0.176667	10	0.00035	0.0023	0.58867	0.76533
KN805529.1	384000	384311	1	0.100333	10	0.0068	0.012	0.833	0.73267
KN805536.1	590233	590454	1	-0.226429	14	0.21	0.26	0.046905	0.27333
KN805539.1	606253	606450	1	-0.154848	11	0.0057	0.078	0.16394	0.31879
KN805540.1	302281	302371	1	-0.140909	11	0.0075	0.14	0.21636	0.35727
KN805541.1	754982	755012	1	-0.179000	10	0.00023	0.0015	0.58967	0.76867
KN805541.1	816015	816045	1	-0.179333	10	0.00029	0.0023	0.59033	0.76967
KN805545.1	148969	149050	1	-0.194167	12	0.057	0.18	0.465	0.65917
KN805550.1	220963	221140	1	0.273333	10	7.5e-06	4e-05	0.91333	0.64
KN805558.1	378011	378101	1	-0.131818	11	0.013	0.23	0.22	0.35182
KN805559.1	263872	264115	1	0.145667	10	0.014	0.074	0.82967	0.684
KN805561.1	655878	655931	0.019	-0.229608	17	1.6e-08	3.5e-07	0.62333	0.85294
KN805562.1	577443	577669	1	-0.204333	10	0.005	0.05	0.31333	0.51767
KN805564.1	693515	693612	1	-0.145833	12	0.0038	0.046	0.20944	0.35528
KN805571.1	213256	213738	1	-0.128333	10	0.31	0.29	0.63	0.75833
KN805573.1	663675	663728	1	-0.162381	14	0.00012	0.0014	0.58905	0.75143
KN805574.1	400666	400696	1	-0.179667	10	0.00028	0.0023	0.58933	0.769
KN805575.1	138367	138395	1	0.179167	12	9.3e-05	0.004	0.79667	0.6175
KN805577.1	175360	175413	1	-0.162857	14	0.00013	0.0029	0.59286	0.75571
KN805579.1	372698	372794	1	-0.176970	11	8.8e-06	7.7e-05	0.17667	0.35364
KN805581.1	636384	636414	1	-0.173000	10	0.00029	0.0023	0.59067	0.76367
KN805584.1	203680	203716	1	-0.222000	10	0.00012	0.00021	0.22167	0.44367
KN805585.1	73979	74175	1	-0.208667	15	6.4e-05	0.0032	0.52644	0.73511
KN805588.1	472879	473155	1	-0.134167	12	0.035	0.28	0.4725	0.60667
KN805591.1	143281	143317	1	-0.128000	10	0.0093	0.019	0.64667	0.77467
KN805593.1	468296	468349	1	-0.156889	15	0.0013	0.0065	0.60489	0.76178
KN805593.1	613041	613071	1	-0.168667	10	0.00043	0.0023	0.59133	0.76
KN805597.1	675411	675435	1	0.181333	10	0.00039	0.00034	0.76167	0.58033
KN805600.1	171712	171770	1	0.153000	10	0.0031	0.013	0.154	0.001
KN805600.1	378394	378816	1	0.151333	10	0.18	0.23	0.322	0.17067
KN805603.1	98095	98131	1	-0.196333	10	0.0015	0.0084	0.3	0.49633
KN805603.1	2637518	2637793	1	-0.125278	12	0.031	0.062	0.62778	0.75306
KN805604.1	1635378	1635590	1	-0.205111	15	0.056	0.0091	0.44711	0.65222
KN805604.1	3724107	3724131	1	0.164000	10	0.003	0.13	0.83533	0.67133
KN805605.1	107724	107901	1	-0.135000	10	0.025	0.025	0.66433	0.79933
KN805611.1	41628	41658	1	-0.173000	10	0.00035	0.0023	0.59167	0.76467
KN805618.1	597874	597910	1	-0.152333	10	0.00043	0.0014	0.621	0.77333
KN805619.1	209095	209344	1	-0.119000	10	0.48	0.13	0.75067	0.86967
KN805621.1	421806	421869	1	-0.169231	26	1.4e-06	0.00012	0.325	0.49423
KN805624.1	236001	236201	1	-0.179778	15	0.0002	0.0047	0.37933	0.55911
KN805625.1	544819	544849	1	-0.172667	10	0.00035	0.0023	0.59233	0.765
KN805627.1	8087	8253	1	-0.208205	13	0.00015	0.0011	0.51026	0.71846
KN805627.1	333894	333924	1	-0.160333	10	0.00048	0.0023	0.59833	0.75867
KN805627.1	590732	591123	1	0.106333	10	0.0011	0.018	0.84967	0.74333
KN805636.1	549931	550021	1	-0.274667	10	0.01	0.038	0.54033	0.815
KN805637.1	464494	464771	1	-0.276970	11	2.4e-05	0.0033	0.13424	0.41121
KN805641.1	10493	10523	1	-0.171667	10	0.00035	0.0023	0.591	0.76267
KN805642.1	9497	9527	1	-0.177333	10	0.00033	0.0036	0.58867	0.766
KN805645.1	23163	23187	1	0.181667	10	0.00039	0.00034	0.762	0.58033
KN805647.1	139628	139665	1	-0.115667	10	0.076	0.1	0.69433	0.81
KN805649.1	404185	404385	1	-0.125667	10	0.084	0.096	0.61733	0.743
KN805650.1	336685	336700	1	-0.105333	10	0.8	0.1	0.77567	0.881
KN805652.1	494046	494210	1	-0.203636	11	0.002	0.007	0.46303	0.66667
KN805657.1	12249	12302	1	-0.164048	14	0.00012	0.0029	0.58381	0.74786
KN805658.1	191774	192019	1	0.133333	10	8.9e-05	0.00059	0.91467	0.78133
KN805661.1	553285	553315	1	-0.180000	10	0.00031	0.0023	0.59067	0.77067
KN805663.1	195168	195236	1	-0.209167	12	0.0038	0.0087	0.0030556	0.21222
KN805663.1	262526	262589	1	-0.147333	10	0.017	0.053	0.29867	0.446
KN805665.1	183461	183553	1	-0.122333	10	0.036	0.054	0.72933	0.85167
KN805667.1	165061	165207	1	-0.177879	11	0.021	7.8e-05	0.49485	0.67273
KN805670.1	474431	474489	1	0.151000	10	0.0068	0.018	0.951	0.8
KN805671.1	322047	322240	1	0.106667	10	0.0027	0.012	0.83567	0.729
KN805677.1	133202	133478	1	-0.168000	10	0.34	0.37	0.67233	0.84033
KN805683.1	263121	263278	1	-0.109000	10	0.56	0.85	0.63533	0.74433
KN805685.1	213200	213451	1	-0.136000	10	0.18	0.29	0.565	0.701
KN805687.1	520475	520555	1	0.204444	12	0.34	0.062	0.33444	0.13
KN805689.1	204801	204861	1	-0.101667	10	0.16	0.36	0.44667	0.54833
KN805691.1	23902	24114	0.2	-0.145333	10	4.3e-06	3.8e-06	0.133	0.27833
KN805692.1	350884	350939	1	-0.366333	10	5e-07	0.00012	0.049333	0.41567
KN805692.1	428404	428587	1	0.141026	13	0.0019	0.007	0.71769	0.57667
KN805698.1	2807933	2807957	1	0.224000	10	0.0028	0.054	0.806	0.582
KN805698.1	3471413	3471528	1	-0.163667	10	0.036	0.1	0.47867	0.64233
KN805699.1	608657	608687	1	-0.172667	10	0.00035	0.0023	0.591	0.76367
KN805703.1	535178	535430	1	-0.175333	10	0.06	0.23	0.65567	0.831
KN805705.1	440839	440877	1	-0.195556	12	0.072	0.012	0.55472	0.75028
KN805705.1	458120	458458	1	-0.123667	10	0.011	0.1	0.63067	0.75433
KN805708.1	189634	189802	1	-0.136000	10	0.02	0.0049	0.64833	0.78433
KN805708.1	255979	256003	1	0.201000	10	0.00035	0.0056	0.799	0.598
KN805708.1	410367	410502	1	-0.185667	10	0.16	0.13	0.55767	0.74333
KN805713.1	152120	152255	1	-0.189667	10	0.019	0.00012	0.51733	0.707
KN805715.1	224126	224223	1	-0.115000	12	0.49	0.18	0.74111	0.85611
KN805721.1	191367	191513	1	-0.127222	12	0.1	0.078	0.33833	0.46556
KN805723.1	285166	285280	1	-0.292222	12	5.4e-06	7.7e-05	0.0088889	0.30111
KN805732.1	217850	217880	1	-0.181667	10	0.00023	0.0023	0.589	0.77067
KN805734.1	213820	213848	1	-0.105667	10	0.017	0.18	0.52467	0.63033
KN805735.1	340097	340127	1	-0.176667	10	0.00033	0.0023	0.591	0.76767
KN805738.1	265610	265805	1	0.107000	10	0.046	0.1	0.15967	0.052667
KN805740.1	50218	50234	1	-0.149000	10	0.0001	0.00021	0.13767	0.28667
KN805743.1	18427	18518	1	-0.110000	11	0.034	0.11	0.18303	0.29303
KN805745.1	448311	448586	1	-0.140000	12	0.045	0.045	0.61139	0.75139
KN805748.1	236584	236614	1	-0.180000	10	0.00031	0.0023	0.587	0.767
KN805749.1	410735	410833	1	-0.137917	16	0.00046	0.03	0.17333	0.31125
KN805749.1	487104	487162	1	-0.138095	14	0.0051	0.011	0.30571	0.44381
KN805750.1	448603	448771	1	-0.204848	11	0.0006	0.0032	0.34758	0.55242
KN805751.1	170217	170270	1	-0.156429	14	0.00023	0.0029	0.58524	0.74167
KN805755.1	341057	341191	1	-0.110000	10	0.34	0.23	0.69133	0.80133
KN805760.1	275851	276126	1	-0.181905	14	1.3e-05	0.0013	0.58833	0.77024
KN805760.1	357009	357124	1	0.139333	10	0.023	0.0085	0.758	0.61867
KN805763.1	177560	177613	1	-0.162000	15	0.001	0.0048	0.582	0.744
KN805766.1	194417	194510	1	-0.111333	10	0.18	0.1	0.69233	0.80367
KN805767.1	433118	433247	1	-0.141333	10	1.8e-05	3.8e-05	0.0013333	0.14267
KN805768.1	455299	455337	1	-0.212333	10	0.024	0.027	0.50367	0.716
KN805779.1	430630	430705	1	-0.161944	12	0.077	0.0077	0.61389	0.77583
KN805783.1	71585	71695	1	-0.218205	13	3e-05	0.00027	0.43231	0.65051
KN805783.1	72192	72541	1	-0.250476	14	0.00018	0.0019	0.43476	0.68524
KN805786.1	26	153	1	-0.197111	15	8.1e-05	9.8e-05	0.33978	0.53689
KN805787.1	279609	279645	1	-0.152333	10	0.00039	0.0014	0.62033	0.77267
KN805792.1	275302	275436	0.34	-0.344615	13	4e-06	6.3e-06	0.28513	0.62974
KN805795.1	17747	18025	1	-0.216333	10	0.018	0.00049	0.41767	0.634
KN805795.1	260272	260413	1	-0.102222	12	0.0084	0.0042	0.12639	0.22861
KN805797.1	194613	194709	1	-0.169487	13	4.3e-05	0.0007	0.19974	0.36923
KN805798.1	219658	219821	1	-0.328333	10	9.5e-05	0.018	0.329	0.65733
KN805806.1	48395	48425	1	-0.173000	10	0.00033	0.0023	0.59067	0.76367
KN805807.1	84676	84983	1	-0.149333	10	0.053	0.1	0.35233	0.50167
KN805808.1	144625	144655	1	-0.176667	10	0.00029	0.0023	0.58867	0.76533
KN805813.1	268923	269143	1	-0.178611	12	0.0024	0.023	0.41472	0.59333
KN805814.1	66015	66044	1	-0.108974	13	6.8e-05	0.0035	0.10667	0.21564
KN805815.1	285380	285548	1	-0.209333	15	0.048	0.022	0.50444	0.71378
KN805817.1	250891	250921	1	-0.180000	10	0.00019	0.0023	0.60133	0.78133
KN805821.1	2205412	2205442	1	-0.172667	10	0.00035	0.0023	0.591	0.76367
KN805822.1	630035	630348	1	-0.102778	12	0.42	0.08	0.62944	0.73222
KN805823.1	57428	57464	1	-0.139333	10	0.005	0.054	0.53333	0.67267
KN805823.1	318090	318476	1	-0.108444	15	0.038	0.37	0.25111	0.35956
KN805831.1	320994	321054	1	0.218667	10	0.00037	0.0056	0.83567	0.617
KN805835.1	270870	270906	1	-0.189000	10	0.00028	0.00057	0.205	0.394
KN805836.1	252137	252179	1	-0.189667	10	0.076	0.027	0.516	0.70567
KN805840.1	348354	348500	1	-0.143333	10	0.39	0.1	0.64767	0.791
KN805841.1	236293	236559	1	-0.159667	10	0.00088	0.0037	0.508	0.66767
KN805846.1	359612	359682	1	-0.138333	10	0.026	0.1	0.74167	0.88
KN805855.1	158221	158356	1	0.180833	12	0.00082	0.0088	0.78806	0.60722
KN805855.1	236488	236577	1	0.162549	17	1e-05	0.0022	0.92098	0.75843
KN805860.1	410080	410484	1	-0.199444	12	0.042	0.062	0.60889	0.80833
KN805868.1	205813	205852	1	-0.160333	10	0.021	0.027	0.66833	0.82867
KN805872.1	27144	27190	1	0.259667	10	0.086	0.18	0.38333	0.12367
KN805873.1	22041	22129	1	0.214333	10	1.4e-05	0.00035	0.92667	0.71233
KN805873.1	75770	75958	1	-0.161333	10	0.06	0.1	0.68167	0.843
KN805881.1	212878	212921	1	-0.237667	10	4.8e-05	0.0024	0.47967	0.71733
KN805893.1	66018	66048	1	-0.178333	10	0.00012	0.0023	0.604	0.78233
KN805906.1	316871	317290	1	-0.191333	10	0.19	0.18	0.577	0.76833
KN805908.1	143903	144019	1	-0.349333	10	9.5e-05	0.00036	0.018	0.36733
KN805916.1	144886	144984	1	0.145667	10	0.00017	0.00054	0.95	0.80433
KN805916.1	247835	247906	1	-0.133667	10	0.02	0.18	0.23067	0.36433
KN805917.1	117844	118167	1	-0.171667	10	0.00088	0.0036	0.18933	0.361
KN805921.1	7494	7720	1	0.122667	10	0.026	0.29	0.79533	0.67267
KN805922.1	211089	211142	0.019	-0.222745	17	2e-08	3.5e-07	0.62353	0.84627
KN805929.1	94439	94699	1	-0.150185	18	4.6e-05	0.0022	0.19111	0.3413
KN805929.1	214179	214437	1	0.133667	10	0.065	0.29	0.61733	0.48367
KN805930.1	161946	162241	1	-0.139167	12	0.054	0.22	0.67889	0.81806
KN805933.1	210159	210188	1	-0.106154	13	0.0001	0.0024	0.11	0.21615
KN805939.1	61113	61165	1	-0.177667	10	0.0022	0.026	0.16433	0.342
KN805945.1	62185	62213	1	-0.103333	10	0.015	0.13	0.51867	0.622
KN805950.1	246485	246702	1	-0.195686	17	0.015	0.019	0.43118	0.62686
KN805955.1	176900	177002	1	-0.106667	10	0.092	0.29	0.11133	0.218
KN805959.1	186438	186869	1	-0.116000	10	0.3	0.18	0.377	0.493
KN805981.1	13345	13660	1	-0.120667	10	0.04	0.074	0.312	0.43267
KN805987.1	158952	159003	1	-0.158750	16	5.6e-05	0.013	0.51771	0.67646
KN805989.1	108982	109018	1	-0.152000	10	0.011	0.074	0.341	0.493
KN805993.1	639493	639541	1	-0.320000	12	0.0045	0.013	0.49028	0.81028
KN805993.1	1098458	1098643	1	-0.171667	10	0.011	0.13	0.373	0.54467
KN805994.1	11764	11813	1	-0.120000	15	0.00011	0.0033	0.51244	0.63244
KN806004.1	86625	86682	1	-0.207000	10	0.044	0.053	0.608	0.815
KN806004.1	215513	215543	1	-0.181000	10	0.00017	0.0023	0.60067	0.78167
KN806010.1	120246	120314	1	-0.133667	10	0.012	0.038	0.037333	0.171
KN806012.1	106462	106492	1	-0.181000	10	0.00028	0.0023	0.59067	0.77167
KN806019.1	133324	133651	1	-0.133333	10	0.079	0.053	0.629	0.76233
KN806024.1	147673	147711	1	-0.181944	12	0.07	0.034	0.48417	0.66611
KN806025.1	30009	30099	1	-0.143636	11	0.0031	0.043	0.21182	0.35545
KN806026.1	217185	217390	1	-0.162745	17	0.012	0.0056	0.48392	0.64667
KN806027.1	94337	94367	1	-0.177667	10	0.00033	0.0023	0.59033	0.768
KN806030.1	60102	60145	1	0.204000	10	0.0062	0.032	0.53433	0.33033
KN806034.1	907	1140	1	-0.163333	10	0.048	0.025	0.671	0.83433
KN806046.1	84795	85300	1	-0.194444	12	0.0038	0.012	0.61944	0.81389
KN806050.1	167199	167399	1	-0.216000	10	0.01	0.027	0.47033	0.68633
KN806058.1	33658	33711	1	-0.167333	15	0.00069	0.0024	0.58578	0.75311
KN806067.1	8506	8751	1	0.110833	12	0.02	0.081	0.78806	0.67722
KN806067.1	47610	47829	1	0.100333	10	0.071	0.1	0.71967	0.61933
KN806067.1	160211	160538	1	-0.120606	11	0.25	0.44	0.62576	0.74636
KN806069.1	87145	87175	1	-0.179000	10	0.00028	0.0023	0.59033	0.76933
KN806069.1	121160	121770	1	-0.121333	10	0.069	0.29	0.55933	0.68067
KN806090.1	144342	144389	1	0.130667	10	0.0034	0.0085	0.78167	0.651
KN806097.1	70456	70486	1	-0.178333	10	0.00031	0.0023	0.59067	0.769
KN806101.1	90181	90210	1	-0.117333	10	0.089	0.23	0.04	0.15733
KN806106.1	74972	75014	1	-0.121905	14	0.0015	0.038	0.47929	0.60119
KN806107.1	25939	25997	1	-0.114667	10	0.015	0.053	0.258	0.37267
KN806119.1	75485	75523	1	0.183000	10	2.5e-05	0.00032	0.86667	0.68367
KN806126.1	86960	87161	1	-0.109091	11	0.031	0.022	0.51848	0.62758
KN806138.1	140643	140679	1	-0.227333	10	0.00025	0.0037	0.27333	0.50067
KN806139.1	23420	23484	8.3e-05	-0.671000	10	9.4e-11	1.5e-09	0.20667	0.87767
KN806139.1	29496	29572	1	0.171333	10	0.0022	0.0084	0.288	0.11667
KN806142.1	52956	53059	1	0.100333	10	0.092	0.22	0.81633	0.716
KN806151.1	135604	135672	1	0.119000	10	0.019	0.053	0.15433	0.035333
KN806169.1	173366	173419	1	-0.223778	15	1.6e-05	0.0023	0.30089	0.52467
KN806178.1	53763	53793	1	-0.172667	10	0.00035	0.0023	0.591	0.76367
KN806178.1	142549	142579	1	-0.174333	10	0.00031	0.0023	0.591	0.76533
KN806185.1	47307	47337	1	-0.173000	10	0.00021	0.0023	0.60333	0.77633
KN806186.1	124	173	1	-0.165897	13	0.00048	0.0035	0.57615	0.74205
KN806190.1	3539	3751	1	-0.149667	10	0.033	0.098	0.46133	0.611
KN806195.1	64465	64528	1	-0.120238	14	0.03	0.14	0.5231	0.64333
KN806200.1	29920	29984	1	0.161667	10	0.00015	0.0037	0.894	0.73233
KN806200.1	48105	48594	1	-0.111754	19	0.014	0.12	0.63895	0.7507
KN806204.1	11782	11810	1	0.158333	12	0.0038	0.11	0.79194	0.63361
KN806204.1	12003	12056	1	-0.157000	10	0.031	0.18	0.65233	0.80933
KN806207.1	103965	104042	1	-0.226410	13	4.9e-05	0.0071	0.17718	0.40359
KN806253.1	127576	127698	1	0.102857	14	0.00029	0.0014	0.8731	0.77024
KN806256.1	1433	1530	1	-0.179000	10	0.11	0.18	0.71167	0.89067
KN806260.1	49285	49415	1	-0.202000	10	0.0017	0.0015	0.062667	0.26467
KN806268.1	36487	36585	1	-0.180556	12	0.16	0.14	0.59389	0.77444
KN806270.1	77265	77602	1	-0.286333	10	0.00088	0.0083	0.41	0.69633
KN806270.1	86610	86711	1	-0.120556	12	0.00044	0.033	0.63806	0.75861
KN806270.1	87157	87194	1	-0.129333	10	0.01	0.0021	0.709	0.83833
KN806270.1	115791	115849	1	-0.148810	14	0.0027	0.016	0.29381	0.44262
KN806281.1	40893	40968	1	-0.105833	12	0.016	0.024	0.40333	0.50917
KN806288.1	129772	129999	1	-0.214000	10	0.005	0.011	0.341	0.555
KN806305.1	39541	40331	1	-0.115833	12	0.3	0.35	0.67139	0.78722
KN806310.1	111934	111967	1	-0.233667	10	0.017	0.018	0.642	0.87567
KN806313.1	491143	491201	1	-0.130333	10	0.056	0.073	0.14667	0.277
KN806313.1	1107884	1107971	1	-0.235455	11	0.0091	0.015	0.11364	0.34909
KN806313.1	2177532	2177615	1	-0.185333	10	0.086	0.053	0.436	0.62133
KN806323.1	81719	81772	1	-0.159111	15	0.00021	0.0034	0.61844	0.77756
KN806324.1	93391	93478	1	-0.108056	12	0.001	0.0019	0.048889	0.15694
KN806341.1	11524	11621	1	-0.172000	10	0.081	0.1	0.68767	0.85967
KN806342.1	103466	103590	1	-0.228333	10	0.0043	0.071	0.289	0.51733
KN806362.1	47082	47125	1	-0.167333	10	0.086	0.024	0.438	0.60533
KN806365.1	6614	6878	1	-0.257576	11	0.027	0.031	0.53364	0.79121
KN806381.1	58570	58606	1	-0.235000	10	5.1e-05	7.1e-05	0.214	0.449
KN806414.1	68359	68551	1	0.118800	25	8.5e-05	0.0048	0.94453	0.82573
KN806426.1	17587	17743	1	-0.118000	10	0.42	0.65	0.61167	0.72967
KN806446.1	150563	150834	1	-0.216000	10	0.11	0.051	0.412	0.628
KN806447.1	53310	53436	1	-0.287667	10	0.00088	0.013	0.40667	0.69433
KN806448.1	18605	18694	1	-0.129333	10	0.42	0.46	0.64467	0.774
KN806453.1	45718	45787	1	-0.140000	12	0.28	0.28	0.70611	0.84611
KN806457.1	5130	5411	1	-0.272051	13	1.2e-05	0.00019	0.49718	0.76923
KN806466.1	1047	1344	1	-0.189722	12	0.0066	0.0028	0.37611	0.56583
KN806467.1	82489	82513	1	0.219000	10	3.5e-05	0.0037	0.882	0.663
KN806473.1	39866	39890	1	0.165333	10	0.0016	0.027	0.81033	0.645
KN806475.1	71144	71474	1	-0.108667	10	0.071	0.18	0.32933	0.438
KN806487.1	130260	130476	0.014	0.241000	10	7.3e-07	2.5e-07	0.982	0.741
KN806513.1	49106	49237	1	-0.137949	13	0.18	0.22	0.52359	0.66154
KN806526.1	19362	19452	1	-0.182667	10	0.12	0.23	0.64033	0.823
KN806528.1	41896	41947	1	-0.252000	10	0.092	0.027	0.59333	0.84533
KN806551.1	267	347	1	-0.257667	10	0.0041	0.013	0.059667	0.31733
KN806563.1	16297	16426	1	-0.407667	10	5.8e-05	0.00094	0.222	0.62967
KN806579.1	33087	33293	1	-0.317222	18	3.9e-06	0.00032	0.18463	0.50185
KN806590.1	33857	33960	1	-0.362667	10	0.0006	0.00012	0.40467	0.76733
KN806597.1	5889	6067	1	-0.136333	10	0.13	0.23	0.018	0.15433
KN806600.1	57849	57919	1	-0.282333	10	0.0006	0.0037	0.309	0.59133
KN806611.1	44370	44432	1	-0.152667	10	0.015	0.074	0.772	0.92467
KN806624.1	34711	34749	1	-0.220769	13	0.00017	0.0023	0.62667	0.84744
KN806638.1	18155	18184	1	-0.212667	10	0.0065	0.1	0.35233	0.565
KN806639.1	11993	12023	1	-0.177667	10	9.5e-05	0.0024	0.61	0.78767
KN806671.1	53613	53753	1	-0.142308	13	3.9e-05	0.0003	0.078718	0.22103
KN806673.1	49155	49382	1	-0.107000	10	0.19	0.36	0.507	0.614
KN806729.1	14574	14618	1	-0.140000	11	0.0024	0.022	0.63303	0.77303
KN806735.1	47277	47374	1	-0.143889	12	0.0084	0.11	0.19778	0.34167
KN806757.1	23147	23271	1	-0.221333	10	0.0021	0.0057	0.22067	0.442
KN806776.1	3671	4172	1	0.128667	10	0.067	0.29	0.76	0.63133
KN806829.1	29651	29749	0.51	0.169683	21	1.7e-09	9.4e-06	0.88841	0.71873
KN806855.1	3346	3514	1	-0.108667	10	0.56	0.65	0.63267	0.74133
KN806864.1	32674	32704	1	-0.162667	10	0.00057	0.0023	0.596	0.75867
KN806887.1	11768	11799	1	-0.142333	10	0.00048	0.0022	0.677	0.81933
KN806896.1	29663	29684	1	0.159000	10	0.0017	0.013	0.417	0.258
KN806930.1	2254	2408	0.021	-0.279744	13	1e-08	3.9e-07	0.22308	0.50282
KN806932.1	34464	34507	1	-0.133611	12	0.00057	0.0019	0.48194	0.61556
KN806937.1	8500	8563	1	-0.247667	10	0.0033	0.013	0.548	0.79567
KN806945.1	19351	19404	1	-0.155476	14	0.00035	0.0029	0.57976	0.73524
KN807016.1	29450	29508	1	-0.183667	10	0.00057	0.00012	0.25267	0.43633
KN807020.1	25302	25351	1	-0.167692	13	0.00019	0.0035	0.58846	0.75615
KN807021.1	1935	2006	1	-0.149667	10	0.0045	0.038	0.22	0.36967
KN807041.1	25255	25285	1	-0.173667	10	0.00033	0.0023	0.592	0.76567
KN807047.1	34691	34800	1	-0.109091	11	0.021	0.058	0.32212	0.43121
KN807048.1	27669	27737	1	-0.159667	10	0.0045	0.054	0.23267	0.39233
KN807055.1	12524	12565	1	-0.176111	12	0.0003	0.0019	0.55417	0.73028
KN807107.1	59184	59270	1	0.121282	13	0.0014	0.0071	0.91103	0.78974
KN807109.1	10012	10081	1	-0.116333	10	0.14	0.17	0.655	0.77133
KN807111.1	6619	6842	0.33	-0.326905	14	1.1e-08	6.1e-06	0.21429	0.54119
KN807113.1	64790	64820	1	-0.181333	10	0.00015	0.0023	0.60267	0.784
KN807166.1	16744	16827	1	-0.183939	11	0.015	0.031	0.41576	0.5997
KN807177.1	11438	12083	1	0.170444	15	0.002	0.065	0.80911	0.63867
KN807209.1	4798	4828	1	-0.180333	10	0.00023	0.0015	0.58667	0.767
KN807276.1	23982	24029	1	-0.157273	11	0.27	0.14	0.62394	0.78121
KN807286.1	4737	4776	1	-0.171000	10	0.0022	0.0015	0.54467	0.71567
KN807290.1	7511	7547	1	-0.215000	10	5.8e-05	0.0085	0.53367	0.74867
KN807301.1	20797	20827	1	-0.175000	10	0.00033	0.0023	0.59133	0.76633
KN807325.1	11333	11402	1	-0.164667	10	0.0039	0.013	0.21833	0.383
KN807334.1	2398690	2398740	1	-0.218824	17	1.7e-06	0.0008	0.15725	0.37608
KN807335.1	1457179	1457241	1	-0.110769	13	0.00092	0.0023	0.72846	0.83923
KN807335.1	2125436	2125503	1	0.114444	12	0.00029	0.0018	0.95583	0.84139
KN807335.1	3433911	3433941	1	-0.173667	10	0.00037	0.0023	0.595	0.76867
KN807381.1	9010	9572	1	-0.120000	10	0.26	0.46	0.64267	0.76267
KN807396.1	10729	11052	1	-0.116667	10	0.037	0.29	0.324	0.44067
KN807408.1	5275	5469	1	0.109667	10	0.046	0.23	0.745	0.63533
KN807415.1	12265	12441	0.91	-0.419744	13	1.4e-07	1.7e-05	0.068462	0.48821
KN807450.1	6814	7013	1	-0.140952	14	0.006	0.018	0.3431	0.48405
KN807595.1	12920	13305	1	-0.157667	10	0.026	0.027	0.688	0.84567
KN807619.1	9976	10180	1	-0.221795	13	0.028	0.005	0.60949	0.83128
KN807650.1	88	118	1	-0.174000	10	0.00035	0.0023	0.591	0.765
KN807658.1	8200	8831	1	-0.142333	10	0.071	0.18	0.57567	0.718
KN807711.1	15690	15836	1	0.134000	10	0.00064	0.0015	0.83667	0.70267
KN807871.1	525	675	1	-0.151818	11	0.35	0.1	0.63636	0.78818
KN807925.1	4498	4560	1	-0.170667	10	0.019	0.027	0.74933	0.92
KN808205.1	9717	9810	1	-0.150333	10	0.033	0.17	0.323	0.47333
KN808211.1	12737	12815	1	0.115833	12	0.0025	0.061	0.90917	0.79333
KN808367.1	11557	11650	1	-0.116000	15	0.011	0.052	0.67156	0.78756
KN808528.1	13963	14018	1	-0.242222	12	0.062	0.062	0.62222	0.86444
KN808597.1	9180	9230	1	-0.145000	10	1.6e-05	0.00059	0.11733	0.26233
KN808598.1	10218	10271	1	-0.160952	14	0.00018	0.0014	0.58262	0.74357
KN808653.1	176	368	1	-0.156667	12	0.037	0.22	0.47667	0.63333
KN808653.1	43751	43991	1	-0.255000	10	0.079	0.051	0.58733	0.84233
KN808763.1	9517	9547	1	-0.182000	10	0.00015	0.0023	0.60333	0.78533
KN808951.1	570	680	1	-0.334667	10	7.5e-06	6.9e-05	0.231	0.56567
KN809012.1	6734	6821	1	-0.112333	10	0.19	0.45	0.20933	0.32167
KN809138.1	832	868	1	-0.153667	10	0.00037	0.0014	0.62	0.77367
KN809247.1	1320	1449	1	-0.160000	10	0.1	0.1	0.65033	0.81033
KN809405.1	6938	6968	1	-0.178333	10	0.00033	0.0023	0.58967	0.768
KN809463.1	5109	5243	1	-0.178444	15	0.016	0.085	0.33267	0.51111
KN809527.1	22	122	1	0.111282	13	0.043	0.047	0.30231	0.19103
KN810130.1	4308	4359	1	-0.100667	10	0.044	0.072	0.63133	0.732
KN810225.1	8450	8480	1	-0.183667	10	0.00015	0.0023	0.60067	0.78433
KN810940.1	1217	1306	1	-0.126333	10	0.02	0.23	0.21833	0.34467
KN811124.1	1594	1635	1	-0.175000	12	0.00015	0.0018	0.56611	0.74111
KN811283.1	1289267	1289303	1	-0.213333	10	0.00021	0.00091	0.24133	0.45467
KN811283.1	1289607	1289643	1	-0.179000	10	0.0038	0.0056	0.30133	0.48033
KN811283.1	1606033	1606075	1	-0.254103	13	2.9e-05	0.00071	0.21205	0.46615
KN811284.1	1967784	1968044	1	-0.127000	10	0.027	0.1	0.687	0.814
KN811284.1	2300052	2300082	1	-0.179667	10	0.00031	0.0023	0.58867	0.76833
KN811284.1	3047340	3047369	1	-0.108974	13	6.8e-05	0.0035	0.10667	0.21564
KN811285.1	571634	571753	1	0.110667	10	0.6	0.29	0.185	0.074333
KN811285.1	3029543	3029774	1	-0.140513	13	0.009	0.082	0.20256	0.34308
KN811286.1	62768	62798	1	-0.174667	10	0.00026	0.0023	0.594	0.76867
KN811287.1	85768	85821	1	-0.156667	14	0.00025	0.0014	0.58214	0.73881
KN811288.1	942550	942580	1	-0.187333	10	8.9e-05	0.0023	0.605	0.79233
KN811288.1	2942890	2943241	1	-0.117879	11	0.2	0.23	0.63485	0.75273
KN811289.1	2571818	2572074	1	0.129333	10	0.074	0.18	0.16167	0.032333
KN811289.1	3574744	3574774	1	-0.173333	10	0.00035	0.0023	0.591	0.76433
KN811289.1	4710729	4710800	1	-0.158056	12	0.028	0.0087	0.76139	0.91944
KN811289.1	5130759	5130789	1	-0.176667	10	0.00035	0.0036	0.58867	0.76533
KN811290.1	1397775	1398075	1	-0.199792	16	0.012	0.0052	0.62958	0.82938
KN811290.1	2879902	2880006	1	-0.272667	10	0.0071	0.0036	0.58333	0.856
KN811292.1	2118750	2119155	1	-0.205333	10	0.25	0.097	0.53367	0.739
KN811292.1	2634572	2634602	1	-0.176333	10	0.00011	0.0037	0.61733	0.79367
KN811293.1	1796000	1796107	1	-0.243333	12	0.00028	0.0019	0.6625	0.90583
KN811293.1	2405692	2406352	1	0.116944	12	0.037	0.046	0.71889	0.60194
KN811294.1	1092880	1092910	1	-0.192333	10	8.9e-05	0.0023	0.6	0.79233
KN811294.1	1259158	1259207	1	-0.178205	13	0.00017	0.0024	0.56385	0.74205
KN811294.1	1308166	1308190	1	0.200667	10	0.00037	0.0056	0.799	0.59833
KN811294.1	2192734	2192858	1	-0.116167	20	0.00038	0.0016	0.070167	0.18633
KN811294.1	2272574	2272604	1	-0.175667	10	0.00035	0.0023	0.589	0.76467
KN811295.1	2264666	2264690	1	0.170667	10	0.0057	0.074	0.82367	0.653
KN811296.1	875024	875141	1	-0.237179	13	0.018	0.02	0.60333	0.84051
KN811296.1	2275647	2275935	1	-0.140667	10	0.0011	0.0055	0.412	0.55267
KN811297.1	2625706	2625736	1	-0.178667	10	0.00035	0.0036	0.591	0.76967
KN811298.1	195513	195667	0.012	-0.283590	13	9.4e-09	2.1e-07	0.22282	0.50641
KN811299.1	108604	108952	1	-0.181667	20	0.0004	0.003	0.44967	0.63133
KN811300.1	223740	223798	1	-0.138205	13	0.014	0.036	0.36256	0.50077
KN811300.1	2057390	2057544	0.038	-0.273333	13	1.5e-08	7e-07	0.22282	0.49615
KN811301.1	47077	47130	1	-0.150222	15	0.0015	0.0091	0.58933	0.73956
KN811304.1	1057906	1058170	1	-0.191538	13	0.18	0.02	0.67744	0.86897
KN811304.1	1460206	1460277	1	-0.153667	10	0.0039	0.054	0.21767	0.37133
KN811304.1	1680718	1680766	1	-0.168485	11	0.078	0.028	0.57818	0.74667
KN811304.1	2709044	2709080	1	-0.243667	10	8e-06	0.0015	0.53067	0.77433
KN811304.1	2899926	2900136	1	-0.105667	10	0.089	0.22	0.20067	0.30633
KN811308.1	1706091	1706121	1	-0.177667	10	0.00033	0.0023	0.59067	0.76833
KN811308.1	2193641	2193677	1	-0.156333	10	0.00039	0.0014	0.62067	0.777
KN811309.1	207117	207303	1	0.198333	10	0.0062	0.026	0.32167	0.12333
KN811309.1	2404837	2404867	1	-0.178333	10	0.00031	0.0023	0.59033	0.76867
KN811310.1	671973	672026	1	-0.156222	15	0.00031	0.0024	0.61	0.76622
KN811310.1	1719464	1719661	1	0.102778	12	0.0021	0.0018	0.86	0.75722
KN811310.1	3904719	3904772	1	-0.154667	15	0.0013	0.0065	0.60467	0.75933
KN811310.1	4921510	4921606	1	-0.156944	12	0.00026	0.0012	0.21806	0.375
KN811311.1	1794750	1794964	1	0.100833	12	0.57	0.35	0.22	0.11917
KN811313.1	171881	171934	1	-0.161190	14	0.0002	0.0014	0.58214	0.74333
KN811314.1	726562	726603	1	-0.172222	12	0.00041	0.0012	0.55444	0.72667
KN811315.1	2622898	2622928	1	-0.188333	10	0.00015	0.0015	0.59133	0.77967
KN811316.1	792533	792712	1	-0.219286	14	0.00012	0.0029	0.21976	0.43905
KN811316.1	1925334	1925571	1	-0.142222	12	0.031	0.062	0.60889	0.75111
KN811317.1	2478456	2478603	0.0062	-0.297179	13	1.3e-09	1.1e-07	0.22308	0.52026
KN811318.1	1072127	1072238	1	-0.166667	10	0.025	0.052	0.47967	0.64633
KN811318.1	1072242	1072317	1	-0.199744	13	0.00021	7.2e-05	0.6159	0.81564
KN811319.1	114654	114808	0.067	-0.282308	13	8.9e-09	1.2e-06	0.21615	0.49846
KN811320.1	871884	871914	1	-0.173667	10	0.00039	0.0023	0.59133	0.765
KN811320.1	1898792	1898934	1	-0.103667	10	0.025	0.13	0.76133	0.865
KN811321.1	578486	578795	0.032	-0.222424	22	4.7e-08	5.9e-07	0.090303	0.31273
KN811321.1	1857187	1857468	1	-0.124103	13	0.028	0.027	0.66872	0.79282
KN811323.1	780155	780446	1	0.141026	13	0.12	0.22	0.86744	0.72641
KN811323.1	1146027	1146317	1	0.139000	10	0.0034	0.026	0.771	0.632
KN811325.1	130262	130327	1	0.117667	10	0.27	0.36	0.494	0.37633
KN811325.1	459504	459575	1	-0.200000	10	0.0078	0.1	0.19067	0.39067
KN811327.1	2073662	2073799	1	-0.256222	15	7.3e-05	0.0022	0.56644	0.82267
KN811327.1	2249574	2249627	1	-0.351389	12	3.2e-08	4.7e-05	0.14222	0.49361
KN811329.1	1173145	1173175	1	-0.173667	10	0.00021	0.0023	0.60333	0.777
KN811331.1	999749	999779	1	-0.171667	10	0.00043	0.0023	0.59433	0.766
KN811332.1	2152397	2152427	1	-0.176667	10	0.00029	0.0023	0.58867	0.76533
KN811333.1	1336603	1336633	1	-0.173667	10	0.00035	0.0023	0.59133	0.765
KN811333.1	1786308	1786336	1	-0.108667	10	0.015	0.13	0.53467	0.64333
KN811334.1	394703	394731	1	0.151667	12	0.0014	0.061	0.78833	0.63667
KN811334.1	1434506	1434680	1	0.169000	10	0.00067	0.0013	0.796	0.627
KN811335.1	373583	373797	1	-0.241282	13	0.0021	0.019	0.04359	0.28487
KN811335.1	956105	956135	1	-0.173667	10	0.00035	0.0023	0.591	0.76467
KN811336.1	1623663	1623914	1	0.184921	21	0.017	0.0094	0.5581	0.37317
KN811339.1	1929532	1929989	1	-0.155152	11	0.22	0.22	0.62455	0.7797
KN811340.1	358904	358951	1	0.130333	10	0.0068	0.027	0.78233	0.652
KN811340.1	2868935	2869189	1	0.152667	10	0.0023	0.018	0.87033	0.71767
KN811341.1	619735	619889	0.067	-0.281026	13	8.9e-09	1.2e-06	0.21615	0.49718
KN811341.1	1034121	1034168	1	0.130667	10	0.0047	0.0056	0.78067	0.65
KN811343.1	244140	244237	1	0.157333	15	5.9e-06	0.0011	0.89289	0.73556
KN811345.1	2016827	2016856	1	-0.105897	13	0.00011	0.0024	0.11026	0.21615
KN811346.1	1180209	1180322	1	0.134444	15	0.00098	0.0048	0.17867	0.044222
KN811346.1	1483636	1483677	1	-0.169722	12	0.00039	0.0019	0.55333	0.72306
KN811346.1	1997167	1997197	1	-0.172000	10	0.00035	0.0023	0.59067	0.76267
KN811347.1	1245344	1245374	1	-0.180667	10	0.00018	0.0023	0.601	0.78167
KN811350.1	707398	707428	1	-0.178667	10	0.00029	0.0023	0.59033	0.769
KN811350.1	714994	715024	1	-0.178333	10	0.00029	0.0023	0.59033	0.76867
KN811355.1	861958	862010	1	-0.125455	11	0.00076	0.0021	0.17364	0.29909
KN811356.1	644639	644831	1	-0.112051	13	0.21	0.14	0.73436	0.84641
KN811359.1	328111	328153	1	-0.139524	14	0.00061	0.028	0.49381	0.63333
KN811359.1	1157715	1157869	0.021	-0.295128	13	1.4e-09	3.9e-07	0.21641	0.51154
KN811360.1	29838	29902	1	-0.218000	10	0.00022	0.0055	0.216	0.434
KN811360.1	175258	175285	1	-0.124848	11	0.45	0.44	0.76424	0.88909
KN811362.1	322577	322674	1	-0.145833	12	0.0044	0.062	0.21861	0.36444
KN811363.1	710332	710555	1	-0.167500	16	0.0037	0.013	0.37208	0.53958
KN811364.1	101064	101092	1	-0.106000	10	0.027	0.13	0.53767	0.64367
KN811365.1	341108	341179	1	-0.157333	10	0.0036	0.054	0.21733	0.37467
KN811365.1	1011890	1011936	1	-0.131667	10	0.027	0.18	0.056	0.18767
KN811367.1	788694	788776	0.62	-0.295000	10	4.1e-08	1.1e-05	0.52167	0.81667
KN811367.1	1479409	1479507	1	-0.232000	15	0.00024	0.0066	0.556	0.788
KN811368.1	106767	106797	1	-0.173667	10	0.00035	0.0023	0.591	0.76467
KN811368.1	461622	461663	1	-0.170556	12	0.00034	0.0012	0.54722	0.71778
KN811368.1	1206855	1206878	1	-0.125333	10	0.0016	0.019	0.55233	0.67767
KN811368.1	1530051	1530128	1	0.194333	10	0.0052	0.0057	0.979	0.78467
KN811371.1	397448	397611	0.00022	-0.233810	28	5e-11	4e-09	0.62095	0.85476
KN811372.1	2097509	2097836	1	-0.262333	10	0.0014	0.0083	0.084333	0.34667
KN811372.1	3641909	3642155	1	-0.217143	14	0.0067	0.0082	0.41976	0.6369
KN811373.1	1502982	1503141	1	0.190333	10	0.095	0.026	0.473	0.28267
KN811375.1	895802	895929	1	-0.235128	13	0.0039	0.0072	0.68231	0.91744
KN811380.1	1391512	1391542	1	-0.176667	10	0.00029	0.0023	0.591	0.76767
KN811380.1	1695301	1695331	1	-0.183667	10	0.00028	0.0023	0.58933	0.773
KN811380.1	1772905	1772935	1	-0.177667	10	0.00033	0.0023	0.59	0.76767
KN811382.1	1167052	1167082	1	-0.180333	10	0.00033	0.0023	0.59033	0.77067
KN811383.1	20037	20263	1	-0.147500	24	0.022	0.016	0.7925	0.94
KN811384.1	437656	437724	8.2e-05	-0.501667	10	4.8e-10	1.5e-09	0.050667	0.55233
KN811387.1	517810	517840	1	-0.173000	10	0.00035	0.0023	0.59167	0.76467
KN811387.1	1729532	1729562	1	-0.178667	10	0.00031	0.0023	0.59033	0.769
KN811392.1	255344	255674	1	-0.407000	10	9.2e-06	6.9e-05	0.253	0.66
KN811393.1	749102	749130	1	-0.104000	10	0.022	0.23	0.53467	0.63867
KN811393.1	1330451	1330494	1	-0.101515	11	0.015	0.022	0.69455	0.79606
KN811393.1	1330494	1330520	1	-0.187500	12	0.011	0.0086	0.63389	0.82139
KN811394.1	245183	245254	1	0.116111	12	0.0017	0.034	0.8475	0.73139
KN811395.1	319715	319745	1	-0.169000	10	0.00046	0.0023	0.593	0.762
KN811396.1	537529	537582	1	-0.156905	14	0.00027	0.0014	0.58333	0.74024
KN811396.1	1527088	1527198	1	0.103667	10	0.00051	0.0037	0.89867	0.795
KN811397.1	1538608	1538698	1	-0.148788	11	0.0029	0.079	0.21545	0.36424
KN811398.1	1378828	1379128	1	-0.134359	13	0.021	0.036	0.63821	0.77256
KN811398.1	1555242	1555335	1	-0.114667	10	0.027	0.13	0.265	0.37967
KN811400.1	200988	201024	1	-0.154000	10	0.00039	0.0014	0.62133	0.77533
KN811401.1	311280	311310	1	-0.178000	10	0.00029	0.0023	0.59067	0.76867
KN811402.1	1083112	1083142	1	-0.176000	10	0.00037	0.0023	0.589	0.765
KN811403.1	397047	397077	1	-0.174000	10	0.00035	0.0023	0.591	0.765
KN811403.1	594817	594847	1	-0.179000	10	0.00029	0.0023	0.59033	0.76933
KN811405.1	3776493	3776673	1	-0.127667	10	0.0041	0.0057	0.29167	0.41933
KN811405.1	4145084	4145114	1	-0.177667	10	9.5e-05	0.0037	0.61733	0.795
KN811406.1	173979	174032	1	-0.154000	10	0.01	0.012	0.726	0.88
KN811406.1	1967795	1967878	1	-0.164000	10	0.086	0.074	0.027667	0.19167
KN811406.1	2875819	2875847	1	0.152222	12	0.0012	0.024	0.78361	0.63139
KN811407.1	261178	261231	1	-0.157857	14	7.4e-05	0.002	0.60381	0.76167
KN811407.1	608621	609033	1	-0.120667	10	0.11	0.051	0.371	0.49167
KN811409.1	810615	810707	0.15	-0.228571	21	5.8e-09	2.8e-06	0.20984	0.43841
KN811409.1	1188342	1188370	1	0.173333	12	0.0093	0.0011	0.64389	0.47056
KN811410.1	725737	725849	1	-0.184333	10	0.0028	0.018	0.429	0.61333
KN811410.1	725947	725997	1	-0.151667	10	2.7e-05	0.0015	0.16367	0.31533
KN811412.1	4964	5066	1	-0.258205	13	0.0043	0.00071	0.32308	0.58128
KN811412.1	1055207	1055249	1	-0.211667	14	0.0018	0.002	0.35452	0.56619
KN811412.1	1276763	1276829	1	-0.165000	10	0.15	0.074	0.57533	0.74033
KN811412.1	1390757	1390801	1	-0.120333	10	0.074	0.13	0.54767	0.668
KN811412.1	1615211	1615241	1	-0.176333	10	0.00033	0.0036	0.58933	0.76567
KN811416.1	632639	632697	1	-0.176364	11	0.0014	0.042	0.30606	0.48242
KN811417.1	1466317	1466558	1	-0.187333	10	0.00014	0.0085	0.606	0.79333
KN811418.1	352968	353302	1	-0.148000	10	0.00064	0.0084	0.717	0.865
KN811418.1	374784	374862	1	-0.138000	10	0.055	0.17	0.52267	0.66067
KN811418.1	1178185	1178275	1	-0.136970	11	0.00014	0.0014	0.15909	0.29606
KN811420.1	1257084	1257175	1	-0.124848	11	0.012	0.058	0.20515	0.33
KN811421.1	847945	848257	1	-0.109872	26	0.038	0.0027	0.6891	0.79897
KN811421.1	848426	848470	1	-0.316000	10	0.0034	0.026	0.44233	0.75833
KN811422.1	613269	613371	1	-0.201333	10	0.0026	0.07	0.26	0.46133
KN811424.1	393225	393346	1	0.123056	12	0.26	0.22	0.44667	0.32361
KN811425.1	1537091	1537344	1	0.108095	14	0.0069	0.085	0.78714	0.67905
KN811427.1	1236057	1236093	1	-0.151667	10	0.00037	0.0014	0.622	0.77367
KN811428.1	1248568	1248780	1	0.243077	13	0.0039	0.0015	0.46103	0.21795
KN811429.1	394318	394342	1	0.173000	10	0.0028	0.074	0.81467	0.64167
KN811429.1	690560	690979	1	0.158333	10	0.28	0.65	0.20033	0.042
KN811436.1	394104	394420	1	-0.140152	22	0.0029	0.00028	0.66379	0.80394
KN811437.1	151835	151859	1	0.232667	10	0.00071	0.013	0.77933	0.54667
KN811437.1	1020838	1020957	1	-0.228000	15	0.022	0.017	0.61467	0.84267
KN811439.1	252076	252450	1	-0.119744	13	0.2	0.14	0.68769	0.80744
KN811439.1	1026986	1027185	1	-0.120333	10	0.043	0.038	0.67367	0.794
KN811440.1	1045155	1045185	1	-0.178667	10	0.00031	0.0023	0.58967	0.76833
KN811441.1	695451	695540	1	-0.250000	14	0.00014	0.00038	0.30571	0.55571
KN811447.1	2068199	2068398	1	0.108667	10	0.21	0.55	0.66	0.55133
KN811448.1	2598444	2598474	1	-0.177667	10	0.00028	0.0023	0.58867	0.76633
KN811450.1	294012	294042	1	-0.188333	10	8.9e-05	0.0023	0.60433	0.79267
KN811450.1	370334	370781	1	-0.150889	15	0.0075	0.0017	0.69489	0.84578
KN811450.1	931152	931369	1	-0.154333	10	0.0093	0.054	0.61667	0.771
KN811450.1	1009743	1010075	1	-0.215556	12	0.009	0.006	0.32722	0.54278
KN811450.1	1016443	1016896	1	-0.170303	11	0.17	0.0071	0.49636	0.66667
KN811455.1	791281	791387	1	-0.161905	21	4.2e-09	6.3e-05	0.12619	0.2881
KN811457.1	550597	550751	0.12	-0.273846	13	1.4e-08	2.2e-06	0.2159	0.48974
KN811458.1	435897	435963	1	-0.223333	10	0.0034	0.0057	0.44067	0.664
KN811461.1	198473	198664	1	-0.117692	13	0.067	0.027	0.62615	0.74385
KN811461.1	1211004	1211047	1	-0.211667	10	0.00079	0.0056	0.65333	0.865
KN811462.1	253603	253700	1	-0.166389	12	0.0017	0.061	0.2125	0.37889
KN811464.1	714333	714407	0.01	-0.302632	19	1.1e-07	1.9e-07	0.42404	0.72667
KN811464.1	893558	893634	1	-0.125667	10	0.19	0.29	0.787	0.91267
KN811465.1	270682	270712	1	-0.178333	10	0.00029	0.0023	0.58733	0.76567
KN811467.1	86848	86980	1	-0.336667	10	5.7e-06	0.00035	0.082667	0.41933
KN811467.1	976207	976434	1	0.152000	10	0.025	0.18	0.75767	0.60567
KN811467.1	1223948	1223998	1	-0.157143	14	0.00096	0.0041	0.59	0.74714
KN811470.1	392266	392482	1	-0.184667	10	0.0015	0.018	0.22067	0.40533
KN811475.1	474572	474600	1	-0.104000	10	0.015	0.13	0.51867	0.62267
KN811477.1	122751	122797	1	-0.194000	10	1.2e-06	0.00034	0.17233	0.36633
KN811478.1	998586	998607	1	0.100667	10	0.084	0.1	0.345	0.24433
KN811480.1	1090823	1090930	1	-0.151333	10	0.15	0.099	0.51567	0.667
KN811482.1	331496	331526	1	-0.171667	10	0.00035	0.0023	0.591	0.76267
KN811484.1	1120813	1120866	1	-0.159524	14	0.00033	0.0014	0.5581	0.71762
KN811485.1	68707	68879	1	-0.324333	10	0.00035	0.027	0.29067	0.615
KN811488.1	312372	312408	1	-0.172667	10	0.00022	0.00052	0.594	0.76667
KN811490.1	870833	871133	1	-0.173704	18	0.00029	0.0025	0.58074	0.75444
KN811491.1	1159637	1159690	1	-0.163810	14	0.00014	0.00062	0.58214	0.74595
KN811492.1	526739	526799	1	-0.135000	10	0.089	0.074	0.67467	0.80967
KN811492.1	526865	527028	1	-0.247879	11	0.0081	0.0049	0.57455	0.82242
KN811492.1	1162776	1162831	1	-0.169667	10	0.00014	0.00058	0.60133	0.771
KN811492.1	1162906	1162950	1	-0.328667	10	0.0019	0.026	0.43433	0.763
KN811493.1	896016	896046	1	-0.177333	10	0.00026	0.0023	0.59633	0.77367
KN811493.1	2193941	2193994	1	-0.164222	15	0.0012	0.0065	0.55933	0.72356
KN811494.1	165891	166097	1	-0.286842	19	1.5e-06	6.1e-05	0.22281	0.50965
KN811495.1	1201837	1201867	1	-0.179333	10	0.00025	0.0023	0.58733	0.76667
KN811498.1	214761	214800	1	-0.146333	10	0.0047	0.0037	0.577	0.72333
KN811500.1	1123366	1123437	1	-0.126000	10	0.012	0.053	0.20867	0.33467
KN811503.1	511763	511812	1	-0.166410	13	0.00016	0.0024	0.59051	0.75692
KN811503.1	645487	645550	1	0.112889	15	2.5e-05	0.00023	0.91	0.79711
KN811503.1	1325286	1325316	1	-0.184667	10	0.0001	0.0023	0.60367	0.78833
KN811505.1	556233	556331	1	-0.107667	10	0.081	0.074	0.66267	0.77033
KN811509.1	281486	281826	1	-0.128333	10	0.074	0.098	0.63433	0.76267
KN811511.1	999378	999408	1	-0.168667	10	0.00033	0.0023	0.59667	0.76533
KN811513.1	52422	52474	1	0.156154	13	0.00033	0.00028	0.75513	0.59897
KN811513.1	1086858	1086912	1	-0.105667	10	0.22	0.46	0.692	0.79767
KN811515.1	737456	737535	1	0.110333	10	0.002	0.0024	0.92733	0.817
KN811517.1	141837	141867	1	-0.172667	10	0.00033	0.0023	0.58967	0.76233
KN811519.1	433118	433148	1	-0.172333	10	0.00035	0.0023	0.59267	0.765
KN811520.1	771843	771898	1	-0.179667	10	5.8e-05	7.2e-05	0.59567	0.77533
KN811521.1	68274	68295	1	0.125667	10	0.0065	0.027	0.37867	0.253
KN811521.1	115816	115846	1	-0.180667	10	0.00015	0.0015	0.60067	0.78133
KN811522.1	289181	289269	1	-0.246111	12	2.3e-07	4.7e-05	0.14167	0.38778
KN811524.1	416059	416341	1	-0.153000	10	0.12	0.18	0.64567	0.79867
KN811526.1	952131	952167	1	-0.242667	10	9.2e-06	6.9e-05	0.164	0.40667
KN811528.1	809256	809347	1	-0.200714	14	0.13	0.065	0.72024	0.92095
KN811529.1	450395	450738	1	-0.126667	10	0.02	0.072	0.66867	0.79533
KN811529.1	640066	640096	1	-0.178000	10	0.00031	0.0023	0.59067	0.76867
KN811535.1	813960	814320	1	-0.120278	12	0.0031	0.00079	0.6975	0.81778
KN811536.1	962821	962916	1	-0.290667	10	0.00011	0.0015	0.53833	0.829
KN811539.1	639489	639519	1	-0.192333	10	8.9e-05	0.0023	0.6	0.79233
KN811541.1	819310	819529	1	0.174667	10	0.0031	0.026	0.793	0.61833
KN811542.1	627519	627640	1	-0.133667	10	0.15	0.073	0.69633	0.83
KN811551.1	876535	876588	1	-0.245333	10	0.0021	0.00056	0.36133	0.60667
KN811553.1	856257	856287	1	-0.164333	10	0.00035	0.0023	0.60167	0.766
KN811555.1	589549	589579	1	-0.177333	10	0.00031	0.0023	0.589	0.76633
KN811557.1	689236	689266	1	-0.177667	10	0.00033	0.0023	0.59067	0.76833
KN811569.1	768517	768572	1	0.151429	14	0.00019	7.3e-05	0.77786	0.62643
KN811570.1	545042	545090	1	-0.313333	10	3.7e-05	3.6e-05	0.42933	0.74267
KN811572.1	878142	878317	1	0.188000	10	0.00088	0.027	0.88233	0.69433
KN811577.1	816374	816423	1	-0.157436	13	0.0006	0.0035	0.58026	0.73769
KN811578.1	921852	921882	1	-0.178000	10	0.00029	0.0023	0.59133	0.76933
KN811580.1	284756	284922	1	-0.237667	10	4.8e-05	0.0015	0.18067	0.41833
KN811589.1	621583	621715	1	-0.116970	11	0.034	0.1	0.71455	0.83152
KN811589.1	634024	634157	1	-0.178667	10	0.0018	0.0023	0.045333	0.224
KN811591.1	241081	241105	1	0.199667	10	0.00054	0.0085	0.79267	0.593
KN811593.1	146725	146822	1	-0.120000	10	0.12	0.37	0.64433	0.76433
KN811599.1	784133	784163	1	-0.188000	10	8.9e-05	0.0023	0.60433	0.79233
KN811600.1	524619	524770	1	-0.100667	10	0.056	0.23	0.28133	0.382
KN811601.1	296894	297087	1	0.115333	10	0.017	0.027	0.84633	0.731
KN811601.1	369049	369093	1	-0.108810	14	0.12	0.22	0.5881	0.6969
KN811601.1	522300	522376	1	-0.151667	10	0.0052	0.072	0.21467	0.36633
KN811602.1	782575	782852	1	-0.204889	15	0.00017	0.00075	0.57089	0.77578
KN811603.1	803429	803652	1	-0.118889	12	0.14	0.061	0.68306	0.80194
KN811604.1	645304	645388	1	-0.106000	10	0.0097	0.017	0.64867	0.75467
KN811604.1	815550	815750	1	-0.161818	11	0.022	0.021	0.46818	0.63
KN811604.1	942179	942209	1	-0.130333	10	0.053	0.29	0.48633	0.61667
KN811605.1	382158	382188	1	-0.176000	10	0.00017	0.0023	0.60567	0.78167
KN811606.1	269776	270007	1	0.162000	10	0.0038	0.0078	0.762	0.6
KN811608.1	251741	251780	1	-0.145333	10	0.0028	0.0037	0.58267	0.728
KN811608.1	257595	258099	1	0.128333	10	0.044	0.054	0.64567	0.51733
