[INFO]	Wed Apr 6, 9:30:9, 2022	Start mapping
[SYSTEM CALL] 	Wed Apr 6, 9:30:9, 2022	 segemehl.x -s -d /naluru/Killifish/Fundulus_heteroclitus.Fundulus_heteroclitus-3.0.2.dna.toplevel.fa.gz -i /naluru/Killifish/Fundulus_heteroclitus.Fundulus_heteroclitus-3.0.2.dna.toplevel.ctidx -j /naluru/Killifish/Fundulus_heteroclitus.Fundulus_heteroclitus-3.0.2.dna.toplevel.gaidx -F 2 -t 16 -q /scratch/02-trimgalore/190626_I114_FCH7TVNBBXY_L4_20-S2_1_val_1.fq.gz -u /scratch/03-mapping/mapped/190626_I114_FCH7TVNBBXY_L4_20-S2.unmapped -o /scratch/03-mapping/mapped/190626_I114_FCH7TVNBBXY_L4_20-S2.sam -p /scratch/02-trimgalore/190626_I114_FCH7TVNBBXY_L4_20-S2_2_val_2.fq.gz >>/scratch/03-mapping/mapped/190626_I114_FCH7TVNBBXY_L4_20-S2.mapping.log 2>&1

[INFO]	Wed Apr 6, 11:27:46, 2022	Exclude reads from sam file (/scratch/03-mapping/mapped/190626_I114_FCH7TVNBBXY_L4_20-S2.sam) and convert nonexcluded and excluded output to bam files (/scratch/03-mapping/mapped/190626_I114_FCH7TVNBBXY_L4_20-S2.bam and /scratch/03-mapping/mapped/190626_I114_FCH7TVNBBXY_L4_20-S2.excluded.bam)
[SYSTEM CALL] 	Wed Apr 6, 11:45:20, 2022	 remove /scratch/03-mapping/mapped/190626_I114_FCH7TVNBBXY_L4_20-S2.sam
[INFO]	Wed Apr 6, 11:45:20, 2022	Gzip unmapped out file
[SYSTEM CALL] 	Wed Apr 6, 11:45:20, 2022	 gzip -f /scratch/03-mapping/mapped/190626_I114_FCH7TVNBBXY_L4_20-S2.unmapped >>/scratch/03-mapping/mapped/190626_I114_FCH7TVNBBXY_L4_20-S2.mapping.log 2>&1

[INFO]	Wed Apr 6, 11:52:14, 2022	Index regular bam file
[SYSTEM CALL] 	Wed Apr 6, 11:52:14, 2022	 samtools index /scratch/03-mapping/mapped/190626_I114_FCH7TVNBBXY_L4_20-S2.bam >>/scratch/03-mapping/mapped/190626_I114_FCH7TVNBBXY_L4_20-S2.mapping.log 2>&1

[INFO]	Wed Apr 6, 11:52:39, 2022	Index excluded bam file
[SYSTEM CALL] 	Wed Apr 6, 11:52:39, 2022	 samtools index /scratch/03-mapping/mapped/190626_I114_FCH7TVNBBXY_L4_20-S2.excluded.bam >>/scratch/03-mapping/mapped/190626_I114_FCH7TVNBBXY_L4_20-S2.mapping.log 2>&1

 6 09:32:13 2022: read suffix array '/naluru/Killifish/Fundulus_heteroclitus.Fundulus_heteroclitus-3.0.2.dna.toplevel.ctidx' with 1021908740 elements.
[SEGEMEHL] Wed Apr  6 09:32:15 2022: md5 keys of index and db match.
[SEGEMEHL] Wed Apr  6 09:32:15 2022: reading the suffix array has taken 9.000000 seconds.
[SEGEMEHL] Wed Apr  6 09:32:15 2022: starting 16 threads.
[SEGEMEHL] Wed Apr  6 09:32:15 2022: 1328184 reads in thread 0.
[SEGEMEHL] Wed Apr  6 09:32:15 2022: 1328184 reads in thread 1.
[SEGEMEHL] Wed Apr  6 09:32:15 2022: 1328184 reads in thread 2.
[SEGEMEHL] Wed Apr  6 09:32:15 2022: 1328184 reads in thread 3.
[SEGEMEHL] Wed Apr  6 09:32:15 2022: 1328184 reads in thread 4.
[SEGEMEHL] Wed Apr  6 09:32:15 2022: 1328184 reads in thread 5.
[SEGEMEHL] Wed Apr  6 09:32:15 2022: 1328184 reads in thread 6.
[SEGEMEHL] Wed Apr  6 09:32:15 2022: 1328184 reads in thread 7.
[SEGEMEHL] Wed Apr  6 09:32:15 2022: 1328184 reads in thread 8.
[SEGEMEHL] Wed Apr  6 09:32:15 2022: 1328184 reads in thread 9.
[SEGEMEHL] Wed Apr  6 09:32:15 2022: 1328184 reads in thread 10.
[SEGEMEHL] Wed Apr  6 09:32:15 2022: 1328184 reads in thread 11.
[SEGEMEHL] Wed Apr  6 09:32:15 2022: 1328184 reads in thread 12.
[SEGEMEHL] Wed Apr  6 09:32:15 2022: 1328175 reads in thread 13.
[SEGEMEHL] Wed Apr  6 09:32:15 2022: 1328052 reads in thread 14.
[SEGEMEHL] Wed Apr  6 09:32:15 2022: 1328052 reads in thread 15.
[SEGEMEHL] Wed Apr  6 10:17:07 2022: threaded matching w/ suffixarray has taken 2692.000000 seconds.
[SEGEMEHL] Wed Apr  6 10:17:07 2022: reading database sequences.
[SEGEMEHL] Wed Apr  6 10:17:20 2022: 10180 database sequences found.
[SEGEMEHL] Wed Apr  6 10:17:20 2022: total length of db sequences: 1021898560
[SEGEMEHL] Wed Apr  6 10:17:23 2022: reading suffix array '/naluru/Killifish/Fundulus_heteroclitus.Fundulus_heteroclitus-3.0.2.dna.toplevel.gaidx' from disk.
[SEGEMEHL] Wed Apr  6 10:17:27 2022: reading lcpc/vtab.
[SEGEMEHL] Wed Apr  6 10:17:27 2022: reading childtab.
[SEGEMEHL] Wed Apr  6 10:17:29 2022: reading suflinks.
[SEGEMEHL] Wed Apr  6 10:17:31 2022: reading lsint id.
[SEGEMEHL] Wed Apr  6 10:17:31 2022: read suffix array '/naluru/Killifish/Fundulus_heteroclitus.Fundulus_heteroclitus-3.0.2.dna.toplevel.gaidx' with 1021908740 elements.
[SEGEMEHL] Wed Apr  6 10:17:32 2022: md5 keys of index and db match.
[SEGEMEHL] Wed Apr  6 10:17:32 2022: reading the suffix array has taken 9.000000 seconds.
[SEGEMEHL] Wed Apr  6 10:17:32 2022: starting 16 threads.
[SEGEMEHL] Wed Apr  6 10:17:32 2022: 1328184 reads in thread 0.
[SEGEMEHL] Wed Apr  6 10:17:32 2022: 1328184 reads in thread 1.
[SEGEMEHL] Wed Apr  6 10:17:32 2022: 1328184 reads in thread 2.
[SEGEMEHL] Wed Apr  6 10:17:32 2022: 1328184 reads in thread 3.
[SEGEMEHL] Wed Apr  6 10:17:32 2022: 1328184 reads in thread 4.
[SEGEMEHL] Wed Apr  6 10:17:32 2022: 1328184 reads in thread 5.
[SEGEMEHL] Wed Apr  6 10:17:32 2022: 1328184 reads in thread 6.
[SEGEMEHL] Wed Apr  6 10:17:32 2022: 1328184 reads in thread 7.
[SEGEMEHL] Wed Apr  6 10:17:32 2022: 1328184 reads in thread 8.
[SEGEMEHL] Wed Apr  6 10:17:32 2022: 1328184 reads in thread 9.
[SEGEMEHL] Wed Apr  6 10:17:32 2022: 1328184 reads in thread 10.
[SEGEMEHL] Wed Apr  6 10:17:32 2022: 1328184 reads in thread 11.
[SEGEMEHL] Wed Apr  6 10:17:32 2022: 1328184 reads in thread 12.
[SEGEMEHL] Wed Apr  6 10:17:32 2022: 1328175 reads in thread 13.
[SEGEMEHL] Wed Apr  6 10:17:32 2022: 1328052 reads in thread 14.
[SEGEMEHL] Wed Apr  6 10:17:32 2022: 1328052 reads in thread 15.
[SEGEMEHL] Wed Apr  6 11:03:32 2022: threaded matching w/ suffixarray has taken 2760.000000 seconds.
[SEGEMEHL] Wed Apr  6 11:03:32 2022: Merging bisulfite bin 0.
[SEGEMEHL] Wed Apr  6 11:04:40 2022: Merging bisulfite bin 1.
[SEGEMEHL] Wed Apr  6 11:05:47 2022: Merging bisulfite bin 2.
[SEGEMEHL] Wed Apr  6 11:06:55 2022: Merging bisulfite bin 3.
[SEGEMEHL] Wed Apr  6 11:08:04 2022: Merging bisulfite bin 4.
[SEGEMEHL] Wed Apr  6 11:09:13 2022: Merging bisulfite bin 5.
[SEGEMEHL] Wed Apr  6 11:10:23 2022: Merging bisulfite bin 6.
[SEGEMEHL] Wed Apr  6 11:11:32 2022: Merging bisulfite bin 7.
[SEGEMEHL] Wed Apr  6 11:12:42 2022: Merging bisulfite bin 8.
[SEGEMEHL] Wed Apr  6 11:13:51 2022: Merging bisulfite bin 9.
[SEGEMEHL] Wed Apr  6 11:15:01 2022: Merging bisulfite bin 10.
[SEGEMEHL] Wed Apr  6 11:16:10 2022: Merging bisulfite bin 11.
[SEGEMEHL] Wed Apr  6 11:17:18 2022: Merging bisulfite bin 12.
[SEGEMEHL] Wed Apr  6 11:18:31 2022: Merging bisulfite bin 13.
[SEGEMEHL] Wed Apr  6 11:19:43 2022: Merging bisulfite bin 14.
[SEGEMEHL] Wed Apr  6 11:20:55 2022: Merging bisulfite bin 15.
[SEGEMEHL] Wed Apr  6 11:27:46 2022: 
Goodbye.
 "Kaeff'chen?" (Lars)
[bam_sort_core] merging from 3 files...
