[INFO]	Tue Apr 5, 20:56:25, 2022	Start mapping
[SYSTEM CALL] 	Tue Apr 5, 20:56:25, 2022	 segemehl.x -s -d /naluru/Killifish/Fundulus_heteroclitus.Fundulus_heteroclitus-3.0.2.dna.toplevel.fa.gz -i /naluru/Killifish/Fundulus_heteroclitus.Fundulus_heteroclitus-3.0.2.dna.toplevel.ctidx -j /naluru/Killifish/Fundulus_heteroclitus.Fundulus_heteroclitus-3.0.2.dna.toplevel.gaidx -F 2 -t 16 -q /scratch/02-trimgalore/190626_I114_FCH7TVNBBXY_L3_OC-N4_1_val_1.fq.gz -u /scratch/03-mapping/mapped/190626_I114_FCH7TVNBBXY_L3_OC-N4.unmapped -o /scratch/03-mapping/mapped/190626_I114_FCH7TVNBBXY_L3_OC-N4.sam -p /scratch/02-trimgalore/190626_I114_FCH7TVNBBXY_L3_OC-N4_2_val_2.fq.gz >>/scratch/03-mapping/mapped/190626_I114_FCH7TVNBBXY_L3_OC-N4.mapping.log 2>&1

[INFO]	Tue Apr 5, 22:57:5, 2022	Exclude reads from sam file (/scratch/03-mapping/mapped/190626_I114_FCH7TVNBBXY_L3_OC-N4.sam) and convert nonexcluded and excluded output to bam files (/scratch/03-mapping/mapped/190626_I114_FCH7TVNBBXY_L3_OC-N4.bam and /scratch/03-mapping/mapped/190626_I114_FCH7TVNBBXY_L3_OC-N4.excluded.bam)
[SYSTEM CALL] 	Tue Apr 5, 23:18:44, 2022	 remove /scratch/03-mapping/mapped/190626_I114_FCH7TVNBBXY_L3_OC-N4.sam
[INFO]	Tue Apr 5, 23:18:44, 2022	Gzip unmapped out file
[SYSTEM CALL] 	Tue Apr 5, 23:18:44, 2022	 gzip -f /scratch/03-mapping/mapped/190626_I114_FCH7TVNBBXY_L3_OC-N4.unmapped >>/scratch/03-mapping/mapped/190626_I114_FCH7TVNBBXY_L3_OC-N4.mapping.log 2>&1

[INFO]	Tue Apr 5, 23:24:44, 2022	Index regular bam file
[SYSTEM CALL] 	Tue Apr 5, 23:24:44, 2022	 samtools index /scratch/03-mapping/mapped/190626_I114_FCH7TVNBBXY_L3_OC-N4.bam >>/scratch/03-mapping/mapped/190626_I114_FCH7TVNBBXY_L3_OC-N4.mapping.log 2>&1

[INFO]	Tue Apr 5, 23:25:17, 2022	Index excluded bam file
[SYSTEM CALL] 	Tue Apr 5, 23:25:17, 2022	 samtools index /scratch/03-mapping/mapped/190626_I114_FCH7TVNBBXY_L3_OC-N4.excluded.bam >>/scratch/03-mapping/mapped/190626_I114_FCH7TVNBBXY_L3_OC-N4.mapping.log 2>&1

  5 20:58:23 2022: read suffix array '/naluru/Killifish/Fundulus_heteroclitus.Fundulus_heteroclitus-3.0.2.dna.toplevel.ctidx' with 1021908740 elements.
[SEGEMEHL] Tue Apr  5 20:58:25 2022: md5 keys of index and db match.
[SEGEMEHL] Tue Apr  5 20:58:25 2022: reading the suffix array has taken 9.000000 seconds.
[SEGEMEHL] Tue Apr  5 20:58:25 2022: starting 16 threads.
[SEGEMEHL] Tue Apr  5 20:58:25 2022: 1237503 reads in thread 0.
[SEGEMEHL] Tue Apr  5 20:58:25 2022: 1237503 reads in thread 1.
[SEGEMEHL] Tue Apr  5 20:58:25 2022: 1237503 reads in thread 2.
[SEGEMEHL] Tue Apr  5 20:58:25 2022: 1237461 reads in thread 3.
[SEGEMEHL] Tue Apr  5 20:58:25 2022: 1237380 reads in thread 4.
[SEGEMEHL] Tue Apr  5 20:58:25 2022: 1237380 reads in thread 5.
[SEGEMEHL] Tue Apr  5 20:58:25 2022: 1237380 reads in thread 6.
[SEGEMEHL] Tue Apr  5 20:58:25 2022: 1237380 reads in thread 7.
[SEGEMEHL] Tue Apr  5 20:58:25 2022: 1237380 reads in thread 8.
[SEGEMEHL] Tue Apr  5 20:58:25 2022: 1237380 reads in thread 9.
[SEGEMEHL] Tue Apr  5 20:58:25 2022: 1237380 reads in thread 10.
[SEGEMEHL] Tue Apr  5 20:58:25 2022: 1237380 reads in thread 11.
[SEGEMEHL] Tue Apr  5 20:58:25 2022: 1237380 reads in thread 12.
[SEGEMEHL] Tue Apr  5 20:58:25 2022: 1237380 reads in thread 13.
[SEGEMEHL] Tue Apr  5 20:58:25 2022: 1237380 reads in thread 14.
[SEGEMEHL] Tue Apr  5 20:58:25 2022: 1237380 reads in thread 15.
[SEGEMEHL] Tue Apr  5 21:41:30 2022: threaded matching w/ suffixarray has taken 2585.000000 seconds.
[SEGEMEHL] Tue Apr  5 21:41:30 2022: reading database sequences.
[SEGEMEHL] Tue Apr  5 21:41:43 2022: 10180 database sequences found.
[SEGEMEHL] Tue Apr  5 21:41:43 2022: total length of db sequences: 1021898560
[SEGEMEHL] Tue Apr  5 21:41:46 2022: reading suffix array '/naluru/Killifish/Fundulus_heteroclitus.Fundulus_heteroclitus-3.0.2.dna.toplevel.gaidx' from disk.
[SEGEMEHL] Tue Apr  5 21:41:51 2022: reading lcpc/vtab.
[SEGEMEHL] Tue Apr  5 21:41:51 2022: reading childtab.
[SEGEMEHL] Tue Apr  5 21:41:53 2022: reading suflinks.
[SEGEMEHL] Tue Apr  5 21:41:55 2022: reading lsint id.
[SEGEMEHL] Tue Apr  5 21:41:55 2022: read suffix array '/naluru/Killifish/Fundulus_heteroclitus.Fundulus_heteroclitus-3.0.2.dna.toplevel.gaidx' with 1021908740 elements.
[SEGEMEHL] Tue Apr  5 21:41:57 2022: md5 keys of index and db match.
[SEGEMEHL] Tue Apr  5 21:41:57 2022: reading the suffix array has taken 11.000000 seconds.
[SEGEMEHL] Tue Apr  5 21:41:57 2022: starting 16 threads.
[SEGEMEHL] Tue Apr  5 21:41:57 2022: 1237503 reads in thread 0.
[SEGEMEHL] Tue Apr  5 21:41:57 2022: 1237503 reads in thread 1.
[SEGEMEHL] Tue Apr  5 21:41:57 2022: 1237503 reads in thread 2.
[SEGEMEHL] Tue Apr  5 21:41:57 2022: 1237461 reads in thread 3.
[SEGEMEHL] Tue Apr  5 21:41:57 2022: 1237380 reads in thread 4.
[SEGEMEHL] Tue Apr  5 21:41:57 2022: 1237380 reads in thread 5.
[SEGEMEHL] Tue Apr  5 21:41:57 2022: 1237380 reads in thread 6.
[SEGEMEHL] Tue Apr  5 21:41:57 2022: 1237380 reads in thread 7.
[SEGEMEHL] Tue Apr  5 21:41:57 2022: 1237380 reads in thread 8.
[SEGEMEHL] Tue Apr  5 21:41:57 2022: 1237380 reads in thread 9.
[SEGEMEHL] Tue Apr  5 21:41:57 2022: 1237380 reads in thread 10.
[SEGEMEHL] Tue Apr  5 21:41:57 2022: 1237380 reads in thread 11.
[SEGEMEHL] Tue Apr  5 21:41:57 2022: 1237380 reads in thread 12.
[SEGEMEHL] Tue Apr  5 21:41:57 2022: 1237380 reads in thread 13.
[SEGEMEHL] Tue Apr  5 21:41:57 2022: 1237380 reads in thread 14.
[SEGEMEHL] Tue Apr  5 21:41:57 2022: 1237380 reads in thread 15.
[SEGEMEHL] Tue Apr  5 22:27:18 2022: threaded matching w/ suffixarray has taken 2721.000000 seconds.
[SEGEMEHL] Tue Apr  5 22:27:18 2022: Merging bisulfite bin 0.
[SEGEMEHL] Tue Apr  5 22:28:41 2022: Merging bisulfite bin 1.
[SEGEMEHL] Tue Apr  5 22:30:06 2022: Merging bisulfite bin 2.
[SEGEMEHL] Tue Apr  5 22:31:31 2022: Merging bisulfite bin 3.
[SEGEMEHL] Tue Apr  5 22:32:57 2022: Merging bisulfite bin 4.
[SEGEMEHL] Tue Apr  5 22:34:23 2022: Merging bisulfite bin 5.
[SEGEMEHL] Tue Apr  5 22:35:49 2022: Merging bisulfite bin 6.
[SEGEMEHL] Tue Apr  5 22:37:17 2022: Merging bisulfite bin 7.
[SEGEMEHL] Tue Apr  5 22:38:45 2022: Merging bisulfite bin 8.
[SEGEMEHL] Tue Apr  5 22:40:10 2022: Merging bisulfite bin 9.
[SEGEMEHL] Tue Apr  5 22:41:35 2022: Merging bisulfite bin 10.
[SEGEMEHL] Tue Apr  5 22:42:59 2022: Merging bisulfite bin 11.
[SEGEMEHL] Tue Apr  5 22:44:23 2022: Merging bisulfite bin 12.
[SEGEMEHL] Tue Apr  5 22:45:50 2022: Merging bisulfite bin 13.
[SEGEMEHL] Tue Apr  5 22:47:15 2022: Merging bisulfite bin 14.
[SEGEMEHL] Tue Apr  5 22:48:43 2022: Merging bisulfite bin 15.
[SEGEMEHL] Tue Apr  5 22:57:05 2022: 
Goodbye.
 "Die Ficker!" (Thommy)
[bam_sort_core] merging from 3 files...
