[INFO]	Tue Apr 5, 18:10:54, 2022	Start mapping
[SYSTEM CALL] 	Tue Apr 5, 18:10:54, 2022	 segemehl.x -s -d /naluru/Killifish/Fundulus_heteroclitus.Fundulus_heteroclitus-3.0.2.dna.toplevel.fa.gz -i /naluru/Killifish/Fundulus_heteroclitus.Fundulus_heteroclitus-3.0.2.dna.toplevel.ctidx -j /naluru/Killifish/Fundulus_heteroclitus.Fundulus_heteroclitus-3.0.2.dna.toplevel.gaidx -F 2 -t 16 -q /scratch/02-trimgalore/190626_I114_FCH7TVNBBXY_L3_OC-N2_1_val_1.fq.gz -u /scratch/03-mapping/mapped/190626_I114_FCH7TVNBBXY_L3_OC-N2.unmapped -o /scratch/03-mapping/mapped/190626_I114_FCH7TVNBBXY_L3_OC-N2.sam -p /scratch/02-trimgalore/190626_I114_FCH7TVNBBXY_L3_OC-N2_2_val_2.fq.gz >>/scratch/03-mapping/mapped/190626_I114_FCH7TVNBBXY_L3_OC-N2.mapping.log 2>&1

[INFO]	Tue Apr 5, 20:24:13, 2022	Exclude reads from sam file (/scratch/03-mapping/mapped/190626_I114_FCH7TVNBBXY_L3_OC-N2.sam) and convert nonexcluded and excluded output to bam files (/scratch/03-mapping/mapped/190626_I114_FCH7TVNBBXY_L3_OC-N2.bam and /scratch/03-mapping/mapped/190626_I114_FCH7TVNBBXY_L3_OC-N2.excluded.bam)
[SYSTEM CALL] 	Tue Apr 5, 20:49:39, 2022	 remove /scratch/03-mapping/mapped/190626_I114_FCH7TVNBBXY_L3_OC-N2.sam
[INFO]	Tue Apr 5, 20:49:39, 2022	Gzip unmapped out file
[SYSTEM CALL] 	Tue Apr 5, 20:49:39, 2022	 gzip -f /scratch/03-mapping/mapped/190626_I114_FCH7TVNBBXY_L3_OC-N2.unmapped >>/scratch/03-mapping/mapped/190626_I114_FCH7TVNBBXY_L3_OC-N2.mapping.log 2>&1

[INFO]	Tue Apr 5, 20:55:46, 2022	Index regular bam file
[SYSTEM CALL] 	Tue Apr 5, 20:55:46, 2022	 samtools index /scratch/03-mapping/mapped/190626_I114_FCH7TVNBBXY_L3_OC-N2.bam >>/scratch/03-mapping/mapped/190626_I114_FCH7TVNBBXY_L3_OC-N2.mapping.log 2>&1

[INFO]	Tue Apr 5, 20:56:25, 2022	Index excluded bam file
[SYSTEM CALL] 	Tue Apr 5, 20:56:25, 2022	 samtools index /scratch/03-mapping/mapped/190626_I114_FCH7TVNBBXY_L3_OC-N2.excluded.bam >>/scratch/03-mapping/mapped/190626_I114_FCH7TVNBBXY_L3_OC-N2.mapping.log 2>&1

 5 18:12:59 2022: read suffix array '/naluru/Killifish/Fundulus_heteroclitus.Fundulus_heteroclitus-3.0.2.dna.toplevel.ctidx' with 1021908740 elements.
[SEGEMEHL] Tue Apr  5 18:13:01 2022: md5 keys of index and db match.
[SEGEMEHL] Tue Apr  5 18:13:01 2022: reading the suffix array has taken 9.000000 seconds.
[SEGEMEHL] Tue Apr  5 18:13:01 2022: starting 16 threads.
[SEGEMEHL] Tue Apr  5 18:13:01 2022: 1348576 reads in thread 0.
[SEGEMEHL] Tue Apr  5 18:13:01 2022: 1348576 reads in thread 1.
[SEGEMEHL] Tue Apr  5 18:13:01 2022: 1348576 reads in thread 2.
[SEGEMEHL] Tue Apr  5 18:13:01 2022: 1348576 reads in thread 3.
[SEGEMEHL] Tue Apr  5 18:13:01 2022: 1348576 reads in thread 4.
[SEGEMEHL] Tue Apr  5 18:13:01 2022: 1348576 reads in thread 5.
[SEGEMEHL] Tue Apr  5 18:13:01 2022: 1348508 reads in thread 6.
[SEGEMEHL] Tue Apr  5 18:13:01 2022: 1348442 reads in thread 7.
[SEGEMEHL] Tue Apr  5 18:13:01 2022: 1348442 reads in thread 8.
[SEGEMEHL] Tue Apr  5 18:13:01 2022: 1348442 reads in thread 9.
[SEGEMEHL] Tue Apr  5 18:13:01 2022: 1348442 reads in thread 10.
[SEGEMEHL] Tue Apr  5 18:13:01 2022: 1348442 reads in thread 11.
[SEGEMEHL] Tue Apr  5 18:13:01 2022: 1348442 reads in thread 12.
[SEGEMEHL] Tue Apr  5 18:13:01 2022: 1348442 reads in thread 13.
[SEGEMEHL] Tue Apr  5 18:13:01 2022: 1348442 reads in thread 14.
[SEGEMEHL] Tue Apr  5 18:13:01 2022: 1348442 reads in thread 15.
[SEGEMEHL] Tue Apr  5 18:59:05 2022: threaded matching w/ suffixarray has taken 2764.000000 seconds.
[SEGEMEHL] Tue Apr  5 18:59:05 2022: reading database sequences.
[SEGEMEHL] Tue Apr  5 18:59:18 2022: 10180 database sequences found.
[SEGEMEHL] Tue Apr  5 18:59:18 2022: total length of db sequences: 1021898560
[SEGEMEHL] Tue Apr  5 18:59:21 2022: reading suffix array '/naluru/Killifish/Fundulus_heteroclitus.Fundulus_heteroclitus-3.0.2.dna.toplevel.gaidx' from disk.
[SEGEMEHL] Tue Apr  5 18:59:25 2022: reading lcpc/vtab.
[SEGEMEHL] Tue Apr  5 18:59:25 2022: reading childtab.
[SEGEMEHL] Tue Apr  5 18:59:27 2022: reading suflinks.
[SEGEMEHL] Tue Apr  5 18:59:29 2022: reading lsint id.
[SEGEMEHL] Tue Apr  5 18:59:29 2022: read suffix array '/naluru/Killifish/Fundulus_heteroclitus.Fundulus_heteroclitus-3.0.2.dna.toplevel.gaidx' with 1021908740 elements.
[SEGEMEHL] Tue Apr  5 18:59:31 2022: md5 keys of index and db match.
[SEGEMEHL] Tue Apr  5 18:59:31 2022: reading the suffix array has taken 10.000000 seconds.
[SEGEMEHL] Tue Apr  5 18:59:31 2022: starting 16 threads.
[SEGEMEHL] Tue Apr  5 18:59:31 2022: 1348576 reads in thread 0.
[SEGEMEHL] Tue Apr  5 18:59:31 2022: 1348576 reads in thread 1.
[SEGEMEHL] Tue Apr  5 18:59:31 2022: 1348576 reads in thread 2.
[SEGEMEHL] Tue Apr  5 18:59:31 2022: 1348576 reads in thread 3.
[SEGEMEHL] Tue Apr  5 18:59:31 2022: 1348576 reads in thread 4.
[SEGEMEHL] Tue Apr  5 18:59:31 2022: 1348576 reads in thread 5.
[SEGEMEHL] Tue Apr  5 18:59:31 2022: 1348508 reads in thread 6.
[SEGEMEHL] Tue Apr  5 18:59:31 2022: 1348442 reads in thread 7.
[SEGEMEHL] Tue Apr  5 18:59:31 2022: 1348442 reads in thread 8.
[SEGEMEHL] Tue Apr  5 18:59:31 2022: 1348442 reads in thread 9.
[SEGEMEHL] Tue Apr  5 18:59:31 2022: 1348442 reads in thread 10.
[SEGEMEHL] Tue Apr  5 18:59:31 2022: 1348442 reads in thread 11.
[SEGEMEHL] Tue Apr  5 18:59:31 2022: 1348442 reads in thread 12.
[SEGEMEHL] Tue Apr  5 18:59:31 2022: 1348442 reads in thread 13.
[SEGEMEHL] Tue Apr  5 18:59:31 2022: 1348442 reads in thread 14.
[SEGEMEHL] Tue Apr  5 18:59:31 2022: 1348442 reads in thread 15.
[SEGEMEHL] Tue Apr  5 19:48:54 2022: threaded matching w/ suffixarray has taken 2963.000000 seconds.
[SEGEMEHL] Tue Apr  5 19:48:54 2022: Merging bisulfite bin 0.
[SEGEMEHL] Tue Apr  5 19:50:35 2022: Merging bisulfite bin 1.
[SEGEMEHL] Tue Apr  5 19:52:16 2022: Merging bisulfite bin 2.
[SEGEMEHL] Tue Apr  5 19:53:58 2022: Merging bisulfite bin 3.
[SEGEMEHL] Tue Apr  5 19:55:38 2022: Merging bisulfite bin 4.
[SEGEMEHL] Tue Apr  5 19:57:18 2022: Merging bisulfite bin 5.
[SEGEMEHL] Tue Apr  5 19:59:00 2022: Merging bisulfite bin 6.
[SEGEMEHL] Tue Apr  5 20:00:42 2022: Merging bisulfite bin 7.
[SEGEMEHL] Tue Apr  5 20:02:25 2022: Merging bisulfite bin 8.
[SEGEMEHL] Tue Apr  5 20:04:05 2022: Merging bisulfite bin 9.
[SEGEMEHL] Tue Apr  5 20:05:47 2022: Merging bisulfite bin 10.
[SEGEMEHL] Tue Apr  5 20:07:28 2022: Merging bisulfite bin 11.
[SEGEMEHL] Tue Apr  5 20:09:03 2022: Merging bisulfite bin 12.
[SEGEMEHL] Tue Apr  5 20:10:47 2022: Merging bisulfite bin 13.
[SEGEMEHL] Tue Apr  5 20:12:29 2022: Merging bisulfite bin 14.
[SEGEMEHL] Tue Apr  5 20:14:13 2022: Merging bisulfite bin 15.
[SEGEMEHL] Tue Apr  5 20:24:13 2022: 
Goodbye.
 "Hab' ich gerade inner Bild gelesen!" (Bienchen)
[bam_sort_core] merging from 4 files...
