[INFO]	Tue Apr 5, 15:34:22, 2022	Start mapping
[SYSTEM CALL] 	Tue Apr 5, 15:34:22, 2022	 segemehl.x -s -d /naluru/Killifish/Fundulus_heteroclitus.Fundulus_heteroclitus-3.0.2.dna.toplevel.fa.gz -i /naluru/Killifish/Fundulus_heteroclitus.Fundulus_heteroclitus-3.0.2.dna.toplevel.ctidx -j /naluru/Killifish/Fundulus_heteroclitus.Fundulus_heteroclitus-3.0.2.dna.toplevel.gaidx -F 2 -t 16 -q /scratch/02-trimgalore/190626_I114_FCH7TVNBBXY_L3_OC-N1_1_val_1.fq.gz -u /scratch/03-mapping/mapped/190626_I114_FCH7TVNBBXY_L3_OC-N1.unmapped -o /scratch/03-mapping/mapped/190626_I114_FCH7TVNBBXY_L3_OC-N1.sam -p /scratch/02-trimgalore/190626_I114_FCH7TVNBBXY_L3_OC-N1_2_val_2.fq.gz >>/scratch/03-mapping/mapped/190626_I114_FCH7TVNBBXY_L3_OC-N1.mapping.log 2>&1

[INFO]	Tue Apr 5, 17:41:42, 2022	Exclude reads from sam file (/scratch/03-mapping/mapped/190626_I114_FCH7TVNBBXY_L3_OC-N1.sam) and convert nonexcluded and excluded output to bam files (/scratch/03-mapping/mapped/190626_I114_FCH7TVNBBXY_L3_OC-N1.bam and /scratch/03-mapping/mapped/190626_I114_FCH7TVNBBXY_L3_OC-N1.excluded.bam)
[SYSTEM CALL] 	Tue Apr 5, 18:4:3, 2022	 remove /scratch/03-mapping/mapped/190626_I114_FCH7TVNBBXY_L3_OC-N1.sam
[INFO]	Tue Apr 5, 18:4:3, 2022	Gzip unmapped out file
[SYSTEM CALL] 	Tue Apr 5, 18:4:3, 2022	 gzip -f /scratch/03-mapping/mapped/190626_I114_FCH7TVNBBXY_L3_OC-N1.unmapped >>/scratch/03-mapping/mapped/190626_I114_FCH7TVNBBXY_L3_OC-N1.mapping.log 2>&1

[INFO]	Tue Apr 5, 18:10:20, 2022	Index regular bam file
[SYSTEM CALL] 	Tue Apr 5, 18:10:20, 2022	 samtools index /scratch/03-mapping/mapped/190626_I114_FCH7TVNBBXY_L3_OC-N1.bam >>/scratch/03-mapping/mapped/190626_I114_FCH7TVNBBXY_L3_OC-N1.mapping.log 2>&1

[INFO]	Tue Apr 5, 18:10:54, 2022	Index excluded bam file
[SYSTEM CALL] 	Tue Apr 5, 18:10:54, 2022	 samtools index /scratch/03-mapping/mapped/190626_I114_FCH7TVNBBXY_L3_OC-N1.excluded.bam >>/scratch/03-mapping/mapped/190626_I114_FCH7TVNBBXY_L3_OC-N1.mapping.log 2>&1

e Apr  5 15:36:26 2022: read suffix array '/naluru/Killifish/Fundulus_heteroclitus.Fundulus_heteroclitus-3.0.2.dna.toplevel.ctidx' with 1021908740 elements.
[SEGEMEHL] Tue Apr  5 15:36:28 2022: md5 keys of index and db match.
[SEGEMEHL] Tue Apr  5 15:36:28 2022: reading the suffix array has taken 10.000000 seconds.
[SEGEMEHL] Tue Apr  5 15:36:28 2022: starting 16 threads.
[SEGEMEHL] Tue Apr  5 15:36:28 2022: 1335187 reads in thread 0.
[SEGEMEHL] Tue Apr  5 15:36:28 2022: 1335187 reads in thread 1.
[SEGEMEHL] Tue Apr  5 15:36:28 2022: 1335187 reads in thread 2.
[SEGEMEHL] Tue Apr  5 15:36:28 2022: 1335187 reads in thread 3.
[SEGEMEHL] Tue Apr  5 15:36:28 2022: 1335187 reads in thread 4.
[SEGEMEHL] Tue Apr  5 15:36:28 2022: 1335187 reads in thread 5.
[SEGEMEHL] Tue Apr  5 15:36:28 2022: 1335187 reads in thread 6.
[SEGEMEHL] Tue Apr  5 15:36:28 2022: 1335187 reads in thread 7.
[SEGEMEHL] Tue Apr  5 15:36:28 2022: 1335187 reads in thread 8.
[SEGEMEHL] Tue Apr  5 15:36:28 2022: 1335187 reads in thread 9.
[SEGEMEHL] Tue Apr  5 15:36:28 2022: 1335187 reads in thread 10.
[SEGEMEHL] Tue Apr  5 15:36:28 2022: 1335187 reads in thread 11.
[SEGEMEHL] Tue Apr  5 15:36:28 2022: 1335187 reads in thread 12.
[SEGEMEHL] Tue Apr  5 15:36:28 2022: 1335187 reads in thread 13.
[SEGEMEHL] Tue Apr  5 15:36:28 2022: 1335151 reads in thread 14.
[SEGEMEHL] Tue Apr  5 15:36:28 2022: 1335054 reads in thread 15.
[SEGEMEHL] Tue Apr  5 16:22:33 2022: threaded matching w/ suffixarray has taken 2765.000000 seconds.
[SEGEMEHL] Tue Apr  5 16:22:33 2022: reading database sequences.
[SEGEMEHL] Tue Apr  5 16:22:46 2022: 10180 database sequences found.
[SEGEMEHL] Tue Apr  5 16:22:46 2022: total length of db sequences: 1021898560
[SEGEMEHL] Tue Apr  5 16:22:50 2022: reading suffix array '/naluru/Killifish/Fundulus_heteroclitus.Fundulus_heteroclitus-3.0.2.dna.toplevel.gaidx' from disk.
[SEGEMEHL] Tue Apr  5 16:22:53 2022: reading lcpc/vtab.
[SEGEMEHL] Tue Apr  5 16:22:54 2022: reading childtab.
[SEGEMEHL] Tue Apr  5 16:22:55 2022: reading suflinks.
[SEGEMEHL] Tue Apr  5 16:22:57 2022: reading lsint id.
[SEGEMEHL] Tue Apr  5 16:22:57 2022: read suffix array '/naluru/Killifish/Fundulus_heteroclitus.Fundulus_heteroclitus-3.0.2.dna.toplevel.gaidx' with 1021908740 elements.
[SEGEMEHL] Tue Apr  5 16:22:59 2022: md5 keys of index and db match.
[SEGEMEHL] Tue Apr  5 16:22:59 2022: reading the suffix array has taken 9.000000 seconds.
[SEGEMEHL] Tue Apr  5 16:22:59 2022: starting 16 threads.
[SEGEMEHL] Tue Apr  5 16:22:59 2022: 1335187 reads in thread 0.
[SEGEMEHL] Tue Apr  5 16:22:59 2022: 1335187 reads in thread 1.
[SEGEMEHL] Tue Apr  5 16:22:59 2022: 1335187 reads in thread 2.
[SEGEMEHL] Tue Apr  5 16:22:59 2022: 1335187 reads in thread 3.
[SEGEMEHL] Tue Apr  5 16:22:59 2022: 1335187 reads in thread 4.
[SEGEMEHL] Tue Apr  5 16:22:59 2022: 1335187 reads in thread 5.
[SEGEMEHL] Tue Apr  5 16:22:59 2022: 1335187 reads in thread 6.
[SEGEMEHL] Tue Apr  5 16:22:59 2022: 1335187 reads in thread 7.
[SEGEMEHL] Tue Apr  5 16:22:59 2022: 1335187 reads in thread 8.
[SEGEMEHL] Tue Apr  5 16:22:59 2022: 1335187 reads in thread 9.
[SEGEMEHL] Tue Apr  5 16:22:59 2022: 1335187 reads in thread 10.
[SEGEMEHL] Tue Apr  5 16:22:59 2022: 1335187 reads in thread 11.
[SEGEMEHL] Tue Apr  5 16:22:59 2022: 1335187 reads in thread 12.
[SEGEMEHL] Tue Apr  5 16:22:59 2022: 1335187 reads in thread 13.
[SEGEMEHL] Tue Apr  5 16:22:59 2022: 1335151 reads in thread 14.
[SEGEMEHL] Tue Apr  5 16:22:59 2022: 1335054 reads in thread 15.
[SEGEMEHL] Tue Apr  5 17:11:34 2022: threaded matching w/ suffixarray has taken 2915.000000 seconds.
[SEGEMEHL] Tue Apr  5 17:11:35 2022: Merging bisulfite bin 0.
[SEGEMEHL] Tue Apr  5 17:13:00 2022: Merging bisulfite bin 1.
[SEGEMEHL] Tue Apr  5 17:14:25 2022: Merging bisulfite bin 2.
[SEGEMEHL] Tue Apr  5 17:15:51 2022: Merging bisulfite bin 3.
[SEGEMEHL] Tue Apr  5 17:17:17 2022: Merging bisulfite bin 4.
[SEGEMEHL] Tue Apr  5 17:18:43 2022: Merging bisulfite bin 5.
[SEGEMEHL] Tue Apr  5 17:20:10 2022: Merging bisulfite bin 6.
[SEGEMEHL] Tue Apr  5 17:21:38 2022: Merging bisulfite bin 7.
[SEGEMEHL] Tue Apr  5 17:23:06 2022: Merging bisulfite bin 8.
[SEGEMEHL] Tue Apr  5 17:24:33 2022: Merging bisulfite bin 9.
[SEGEMEHL] Tue Apr  5 17:26:01 2022: Merging bisulfite bin 10.
[SEGEMEHL] Tue Apr  5 17:27:28 2022: Merging bisulfite bin 11.
[SEGEMEHL] Tue Apr  5 17:28:53 2022: Merging bisulfite bin 12.
[SEGEMEHL] Tue Apr  5 17:30:20 2022: Merging bisulfite bin 13.
[SEGEMEHL] Tue Apr  5 17:31:47 2022: Merging bisulfite bin 14.
[SEGEMEHL] Tue Apr  5 17:33:15 2022: Merging bisulfite bin 15.
[SEGEMEHL] Tue Apr  5 17:41:42 2022: 
Goodbye.
 "Nochn' schoenes Bier verhaften?" (M. Mosisch)
[bam_sort_core] merging from 3 files...
