[INFO]	Tue Mar 22, 16:51:30, 2022	Start mapping
[SYSTEM CALL] 	Tue Mar 22, 16:51:30, 2022	 segemehl.x -s -d /naluru/Killifish/Fundulus_heteroclitus.Fundulus_heteroclitus-3.0.2.dna.toplevel.fa.gz -i /naluru/Killifish/Fundulus_heteroclitus.Fundulus_heteroclitus-3.0.2.dna.toplevel.ctidx -j /naluru/Killifish/Fundulus_heteroclitus.Fundulus_heteroclitus-3.0.2.dna.toplevel.gaidx -F 2 -t 16 -q /scratch/02-trimgalore/190626_I114_FCH7TVNBBXY_L2_20-N4_1_val_1.fq.gz -u /scratch/03-mapping/mapped/190626_I114_FCH7TVNBBXY_L2_20-N4.unmapped -o /scratch/03-mapping/mapped/190626_I114_FCH7TVNBBXY_L2_20-N4.sam -p /scratch/02-trimgalore/190626_I114_FCH7TVNBBXY_L2_20-N4_2_val_2.fq.gz >>/scratch/03-mapping/mapped/190626_I114_FCH7TVNBBXY_L2_20-N4.mapping.log 2>&1

[INFO]	Tue Mar 22, 20:49:3, 2022	Exclude reads from sam file (/scratch/03-mapping/mapped/190626_I114_FCH7TVNBBXY_L2_20-N4.sam) and convert nonexcluded and excluded output to bam files (/scratch/03-mapping/mapped/190626_I114_FCH7TVNBBXY_L2_20-N4.bam and /scratch/03-mapping/mapped/190626_I114_FCH7TVNBBXY_L2_20-N4.excluded.bam)
[SYSTEM CALL] 	Tue Mar 22, 21:25:6, 2022	 remove /scratch/03-mapping/mapped/190626_I114_FCH7TVNBBXY_L2_20-N4.sam
[INFO]	Tue Mar 22, 21:25:6, 2022	Gzip unmapped out file
[SYSTEM CALL] 	Tue Mar 22, 21:25:6, 2022	 gzip -f /scratch/03-mapping/mapped/190626_I114_FCH7TVNBBXY_L2_20-N4.unmapped >>/scratch/03-mapping/mapped/190626_I114_FCH7TVNBBXY_L2_20-N4.mapping.log 2>&1

[INFO]	Tue Mar 22, 21:35:40, 2022	Index regular bam file
[SYSTEM CALL] 	Tue Mar 22, 21:35:40, 2022	 samtools index /scratch/03-mapping/mapped/190626_I114_FCH7TVNBBXY_L2_20-N4.bam >>/scratch/03-mapping/mapped/190626_I114_FCH7TVNBBXY_L2_20-N4.mapping.log 2>&1

[INFO]	Tue Mar 22, 21:36:37, 2022	Index excluded bam file
[SYSTEM CALL] 	Tue Mar 22, 21:36:37, 2022	 samtools index /scratch/03-mapping/mapped/190626_I114_FCH7TVNBBXY_L2_20-N4.excluded.bam >>/scratch/03-mapping/mapped/190626_I114_FCH7TVNBBXY_L2_20-N4.mapping.log 2>&1

6:54:52 2022: read suffix array '/naluru/Killifish/Fundulus_heteroclitus.Fundulus_heteroclitus-3.0.2.dna.toplevel.ctidx' with 1021908740 elements.
[SEGEMEHL] Tue Mar 22 16:54:54 2022: md5 keys of index and db match.
[SEGEMEHL] Tue Mar 22 16:54:54 2022: reading the suffix array has taken 18.000000 seconds.
[SEGEMEHL] Tue Mar 22 16:54:54 2022: starting 16 threads.
[SEGEMEHL] Tue Mar 22 16:54:54 2022: 1999353 reads in thread 0.
[SEGEMEHL] Tue Mar 22 16:54:54 2022: 1999353 reads in thread 1.
[SEGEMEHL] Tue Mar 22 16:54:54 2022: 1999279 reads in thread 2.
[SEGEMEHL] Tue Mar 22 16:54:54 2022: 1999154 reads in thread 3.
[SEGEMEHL] Tue Mar 22 16:54:54 2022: 1999154 reads in thread 4.
[SEGEMEHL] Tue Mar 22 16:54:54 2022: 1999154 reads in thread 5.
[SEGEMEHL] Tue Mar 22 16:54:54 2022: 1999154 reads in thread 6.
[SEGEMEHL] Tue Mar 22 16:54:54 2022: 1999154 reads in thread 7.
[SEGEMEHL] Tue Mar 22 16:54:54 2022: 1999154 reads in thread 8.
[SEGEMEHL] Tue Mar 22 16:54:54 2022: 1999154 reads in thread 9.
[SEGEMEHL] Tue Mar 22 16:54:54 2022: 1999154 reads in thread 10.
[SEGEMEHL] Tue Mar 22 16:54:54 2022: 1999154 reads in thread 11.
[SEGEMEHL] Tue Mar 22 16:54:54 2022: 1999154 reads in thread 12.
[SEGEMEHL] Tue Mar 22 16:54:54 2022: 1999154 reads in thread 13.
[SEGEMEHL] Tue Mar 22 16:54:54 2022: 1999154 reads in thread 14.
[SEGEMEHL] Tue Mar 22 16:54:54 2022: 1999154 reads in thread 15.
[SEGEMEHL] Tue Mar 22 18:28:41 2022: threaded matching w/ suffixarray has taken 5627.000000 seconds.
[SEGEMEHL] Tue Mar 22 18:28:43 2022: reading database sequences.
[SEGEMEHL] Tue Mar 22 18:28:57 2022: 10180 database sequences found.
[SEGEMEHL] Tue Mar 22 18:28:57 2022: total length of db sequences: 1021898560
[SEGEMEHL] Tue Mar 22 18:29:01 2022: reading suffix array '/naluru/Killifish/Fundulus_heteroclitus.Fundulus_heteroclitus-3.0.2.dna.toplevel.gaidx' from disk.
[SEGEMEHL] Tue Mar 22 18:29:07 2022: reading lcpc/vtab.
[SEGEMEHL] Tue Mar 22 18:29:08 2022: reading childtab.
[SEGEMEHL] Tue Mar 22 18:29:12 2022: reading suflinks.
[SEGEMEHL] Tue Mar 22 18:29:16 2022: reading lsint id.
[SEGEMEHL] Tue Mar 22 18:29:16 2022: read suffix array '/naluru/Killifish/Fundulus_heteroclitus.Fundulus_heteroclitus-3.0.2.dna.toplevel.gaidx' with 1021908740 elements.
[SEGEMEHL] Tue Mar 22 18:29:18 2022: md5 keys of index and db match.
[SEGEMEHL] Tue Mar 22 18:29:18 2022: reading the suffix array has taken 17.000000 seconds.
[SEGEMEHL] Tue Mar 22 18:29:18 2022: starting 16 threads.
[SEGEMEHL] Tue Mar 22 18:29:18 2022: 1999353 reads in thread 0.
[SEGEMEHL] Tue Mar 22 18:29:18 2022: 1999353 reads in thread 1.
[SEGEMEHL] Tue Mar 22 18:29:18 2022: 1999279 reads in thread 2.
[SEGEMEHL] Tue Mar 22 18:29:18 2022: 1999154 reads in thread 3.
[SEGEMEHL] Tue Mar 22 18:29:18 2022: 1999154 reads in thread 4.
[SEGEMEHL] Tue Mar 22 18:29:18 2022: 1999154 reads in thread 5.
[SEGEMEHL] Tue Mar 22 18:29:18 2022: 1999154 reads in thread 6.
[SEGEMEHL] Tue Mar 22 18:29:18 2022: 1999154 reads in thread 7.
[SEGEMEHL] Tue Mar 22 18:29:18 2022: 1999154 reads in thread 8.
[SEGEMEHL] Tue Mar 22 18:29:18 2022: 1999154 reads in thread 9.
[SEGEMEHL] Tue Mar 22 18:29:18 2022: 1999154 reads in thread 10.
[SEGEMEHL] Tue Mar 22 18:29:18 2022: 1999154 reads in thread 11.
[SEGEMEHL] Tue Mar 22 18:29:18 2022: 1999154 reads in thread 12.
[SEGEMEHL] Tue Mar 22 18:29:18 2022: 1999154 reads in thread 13.
[SEGEMEHL] Tue Mar 22 18:29:18 2022: 1999154 reads in thread 14.
[SEGEMEHL] Tue Mar 22 18:29:18 2022: 1999154 reads in thread 15.
[SEGEMEHL] Tue Mar 22 19:55:00 2022: threaded matching w/ suffixarray has taken 5142.000000 seconds.
[SEGEMEHL] Tue Mar 22 19:55:01 2022: Merging bisulfite bin 0.
[SEGEMEHL] Tue Mar 22 19:57:31 2022: Merging bisulfite bin 1.
[SEGEMEHL] Tue Mar 22 20:00:03 2022: Merging bisulfite bin 2.
[SEGEMEHL] Tue Mar 22 20:02:35 2022: Merging bisulfite bin 3.
[SEGEMEHL] Tue Mar 22 20:05:11 2022: Merging bisulfite bin 4.
[SEGEMEHL] Tue Mar 22 20:07:43 2022: Merging bisulfite bin 5.
[SEGEMEHL] Tue Mar 22 20:10:15 2022: Merging bisulfite bin 6.
[SEGEMEHL] Tue Mar 22 20:12:48 2022: Merging bisulfite bin 7.
[SEGEMEHL] Tue Mar 22 20:15:24 2022: Merging bisulfite bin 8.
[SEGEMEHL] Tue Mar 22 20:17:58 2022: Merging bisulfite bin 9.
[SEGEMEHL] Tue Mar 22 20:20:33 2022: Merging bisulfite bin 10.
[SEGEMEHL] Tue Mar 22 20:23:11 2022: Merging bisulfite bin 11.
[SEGEMEHL] Tue Mar 22 20:25:53 2022: Merging bisulfite bin 12.
[SEGEMEHL] Tue Mar 22 20:28:32 2022: Merging bisulfite bin 13.
[SEGEMEHL] Tue Mar 22 20:31:11 2022: Merging bisulfite bin 14.
[SEGEMEHL] Tue Mar 22 20:33:51 2022: Merging bisulfite bin 15.
[SEGEMEHL] Tue Mar 22 20:49:03 2022: 
Goodbye.
 "Wir sind hier nicht in Seattle Dirk!" (Tocotronic)
[bam_sort_core] merging from 5 files...
