[INFO]	Wed Mar 23, 6:47:35, 2022	Start mapping
[SYSTEM CALL] 	Wed Mar 23, 6:47:35, 2022	 segemehl.x -s -d /naluru/Killifish/Fundulus_heteroclitus.Fundulus_heteroclitus-3.0.2.dna.toplevel.fa.gz -i /naluru/Killifish/Fundulus_heteroclitus.Fundulus_heteroclitus-3.0.2.dna.toplevel.ctidx -j /naluru/Killifish/Fundulus_heteroclitus.Fundulus_heteroclitus-3.0.2.dna.toplevel.gaidx -F 2 -t 16 -q /scratch/02-trimgalore/190626_I114_FCH7TVNBBXY_L2_20-S4_1_val_1.fq.gz -u /scratch/03-mapping/mapped/190626_I114_FCH7TVNBBXY_L2_20-S4.unmapped -o /scratch/03-mapping/mapped/190626_I114_FCH7TVNBBXY_L2_20-S4.sam -p /scratch/02-trimgalore/190626_I114_FCH7TVNBBXY_L2_20-S4_2_val_2.fq.gz >>/scratch/03-mapping/mapped/190626_I114_FCH7TVNBBXY_L2_20-S4.mapping.log 2>&1

[INFO]	Wed Mar 23, 10:15:16, 2022	Exclude reads from sam file (/scratch/03-mapping/mapped/190626_I114_FCH7TVNBBXY_L2_20-S4.sam) and convert nonexcluded and excluded output to bam files (/scratch/03-mapping/mapped/190626_I114_FCH7TVNBBXY_L2_20-S4.bam and /scratch/03-mapping/mapped/190626_I114_FCH7TVNBBXY_L2_20-S4.excluded.bam)
[SYSTEM CALL] 	Wed Mar 23, 10:50:7, 2022	 remove /scratch/03-mapping/mapped/190626_I114_FCH7TVNBBXY_L2_20-S4.sam
[INFO]	Wed Mar 23, 10:50:7, 2022	Gzip unmapped out file
[SYSTEM CALL] 	Wed Mar 23, 10:50:7, 2022	 gzip -f /scratch/03-mapping/mapped/190626_I114_FCH7TVNBBXY_L2_20-S4.unmapped >>/scratch/03-mapping/mapped/190626_I114_FCH7TVNBBXY_L2_20-S4.mapping.log 2>&1

[INFO]	Wed Mar 23, 10:57:57, 2022	Index regular bam file
[SYSTEM CALL] 	Wed Mar 23, 10:57:57, 2022	 samtools index /scratch/03-mapping/mapped/190626_I114_FCH7TVNBBXY_L2_20-S4.bam >>/scratch/03-mapping/mapped/190626_I114_FCH7TVNBBXY_L2_20-S4.mapping.log 2>&1

[INFO]	Wed Mar 23, 10:58:51, 2022	Index excluded bam file
[SYSTEM CALL] 	Wed Mar 23, 10:58:51, 2022	 samtools index /scratch/03-mapping/mapped/190626_I114_FCH7TVNBBXY_L2_20-S4.excluded.bam >>/scratch/03-mapping/mapped/190626_I114_FCH7TVNBBXY_L2_20-S4.mapping.log 2>&1

:50:37 2022: read suffix array '/naluru/Killifish/Fundulus_heteroclitus.Fundulus_heteroclitus-3.0.2.dna.toplevel.ctidx' with 1021908740 elements.
[SEGEMEHL] Wed Mar 23 06:50:39 2022: md5 keys of index and db match.
[SEGEMEHL] Wed Mar 23 06:50:39 2022: reading the suffix array has taken 17.000000 seconds.
[SEGEMEHL] Wed Mar 23 06:50:39 2022: starting 16 threads.
[SEGEMEHL] Wed Mar 23 06:50:39 2022: 1805940 reads in thread 0.
[SEGEMEHL] Wed Mar 23 06:50:39 2022: 1805940 reads in thread 1.
[SEGEMEHL] Wed Mar 23 06:50:39 2022: 1805940 reads in thread 2.
[SEGEMEHL] Wed Mar 23 06:50:39 2022: 1805940 reads in thread 3.
[SEGEMEHL] Wed Mar 23 06:50:39 2022: 1805940 reads in thread 4.
[SEGEMEHL] Wed Mar 23 06:50:39 2022: 1805940 reads in thread 5.
[SEGEMEHL] Wed Mar 23 06:50:39 2022: 1805940 reads in thread 6.
[SEGEMEHL] Wed Mar 23 06:50:39 2022: 1805940 reads in thread 7.
[SEGEMEHL] Wed Mar 23 06:50:39 2022: 1805940 reads in thread 8.
[SEGEMEHL] Wed Mar 23 06:50:39 2022: 1805940 reads in thread 9.
[SEGEMEHL] Wed Mar 23 06:50:39 2022: 1805940 reads in thread 10.
[SEGEMEHL] Wed Mar 23 06:50:39 2022: 1805940 reads in thread 11.
[SEGEMEHL] Wed Mar 23 06:50:39 2022: 1805940 reads in thread 12.
[SEGEMEHL] Wed Mar 23 06:50:39 2022: 1805866 reads in thread 13.
[SEGEMEHL] Wed Mar 23 06:50:39 2022: 1805760 reads in thread 14.
[SEGEMEHL] Wed Mar 23 06:50:39 2022: 1805760 reads in thread 15.
[SEGEMEHL] Wed Mar 23 08:11:46 2022: threaded matching w/ suffixarray has taken 4867.000000 seconds.
[SEGEMEHL] Wed Mar 23 08:11:49 2022: reading database sequences.
[SEGEMEHL] Wed Mar 23 08:12:03 2022: 10180 database sequences found.
[SEGEMEHL] Wed Mar 23 08:12:03 2022: total length of db sequences: 1021898560
[SEGEMEHL] Wed Mar 23 08:12:07 2022: reading suffix array '/naluru/Killifish/Fundulus_heteroclitus.Fundulus_heteroclitus-3.0.2.dna.toplevel.gaidx' from disk.
[SEGEMEHL] Wed Mar 23 08:12:13 2022: reading lcpc/vtab.
[SEGEMEHL] Wed Mar 23 08:12:15 2022: reading childtab.
[SEGEMEHL] Wed Mar 23 08:12:18 2022: reading suflinks.
[SEGEMEHL] Wed Mar 23 08:12:23 2022: reading lsint id.
[SEGEMEHL] Wed Mar 23 08:12:23 2022: read suffix array '/naluru/Killifish/Fundulus_heteroclitus.Fundulus_heteroclitus-3.0.2.dna.toplevel.gaidx' with 1021908740 elements.
[SEGEMEHL] Wed Mar 23 08:12:25 2022: md5 keys of index and db match.
[SEGEMEHL] Wed Mar 23 08:12:25 2022: reading the suffix array has taken 18.000000 seconds.
[SEGEMEHL] Wed Mar 23 08:12:25 2022: starting 16 threads.
[SEGEMEHL] Wed Mar 23 08:12:25 2022: 1805940 reads in thread 0.
[SEGEMEHL] Wed Mar 23 08:12:25 2022: 1805940 reads in thread 1.
[SEGEMEHL] Wed Mar 23 08:12:25 2022: 1805940 reads in thread 2.
[SEGEMEHL] Wed Mar 23 08:12:25 2022: 1805940 reads in thread 3.
[SEGEMEHL] Wed Mar 23 08:12:25 2022: 1805940 reads in thread 4.
[SEGEMEHL] Wed Mar 23 08:12:25 2022: 1805940 reads in thread 5.
[SEGEMEHL] Wed Mar 23 08:12:25 2022: 1805940 reads in thread 6.
[SEGEMEHL] Wed Mar 23 08:12:25 2022: 1805940 reads in thread 7.
[SEGEMEHL] Wed Mar 23 08:12:25 2022: 1805940 reads in thread 8.
[SEGEMEHL] Wed Mar 23 08:12:25 2022: 1805940 reads in thread 9.
[SEGEMEHL] Wed Mar 23 08:12:25 2022: 1805940 reads in thread 10.
[SEGEMEHL] Wed Mar 23 08:12:25 2022: 1805940 reads in thread 11.
[SEGEMEHL] Wed Mar 23 08:12:25 2022: 1805940 reads in thread 12.
[SEGEMEHL] Wed Mar 23 08:12:25 2022: 1805866 reads in thread 13.
[SEGEMEHL] Wed Mar 23 08:12:25 2022: 1805760 reads in thread 14.
[SEGEMEHL] Wed Mar 23 08:12:25 2022: 1805760 reads in thread 15.
[SEGEMEHL] Wed Mar 23 09:25:27 2022: threaded matching w/ suffixarray has taken 4382.000000 seconds.
[SEGEMEHL] Wed Mar 23 09:25:28 2022: Merging bisulfite bin 0.
[SEGEMEHL] Wed Mar 23 09:27:47 2022: Merging bisulfite bin 1.
[SEGEMEHL] Wed Mar 23 09:30:06 2022: Merging bisulfite bin 2.
[SEGEMEHL] Wed Mar 23 09:32:26 2022: Merging bisulfite bin 3.
[SEGEMEHL] Wed Mar 23 09:34:46 2022: Merging bisulfite bin 4.
[SEGEMEHL] Wed Mar 23 09:37:08 2022: Merging bisulfite bin 5.
[SEGEMEHL] Wed Mar 23 09:39:30 2022: Merging bisulfite bin 6.
[SEGEMEHL] Wed Mar 23 09:41:54 2022: Merging bisulfite bin 7.
[SEGEMEHL] Wed Mar 23 09:44:17 2022: Merging bisulfite bin 8.
[SEGEMEHL] Wed Mar 23 09:46:39 2022: Merging bisulfite bin 9.
[SEGEMEHL] Wed Mar 23 09:49:01 2022: Merging bisulfite bin 10.
[SEGEMEHL] Wed Mar 23 09:51:25 2022: Merging bisulfite bin 11.
[SEGEMEHL] Wed Mar 23 09:53:48 2022: Merging bisulfite bin 12.
[SEGEMEHL] Wed Mar 23 09:56:11 2022: Merging bisulfite bin 13.
[SEGEMEHL] Wed Mar 23 09:58:36 2022: Merging bisulfite bin 14.
[SEGEMEHL] Wed Mar 23 10:01:01 2022: Merging bisulfite bin 15.
[SEGEMEHL] Wed Mar 23 10:15:16 2022: 
Goodbye.
 "Hab' ich gerade inner Bild gelesen!" (Bienchen)
[bam_sort_core] merging from 5 files...
