[INFO]	Fri Apr 8, 15:26:54, 2022	Start mapping
[SYSTEM CALL] 	Fri Apr 8, 15:26:54, 2022	 segemehl.x -s -d /naluru/Killifish/Fundulus_heteroclitus.Fundulus_heteroclitus-3.0.2.dna.toplevel.fa.gz -i /naluru/Killifish/Fundulus_heteroclitus.Fundulus_heteroclitus-3.0.2.dna.toplevel.ctidx -j /naluru/Killifish/Fundulus_heteroclitus.Fundulus_heteroclitus-3.0.2.dna.toplevel.gaidx -F 2 -t 16 -q /scratch/02-trimgalore/190626_I114_FCH7TVNBBXY_L4_OC-S5_1_val_1.fq.gz -u /scratch/03-mapping/mapped/190626_I114_FCH7TVNBBXY_L4_OC-S5.unmapped -o /scratch/03-mapping/mapped/190626_I114_FCH7TVNBBXY_L4_OC-S5.sam -p /scratch/02-trimgalore/190626_I114_FCH7TVNBBXY_L4_OC-S5_2_val_2.fq.gz >>/scratch/03-mapping/mapped/190626_I114_FCH7TVNBBXY_L4_OC-S5.mapping.log 2>&1

[INFO]	Fri Apr 8, 18:19:15, 2022	Exclude reads from sam file (/scratch/03-mapping/mapped/190626_I114_FCH7TVNBBXY_L4_OC-S5.sam) and convert nonexcluded and excluded output to bam files (/scratch/03-mapping/mapped/190626_I114_FCH7TVNBBXY_L4_OC-S5.bam and /scratch/03-mapping/mapped/190626_I114_FCH7TVNBBXY_L4_OC-S5.excluded.bam)
[SYSTEM CALL] 	Fri Apr 8, 18:41:19, 2022	 remove /scratch/03-mapping/mapped/190626_I114_FCH7TVNBBXY_L4_OC-S5.sam
[INFO]	Fri Apr 8, 18:41:19, 2022	Gzip unmapped out file
[SYSTEM CALL] 	Fri Apr 8, 18:41:19, 2022	 gzip -f /scratch/03-mapping/mapped/190626_I114_FCH7TVNBBXY_L4_OC-S5.unmapped >>/scratch/03-mapping/mapped/190626_I114_FCH7TVNBBXY_L4_OC-S5.mapping.log 2>&1

[INFO]	Fri Apr 8, 18:51:16, 2022	Index regular bam file
[SYSTEM CALL] 	Fri Apr 8, 18:51:16, 2022	 samtools index /scratch/03-mapping/mapped/190626_I114_FCH7TVNBBXY_L4_OC-S5.bam >>/scratch/03-mapping/mapped/190626_I114_FCH7TVNBBXY_L4_OC-S5.mapping.log 2>&1

[INFO]	Fri Apr 8, 18:51:49, 2022	Index excluded bam file
[SYSTEM CALL] 	Fri Apr 8, 18:51:49, 2022	 samtools index /scratch/03-mapping/mapped/190626_I114_FCH7TVNBBXY_L4_OC-S5.excluded.bam >>/scratch/03-mapping/mapped/190626_I114_FCH7TVNBBXY_L4_OC-S5.mapping.log 2>&1

 8 15:29:40 2022: read suffix array '/naluru/Killifish/Fundulus_heteroclitus.Fundulus_heteroclitus-3.0.2.dna.toplevel.ctidx' with 1021908740 elements.
[SEGEMEHL] Fri Apr  8 15:29:41 2022: md5 keys of index and db match.
[SEGEMEHL] Fri Apr  8 15:29:41 2022: reading the suffix array has taken 16.000000 seconds.
[SEGEMEHL] Fri Apr  8 15:29:41 2022: starting 16 threads.
[SEGEMEHL] Fri Apr  8 15:29:41 2022: 1747134 reads in thread 0.
[SEGEMEHL] Fri Apr  8 15:29:41 2022: 1747134 reads in thread 1.
[SEGEMEHL] Fri Apr  8 15:29:41 2022: 1747034 reads in thread 2.
[SEGEMEHL] Fri Apr  8 15:29:41 2022: 1746960 reads in thread 3.
[SEGEMEHL] Fri Apr  8 15:29:41 2022: 1746960 reads in thread 4.
[SEGEMEHL] Fri Apr  8 15:29:41 2022: 1746960 reads in thread 5.
[SEGEMEHL] Fri Apr  8 15:29:41 2022: 1746960 reads in thread 6.
[SEGEMEHL] Fri Apr  8 15:29:41 2022: 1746960 reads in thread 7.
[SEGEMEHL] Fri Apr  8 15:29:41 2022: 1746960 reads in thread 8.
[SEGEMEHL] Fri Apr  8 15:29:41 2022: 1746960 reads in thread 9.
[SEGEMEHL] Fri Apr  8 15:29:41 2022: 1746960 reads in thread 10.
[SEGEMEHL] Fri Apr  8 15:29:41 2022: 1746960 reads in thread 11.
[SEGEMEHL] Fri Apr  8 15:29:41 2022: 1746960 reads in thread 12.
[SEGEMEHL] Fri Apr  8 15:29:41 2022: 1746960 reads in thread 13.
[SEGEMEHL] Fri Apr  8 15:29:41 2022: 1746960 reads in thread 14.
[SEGEMEHL] Fri Apr  8 15:29:41 2022: 1746960 reads in thread 15.
[SEGEMEHL] Fri Apr  8 16:35:53 2022: threaded matching w/ suffixarray has taken 3972.000000 seconds.
[SEGEMEHL] Fri Apr  8 16:35:53 2022: reading database sequences.
[SEGEMEHL] Fri Apr  8 16:36:06 2022: 10180 database sequences found.
[SEGEMEHL] Fri Apr  8 16:36:06 2022: total length of db sequences: 1021898560
[SEGEMEHL] Fri Apr  8 16:36:09 2022: reading suffix array '/naluru/Killifish/Fundulus_heteroclitus.Fundulus_heteroclitus-3.0.2.dna.toplevel.gaidx' from disk.
[SEGEMEHL] Fri Apr  8 16:36:16 2022: reading lcpc/vtab.
[SEGEMEHL] Fri Apr  8 16:36:17 2022: reading childtab.
[SEGEMEHL] Fri Apr  8 16:36:20 2022: reading suflinks.
[SEGEMEHL] Fri Apr  8 16:36:24 2022: reading lsint id.
[SEGEMEHL] Fri Apr  8 16:36:24 2022: read suffix array '/naluru/Killifish/Fundulus_heteroclitus.Fundulus_heteroclitus-3.0.2.dna.toplevel.gaidx' with 1021908740 elements.
[SEGEMEHL] Fri Apr  8 16:36:26 2022: md5 keys of index and db match.
[SEGEMEHL] Fri Apr  8 16:36:26 2022: reading the suffix array has taken 17.000000 seconds.
[SEGEMEHL] Fri Apr  8 16:36:26 2022: starting 16 threads.
[SEGEMEHL] Fri Apr  8 16:36:26 2022: 1747134 reads in thread 0.
[SEGEMEHL] Fri Apr  8 16:36:26 2022: 1747134 reads in thread 1.
[SEGEMEHL] Fri Apr  8 16:36:26 2022: 1747034 reads in thread 2.
[SEGEMEHL] Fri Apr  8 16:36:26 2022: 1746960 reads in thread 3.
[SEGEMEHL] Fri Apr  8 16:36:26 2022: 1746960 reads in thread 4.
[SEGEMEHL] Fri Apr  8 16:36:26 2022: 1746960 reads in thread 5.
[SEGEMEHL] Fri Apr  8 16:36:26 2022: 1746960 reads in thread 6.
[SEGEMEHL] Fri Apr  8 16:36:26 2022: 1746960 reads in thread 7.
[SEGEMEHL] Fri Apr  8 16:36:26 2022: 1746960 reads in thread 8.
[SEGEMEHL] Fri Apr  8 16:36:26 2022: 1746960 reads in thread 9.
[SEGEMEHL] Fri Apr  8 16:36:26 2022: 1746960 reads in thread 10.
[SEGEMEHL] Fri Apr  8 16:36:26 2022: 1746960 reads in thread 11.
[SEGEMEHL] Fri Apr  8 16:36:26 2022: 1746960 reads in thread 12.
[SEGEMEHL] Fri Apr  8 16:36:26 2022: 1746960 reads in thread 13.
[SEGEMEHL] Fri Apr  8 16:36:26 2022: 1746960 reads in thread 14.
[SEGEMEHL] Fri Apr  8 16:36:26 2022: 1746960 reads in thread 15.
[SEGEMEHL] Fri Apr  8 17:47:30 2022: threaded matching w/ suffixarray has taken 4264.000000 seconds.
[SEGEMEHL] Fri Apr  8 17:47:30 2022: Merging bisulfite bin 0.
[SEGEMEHL] Fri Apr  8 17:48:56 2022: Merging bisulfite bin 1.
[SEGEMEHL] Fri Apr  8 17:50:34 2022: Merging bisulfite bin 2.
[SEGEMEHL] Fri Apr  8 17:52:06 2022: Merging bisulfite bin 3.
[SEGEMEHL] Fri Apr  8 17:53:41 2022: Merging bisulfite bin 4.
[SEGEMEHL] Fri Apr  8 17:55:14 2022: Merging bisulfite bin 5.
[SEGEMEHL] Fri Apr  8 17:56:50 2022: Merging bisulfite bin 6.
[SEGEMEHL] Fri Apr  8 17:58:18 2022: Merging bisulfite bin 7.
[SEGEMEHL] Fri Apr  8 17:59:58 2022: Merging bisulfite bin 8.
[SEGEMEHL] Fri Apr  8 18:01:26 2022: Merging bisulfite bin 9.
[SEGEMEHL] Fri Apr  8 18:03:01 2022: Merging bisulfite bin 10.
[SEGEMEHL] Fri Apr  8 18:04:34 2022: Merging bisulfite bin 11.
[SEGEMEHL] Fri Apr  8 18:06:09 2022: Merging bisulfite bin 12.
[SEGEMEHL] Fri Apr  8 18:07:42 2022: Merging bisulfite bin 13.
[SEGEMEHL] Fri Apr  8 18:09:12 2022: Merging bisulfite bin 14.
[SEGEMEHL] Fri Apr  8 18:10:45 2022: Merging bisulfite bin 15.
[SEGEMEHL] Fri Apr  8 18:19:15 2022: 
Goodbye.
 "Ich hol' jetzt die Hilti!" (Ein verzweifelter Bauarbeiter)
[bam_sort_core] merging from 3 files...
