[INFO]	Wed Mar 23, 2:41:11, 2022	Start mapping
[SYSTEM CALL] 	Wed Mar 23, 2:41:11, 2022	 segemehl.x -s -d /naluru/Killifish/Fundulus_heteroclitus.Fundulus_heteroclitus-3.0.2.dna.toplevel.fa.gz -i /naluru/Killifish/Fundulus_heteroclitus.Fundulus_heteroclitus-3.0.2.dna.toplevel.ctidx -j /naluru/Killifish/Fundulus_heteroclitus.Fundulus_heteroclitus-3.0.2.dna.toplevel.gaidx -F 2 -t 16 -q /scratch/02-trimgalore/190626_I114_FCH7TVNBBXY_L2_20-S3_1_val_1.fq.gz -u /scratch/03-mapping/mapped/190626_I114_FCH7TVNBBXY_L2_20-S3.unmapped -o /scratch/03-mapping/mapped/190626_I114_FCH7TVNBBXY_L2_20-S3.sam -p /scratch/02-trimgalore/190626_I114_FCH7TVNBBXY_L2_20-S3_2_val_2.fq.gz >>/scratch/03-mapping/mapped/190626_I114_FCH7TVNBBXY_L2_20-S3.mapping.log 2>&1

[INFO]	Wed Mar 23, 6:3:57, 2022	Exclude reads from sam file (/scratch/03-mapping/mapped/190626_I114_FCH7TVNBBXY_L2_20-S3.sam) and convert nonexcluded and excluded output to bam files (/scratch/03-mapping/mapped/190626_I114_FCH7TVNBBXY_L2_20-S3.bam and /scratch/03-mapping/mapped/190626_I114_FCH7TVNBBXY_L2_20-S3.excluded.bam)
[SYSTEM CALL] 	Wed Mar 23, 6:37:1, 2022	 remove /scratch/03-mapping/mapped/190626_I114_FCH7TVNBBXY_L2_20-S3.sam
[INFO]	Wed Mar 23, 6:37:1, 2022	Gzip unmapped out file
[SYSTEM CALL] 	Wed Mar 23, 6:37:1, 2022	 gzip -f /scratch/03-mapping/mapped/190626_I114_FCH7TVNBBXY_L2_20-S3.unmapped >>/scratch/03-mapping/mapped/190626_I114_FCH7TVNBBXY_L2_20-S3.mapping.log 2>&1

[INFO]	Wed Mar 23, 6:46:42, 2022	Index regular bam file
[SYSTEM CALL] 	Wed Mar 23, 6:46:42, 2022	 samtools index /scratch/03-mapping/mapped/190626_I114_FCH7TVNBBXY_L2_20-S3.bam >>/scratch/03-mapping/mapped/190626_I114_FCH7TVNBBXY_L2_20-S3.mapping.log 2>&1

[INFO]	Wed Mar 23, 6:47:34, 2022	Index excluded bam file
[SYSTEM CALL] 	Wed Mar 23, 6:47:34, 2022	 samtools index /scratch/03-mapping/mapped/190626_I114_FCH7TVNBBXY_L2_20-S3.excluded.bam >>/scratch/03-mapping/mapped/190626_I114_FCH7TVNBBXY_L2_20-S3.mapping.log 2>&1

Mar 23 02:44:22 2022: read suffix array '/naluru/Killifish/Fundulus_heteroclitus.Fundulus_heteroclitus-3.0.2.dna.toplevel.ctidx' with 1021908740 elements.
[SEGEMEHL] Wed Mar 23 02:44:24 2022: md5 keys of index and db match.
[SEGEMEHL] Wed Mar 23 02:44:24 2022: reading the suffix array has taken 18.000000 seconds.
[SEGEMEHL] Wed Mar 23 02:44:24 2022: starting 16 threads.
[SEGEMEHL] Wed Mar 23 02:44:24 2022: 1849568 reads in thread 0.
[SEGEMEHL] Wed Mar 23 02:44:24 2022: 1849568 reads in thread 1.
[SEGEMEHL] Wed Mar 23 02:44:24 2022: 1849568 reads in thread 2.
[SEGEMEHL] Wed Mar 23 02:44:24 2022: 1849568 reads in thread 3.
[SEGEMEHL] Wed Mar 23 02:44:24 2022: 1849568 reads in thread 4.
[SEGEMEHL] Wed Mar 23 02:44:24 2022: 1849540 reads in thread 5.
[SEGEMEHL] Wed Mar 23 02:44:24 2022: 1849384 reads in thread 6.
[SEGEMEHL] Wed Mar 23 02:44:24 2022: 1849384 reads in thread 7.
[SEGEMEHL] Wed Mar 23 02:44:24 2022: 1849384 reads in thread 8.
[SEGEMEHL] Wed Mar 23 02:44:24 2022: 1849384 reads in thread 9.
[SEGEMEHL] Wed Mar 23 02:44:24 2022: 1849384 reads in thread 10.
[SEGEMEHL] Wed Mar 23 02:44:24 2022: 1849384 reads in thread 11.
[SEGEMEHL] Wed Mar 23 02:44:24 2022: 1849384 reads in thread 12.
[SEGEMEHL] Wed Mar 23 02:44:24 2022: 1849384 reads in thread 13.
[SEGEMEHL] Wed Mar 23 02:44:24 2022: 1849384 reads in thread 14.
[SEGEMEHL] Wed Mar 23 02:44:24 2022: 1849384 reads in thread 15.
[SEGEMEHL] Wed Mar 23 03:57:17 2022: threaded matching w/ suffixarray has taken 4373.000000 seconds.
[SEGEMEHL] Wed Mar 23 03:57:17 2022: reading database sequences.
[SEGEMEHL] Wed Mar 23 03:57:31 2022: 10180 database sequences found.
[SEGEMEHL] Wed Mar 23 03:57:31 2022: total length of db sequences: 1021898560
[SEGEMEHL] Wed Mar 23 03:57:35 2022: reading suffix array '/naluru/Killifish/Fundulus_heteroclitus.Fundulus_heteroclitus-3.0.2.dna.toplevel.gaidx' from disk.
[SEGEMEHL] Wed Mar 23 03:57:41 2022: reading lcpc/vtab.
[SEGEMEHL] Wed Mar 23 03:57:43 2022: reading childtab.
[SEGEMEHL] Wed Mar 23 03:57:46 2022: reading suflinks.
[SEGEMEHL] Wed Mar 23 03:57:50 2022: reading lsint id.
[SEGEMEHL] Wed Mar 23 03:57:50 2022: read suffix array '/naluru/Killifish/Fundulus_heteroclitus.Fundulus_heteroclitus-3.0.2.dna.toplevel.gaidx' with 1021908740 elements.
[SEGEMEHL] Wed Mar 23 03:57:52 2022: md5 keys of index and db match.
[SEGEMEHL] Wed Mar 23 03:57:52 2022: reading the suffix array has taken 17.000000 seconds.
[SEGEMEHL] Wed Mar 23 03:57:52 2022: starting 16 threads.
[SEGEMEHL] Wed Mar 23 03:57:52 2022: 1849568 reads in thread 0.
[SEGEMEHL] Wed Mar 23 03:57:52 2022: 1849568 reads in thread 1.
[SEGEMEHL] Wed Mar 23 03:57:52 2022: 1849568 reads in thread 2.
[SEGEMEHL] Wed Mar 23 03:57:52 2022: 1849568 reads in thread 3.
[SEGEMEHL] Wed Mar 23 03:57:52 2022: 1849568 reads in thread 4.
[SEGEMEHL] Wed Mar 23 03:57:52 2022: 1849540 reads in thread 5.
[SEGEMEHL] Wed Mar 23 03:57:52 2022: 1849384 reads in thread 6.
[SEGEMEHL] Wed Mar 23 03:57:52 2022: 1849384 reads in thread 7.
[SEGEMEHL] Wed Mar 23 03:57:52 2022: 1849384 reads in thread 8.
[SEGEMEHL] Wed Mar 23 03:57:52 2022: 1849384 reads in thread 9.
[SEGEMEHL] Wed Mar 23 03:57:52 2022: 1849384 reads in thread 10.
[SEGEMEHL] Wed Mar 23 03:57:52 2022: 1849384 reads in thread 11.
[SEGEMEHL] Wed Mar 23 03:57:52 2022: 1849384 reads in thread 12.
[SEGEMEHL] Wed Mar 23 03:57:52 2022: 1849384 reads in thread 13.
[SEGEMEHL] Wed Mar 23 03:57:52 2022: 1849384 reads in thread 14.
[SEGEMEHL] Wed Mar 23 03:57:52 2022: 1849384 reads in thread 15.
[SEGEMEHL] Wed Mar 23 05:14:46 2022: threaded matching w/ suffixarray has taken 4614.000000 seconds.
[SEGEMEHL] Wed Mar 23 05:14:47 2022: Merging bisulfite bin 0.
[SEGEMEHL] Wed Mar 23 05:17:01 2022: Merging bisulfite bin 1.
[SEGEMEHL] Wed Mar 23 05:19:19 2022: Merging bisulfite bin 2.
[SEGEMEHL] Wed Mar 23 05:21:36 2022: Merging bisulfite bin 3.
[SEGEMEHL] Wed Mar 23 05:23:56 2022: Merging bisulfite bin 4.
[SEGEMEHL] Wed Mar 23 05:26:16 2022: Merging bisulfite bin 5.
[SEGEMEHL] Wed Mar 23 05:28:36 2022: Merging bisulfite bin 6.
[SEGEMEHL] Wed Mar 23 05:30:55 2022: Merging bisulfite bin 7.
[SEGEMEHL] Wed Mar 23 05:33:19 2022: Merging bisulfite bin 8.
[SEGEMEHL] Wed Mar 23 05:35:42 2022: Merging bisulfite bin 9.
[SEGEMEHL] Wed Mar 23 05:38:04 2022: Merging bisulfite bin 10.
[SEGEMEHL] Wed Mar 23 05:40:27 2022: Merging bisulfite bin 11.
[SEGEMEHL] Wed Mar 23 05:42:51 2022: Merging bisulfite bin 12.
[SEGEMEHL] Wed Mar 23 05:45:15 2022: Merging bisulfite bin 13.
[SEGEMEHL] Wed Mar 23 05:47:38 2022: Merging bisulfite bin 14.
[SEGEMEHL] Wed Mar 23 05:50:03 2022: Merging bisulfite bin 15.
[SEGEMEHL] Wed Mar 23 06:03:57 2022: 
Goodbye.
 "Tschüss, Herr Kayser!" (Shorty)
[bam_sort_core] merging from 5 files...
