NC_046361.1	704628	704872	1	-0.101818	11	0.097	0.078	0.45242	0.55424
NC_046361.1	1586981	1587053	1	-0.255439	19	4.9e-08	0.00019	0.28526	0.5407
NC_046361.1	5411834	5411929	0.0007	-0.352222	18	1.1e-08	1e-08	0.56426	0.91648
NC_046361.1	5420132	5420227	0.00041	-0.357778	18	8.2e-09	5.9e-09	0.56426	0.92204
NC_046361.1	7535205	7535306	1	-0.219667	10	0.00026	0.013	0.2	0.41967
NC_046361.1	7535307	7535343	1	-0.454333	10	2.2e-06	0.00012	0.24633	0.70067
NC_046361.1	10250224	10250252	1	-0.103333	10	0.044	0.074	0.861	0.96433
NC_046361.1	19406348	19406578	1	-0.273667	10	0.0068	0.074	0.546	0.81967
NC_046361.1	20085627	20086256	1	-0.127500	12	0.0027	0.017	0.66778	0.79528
NC_046361.1	24573169	24573219	1	-0.244333	10	0.00071	0.013	0.22633	0.47067
NC_046361.1	25138563	25139202	1	-0.142000	10	0.024	0.13	0.68233	0.82433
NC_046361.1	29200245	29200386	1	-0.125667	10	0.11	0.1	0.763	0.88867
NC_046361.1	38141926	38142067	1	0.109667	10	0.018	0.038	0.91667	0.807
NC_046361.1	38488463	38488527	1	-0.148000	10	4.5e-05	7.2e-05	0.009	0.157
NC_046361.1	38980945	38981203	1	-0.241026	13	0.00096	0.01	0.18974	0.43077
NC_046361.1	38983121	38983379	1	-0.247179	13	0.0012	0.014	0.19795	0.44513
NC_046361.1	41996976	41997341	0.46	-0.434762	14	1.3e-07	6.6e-06	0.089524	0.52429
NC_046362.1	2433472	2433738	1	0.114667	10	0.0019	0.038	0.935	0.82033
NC_046362.1	2466565	2466812	1	0.133667	10	0.0014	0.0024	0.87933	0.74567
NC_046362.1	7746164	7746228	1	-0.140333	10	5.4e-05	0.00012	0.009	0.14933
NC_046362.1	18431954	18432128	1	-0.197000	10	0.038	0.073	0.62933	0.82633
NC_046362.1	20321630	20321965	1	-0.408333	10	0.0013	0.00087	0.41267	0.821
NC_046362.1	20816708	20816940	1	-0.142667	10	0.42	0.46	0.56267	0.70533
NC_046362.1	24080919	24081015	1	-0.242000	25	4.2e-08	0.00029	0.18213	0.42413
NC_046362.1	24575493	24575593	0.064	-0.289474	19	0.00014	9.1e-07	0.61667	0.90614
NC_046362.1	24584021	24584121	0.064	-0.289649	19	0.00014	9.1e-07	0.61667	0.90632
NC_046362.1	31439847	31440010	1	-0.161667	10	0.018	0.13	0.28233	0.444
NC_046362.1	36724775	36724927	1	-0.266061	11	0.02	0.015	0.49545	0.76152
NC_046362.1	37647880	37647961	1	0.170606	11	0.00026	0.002	0.87394	0.70333
NC_046362.1	38550468	38550624	1	0.119667	10	0.025	0.027	0.89867	0.779
NC_046362.1	39864318	39864358	1	-0.173667	10	0.00088	0.00021	0.639	0.81267
NC_046363.1	387862	387972	1	-0.293333	12	8.6e-07	0.0002	0.29667	0.59
NC_046363.1	505721	505787	1	-0.185897	13	0.0035	0.0098	0.33359	0.51949
NC_046363.1	1889218	1889360	1	-0.160303	11	0.15	0.18	0.78394	0.94424
NC_046363.1	5828548	5828717	1	0.244524	14	8e-06	2.8e-05	0.87595	0.63143
NC_046363.1	5932513	5932575	1	0.193333	13	0.0013	0.01	0.82692	0.63359
NC_046363.1	7938257	7938338	1	-0.138889	12	0.036	0.18	0.82528	0.96417
NC_046363.1	10187309	10187586	1	-0.123077	13	0.1	0.028	0.72513	0.84821
NC_046363.1	11791977	11792090	1	0.123889	12	4.8e-05	0.00033	0.98833	0.86444
NC_046363.1	12439050	12439339	1	-0.147333	10	0.0065	0.05	0.32133	0.46867
NC_046363.1	12723084	12723122	1	0.230333	10	1.6e-05	2.1e-05	0.89233	0.662
NC_046363.1	16431931	16432167	1	-0.117333	10	0.28	0.29	0.78233	0.89967
NC_046363.1	18416675	18417021	1	-0.147667	10	0.18	0.13	0.61667	0.76433
NC_046363.1	23882656	23883008	1	0.165667	10	0.00029	0.0036	0.91167	0.746
NC_046363.1	24254479	24254547	1	-0.346000	10	0.00041	0.00021	0.054	0.4
NC_046363.1	25603827	25603851	1	-0.109333	10	0.079	0.29	0.843	0.95233
NC_046363.1	30128986	30129145	1	0.190333	10	0.095	0.026	0.473	0.28267
NC_046363.1	30968483	30968625	1	-0.119333	10	0.94	0.45	0.11267	0.232
NC_046363.1	31504377	31504479	1	-0.103333	10	0.003	0.0024	0.070667	0.174
NC_046363.1	41094078	41094243	1	-0.125000	10	0.11	0.098	0.595	0.72
NC_046363.1	42540364	42540448	1	-0.202333	10	0.095	0.13	0.67567	0.878
NC_046363.1	44248731	44248769	1	-0.237000	10	0.00079	0.013	0.256	0.493
NC_046363.1	45824156	45824412	1	-0.108485	11	0.01	0.058	0.047273	0.15576
NC_046364.1	989300	989402	1	-0.107000	10	0.089	0.29	0.111	0.218
NC_046364.1	2421536	2421575	1	-0.370000	12	9.6e-06	4.8e-05	0.52861	0.89861
NC_046364.1	2429879	2429918	1	-0.370000	12	9.6e-06	4.8e-05	0.52861	0.89861
NC_046364.1	2625879	2626095	1	-0.147333	10	0.11	0.37	0.754	0.90133
NC_046364.1	7799709	7799870	1	-0.328667	10	0.006	0.0084	0.47733	0.806
NC_046364.1	11040213	11040938	1	-0.151190	14	0.067	0.17	0.59548	0.74667
NC_046364.1	11267530	11267791	1	-0.120667	10	0.0052	0.0057	0.66833	0.789
NC_046364.1	12871961	12872384	1	-0.213889	12	0.03	0.032	0.50111	0.715
NC_046364.1	13160947	13161256	1	-0.155417	16	0.00022	4e-05	0.15646	0.31187
NC_046364.1	13166044	13166353	0.67	-0.210769	13	2.2e-06	9.6e-06	0.041026	0.25179
NC_046364.1	21297480	21297626	1	-0.183333	10	0.46	0.074	0.55833	0.74167
NC_046364.1	22744644	22744734	1	-0.420000	10	1.7e-06	7e-05	0.46733	0.88733
NC_046364.1	22745759	22746448	1	0.155625	16	0.00067	0.0026	0.83208	0.67646
NC_046364.1	27339861	27340039	1	0.403333	15	5.6e-06	4.3e-05	0.73556	0.33222
NC_046364.1	33675468	33675516	1	-0.320556	12	0.0032	0.013	0.49	0.81056
NC_046364.1	40956108	40956146	1	-0.221000	10	0.0014	0.013	0.25767	0.47867
NC_046365.1	161009	161323	1	-0.156944	12	0.077	0.18	0.54556	0.7025
NC_046365.1	812138	812386	1	-0.108667	10	0.55	0.46	0.702	0.81067
NC_046365.1	1589108	1589183	1	-0.116667	12	0.16	0.023	0.78639	0.90306
NC_046365.1	2123133	2123336	1	0.114667	10	0.0013	0.0024	0.98667	0.872
NC_046365.1	4901234	4901475	1	-0.186000	10	0.21	0.23	0.64367	0.82967
NC_046365.1	15020929	15020962	0.0043	-0.424667	10	3.7e-06	6.1e-08	0.44467	0.86933
NC_046365.1	15029545	15029578	0.0043	-0.424667	10	3.7e-06	6.1e-08	0.44467	0.86933
NC_046365.1	15876483	15876797	1	0.111000	10	0.033	0.0052	0.73067	0.61967
NC_046365.1	17224944	17225077	1	-0.178000	10	0.0016	0.0023	0.045667	0.22367
NC_046365.1	21613751	21613807	1	-0.196389	12	0.0027	0.0028	0.045833	0.24222
NC_046365.1	21966778	21967027	1	-0.235667	10	0.0028	0.0037	0.56033	0.796
NC_046365.1	23370481	23370623	1	-0.159697	11	0.15	0.18	0.78394	0.94364
NC_046365.1	27981302	27981724	1	-0.278056	12	0.00029	0.0042	0.39611	0.67417
NC_046365.1	27985003	27985425	1	-0.277778	12	0.00034	0.0088	0.4	0.67778
NC_046365.1	31569691	31570010	1	-0.112889	15	0.16	0.047	0.75844	0.87133
NC_046365.1	31601067	31601386	1	-0.113111	15	0.16	0.047	0.75844	0.87156
NC_046365.1	31839462	31839542	1	0.280333	10	0.028	0.0086	0.75733	0.477
NC_046365.1	33173273	33173311	1	-0.235000	10	0.00079	0.0086	0.25633	0.49133
NC_046365.1	37377892	37378034	1	-0.160606	11	0.15	0.18	0.78394	0.94455
NC_046365.1	38553824	38553996	1	-0.130833	12	0.36	0.062	0.58222	0.71306
NC_046365.1	42439651	42439770	1	-0.183667	10	0.0019	0.038	0.23433	0.418
NC_046365.1	42911542	42911616	1	-0.143333	10	0.022	0.1	0.00033333	0.14367
NC_046365.1	43326611	43326677	1	-0.187179	13	0.0011	0.0069	0.33897	0.52615
NC_046366.1	661067	661178	1	-0.115641	13	0.27	0.17	0.54769	0.66333
NC_046366.1	1291588	1291830	1	-0.135667	10	0.31	0.054	0.69533	0.831
NC_046366.1	1357210	1357519	0.35	-0.218519	18	2.5e-06	5e-06	0.10426	0.32278
NC_046366.1	2403256	2403398	1	-0.176667	11	0.11	0.1	0.79061	0.96727
NC_046366.1	7060780	7060952	1	0.166000	10	0.043	0.23	0.57433	0.40833
NC_046366.1	14407724	14408060	1	-0.277000	10	0.02	0.018	0.47367	0.75067
NC_046366.1	17269944	17269991	1	0.214167	12	1.5e-05	1.6e-05	0.88	0.66583
NC_046366.1	24984807	24985000	1	-0.506333	10	1.1e-06	7e-05	0.07	0.57633
NC_046366.1	25611494	25611590	1	-0.110667	10	0.11	0.29	0.27367	0.38433
NC_046366.1	27585635	27585961	1	-0.280333	10	0.0054	0.002	0.359	0.63933
NC_046366.1	32856829	32856960	1	-0.203667	10	0.12	0.054	0.59367	0.79733
NC_046367.1	1877726	1878286	1	0.187667	10	0.043	0.13	0.409	0.22133
NC_046367.1	2193928	2194110	1	-0.135758	11	0.57	0.056	0.51182	0.64758
NC_046367.1	2422225	2422947	1	-0.113939	11	0.48	0.14	0.58636	0.7003
NC_046367.1	3969893	3969968	1	-0.116364	11	0.16	0.014	0.78152	0.89788
NC_046367.1	4042024	4042181	1	0.212000	10	0.032	0.074	0.481	0.269
NC_046367.1	4352809	4353053	1	-0.143333	11	0.21	0.23	0.65939	0.80273
NC_046367.1	5558492	5558530	1	-0.236667	10	0.00057	0.0085	0.233	0.46967
NC_046367.1	6082042	6082317	1	0.262564	13	0.00016	0.0033	0.86846	0.6059
NC_046367.1	9924698	9924741	0.21	0.217222	12	8.6e-07	3e-06	0.87944	0.66222
NC_046367.1	22187681	22188104	1	-0.244848	11	0.0014	0.031	0.40424	0.64909
NC_046367.1	22844196	22844542	1	-0.107222	12	0.17	0.17	0.7625	0.86972
NC_046367.1	23622661	23622699	1	-0.211000	10	0.0011	0.013	0.24467	0.45567
NC_046367.1	27610123	27610493	1	-0.202778	12	0.00021	0.0027	0.19389	0.39667
NC_046367.1	27622910	27623017	1	-0.250000	10	2.2e-05	2.3e-05	0.20067	0.45067
NC_046367.1	31448643	31448832	1	0.129000	10	0.018	0.053	0.85433	0.72533
NC_046367.1	32399267	32399644	1	-0.144667	10	0.067	0.36	0.75767	0.90233
NC_046367.1	36013484	36013530	1	0.174667	10	0.019	0.027	0.844	0.66933
NC_046367.1	39178644	39178837	1	-0.127576	11	0.074	0.27	0.2903	0.41788
NC_046367.1	42291119	42291261	1	-0.161212	11	0.14	0.14	0.78394	0.94515
NC_046367.1	43162231	43162383	1	-0.388667	10	0.00033	0.026	0.45967	0.84833
NC_046368.1	1070254	1070364	1	0.132333	10	0.0052	0.038	0.881	0.74867
NC_046368.1	1335429	1335460	1	-0.212667	10	0.31	0.1	0.668	0.88067
NC_046368.1	3302434	3302732	1	-0.129667	10	0.16	0.05	0.66667	0.79633
NC_046368.1	7225948	7226134	1	0.198333	10	0.0062	0.026	0.32167	0.12333
NC_046368.1	7384187	7385751	1	-0.130889	15	0.16	0.023	0.78733	0.91822
NC_046368.1	8424751	8424842	1	-0.118974	13	0.037	0.0072	0.42615	0.54513
NC_046368.1	8735287	8735657	1	-0.115667	10	0.0052	0.0057	0.74133	0.857
NC_046368.1	19148586	19148728	1	-0.178788	11	0.085	0.1	0.79	0.96879
NC_046368.1	20091671	20091735	1	-0.141000	10	5.4e-05	0.00012	0.009	0.15
NC_046368.1	23921143	23921310	1	-0.122121	11	0.24	0.29	0.25606	0.37818
NC_046368.1	26500618	26500798	1	-0.144444	12	0.26	0.082	0.52056	0.665
NC_046368.1	29100394	29100441	1	0.304333	10	0.00011	0.0024	0.85833	0.554
NC_046368.1	30921089	30921159	0.14	-0.431282	13	1.8e-06	2.1e-06	0.40256	0.83385
NC_046368.1	32612701	32612765	1	-0.148000	10	4.5e-05	7.2e-05	0.009	0.157
NC_046369.1	200566	200898	1	-0.180667	10	0.0023	0.013	0.16567	0.34633
NC_046369.1	569710	569797	1	-0.100833	12	0.31	0.28	0.41972	0.52056
NC_046369.1	1448358	1448397	1	-0.368889	12	9.6e-06	4.8e-05	0.52861	0.8975
NC_046369.1	1456583	1456622	1	-0.368889	12	9.6e-06	4.8e-05	0.52861	0.8975
NC_046369.1	2867614	2867981	1	-0.107333	10	0.85	0.29	0.786	0.89333
NC_046369.1	8073204	8073285	1	-0.136667	12	0.058	0.23	0.8275	0.96417
NC_046369.1	10872366	10872444	1	-0.134359	13	0.021	0.14	0.81769	0.95205
NC_046369.1	13953585	13954145	1	-0.249667	10	0.0021	0.0033	0.64333	0.893
NC_046369.1	23139473	23139532	1	-0.116667	10	0.24	0.65	0.68967	0.80633
NC_046369.1	23714137	23714467	0.023	-0.566667	13	5.6e-08	3.3e-07	0.13256	0.69923
NC_046369.1	26219226	26219378	1	0.212667	10	0.0057	0.038	0.84433	0.63167
NC_046369.1	28650017	28650164	0.86	-0.526667	10	2.3e-07	1.2e-05	0.079333	0.606
NC_046369.1	38636360	38636553	1	-0.108333	10	0.092	0.12	0.37767	0.486
NC_046370.1	2613095	2613336	1	-0.141515	11	0.89	0.1	0.62182	0.76333
NC_046370.1	2614496	2614534	1	-0.242333	10	0.00046	0.0057	0.24333	0.48567
NC_046370.1	8387928	8388109	1	-0.191000	10	0.13	0.1	0.673	0.864
NC_046370.1	18597137	18597229	1	-0.101333	10	0.29	0.55	0.755	0.85633
NC_046370.1	23473323	23473520	1	-0.135152	11	0.6	0.076	0.52091	0.65606
NC_046370.1	24514975	24515117	1	-0.160606	11	0.15	0.18	0.78394	0.94455
NC_046370.1	25874619	25874712	1	-0.110556	12	0.0069	0.18	0.11889	0.22944
NC_046370.1	30159066	30159364	1	-0.133333	10	0.098	0.012	0.69567	0.829
NC_046371.1	149299	149765	1	-0.114667	10	0.071	0.29	0.724	0.83867
NC_046371.1	181716	182062	1	-0.113889	12	0.089	0.08	0.75111	0.865
NC_046371.1	447948	448381	1	-0.113889	12	0.11	0.18	0.75472	0.86861
NC_046371.1	2213075	2213908	1	-0.139524	21	0.01	0.04	0.72	0.85952
NC_046371.1	2213937	2214764	1	-0.100556	18	0.21	0.22	0.75741	0.85796
NC_046371.1	18692761	18693031	1	0.102000	10	0.0085	0.018	0.822	0.72
NC_046371.1	27252264	27252307	1	0.283333	10	0.0011	0.00055	0.73567	0.45233
NC_046371.1	36345026	36345125	1	-0.233667	10	0.016	0.013	0.648	0.88167
NC_046371.1	38564903	38565379	1	-0.106333	10	0.24	0.54	0.63967	0.746
NC_046371.1	38566356	38567470	1	-0.135278	12	0.012	0.033	0.68583	0.82111
NC_046372.1	4663541	4663752	0.018	0.259000	10	1.2e-07	2.7e-07	0.96867	0.70967
NC_046372.1	4821776	4821998	0.44	-0.464615	13	1.1e-06	6.3e-06	0.079487	0.5441
NC_046372.1	11785387	11785516	1	0.105897	13	0.043	0.048	0.92077	0.81487
NC_046372.1	18723445	18723589	1	-0.230667	10	0.089	0.072	0.63	0.86067
NC_046372.1	20307168	20307578	1	-0.118000	10	0.31	0.18	0.378	0.496
NC_046372.1	20539419	20539511	0.71	-0.318462	13	4.5e-08	1e-05	0.15179	0.47026
NC_046372.1	21662561	21662607	1	0.246667	10	0.0028	0.012	0.82367	0.577
NC_046372.1	23734538	23734576	1	-0.243667	10	0.00026	0.0057	0.23933	0.483
NC_046372.1	26514802	26515105	1	-0.113077	13	0.025	0.035	0.31949	0.43256
NC_046372.1	31324499	31324641	1	-0.160303	11	0.15	0.18	0.78394	0.94424
NC_046372.1	35881551	35881869	1	-0.138235	17	0.33	0.038	0.47451	0.61275
NC_046372.1	37432340	37432546	1	-0.102000	10	0.18	0.13	0.77367	0.87567
NC_046372.1	42480396	42480726	0.39	-0.371296	18	4.6e-09	5.6e-06	0.11074	0.48204
NC_046372.1	43812009	43812258	1	-0.231667	10	0.003	0.0037	0.56567	0.79733
NC_046372.1	43814511	43814549	1	-0.243000	10	0.00026	0.0057	0.23867	0.48167
NC_046372.1	48839622	48840057	1	0.118889	12	0.027	0.046	0.70167	0.58278
NC_046372.1	49137005	49137041	1	-0.187000	10	0.0041	0.0035	0.57	0.757
NC_046373.1	2787310	2787432	1	0.109000	10	0.15	0.052	0.35133	0.24233
NC_046373.1	3963362	3963400	1	-0.235000	10	0.00041	0.013	0.23867	0.47367
NC_046373.1	11350941	11351234	1	-0.410667	10	0.00011	0.0014	0.433	0.84367
NC_046373.1	14583752	14583847	0.00014	-0.370185	18	3e-08	2e-09	0.54944	0.91963
NC_046373.1	14592138	14592233	0.00014	-0.368889	18	3e-08	2e-09	0.55074	0.91963
NC_046373.1	23968702	23968890	1	-0.199333	10	0.16	0.29	0.603	0.80233
NC_046373.1	24528415	24528557	1	-0.160303	11	0.15	0.18	0.78394	0.94424
NC_046373.1	29298778	29298919	1	0.113636	11	0.0047	0.022	0.91788	0.80424
NC_046373.1	29392217	29392548	1	0.109667	10	0.0045	0.013	0.87067	0.761
NC_046373.1	31058533	31058662	1	-0.141000	10	0.17	0.29	0.81	0.951
NC_046373.1	32914677	32914934	1	-0.171429	14	0.062	0.05	0.70452	0.87595
NC_046373.1	34362890	34363264	1	0.126000	10	0.0021	0.0024	0.902	0.776
NC_046373.1	34385623	34385766	1	-0.102000	10	0.25	0.13	0.547	0.649
NC_046373.1	35122874	35123115	1	-0.156333	10	0.084	0.1	0.667	0.82333
NC_046373.1	37001553	37001748	1	-0.230000	13	0.0063	0.0007	0.65846	0.88846
NC_046373.1	37115424	37115457	0.0043	-0.424667	10	3.7e-06	6.1e-08	0.44467	0.86933
NC_046373.1	38354090	38354222	1	-0.135000	10	8.4e-05	0.00012	0.020667	0.15567
NC_046373.1	38547588	38547621	0.0094	-0.404000	10	3.7e-06	1.4e-07	0.48233	0.88633
NC_046373.1	39910787	39910821	1	-0.102619	14	0.096	0.32	0.83738	0.94
NC_046373.1	40232327	40232377	1	-0.221944	12	0.049	0.046	0.39333	0.61528
NC_046374.1	1707938	1708234	1	-0.158205	13	0.12	0.083	0.76256	0.92077
NC_046374.1	3035638	3035837	0.073	-0.206000	10	3.3e-05	1e-06	0.027667	0.23367
NC_046374.1	3084059	3084438	1	0.165333	10	0.12	0.18	0.40567	0.24033
NC_046374.1	3084449	3084648	0.073	-0.206000	10	3.3e-05	1e-06	0.027667	0.23367
NC_046374.1	3085812	3086349	1	-0.324762	14	4.5e-07	0.00017	0.10976	0.43452
NC_046374.1	3531765	3532144	1	0.165333	10	0.12	0.18	0.40567	0.24033
NC_046374.1	3532155	3532354	0.073	-0.206000	10	3.3e-05	1e-06	0.027667	0.23367
NC_046374.1	3533639	3534047	1	-0.207143	14	3.3e-05	0.00026	0.087857	0.295
NC_046374.1	5666843	5666946	1	-0.196333	10	0.00014	0.00012	0.065	0.26133
NC_046374.1	5668445	5668824	1	0.162333	10	0.19	0.37	0.40567	0.24333
NC_046374.1	10160037	10160236	0.073	-0.207000	10	3.3e-05	1e-06	0.027667	0.23467
NC_046374.1	12591511	12591673	1	0.142333	10	0.029	0.1	0.90467	0.76233
NC_046374.1	12596651	12596813	1	0.143000	10	0.028	0.1	0.90533	0.76233
NC_046374.1	12601792	12601954	1	0.144000	10	0.027	0.1	0.90633	0.76233
NC_046374.1	12857191	12857253	1	0.189667	10	0.00025	0.0057	0.879	0.68933
NC_046374.1	12954828	12955585	1	0.149394	11	0.0032	0.003	0.84818	0.69879
NC_046374.1	12959191	12959948	1	0.118788	11	0.0016	0.0029	0.84576	0.72697
NC_046374.1	14834453	14834524	1	0.264667	10	4e-06	0.00058	0.91833	0.65367
NC_046374.1	15713039	15713101	1	0.177000	10	0.00035	0.0086	0.88333	0.70633
NC_046374.1	16024997	16025239	1	-0.240667	10	0.043	0.038	0.54167	0.78233
NC_046374.1	17081321	17081374	1	0.204722	12	1.5e-05	2.7e-05	0.91889	0.71417
NC_046374.1	20646130	20646225	0.00041	-0.368333	18	3e-08	5.9e-09	0.55148	0.91981
NC_046374.1	20654366	20654461	0.00041	-0.368333	18	3e-08	5.9e-09	0.55148	0.91981
NC_046374.1	21631248	21631366	1	-0.219000	10	0.092	0.019	0.55367	0.77267
NC_046374.1	24266534	24266794	1	-0.186667	10	0.011	0.099	0.75667	0.94333
NC_046374.1	24840072	24840298	1	-0.279333	10	0.003	0.0054	0.39567	0.675
NC_046374.1	27016991	27017105	1	0.190952	14	7.1e-06	2.8e-05	0.92333	0.73238
NC_046374.1	27454661	27454756	0.00041	-0.357778	18	8.2e-09	5.9e-09	0.56426	0.92204
NC_046374.1	27463307	27463402	0.00041	-0.357778	18	8.2e-09	5.9e-09	0.56426	0.92204
NC_046374.1	28520983	28521030	0.37	0.199167	12	1.9e-05	5.3e-06	0.88139	0.68222
NC_046374.1	28795163	28795191	1	-0.130833	12	0.083	0.23	0.81722	0.94806
NC_046374.1	29447682	29447824	1	-0.159697	11	0.15	0.18	0.78394	0.94364
NC_046374.1	29482760	29482824	1	-0.141000	10	5.4e-05	0.00012	0.009	0.15
NC_046374.1	33790586	33790912	1	-0.104667	10	0.24	0.073	0.39367	0.49833
NC_046375.1	4926645	4927012	1	-0.107333	10	0.85	0.29	0.786	0.89333
NC_046375.1	10186725	10186789	1	-0.148000	10	4.5e-05	7.2e-05	0.009	0.157
NC_046375.1	12209916	12209970	1	0.401333	10	2.1e-05	0.00087	0.57467	0.17333
NC_046375.1	16350243	16350395	1	0.113939	11	0.0051	0.011	0.91303	0.79909
NC_046375.1	17018776	17019024	1	-0.201538	13	0.078	0.01	0.5441	0.74564
NC_046375.1	21696587	21696653	1	-0.237692	13	0.00089	0.025	0.34769	0.58538
NC_046375.1	24365408	24365601	1	-0.112333	10	0.084	0.12	0.37767	0.49
NC_046375.1	26712880	26713211	1	-0.133158	19	0.00048	0.003	0.25404	0.38719
NC_046375.1	30823830	30823930	1	-0.283056	12	2.2e-06	7.7e-05	0.3425	0.62556
NC_046375.1	30882020	30882223	1	-0.217949	13	0.00055	0.014	0.31513	0.53308
NC_046375.1	31545800	31545881	1	0.106944	12	0.089	0.18	0.82806	0.72111
NC_046376.1	1534176	1534212	1	-0.197333	10	0.19	0.1	0.71	0.90733
NC_046376.1	4079942	4080088	0.72	0.166250	16	2.7e-06	1e-05	0.91812	0.75187
NC_046376.1	5070926	5071119	1	-0.103333	10	0.095	0.22	0.38333	0.48667
NC_046376.1	5522102	5522367	1	-0.123333	10	0.22	0.13	0.80133	0.92467
NC_046376.1	6308839	6309104	1	-0.194000	10	0.086	0.13	0.683	0.877
NC_046376.1	6313017	6313330	1	-0.283667	10	0.0071	0.013	0.42467	0.70833
NC_046376.1	8972085	8972423	1	-0.111333	10	0.43	0.76	0.71533	0.82667
NC_046376.1	9027627	9027860	1	-0.172333	10	0.0043	0.017	0.20933	0.38167
NC_046376.1	16230197	16230263	1	-0.208205	13	0.001	0.018	0.35103	0.55923
NC_046376.1	25449030	25449278	1	-0.108333	10	0.6	0.37	0.7	0.80833
NC_046376.1	30074777	30074815	1	-0.249333	10	0.00023	0.0057	0.24033	0.48967
NC_046376.1	30076900	30077141	1	-0.174333	10	0.86	0.18	0.637	0.81133
NC_046376.1	32414971	32415134	1	0.121667	10	0.0039	0.038	0.82767	0.706
NC_046376.1	32947897	32947931	1	-0.102619	14	0.096	0.32	0.83738	0.94
NC_046376.1	32972943	32972974	1	-0.210000	10	0.32	0.1	0.666	0.876
NC_046376.1	33908355	33908417	1	0.241795	13	0.00024	0.001	0.84718	0.60538
NC_046376.1	34178116	34178154	1	-0.248667	10	0.00022	0.0057	0.24133	0.49
NC_046377.1	410601	410743	1	-0.176061	11	0.11	0.1	0.79061	0.96667
NC_046377.1	1524745	1524837	1	0.181667	10	0.0052	0.027	0.839	0.65733
NC_046377.1	1582495	1582637	1	-0.167273	11	0.12	0.14	0.77758	0.94485
NC_046377.1	2841133	2841456	1	0.157000	10	0.00043	0.00035	0.85633	0.69933
NC_046377.1	3821643	3821681	1	-0.227667	10	0.00057	0.019	0.24067	0.46833
NC_046377.1	5841582	5841663	1	-0.136667	12	0.058	0.23	0.8275	0.96417
NC_046377.1	11806197	11806284	0.6	-0.154848	11	1.9e-06	8.7e-06	0.0081818	0.16303
NC_046377.1	13850128	13850437	0.15	-0.213846	13	1.7e-06	2.1e-06	0.032564	0.24641
NC_046377.1	19354372	19354554	1	-0.183333	10	0.23	0.18	0.68967	0.873
NC_046377.1	22370857	22370918	1	-0.222000	10	0.0026	0.0057	0.44533	0.66733
NC_046378.1	945811	946010	1	0.147000	10	0.049	0.013	0.656	0.509
NC_046378.1	1154577	1154757	1	-0.169667	10	0.63	0.23	0.72067	0.89033
NC_046378.1	4410314	4410543	1	-0.240333	10	0.044	0.038	0.542	0.78233
NC_046378.1	12284901	12285061	1	0.239000	10	0.00067	0.0037	0.85133	0.61233
NC_046378.1	15343880	15343977	1	-0.195758	11	0.024	0.079	0.67485	0.87061
NC_046378.1	17854806	17854842	1	-0.162000	10	0.003	0.008	0.59767	0.75967
NC_046378.1	19783881	19783947	1	0.153333	10	0.0054	0.027	0.211	0.057667
NC_046378.1	20477785	20478317	1	-0.165667	10	0.036	0.096	0.67133	0.837
NC_046378.1	28649962	28650039	1	-0.149167	12	0.0013	0.0008	0.21167	0.36083
NC_046378.1	30003418	30003474	1	-0.122381	14	1.6e-05	0.00011	0.21095	0.33333
NC_046378.1	31868114	31868405	1	-0.105455	11	0.31	0.22	0.73909	0.84455
NC_046378.1	34467950	34468092	1	-0.169091	11	0.12	0.14	0.77758	0.94667
NC_046378.1	38056095	38056195	0.098	-0.320526	19	5.4e-05	1.4e-06	0.53579	0.85632
NC_046378.1	38064205	38064305	0.098	-0.320526	19	5.4e-05	1.4e-06	0.53579	0.85632
NC_046378.1	38066526	38066840	1	-0.100556	12	0.34	0.28	0.78639	0.88694
NC_046379.1	838464	838502	1	-0.235000	10	0.00057	0.013	0.247	0.482
NC_046379.1	2909921	2910170	1	-0.204333	10	0.0047	0.0024	0.57167	0.776
NC_046379.1	3528928	3529075	0.86	-0.526667	10	2.3e-07	1.2e-05	0.079667	0.60633
NC_046379.1	3942971	3943049	1	0.100000	10	0.0015	0.0024	0.90567	0.80567
NC_046379.1	9819189	9819380	1	0.110000	10	0.0022	0.0057	0.898	0.788
NC_046379.1	12337793	12337897	1	0.344000	10	0.0015	0.0037	0.72767	0.38367
NC_046379.1	13430301	13430473	1	-0.144722	12	0.17	0.046	0.58111	0.72583
NC_046379.1	21283563	21283812	1	-0.160980	17	0.21	0.0016	0.57314	0.73412
NC_046379.1	21314848	21314940	1	0.224333	10	0.0054	0.013	0.80333	0.579
NC_046379.1	26194677	26194743	1	-0.243333	13	0.00046	0.013	0.33897	0.58231
NC_046379.1	26196957	26197200	1	-0.182121	11	0.24	0.1	0.56909	0.75121
NC_046379.1	28603441	28603739	1	-0.130667	10	0.092	0.008	0.69833	0.829
NC_046379.1	31355886	31355954	1	-0.124667	10	0.02	0.019	0.066333	0.191
NC_046379.1	33537108	33537374	1	-0.206333	10	0.11	0.074	0.69633	0.90267
NC_046380.1	245797	246143	1	-0.120278	12	0.053	0.06	0.75333	0.87361
NC_046380.1	5100126	5100310	1	0.200333	10	0.0021	0.0055	0.814	0.61367
NC_046380.1	6480730	6480917	1	-0.166905	14	0.03	0.016	0.42095	0.58786
NC_046380.1	7809498	7809738	1	-0.241667	10	0.04	0.038	0.542	0.78367
NC_046380.1	8877175	8877230	1	0.145667	10	0.013	0.054	0.81967	0.674
NC_046380.1	21247511	21248203	1	-0.140667	10	0.15	0.23	0.46533	0.606
NC_046380.1	23957736	23957910	1	-0.261333	10	0.0031	0.0037	0.169	0.43033
NC_046380.1	25405529	25405671	1	-0.160303	11	0.15	0.18	0.78394	0.94424
NC_046380.1	36554986	36555219	1	0.134167	12	0.0081	0.061	0.91444	0.78028
NC_046380.1	41173318	41173481	1	0.196667	10	0.00017	0.0057	0.883	0.68633
NC_046380.1	44780990	44781060	1	0.207333	10	0.00037	0.0023	0.87433	0.667
NC_046380.1	45872438	45872708	1	0.142222	15	0.02	0.065	0.82333	0.68111
NC_046380.1	46377418	46377479	0.44	-0.230392	17	7e-08	6.2e-06	0.087059	0.31745
NC_046380.1	47120481	47120765	1	0.425333	10	6.3e-07	7.3e-05	0.84667	0.42133
NC_046380.1	47228496	47228537	1	-0.244667	10	0.017	0.1	0.60333	0.848
NC_046380.1	47397679	47397865	1	0.137667	10	2.5e-05	0.00034	0.93267	0.795
NC_046380.1	47629698	47630068	1	-0.178333	10	0.38	0.37	0.589	0.76733
NC_046381.1	2086896	2086991	0.00041	-0.358333	18	8.2e-09	5.9e-09	0.5637	0.92204
NC_046381.1	2095296	2095391	0.00041	-0.358333	18	8.2e-09	5.9e-09	0.5637	0.92204
NC_046381.1	2103821	2103916	0.00041	-0.357963	18	8.2e-09	5.9e-09	0.56407	0.92204
NC_046381.1	2490514	2490609	0.00041	-0.368148	18	3e-08	5.9e-09	0.55167	0.91981
NC_046381.1	2499039	2499134	0.00041	-0.368148	18	3e-08	5.9e-09	0.55167	0.91981
NC_046381.1	6375354	6375468	1	0.104000	10	0.036	0.053	0.61133	0.50733
NC_046381.1	8411464	8411522	1	0.151333	10	0.0068	0.018	0.951	0.79967
NC_046381.1	9722003	9722042	1	-0.369722	12	1e-05	4.8e-05	0.52889	0.89861
NC_046381.1	14590686	14590797	1	-0.179667	10	0.06	0.17	0.45167	0.63133
NC_046381.1	18211327	18211364	1	-0.227667	10	0.03	0.074	0.51067	0.73833
NC_046381.1	18216326	18216363	1	-0.285667	10	0.0045	0.0057	0.45233	0.738
NC_046381.1	22622809	22622856	1	0.213056	12	1.8e-05	1.6e-05	0.88389	0.67083
NC_046381.1	23331916	23332125	1	-0.117000	10	0.15	0.13	0.796	0.913
NC_046381.1	24377390	24377999	1	-0.144333	10	0.13	0.29	0.45233	0.59667
NC_046381.1	24595072	24595122	1	-0.239000	10	0.00012	0.018	0.143	0.382
NC_046381.1	24998741	24998900	1	0.101404	19	0.00056	0.012	0.89526	0.79386
NC_046381.1	25645267	25645314	1	0.298333	10	0.00011	0.0037	0.858	0.55967
NC_046381.1	26069097	26069360	1	-0.221333	10	0.058	0.054	0.51433	0.73567
NC_046381.1	26079317	26079580	1	-0.191333	10	0.032	0.038	0.52867	0.72
NC_046381.1	26824924	26824958	1	-0.122143	14	0.015	0.11	0.84214	0.96429
NC_046381.1	27333856	27333922	1	-0.224615	13	0.001	0.025	0.34385	0.56846
NC_046381.1	34057436	34057502	1	-0.196154	13	0.00069	0.0068	0.34282	0.53897
NC_046381.1	34505407	34505498	1	-0.120769	13	0.035	0.005	0.42667	0.54744
NC_046381.1	37911172	37911420	1	-0.152308	13	0.1	0.02	0.60103	0.75333
NC_046381.1	37913598	37913664	1	-0.204872	13	0.0015	0.025	0.33282	0.53769
NC_046381.1	39461598	39461742	1	0.116667	10	0.0045	0.019	0.879	0.76233
NC_046381.1	42252694	42252836	1	-0.156667	11	0.11	0.29	0.79	0.94667
NC_046382.1	226416	226575	1	-0.151667	10	0.026	0.13	0.321	0.47267
NC_046382.1	1827004	1827219	1	-0.141515	11	0.024	0.1	0.65697	0.79848
NC_046382.1	4268349	4269026	1	-0.135000	10	0.079	0.073	0.61567	0.75067
NC_046382.1	4582078	4582703	1	-0.133333	10	0.04	0.13	0.67367	0.807
NC_046382.1	6733283	6733316	0.0043	-0.424667	10	3.7e-06	6.1e-08	0.44467	0.86933
NC_046382.1	6741702	6741735	0.0043	-0.424667	10	3.7e-06	6.1e-08	0.44467	0.86933
NC_046382.1	8314365	8314501	1	0.305333	10	0.0043	0.013	0.74567	0.44033
NC_046382.1	13238802	13239167	0.11	-0.425417	16	1.6e-09	1.6e-06	0.10104	0.52646
NC_046382.1	22498497	22498543	1	-0.234667	15	3.2e-06	0.0023	0.20422	0.43889
NC_046382.1	27851976	27852118	1	-0.160909	11	0.14	0.14	0.78394	0.94485
NC_046382.1	28990701	28990731	1	-0.207778	12	0.00039	0.0012	0.26333	0.47111
NC_046382.1	33738431	33738495	1	-0.149000	10	3.2e-06	4.1e-05	0.009	0.158
NC_046383.1	3154401	3154667	1	-0.205333	10	0.11	0.074	0.69633	0.90167
NC_046383.1	6279609	6279867	1	0.134667	10	0.035	0.054	0.16067	0.026
NC_046383.1	6696798	6697036	1	0.111667	10	0.14	0.051	0.79533	0.68367
NC_046383.1	7633649	7633736	0.6	-0.154848	11	1.9e-06	8.7e-06	0.0081818	0.16303
NC_046383.1	12510346	12510438	1	0.286389	12	4.8e-05	0.0012	0.85972	0.57333
NC_046383.1	16153944	16154010	1	-0.199487	13	0.0045	0.034	0.36333	0.56282
NC_046383.1	19575718	19575784	1	-0.379000	10	0.00023	0.0015	0.32167	0.70067
NC_046383.1	28984109	28984169	1	-0.227692	13	0.016	0.0071	0.52026	0.74795
NC_046383.1	32096513	32096728	1	-0.243333	13	0.0011	0.014	0.041795	0.28513
NC_046383.1	34464361	34464567	1	-0.220000	12	0.00042	0.0019	0.043889	0.26389
NC_046383.1	36855786	36856027	1	-0.168235	17	0.014	0.011	0.51961	0.68784
NC_046383.1	37009023	37009174	1	-0.182000	10	0.041	0.0015	0.68667	0.86867
NC_046384.1	795429	795495	1	-0.224103	13	0.0015	0.034	0.35564	0.57974
NC_046384.1	2264257	2264549	1	-0.407333	10	5.8e-05	0.00086	0.44533	0.85267
NC_046384.1	2269188	2269269	1	-0.374667	10	0.00028	0.00092	0.576	0.95067
NC_046384.1	2530037	2530200	1	-0.126970	11	0.56	0.076	0.51212	0.63909
NC_046384.1	2631643	2631681	1	-0.244333	10	0.00054	0.013	0.244	0.48833
NC_046384.1	2646757	2646941	1	0.114333	10	0.0013	0.0037	0.91567	0.80133
NC_046384.1	3608651	3609313	1	0.125000	10	5.4e-05	0.00058	0.99	0.865
NC_046384.1	4626215	4626561	1	-0.132500	12	0.039	0.1	0.745	0.8775
NC_046384.1	6508401	6508445	1	-0.139000	10	0.056	0.29	0.34133	0.48033
NC_046384.1	7402105	7402701	1	-0.124000	10	0.42	0.46	0.56733	0.69133
NC_046384.1	12804777	12804805	1	-0.130833	12	0.083	0.23	0.81722	0.94806
NC_046384.1	16619979	16620264	1	-0.233667	10	0.0068	0.035	0.386	0.61967
NC_046384.1	20301259	20301742	1	0.146061	11	0.0035	0.059	0.90364	0.75758
NC_046384.1	24343008	24343054	1	-0.131667	10	0.027	0.18	0.056	0.18767
NC_046384.1	26678270	26678336	1	-0.217692	13	0.0023	0.025	0.36282	0.58051
NW_023396477.1	702967	703021	1	-0.159667	10	0.00012	0.00059	0.032667	0.19233
NW_023396477.1	891563	891864	1	-0.116333	10	0.2	0.045	0.646	0.76233
NW_023396499.1	54310	54357	1	0.210556	12	4.3e-05	4.5e-05	0.87444	0.66389
NW_023396520.1	186090	186315	1	-0.213333	11	0.037	0.0021	0.46424	0.67758
NW_023396520.1	427008	427140	1	-0.174167	12	9.3e-05	0.00021	0.1375	0.31167
NW_023396522.1	274604	274953	1	-0.211000	10	0.021	0.23	0.51467	0.72567
NW_023396522.1	527299	527497	1	-0.225000	10	0.0085	0.074	0.45833	0.68333
NW_023396524.1	184410	184653	1	-0.222000	10	0.04	0.037	0.47567	0.69767
NW_023396524.1	261341	261582	1	-0.202333	10	0.086	0.1	0.622	0.82433
NW_023396525.1	594563	594826	1	-0.191333	10	0.032	0.038	0.52867	0.72
NW_023396527.1	46607	46718	1	-0.136667	10	0.013	0.07	0.72267	0.85933
NW_023396529.1	366963	367212	1	-0.199744	13	0.081	0.01	0.5459	0.74564
NW_023396529.1	393570	393819	1	-0.199744	13	0.081	0.01	0.5459	0.74564
NW_023396529.1	645799	645865	1	-0.246667	13	0.00026	0.013	0.33256	0.57923
NW_023396531.1	5995	6221	1	0.110333	10	0.031	0.098	0.71733	0.607
NW_023396531.1	306109	306179	1	-0.115667	10	0.49	0.027	0.75733	0.873
NW_023396532.1	286887	286953	1	-0.194359	13	0.00072	0.0068	0.34385	0.53821
NW_023396532.1	564617	564786	1	0.252333	10	0.0024	0.00035	0.819	0.56667
NW_023396535.1	317024	317403	1	0.165333	10	0.12	0.18	0.40567	0.24033
NW_023396535.1	317414	317613	0.073	-0.207000	10	3.3e-05	1e-06	0.027667	0.23467
NW_023396537.1	14928	15190	1	-0.178333	10	0.6	0.13	0.716	0.89433
NW_023396540.1	332399	332455	1	0.240000	10	4.9e-06	3.8e-05	0.92067	0.68067
NW_023396542.1	481305	481343	1	-0.237667	10	0.0006	0.013	0.253	0.49067
NW_023396542.1	544306	544370	1	-0.141000	10	5.4e-05	0.00012	0.009	0.15
NW_023396546.1	264124	264357	1	-0.193846	13	0.00015	0.0088	0.15179	0.34564
NW_023396549.1	230494	230591	1	-0.194848	11	0.024	0.079	0.67576	0.87061
NW_023396550.1	4972	5157	1	-0.133636	11	0.12	0.079	0.43697	0.57061
NW_023396555.1	369101	369511	1	-0.118000	10	0.31	0.18	0.378	0.496
NW_023396562.1	313321	313683	1	-0.167667	10	0.051	0.17	0.66867	0.83633
NW_023396565.1	379458	379665	1	0.239697	11	0.0026	0.011	0.95667	0.71697
NW_023396567.1	316244	316336	1	0.288889	12	8.5e-05	0.00051	0.85639	0.5675
NW_023396569.1	38885	38916	1	-0.216667	10	0.32	0.074	0.65833	0.875
NW_023396573.1	63894	64588	1	-0.255333	10	0.0011	0.0056	0.52433	0.77967
NW_023396574.1	286573	286611	1	-0.235000	10	0.00079	0.0086	0.25667	0.49167
NW_023396575.1	357926	358038	1	-0.222333	10	0.0062	0.00092	0.335	0.55733
NW_023396579.1	98504	98794	1	-0.108889	12	0.043	0.022	0.34667	0.45556
NW_023396581.1	334734	334798	1	-0.149000	10	3.2e-06	4.1e-05	0.009	0.158
NW_023396586.1	111576	111869	1	-0.403667	10	0.00011	0.0014	0.44	0.84367
NW_023396586.1	225646	225938	1	-0.162667	10	0.0036	0.027	0.36267	0.52533
NW_023396589.1	327141	327175	1	-0.122143	14	0.015	0.11	0.84214	0.96429
NW_023396590.1	5078	5667	1	-0.114333	10	0.69	0.23	0.589	0.70333
NW_023396590.1	16410	16999	1	-0.164444	12	0.17	0.23	0.51472	0.67917
NW_023396596.1	275845	276008	1	-0.296944	12	3e-07	4.6e-05	0.2825	0.57944
NW_023396600.1	21216	21408	1	-0.158788	11	0.033	0.031	0.35879	0.51758
NW_023396606.1	40775	40860	1	-0.263667	10	0.033	0.18	0.35167	0.61533
NW_023396615.1	258660	258724	1	-0.141000	10	5.4e-05	0.00012	0.009	0.15
NW_023396618.1	240969	241218	1	-0.204000	10	0.0047	0.0037	0.57433	0.77833
NW_023396627.1	261316	261397	1	-0.363810	14	5.9e-05	0.0055	0.2919	0.65571
NW_023396629.1	109691	109949	1	-0.129000	10	0.0022	0.019	0.037333	0.16633
NW_023396630.1	193277	193329	1	-0.177000	10	0.0022	0.026	0.16433	0.34133
NW_023396633.1	180726	181081	1	-0.206190	14	0.01	0.0041	0.45571	0.6619
NW_023396641.1	55469	55667	1	-0.166667	10	0.00071	0.0014	0.11767	0.28433
NW_023396641.1	59349	59582	1	-0.211026	13	2e-05	0.00088	0.15179	0.36282
NW_023396644.1	12310	12348	1	-0.255000	10	0.00014	0.0037	0.23567	0.49067
NW_023396651.1	12114	12152	1	-0.237667	10	0.00093	0.0056	0.232	0.46967
NW_023396668.1	147046	147084	1	-0.234667	10	0.00079	0.0086	0.257	0.49167
NW_023396674.1	15064	15104	1	0.112333	10	5.7e-06	6.8e-05	0.96733	0.855
NW_023396674.1	27680	27989	1	0.222143	14	1.4e-07	2.9e-05	0.89524	0.6731
NW_023396674.1	31901	32371	1	0.219333	10	0.00046	0.0032	0.77067	0.55133
NW_023396674.1	32378	32550	1	-0.132000	10	0.13	0.46	0.61	0.742
NW_023396674.1	48299	48508	1	0.232667	10	2.7e-05	0.0037	0.88267	0.65
NW_023396674.1	48773	48945	1	-0.132000	10	0.13	0.46	0.61	0.742
NW_023396674.1	49065	49311	1	0.185000	12	0.0003	0.0002	0.785	0.6
NW_023396674.1	72662	73019	1	0.223611	12	4.8e-06	0.0019	0.88417	0.66056
NW_023396674.1	73139	73311	1	-0.132000	10	0.13	0.46	0.61	0.742
NW_023396674.1	73422	73677	1	0.186154	13	0.00017	0.00029	0.78564	0.59949
NW_023396674.1	91365	91722	1	0.223611	12	4.8e-06	0.0019	0.88417	0.66056
NW_023396674.1	91842	92014	1	-0.132000	10	0.13	0.46	0.61	0.742
NW_023396674.1	92125	92380	1	0.186154	13	0.00017	0.00029	0.78564	0.59949
NW_023396674.1	123243	123452	1	0.232000	10	2.9e-05	0.0037	0.88267	0.65067
NW_023396674.1	123717	123889	1	-0.132000	10	0.13	0.46	0.61	0.742
NW_023396674.1	124009	124255	1	0.185000	12	0.0003	0.0002	0.785	0.6
NW_023396674.1	138164	138521	1	0.223611	12	4.8e-06	0.0019	0.88417	0.66056
NW_023396674.1	138641	138813	1	-0.132000	10	0.13	0.46	0.61	0.742
NW_023396674.1	138924	139179	1	0.186154	13	0.00017	0.00029	0.78564	0.59949
NW_023396674.1	154856	155213	1	0.223056	12	4.8e-06	0.0019	0.88417	0.66111
NW_023396674.1	155333	155505	1	-0.132000	10	0.13	0.46	0.61	0.742
NW_023396674.1	155616	155871	1	0.186154	13	0.00017	0.00029	0.78564	0.59949
NW_023396674.1	174785	174882	1	0.126222	15	0.00063	0.0034	0.78689	0.66067
NW_023396674.1	175522	175879	1	0.223611	12	4.8e-06	0.0019	0.88417	0.66056
NW_023396674.1	175999	176171	1	-0.132000	10	0.13	0.46	0.61	0.742
NW_023396674.1	176282	176537	1	0.186154	13	0.00017	0.00029	0.78564	0.59949
NW_023396674.1	192771	193128	1	0.223611	12	4.8e-06	0.0019	0.88417	0.66056
NW_023396674.1	193248	193420	1	-0.132000	10	0.13	0.46	0.61	0.742
NW_023396674.1	193531	193786	1	0.186154	13	0.00017	0.00029	0.78564	0.59949
NW_023396685.1	160939	161171	1	0.204091	22	0.00046	0.0033	0.87727	0.67318
NW_023396689.1	18413	18451	1	0.221333	10	3.3e-05	2.1e-05	0.89067	0.66933
NW_023396689.1	318228	318271	1	0.349667	10	1.4e-05	3.9e-05	0.86533	0.51567
NW_023396689.1	943814	943988	1	-0.282667	10	0.0015	0.0015	0.169	0.45167
NW_023396689.1	1687608	1687657	1	-0.294000	10	0.00011	0.0015	0.035667	0.32967
NW_023396689.1	2232446	2232620	1	-0.190000	14	0.0047	0.038	0.29643	0.48643
NW_023396689.1	2834956	2835145	0.063	-0.371458	16	9.6e-08	9e-07	0.22187	0.59333
NW_023396689.1	4031608	4031871	1	-0.192667	10	0.031	0.038	0.52867	0.72133
NW_023396689.1	4165528	4165575	1	-0.187111	15	0.00061	0.012	0.27644	0.46356
NW_023396709.1	157184	157653	1	-0.107000	10	0.033	0.073	0.74367	0.85067
NW_023396713.1	101980	102044	1	-0.142000	10	4e-06	4.1e-05	0.009	0.151
NW_023396715.1	111526	111577	1	-0.162308	13	0.0025	0.01	0.24282	0.40513
NW_023396725.1	88321	88596	1	-0.101667	10	0.21	0.65	0.58467	0.68633
NW_023396730.1	73838	73907	1	-0.135333	10	0.055	0.13	0.261	0.39633
NW_023396736.1	147901	148142	1	-0.119333	10	0.29	0.23	0.71533	0.83467
NW_023396738.1	75520	75769	1	-0.160000	17	0.22	0.0016	0.57373	0.73373
NW_023396742.1	31091	31463	1	-0.162667	10	0.074	0.18	0.72733	0.89
NW_023396744.1	80575	80854	1	-0.286389	12	3e-06	0.00076	0.27722	0.56361
NW_023396758.1	102095	102170	1	-0.104444	12	0.22	0.032	0.79583	0.90028
NW_023396770.1	931877	932292	1	0.159000	10	0.28	0.65	0.20033	0.041333
NW_023396770.1	1182511	1182720	1	-0.105000	10	0.13	0.13	0.796	0.901
NW_023396771.1	49338	49463	1	-0.178333	10	0.017	0.0024	0.65767	0.836
NW_023396780.1	36950	37252	1	-0.134000	10	0.46	0.29	0.80333	0.93733
NW_023396781.1	101011	101434	1	-0.211389	12	0.034	0.032	0.50333	0.71472
NW_023396781.1	2537423	2537459	1	-0.102333	10	0.71	0.23	0.77733	0.87967
NW_023396783.1	39416	40115	1	-0.274333	10	0.014	0.018	0.20867	0.483
NW_023396792.1	851718	851803	1	0.112821	13	0.0046	0.036	0.90154	0.78872
NW_023396794.1	103613	103839	1	0.117333	10	0.015	0.052	0.71733	0.6
NW_023396803.1	2296736	2296984	1	-0.199744	13	0.081	0.01	0.5459	0.74564
NW_023396813.1	1304758	1304798	1	-0.204667	10	0.084	0.13	0.64433	0.849
NW_023396813.1	1342861	1342925	1	-0.151389	12	0.00064	0.024	0.22417	0.37556
NW_023396813.1	2880189	2880430	1	-0.118333	10	0.29	0.23	0.711	0.82933
NW_023396813.1	2959572	2959745	1	-0.142500	12	0.6	0.17	0.6275	0.77
NW_023396813.1	3154933	3158794	0.17	-0.181778	15	2.1e-05	2.5e-06	0.28644	0.46822
NW_023396813.1	3329478	3329722	1	-0.298000	10	0.0071	0.0036	0.43967	0.73767
NW_023396813.1	3610477	3614932	0.0028	-0.213333	16	2.7e-06	4e-08	0.28667	0.5
NW_023396824.1	838488	839069	1	-0.173846	13	0.02	0.084	0.57359	0.74744
NW_023396824.1	1087438	1087637	0.073	-0.206667	10	3.3e-05	1e-06	0.027667	0.23433
NW_023396824.1	1087648	1088027	1	0.167333	10	0.13	0.18	0.409	0.24167
NW_023396824.1	3141587	3141836	1	-0.235333	10	0.0028	0.0037	0.56067	0.796
NW_023396835.1	281705	281815	1	-0.302778	12	2.1e-07	0.0002	0.27	0.57278
NW_023396835.1	860170	860716	1	-0.139667	10	0.78	0.13	0.73367	0.87333
NW_023396835.1	1262335	1262464	1	-0.141000	10	0.17	0.29	0.81	0.951
NW_023396835.1	2987985	2988049	1	-0.140333	10	0.00011	0.00012	0.0096667	0.15
NW_023396835.1	3143052	3143545	1	0.172778	12	0.00018	0.0059	0.89917	0.72639
NW_023396846.1	528861	528961	0.098	-0.320526	19	5.4e-05	1.4e-06	0.53579	0.85632
NW_023396846.1	667503	667581	1	-0.382000	10	5.1e-05	0.00012	0.229	0.611
NW_023396846.1	1067207	1067447	1	-0.206000	10	0.25	0.18	0.56233	0.76833
NW_023396846.1	2119991	2120239	1	-0.218333	10	0.13	0.054	0.589	0.80733
NW_023396846.1	3097675	3097797	1	0.162000	10	0.0068	0.027	0.83167	0.66967
NW_023396846.1	3103021	3103113	1	0.165000	10	0.006	0.027	0.83267	0.66767
NW_023396852.1	77164	77386	0.15	-0.489744	13	1.1e-08	2.1e-06	0.079487	0.56923
NW_023396857.1	1385667	1385852	1	0.180667	10	0.11	0.072	0.80233	0.62167
NW_023396857.1	1807708	1807776	1	-0.209167	12	0.0038	0.0087	0.0030556	0.21222
NW_023396865.1	78730	78978	1	-0.184000	10	0.44	0.18	0.62667	0.81067
NW_023396868.1	1162267	1162441	1	-0.199667	10	0.048	0.073	0.63	0.82967
NW_023396879.1	1453074	1453140	1	-0.250513	13	0.00046	0.018	0.33385	0.58436
NW_023396879.1	3003514	3003747	1	-0.147000	10	0.011	0.036	0.26033	0.40733
NW_023396879.1	3007842	3008075	1	-0.142000	10	0.015	0.051	0.269	0.411
NW_023396883.1	93638	93738	1	-0.221228	19	0.032	6.1e-05	0.6186	0.83982
NW_023396884.1	79229	79276	1	0.284000	10	0.00025	0.0037	0.851	0.567
NW_023396885.1	29222	29320	1	-0.181333	10	0.1	0.074	0.76933	0.95067
NW_023396885.1	31198	31320	1	0.167778	12	7e-05	0.0012	0.87889	0.71111
NW_023396885.1	31338	31404	1	0.264333	10	7.9e-05	0.00058	0.80167	0.53733
NW_023396897.1	59257	59321	1	-0.148000	10	4.5e-05	7.2e-05	0.009	0.157
NW_023396905.1	23268	23306	1	-0.224000	10	0.00064	0.013	0.245	0.469
NW_023396912.1	1135362	1136035	1	-0.133056	12	0.045	0.22	0.70444	0.8375
NW_023396912.1	1136301	1136949	1	-0.128611	12	0.23	0.35	0.68056	0.80917
NW_023396912.1	1149221	1149555	1	-0.156333	10	0.076	0.099	0.69667	0.853
NW_023396912.1	1152479	1153021	1	-0.146333	10	0.14	0.37	0.692	0.83833
NW_023396912.1	1904253	1904554	1	0.231000	10	0.0093	0.074	0.86267	0.63167
NW_023396912.1	1951056	1951265	1	-0.117667	10	0.15	0.13	0.797	0.91467
NW_023396923.1	702977	703096	1	-0.356333	10	0.00029	0.0002	0.40633	0.76267
NW_023396923.1	1667852	1667950	1	-0.258788	11	6.2e-06	0.00013	0.052121	0.31091
NW_023396923.1	2497482	2497529	1	0.361667	10	4.8e-05	0.0037	0.85767	0.496
NW_023396934.1	688362	688400	1	-0.242667	10	0.00054	0.0056	0.22733	0.47
NW_023396956.1	2315600	2316128	0.089	-0.366667	19	1.5e-08	1.3e-06	0.16474	0.5314
NW_023396956.1	2318934	2319462	0.089	-0.365789	19	1.5e-08	1.3e-06	0.16474	0.53053
NW_023396966.1	5575	5930	1	-0.195238	14	0.021	0.0058	0.45238	0.64762
NW_023396988.1	55840	56156	1	-0.113000	10	0.2	0.18	0.76367	0.87667
NW_023396989.1	39007	39256	1	-0.230833	12	0.0087	0.034	0.44417	0.675
NW_023396989.1	1174732	1175027	1	-0.153077	13	0.07	0.22	0.70872	0.86179
NW_023396989.1	1238160	1238219	1	-0.118667	10	0.24	0.37	0.689	0.80767
NW_023396989.1	1245268	1245327	1	-0.121333	10	0.21	0.65	0.68833	0.80967
NW_023396996.1	13643	14196	1	0.187667	10	0.044	0.13	0.409	0.22133
NW_023397000.1	380850	381113	1	-0.191333	10	0.032	0.038	0.52867	0.72
NW_023397000.1	1719062	1719137	1	-0.116061	11	0.21	0.029	0.78848	0.90455
NW_023397000.1	1831197	1831268	1	-0.149333	10	0.1	0.29	0.743	0.89233
NW_023397000.1	1964511	1964680	1	0.254000	10	0.0019	0.00035	0.822	0.568
NW_023397011.1	7814	8069	1	0.186923	13	0.00018	0.00029	0.78538	0.59846
NW_023397011.1	8180	8352	1	-0.129333	10	0.15	0.55	0.61133	0.74067
NW_023397011.1	8617	8829	1	0.257273	11	1.6e-06	0.00035	0.88273	0.62545
NW_023397011.1	924920	925164	1	-0.123030	11	0.055	0.022	0.44303	0.56606
NW_023397011.1	1507110	1507148	1	-0.238333	10	0.00043	0.0086	0.236	0.47433
NW_023397017.1	16886	17272	1	-0.150303	11	0.055	0.043	0.69152	0.84182
NW_023397021.1	14693	14777	1	-0.304000	10	0.019	0.0024	0.36667	0.67067
NW_023397022.1	300622	300785	1	0.125000	10	0.00022	0.0057	0.94833	0.82333
NW_023397025.1	56500	56600	0.062	-0.327193	19	5e-05	8.9e-07	0.53088	0.85807
NW_023397025.1	64826	64926	0.062	-0.327193	19	5e-05	8.9e-07	0.53088	0.85807
NW_023397033.1	418584	419067	1	-0.113333	10	0.27	0.23	0.57433	0.68767
NW_023397033.1	1787215	1787503	0.24	-0.303556	15	1.4e-08	3.4e-06	0.55489	0.85844
NW_023397033.1	1937657	1937784	1	-0.179333	10	0.011	0.051	0.655	0.83433
NW_023397044.1	985714	985967	1	-0.110000	10	0.12	0.072	0.76867	0.87867
NW_023397044.1	1010533	1010643	1	-0.136667	10	0.16	0.13	0.46067	0.59733
NW_023397044.1	1534182	1534423	1	-0.138667	10	0.13	0.1	0.68633	0.825
NW_023397055.1	79359	79794	1	-0.147000	10	0.11	0.37	0.65867	0.80567
NW_023397055.1	84227	84580	1	-0.153667	10	0.27	0.18	0.70233	0.856
NW_023397055.1	976072	976933	1	-0.102667	10	0.079	0.1	0.7	0.80267
NW_023397055.1	1912017	1912374	1	-0.124583	16	0.0042	0.0065	0.17917	0.30375
NW_023397057.1	60168	60216	1	0.124000	10	0.005	0.0056	0.79467	0.67067
NW_023397066.1	277801	278042	1	-0.131667	10	0.27	0.23	0.68033	0.812
NW_023397066.1	288146	288387	1	-0.131667	10	0.27	0.23	0.68033	0.812
NW_023397066.1	376022	376263	1	-0.140000	11	0.92	0.1	0.62091	0.76091
NW_023397066.1	1540122	1540365	1	-0.124242	11	0.3	0.18	0.6303	0.75455
NW_023397077.1	137343	137779	1	0.104333	10	0.11	0.23	0.79233	0.688
NW_023397077.1	658602	658843	1	-0.121333	10	0.26	0.23	0.71533	0.83667
NW_023397077.1	667516	667808	1	-0.320000	12	0.00036	0.0056	0.51306	0.83306
NW_023397085.1	6842	7197	1	-0.190714	14	0.018	0.0041	0.45619	0.6469
NW_023397099.1	579790	579932	1	-0.156667	11	0.11	0.29	0.79	0.94667
NW_023397110.1	973824	973878	1	-0.170513	13	0.0013	0.0007	0.21846	0.38897
NW_023397110.1	1066043	1066306	1	-0.191333	10	0.032	0.038	0.52867	0.72
NW_023397110.1	1260641	1260987	1	-0.110278	12	0.15	0.14	0.76278	0.87306
NW_023397110.1	1390903	1390931	1	-0.103333	10	0.044	0.074	0.861	0.96433
NW_023397121.1	37542	37904	1	-0.167667	10	0.051	0.17	0.66867	0.83633
NW_023397121.1	390229	390597	1	0.181818	11	0.036	0.022	0.81606	0.63424
NW_023397147.1	10760	10969	1	-0.115667	10	0.16	0.13	0.79667	0.91233
NW_023397147.1	18015	18265	1	-0.245556	12	0.00082	0.0041	0.25694	0.5025
NW_023397165.1	42333	42464	1	-0.203667	10	0.12	0.054	0.59367	0.79733
NW_023397165.1	113159	113222	1	-0.283000	10	0.00046	0.00054	0.014333	0.29733
NW_023397175.1	659877	660025	1	-0.107500	12	0.44	0.35	0.76611	0.87361
NW_023397197.1	100568	100641	1	-0.328333	10	2.9e-07	7.2e-05	0.27267	0.601
NW_023397197.1	502425	502730	1	-0.179000	10	0.0023	0.0081	0.22367	0.40267
NW_023397197.1	1378070	1378419	1	-0.174242	11	0.082	0.18	0.55727	0.73152
NW_023397202.1	16469	16564	0.00041	-0.357778	18	8.2e-09	5.9e-09	0.56426	0.92204
NW_023397219.1	823084	823176	1	0.219000	10	0.003	0.027	0.84967	0.63067
NW_023397219.1	1051000	1051077	1	-0.230333	10	0.00064	0.00057	0.28267	0.513
NW_023397219.1	1220728	1220996	1	-0.186154	13	1.9e-05	2.9e-05	0.034359	0.22051
NW_023397226.1	34191	34285	1	0.106000	10	0.022	0.1	0.10633	0.00033333
NW_023397228.1	7313	7568	1	0.186923	13	0.00018	0.00029	0.78538	0.59846
NW_023397228.1	7679	7851	1	-0.129333	10	0.15	0.55	0.61133	0.74067
NW_023397228.1	8116	8328	1	0.257273	11	1.6e-06	0.00035	0.88273	0.62545
NW_023397238.1	25879	26142	1	-0.245333	10	0.012	0.038	0.50133	0.74667
NW_023397239.1	7821	7859	1	-0.248667	10	0.00019	0.0057	0.24167	0.49033
NW_023397241.1	411884	412239	1	-0.190476	14	0.018	0.0041	0.45619	0.64667
NW_023397241.1	671700	671881	1	0.122333	10	0.011	0.038	0.86267	0.74033
NW_023397241.1	1385354	1385604	1	0.114000	10	0.0031	0.0086	0.87367	0.75967
NW_023397263.1	565823	566142	1	-0.124333	10	0.38	0.29	0.66067	0.785
NW_023397278.1	39473	39666	1	-0.111333	10	0.086	0.22	0.38267	0.494
NW_023397285.1	1256069	1256107	1	-0.222333	10	0.00079	0.013	0.24667	0.469
NW_023397296.1	1179437	1179527	1	-0.271818	11	0.00057	0.0032	0.26242	0.53424
NW_023397299.1	7101	7300	0.073	-0.207000	10	3.3e-05	1e-06	0.027667	0.23467
NW_023397307.1	403771	403927	1	0.126667	10	0.0097	0.0057	0.903	0.77633
NW_023397315.1	6920	7183	1	-0.245333	10	0.012	0.038	0.50133	0.74667
NW_023397318.1	589483	589625	1	-0.185152	11	0.06	0.079	0.78455	0.9697
NW_023397329.1	1110581	1110845	1	-0.395278	12	6.6e-06	0.00013	0.11694	0.51222
NW_023397340.1	73277	73526	1	-0.160392	17	0.21	0.0016	0.57314	0.73353
NW_023397340.1	416158	416399	1	-0.108000	10	0.48	0.29	0.698	0.806
NW_023397344.1	13151	13336	1	-0.156667	10	7e-05	0.00012	0.074333	0.231
NW_023397361.1	123259	123603	1	0.112000	10	0.00016	7.1e-05	0.859	0.747
NW_023397361.1	696683	696721	1	-0.236333	10	0.00064	0.013	0.25567	0.492
NW_023397373.1	429772	429993	1	-0.114242	11	0.17	0.18	0.76424	0.87848
NW_023397384.1	56926	57599	1	-0.239000	10	0.12	0.037	0.607	0.846
NW_023397398.1	18753	19277	1	-0.121667	10	0.55	0.1	0.63133	0.753
NW_023397417.1	124266	124529	1	-0.190667	10	0.033	0.073	0.52933	0.72
NW_023397426.1	8295	8373	1	-0.309000	10	0.00041	0.0037	0.23767	0.54667
NW_023397426.1	15360	15756	1	-0.119333	10	0.22	0.097	0.784	0.90333
NW_023397428.1	232660	232902	1	-0.140333	10	0.12	0.038	0.68567	0.826
NW_023397441.1	10865	10904	1	-0.370000	12	9.6e-06	4.8e-05	0.52861	0.89861
NW_023397441.1	19200	19239	1	-0.370000	12	9.6e-06	4.8e-05	0.52861	0.89861
NW_023397444.1	10618	10811	1	-0.105333	10	0.13	0.28	0.39367	0.499
NW_023397444.1	15707	15900	1	-0.130606	11	0.049	0.22	0.35939	0.49
NW_023397450.1	200230	200311	1	-0.340000	14	3.1e-05	0.00017	0.30881	0.64881
NW_023397450.1	489686	489928	1	-0.125333	10	0.3	0.18	0.68267	0.808
NW_023397450.1	802493	802742	1	-0.201667	10	0.0043	0.0024	0.57667	0.77833
NW_023397461.1	627901	629009	1	-0.137255	17	0.062	0.24	0.54686	0.68412
